2016-01-01T23:08:04.614465-08:00_c4-3c1s7n3_FS:_00002aaab3bcd540(0000)_GS:ffff88087fba0000(0000)_knlGS:0000000000000000
2016-01-01T23:08:04.639679-08:00_c4-3c1s7n3_CS:_0010_DS:_0000_ES:_0000_CR0:_000000008005003b
2016-01-01T23:08:04.639734-08:00_c4-3c1s7n3_CR2:_000000000000002c_CR3:_00000008358ce000_CR4:_00000000001407e0
2016-01-01T23:08:04.639825-08:00_c4-3c1s7n3_DR0:_0000000000000000_DR1:_0000000000000000_DR2:_0000000000000000
2016-01-01T23:08:04.665026-08:00_c4-3c1s7n3_DR3:_0000000000000000_DR6:_00000000ffff0ff0_DR7:_0000000000000400
2016-01-01T23:08:04.665067-08:00_c4-3c1s7n3_Process_bigmpi5_(pid:_31170,_threadinfo_ffff880833ef4000,_task_ffff880833732800)
2016-01-01T23:08:04.665079-08:00_c4-3c1s7n3_Stack:
2016-01-01T23:08:04.665115-08:00_c4-3c1s7n3_ffff880833ef59e8_ffffffffa09e5790_ffffea0017ccbab0_ffff88087fffb000
2016-01-01T23:08:04.690627-08:00_c4-3c1s7n3_ffff880833ef5948_ffffffff811535e0_ffff880833732800_0000000033732800
2016-01-01T23:08:04.715805-08:00_c4-3c1s7n3_ffff880835977c00_ffff8808333ebc00_ffff8808363a67c0_0000000000000100
2016-01-01T23:08:04.715817-08:00_c4-3c1s7n3_Call_Trace:
2016-01-01T23:08:04.715849-08:00_c4-3c1s7n3_[<ffffffffa09e5790>]_read_extent+0x1c0/0x14a0_[dvsof]
2016-01-01T23:08:04.741108-08:00_c4-3c1s7n3_[<ffffffffa09e7f19>]_ureadpages+0x14a9/0x18c0_[dvsof]
2016-01-01T23:08:04.741124-08:00_c4-3c1s7n3_[<ffffffffa09e8376>]_ureadpages_stats+0x46/0xa0_[dvsof]
2016-01-01T23:08:04.741156-08:00_c4-3c1s7n3_[<ffffffff8110b63a>]___do_page_cache_readahead+0x1ba/0x260
2016-01-01T23:08:04.766476-08:00_c4-3c1s7n3_[<ffffffff8110b701>]_ra_submit+0x21/0x30
2016-01-01T23:08:04.766510-08:00_c4-3c1s7n3_[<ffffffff811008dc>]_filemap_fault+0x33c/0x3e0
2016-01-01T23:08:04.766540-08:00_c4-3c1s7n3_[<ffffffff811273d6>]___do_fault+0x76/0x5b0
2016-01-01T23:08:04.791859-08:00_c4-3c1s7n3_[<ffffffff811279ad>]_handle_pte_fault+0x9d/0x880
2016-01-01T23:08:04.791896-08:00_c4-3c1s7n3_[<ffffffff8112833e>]_handle_mm_fault+0x1ae/0x240
2016-01-01T23:08:04.791908-08:00_c4-3c1s7n3_[<ffffffff81420475>]_do_page_fault+0x1e5/0x4c0
2016-01-01T23:08:04.817041-08:00_c4-3c1s7n3_[<ffffffff8141d28f>]_page_fault+0x1f/0x30
2016-01-01T23:08:04.817079-08:00_c4-3c1s7n3_[<00002aaab06c2db0>]_0x2aaab06c2daf
2016-01-01T23:08:04.842428-08:00_c4-3c1s7n3_Code:_44_00_00_48_89_77_30_48_89_57_28_c9_c3_66_66_66_66_2e_0f_1f_84_00_00_00_00_00_55_48_89_e5_0f_1f_44_00_00_31_c0_48_83_ff_ff_74_03_<8b>_47_38_c9_c3_66_2e_0f_1f_84_00_00_00_00_00_55_48_89_e5_0f_1f
2016-01-01T23:08:04.867621-08:00_c4-3c1s7n3_RIP_[<ffffffffa09ae1b1>]_count_ipc_memory+0x11/0x20_[dvsipc]
2016-01-01T23:08:04.867654-08:00_c4-3c1s7n3_RSP_<ffff880833ef58d8>
2016-01-01T23:08:04.867817-08:00_c4-3c1s7n3_CR2:_000000000000002c
2016-01-01T23:08:04.892923-08:00_c4-3c1s7n3_---[_end_trace_2479d140f9d51784_]---
2016-01-01T23:08:04.892953-08:00_c4-3c1s7n3_Kernel_panic_-_not_syncing:_Fatal_exception
2016-01-01T23:08:04.918351-08:00_c4-3c1s7n3_Pid:_31170,_comm:_bigmpi5_Tainted:_P_D_3.0.101-0.35.1_1.0502.8640-cray_ari_c_#1
