2016-05-25T22:29:08.836532-07:00_c8-0c2s8n3_LNet:_Quiesce_start:_hardware_quiesce
2016-05-25T22:29:32.234326-07:00_c8-0c2s8n3_Lustre:_14493:0:(client.c:1910:ptlrpc_expire_one_request())_@@@_Request_sent_has_timed_out_for_sent_delay:_[sent_1464240556/real_0]_req@ffff881eb479f400_x1535269345062128/t0(0)_o400->snx11168-OST00bd-osc-ffff881feff32c00@10.101.104.195@o2ib4025:28/4_lens_224/224_e_0_to_1_dl_1464240572_ref_2_fl_Rpc:XNQU/0/ffffffff_rc_0/-1
2016-05-25T22:29:32.309849-07:00_c8-0c2s8n3_Lustre:_14491:0:(client.c:1910:ptlrpc_expire_one_request())_@@@_Request_sent_has_timed_out_for_sent_delay:_[sent_1464240556/real_0]_req@ffff881eb479f800_x1535269345062120/t0(0)_o400->snx11168-OST00bb-osc-ffff881feff32c00@10.101.104.193@o2ib4025:28/4_lens_224/224_e_0_to_1_dl_1464240572_ref_2_fl_Rpc:XNQU/0/ffffffff_rc_0/-1
2016-05-25T22:29:32.335192-07:00_c8-0c2s8n3_Lustre:_snx11168-OST00bf-osc-ffff881feff32c00:_Connection_to_snx11168-OST00bf_(at_10.100.104.196@o2ib4024)_was_lost;_in_progress_operations_using_this_service_will_wait_for_recovery_to_complete
2016-05-25T22:29:32.360420-07:00_c8-0c2s8n3_Lustre:_snx11168-OST00c1-osc-ffff881feff32c00:_Connection_to_snx11168-OST00c1_(at_10.101.104.199@o2ib4027)_was_lost;_in_progress_operations_using_this_service_will_wait_for_recovery_to_complete
2016-05-25T22:29:32.385639-07:00_c8-0c2s8n3_Lustre:_14491:0:(client.c:1910:ptlrpc_expire_one_request())_Skipped_13_previous_similar_messages
2016-05-25T22:29:32.385708-07:00_c8-0c2s8n3_Lustre:_Skipped_4_previous_similar_messages
2016-05-25T22:29:32.410798-07:00_c8-0c2s8n3_Lustre:_Skipped_10_previous_similar_messages
2016-05-25T22:29:32.436042-07:00_c8-0c2s8n3_LustreError:_166-1:_MGC10.100.104.4@o2ib4000:_Connection_to_MGS_(at_10.100.104.4@o2ib4000)_was_lost;_in_progress_operations_using_this_service_will_fail
2016-05-25T22:29:32.436186-07:00_c8-0c2s8n3_Lustre:_14493:0:(client.c:1910:ptlrpc_expire_one_request())_Skipped_231_previous_similar_messages
2016-05-25T22:29:36.849849-07:00_c8-0c2s8n3_LNet:_Quiesce_complete:_hardware_quiesce
2016-05-25T22:29:36.976074-07:00_c8-0c2s8n3_LNet:_14478:0:(lib-move.c:1497:lnet_parse_put())_Dropping_PUT_from_12345-10.100.104.4@o2ib4000_portal_10_match_1535269345061352_offset_192_length_192:_4
2016-05-25T22:29:37.001562-07:00_c8-0c2s8n3_Lustre:_snx11168-OST000b-osc-ffff881feff32c00:_Connection_restored_to_snx11168-OST000b_(at_10.101.104.17@o2ib4003)
2016-05-25T22:29:37.051471-07:00_c8-0c2s8n3_BUG:_unable_to_handle_kernel_paging_request_at_ffffc900f5cc9000
2016-05-25T22:29:37.051749-07:00_c8-0c2s8n3_IP:_[<ffffffffa01835d4>]_GNII_SMSG_SEND+0xea4/0x2e80_[kgni_ari]
2016-05-25T22:29:37.051803-07:00_c8-0c2s8n3_PGD_100001a067_PUD_1fed14d067_PMD_f9177b067_PTE_0
2016-05-25T22:29:37.051820-07:00_c8-0c2s8n3_Oops:_0000_[#1]_SMP_
2016-05-25T22:29:37.051834-07:00_c8-0c2s8n3_CPU_0_
2016-05-25T22:29:37.152386-07:00_c8-0c2s8n3_Modules_linked_in:_ext4_jbd2_mbcache_xfs_exportfs_squashfs_loop_xpmem_dvspn(P)_dvsof(P)_dvsutil(P)_dvsipc(P)_dvsipc_lnet(P)_dvsproc(P)_bpmcdmod_nic_compat_cmsr_lmv_fld_mgc_lustre_lov_osc_mdc_fid_kgnilnd_ptlrpc_obdclass_lnet_lvfs_sha1_generic_libcfs_ib_core_kgsockets_ipip_tunnel4_krsip_pcie_link_bw_monitor_kdreg_gpcd_ari_ipogif_ari_kgni_ari_hwerr(P)_rca_hss_os(P)_heartbeat_simplex(P)_ghal_ari_craytrace
2016-05-25T22:29:37.177558-07:00_c8-0c2s8n3_Pid:_14478,_comm:_kgnilnd_sd_00_Tainted:_P_3.0.101-0.46.1_1.0502.8871-cray_ari_c_#1_Cray_Inc._Cascade/Cascade
2016-05-25T22:29:37.202782-07:00_c8-0c2s8n3_RIP:_0010:[<ffffffffa01835d4>]_[<ffffffffa01835d4>]_GNII_SMSG_SEND+0xea4/0x2e80_[kgni_ari]
2016-05-25T22:29:37.202808-07:00_c8-0c2s8n3_RSP:_0018:ffff880feff41850_EFLAGS:_00010216
2016-05-25T22:29:37.202817-07:00_c8-0c2s8n3_RAX:_ffffc9007d201c28_RBX:_000000000000039e_RCX:_0000000000000028
2016-05-25T22:29:37.228011-07:00_c8-0c2s8n3_RDX:_2e302d2020202020_RSI:_000000000000039e_RDI:_ffffc9007d201c00
2016-05-25T22:29:37.228034-07:00_c8-0c2s8n3_RBP:_ffff880feff41c00_R08:_ffffc900f5cc8fd6_R09:_00000000000001bd
2016-05-25T22:29:37.253240-07:00_c8-0c2s8n3_R10:_0000000000000173_R11:_0000000000000000_R12:_0000000000000400
2016-05-25T22:29:37.253263-07:00_c8-0c2s8n3_R13:_000000000000039e_R14:_0000000000001c00_R15:_ffffc900bfbf9c80
2016-05-25T22:29:37.278479-07:00_c8-0c2s8n3_FS:_0000000000000000(0000)_GS:ffff88107fa00000(0000)_knlGS:0000000000000000
2016-05-25T22:29:37.278525-07:00_c8-0c2s8n3_CS:_0010_DS:_0000_ES:_0000_CR0:_000000008005003b
2016-05-25T22:29:37.303692-07:00_c8-0c2s8n3_CR2:_ffffc900f5cc9000_CR3:_000000000180b000_CR4:_00000000001407f0
2016-05-25T22:29:37.303720-07:00_c8-0c2s8n3_DR0:_0000000000000000_DR1:_0000000000000000_DR2:_0000000000000000
2016-05-25T22:29:37.303730-07:00_c8-0c2s8n3_DR3:_0000000000000000_DR6:_00000000ffff0ff0_DR7:_0000000000000400
2016-05-25T22:29:37.303748-07:00_c8-0c2s8n3_Process_kgnilnd_sd_00_(pid:_14478,_threadinfo_ffff880feff40000,_task_ffff880fe9264800)
2016-05-25T22:29:37.328970-07:00_c8-0c2s8n3_Stack:
2016-05-25T22:29:37.354148-07:00_c8-0c2s8n3_ffff880feff418a0_ffff881000032800_ffff880f903e3740_ffff8810000004c0
2016-05-25T22:29:37.354176-07:00_c8-0c2s8n3_0000000000000000_00000000ffffffff_ffff880f912de840_ffff881fefb32c84
2016-05-25T22:29:37.379378-07:00_c8-0c2s8n3_00001f0455301082_ffffc900f5cc7470_00000092ffffffff_ffffc900f5cc7470
2016-05-25T22:29:37.379403-07:00_c8-0c2s8n3_Call_Trace:
2016-05-25T22:29:37.379412-07:00_c8-0c2s8n3_[<ffffffffa01855be>]_gni_smsg_send+0xe/0x10_[kgni_ari]
2016-05-25T22:29:37.404586-07:00_c8-0c2s8n3_[<ffffffffa0612122>]_kgnilnd_sendmsg_nolock+0x182/0xe90_[kgnilnd]
2016-05-25T22:29:37.404611-07:00_c8-0c2s8n3_[<ffffffffa0614d5c>]_kgnilnd_process_fmaq+0x16c/0x780_[kgnilnd]
2016-05-25T22:29:37.404621-07:00_c8-0c2s8n3_[<ffffffffa0620bb1>]_kgnilnd_process_conns+0x541/0x1510_[kgnilnd]
2016-05-25T22:29:37.429827-07:00_c8-0c2s8n3_[<ffffffffa0621cd3>]_kgnilnd_scheduler+0x153/0x5f0_[kgnilnd]
2016-05-25T22:29:37.429855-07:00_c8-0c2s8n3_[<ffffffff8107374e>]_kthread+0x9e/0xb0
2016-05-25T22:29:37.429864-07:00_c8-0c2s8n3_[<ffffffff81427bb4>]_kernel_thread_helper+0x4/0x10
2016-05-25T22:29:37.455040-07:00_c8-0c2s8n3_Code:_f7_4c_03_85_68_fd_ff_ff_48_89_de_40_f6_c7_07_0f_85_e3_13_00_00_31_c9_48_83_fe_07_76_41_66_2e_0f_1f_84_00_00_00_00_00_48_8d_04_0f_
2016-05-25T22:29:37.480266-07:00_c8-0c2s8n3_8b_14_08_48_83_c1_08_48_89_10_48_89_f0_48_29_c8_48_83_f8_07_
2016-05-25T22:29:37.480290-07:00_c8-0c2s8n3_RIP_[<ffffffffa01835d4>]_GNII_SMSG_SEND+0xea4/0x2e80_[kgni_ari]
2016-05-25T22:29:37.505526-07:00_c8-0c2s8n3_RSP_<ffff880feff41850>
2016-05-25T22:29:37.505553-07:00_c8-0c2s8n3_CR2:_ffffc900f5cc9000
2016-05-25T22:29:37.505563-07:00_c8-0c2s8n3_---[_end_trace_5650c1b95fba5b47_]---
2016-05-25T22:29:37.530696-07:00_c8-0c2s8n3_Kernel_panic_-_not_syncing:_Fatal_exception
2016-05-25T22:29:37.530725-07:00_c8-0c2s8n3_Pid:_14478,_comm:_kgnilnd_sd_00_Tainted:_P_D_3.0.101-0.46.1_1.0502.8871-cray_ari_c_#1
2016-05-25T22:29:37.530731-07:00_c8-0c2s8n3_Call_Trace:
2016-05-25T22:29:37.555949-07:00_c8-0c2s8n3_[<ffffffff81006109>]_try_stack_unwind+0x169/0x1b0
2016-05-25T22:29:37.555974-07:00_c8-0c2s8n3_[<ffffffff81004b99>]_dump_trace+0x89/0x440
2016-05-25T22:29:37.556016-07:00_c8-0c2s8n3_[<ffffffff81005b6c>]_show_trace_log_lvl+0x5c/0x80
2016-05-25T22:29:37.581184-07:00_c8-0c2s8n3_[<ffffffff81005ba5>]_show_trace+0x15/0x20
2016-05-25T22:29:37.581209-07:00_c8-0c2s8n3_[<ffffffff8141ba7b>]_dump_stack+0x79/0x84
2016-05-25T22:29:37.581219-07:00_c8-0c2s8n3_[<ffffffff8141bb1a>]_panic+0x94/0x1d2
2016-05-25T22:29:37.581234-07:00_c8-0c2s8n3_[<ffffffff814201b8>]_oops_end+0xa8/0xf0
2016-05-25T22:29:37.606352-07:00_c8-0c2s8n3_[<ffffffff81031119>]_no_context+0xf9/0x260
2016-05-25T22:29:37.606378-07:00_c8-0c2s8n3_[<ffffffff810313f5>]___bad_area_nosemaphore+0x175/0x210
2016-05-25T22:29:37.631570-07:00_c8-0c2s8n3_[<ffffffff810314a3>]_bad_area_nosemaphore+0x13/0x20
2016-05-25T22:29:37.631600-07:00_c8-0c2s8n3_[<ffffffff814226ce>]_do_page_fault+0x32e/0x4c0
2016-05-25T22:29:37.631616-07:00_c8-0c2s8n3_[<ffffffff8141f38f>]_page_fault+0x1f/0x30
2016-05-25T22:29:37.656826-07:00_c8-0c2s8n3_[<ffffffffa01835d4>]_GNII_SMSG_SEND+0xea4/0x2e80_[kgni_ari]
2016-05-25T22:29:37.656851-07:00_c8-0c2s8n3_[<ffffffffa01855be>]_gni_smsg_send+0xe/0x10_[kgni_ari]
2016-05-25T22:29:37.682585-07:00_c8-0c2s8n3_[<ffffffffa0612122>]_kgnilnd_sendmsg_nolock+0x182/0xe90_[kgnilnd]
2016-05-25T22:29:37.682627-07:00_c8-0c2s8n3_[<ffffffffa0614d5c>]_kgnilnd_process_fmaq+0x16c/0x780_[kgnilnd]
2016-05-25T22:29:37.707243-07:00_c8-0c2s8n3_[<ffffffffa0620bb1>]_kgnilnd_process_conns+0x541/0x1510_[kgnilnd]
2016-05-25T22:29:37.707273-07:00_c8-0c2s8n3_[<ffffffffa0621cd3>]_kgnilnd_scheduler+0x153/0x5f0_[kgnilnd]
2016-05-25T22:29:37.707284-07:00_c8-0c2s8n3_[<ffffffff8107374e>]_kthread+0x9e/0xb0
2016-05-25T22:29:37.732406-07:00_c8-0c2s8n3_[<ffffffff81427bb4>]_kernel_thread_helper+0x4/0x10
2016-05-25T22:34:50.903623-07:00_c4-0c1s1n1_<node_health:5.1>_APID:2280751_(xtcheckhealth)_WARNING:_Node_c8-0c2s8n3_(1699)_is_down_and_will_not_be_checked!
2016-05-25T22:34:51.299528-07:00_c4-0c1s1n1_<node_health:5.1>_RESID:2280751_(xtcheckhealth)_WARNING:_Node_c8-0c2s8n3_(1699)_is_down_and_will_not_be_checked!
