2016-06-06T00:02:43.874595-07:00_c1-0c0s5n2_net_ratelimit:_37_callbacks_suppressed
2016-06-06T00:02:43.899788-07:00_c1-0c0s5n2_ipogif_rx_irq:Bad_RX_packet_error:_status_0x29_location_0x2
2016-06-06T00:02:43.899804-07:00_c1-0c0s5n2_ipogif_rx_irq:Bad_RX_packet_error:_status_0x29_location_0x2
2016-06-06T00:02:43.936898-07:00_c1-0c0s5n2_ipogif_rx_irq:Bad_RX_packet_error:_status_0x29_location_0x2
2016-06-06T00:02:43.936914-07:00_c1-0c0s5n2_ipogif_rx_irq:Bad_RX_packet_error:_status_0x29_location_0x2
2016-06-06T00:02:43.936936-07:00_c1-0c0s5n2_ipogif_rx_irq:Bad_RX_packet_error:_status_0x29_location_0x2
2016-06-06T00:02:43.936948-07:00_c1-0c0s5n2_ipogif_rx_irq:Bad_RX_packet_error:_status_0x29_location_0x2
2016-06-06T00:02:43.976292-07:00_c1-0c0s5n2_ipogif_rx_irq:Bad_RX_packet_error:_status_0x29_location_0x2
2016-06-06T00:02:43.976310-07:00_c1-0c0s5n2_ipogif_rx_irq:Bad_RX_packet_error:_status_0x29_location_0x2
2016-06-06T00:02:43.976327-07:00_c1-0c0s5n2_ipogif_rx_irq:Bad_RX_packet_error:_status_0x29_location_0x2
2016-06-06T00:02:43.976337-07:00_c1-0c0s5n2_ipogif_rx_irq:Bad_RX_packet_error:_status_0x29_location_0x2
2016-06-06T00:09:10.437850-07:00_c1-0c0s5n2_net_ratelimit:_3_callbacks_suppressed
2016-06-06T00:09:10.463037-07:00_c1-0c0s5n2_ipogif_rx_irq:Bad_RX_packet_error:_status_0x29_location_0x2
2016-06-06T00:09:10.463053-07:00_c1-0c0s5n2_ipogif_rx_irq:Bad_RX_packet_error:_status_0x29_location_0x2
2016-06-06T00:09:10.463071-07:00_c1-0c0s5n2_ipogif_rx_irq:Bad_RX_packet_error:_status_0x29_location_0x2
2016-06-06T00:09:10.463080-07:00_c1-0c0s5n2_ipogif_rx_irq:Bad_RX_packet_error:_status_0x29_location_0x2
2016-06-06T00:09:10.513440-07:00_c1-0c0s5n2_ipogif_rx_irq:Bad_RX_packet_error:_status_0x29_location_0x2
2016-06-06T00:09:10.513457-07:00_c1-0c0s5n2_ipogif_rx_irq:Bad_RX_packet_error:_status_0x29_location_0x2
2016-06-06T00:09:10.538692-07:00_c1-0c0s5n2_ipogif_rx_irq:Bad_RX_packet_error:_status_0x29_location_0x2
2016-06-06T00:09:10.538706-07:00_c1-0c0s5n2_ipogif_rx_irq:Bad_RX_packet_error:_status_0x29_location_0x2
2016-06-06T00:09:10.538722-07:00_c1-0c0s5n2_ipogif_rx_irq:Bad_RX_packet_error:_status_0x29_location_0x2
2016-06-06T00:09:10.563909-07:00_c1-0c0s5n2_ipogif_rx_irq:Bad_RX_packet_error:_status_0x29_location_0x2
2016-06-06T03:00:06.112317-07:00_c1-0c0s5n2_LNet:_Received_down_event_for_nid_2217
2016-06-06T03:00:06.112398-07:00_c1-0c0s5n2_LNet:_Skipped_1_previous_similar_message
2016-06-06T04:32:03.859137-07:00_c1-0c0s5n2_net_ratelimit:_25_callbacks_suppressed
2016-06-06T04:32:03.884319-07:00_c1-0c0s5n2_ipogif_rx_irq:Bad_RX_packet_error:_status_0x29_location_0x2
2016-06-06T04:32:03.884336-07:00_c1-0c0s5n2_ipogif_rx_irq:Bad_RX_packet_error:_status_0x29_location_0x2
2016-06-06T04:32:03.884359-07:00_c1-0c0s5n2_ipogif_rx_irq:Bad_RX_packet_error:_status_0x29_location_0x2
2016-06-06T04:32:03.909560-07:00_c1-0c0s5n2_ipogif_rx_irq:Bad_RX_packet_error:_status_0x29_location_0x2
2016-06-06T06:42:24.348702-07:00_c1-0c0s5n2_LNet:_Received_down_event_for_nid_373
2016-06-06T06:42:24.348766-07:00_c1-0c0s5n2_LNet:_Skipped_1_previous_similar_message
2016-06-06T06:44:23.731068-07:00_c1-0c0s5n2_LNet:_Received_down_event_for_nid_2215
2016-06-06T06:44:23.745063-07:00_c1-0c0s5n2_LNet:_Skipped_1_previous_similar_message
2016-06-06T06:51:29.933066-07:00_c1-0c0s5n2_LNet:_Received_down_event_for_nid_2272
2016-06-06T06:51:29.933078-07:00_c1-0c0s5n2_LNet:_Skipped_1_previous_similar_message
2016-06-06T08:42:30.462264-07:00_c1-0c0s5n2_ipogif_rx_irq:Bad_RX_packet_error:_status_0x29_location_0x2
2016-06-06T08:42:30.487467-07:00_c1-0c0s5n2_ipogif_rx_irq:Bad_RX_packet_error:_status_0x29_location_0x2
2016-06-06T08:42:30.487484-07:00_c1-0c0s5n2_ipogif_rx_irq:Bad_RX_packet_error:_status_0x29_location_0x2
2016-06-06T08:42:30.512709-07:00_c1-0c0s5n2_ipogif_rx_irq:Bad_RX_packet_error:_status_0x29_location_0x2
2016-06-06T08:42:30.512726-07:00_c1-0c0s5n2_ipogif_rx_irq:Bad_RX_packet_error:_status_0x29_location_0x2
2016-06-06T08:42:30.537990-07:00_c1-0c0s5n2_ipogif_rx_irq:Bad_RX_packet_error:_status_0x29_location_0x2
2016-06-06T08:42:30.538007-07:00_c1-0c0s5n2_ipogif_rx_irq:Bad_RX_packet_error:_status_0x29_location_0x2
2016-06-06T08:42:30.538019-07:00_c1-0c0s5n2_ipogif_rx_irq:Bad_RX_packet_error:_status_0x29_location_0x2
2016-06-06T08:42:30.563247-07:00_c1-0c0s5n2_ipogif_rx_irq:Bad_RX_packet_error:_status_0x29_location_0x2
2016-06-06T08:42:43.953671-07:00_c1-0c0s5n2_ipogif_rx_irq:Bad_RX_packet_error:_status_0x29_location_0x2
2016-06-06T08:42:43.978828-07:00_c1-0c0s5n2_ipogif_rx_irq:Bad_RX_packet_error:_status_0x29_location_0x2
2016-06-06T08:42:43.978844-07:00_c1-0c0s5n2_ipogif_rx_irq:Bad_RX_packet_error:_status_0x29_location_0x2
2016-06-06T08:42:44.004032-07:00_c1-0c0s5n2_ipogif_rx_irq:Bad_RX_packet_error:_status_0x29_location_0x2
2016-06-06T08:42:44.004054-07:00_c1-0c0s5n2_ipogif_rx_irq:Bad_RX_packet_error:_status_0x29_location_0x2
2016-06-06T08:42:44.029283-07:00_c1-0c0s5n2_ipogif_rx_irq:Bad_RX_packet_error:_status_0x29_location_0x2
2016-06-06T08:42:44.029301-07:00_c1-0c0s5n2_ipogif_rx_irq:Bad_RX_packet_error:_status_0x29_location_0x2
2016-06-06T08:42:44.029316-07:00_c1-0c0s5n2_ipogif_rx_irq:Bad_RX_packet_error:_status_0x29_location_0x2
2016-06-06T08:42:44.054507-07:00_c1-0c0s5n2_ipogif_rx_irq:Bad_RX_packet_error:_status_0x29_location_0x2
2016-06-06T08:42:44.054521-07:00_c1-0c0s5n2_ipogif_rx_irq:Bad_RX_packet_error:_status_0x29_location_0x2
2016-06-06T08:43:00.474222-07:00_c1-0c0s5n2_net_ratelimit:_23_callbacks_suppressed
2016-06-06T08:43:00.474259-07:00_c1-0c0s5n2_ipogif_rx_irq:Bad_RX_packet_error:_status_0x29_location_0x2
2016-06-06T08:43:00.474270-07:00_c1-0c0s5n2_ipogif_rx_irq:Bad_RX_packet_error:_status_0x29_location_0x2
2016-06-06T08:43:00.499369-07:00_c1-0c0s5n2_ipogif_rx_irq:Bad_RX_packet_error:_status_0x29_location_0x2
2016-06-06T08:43:00.499386-07:00_c1-0c0s5n2_ipogif_rx_irq:Bad_RX_packet_error:_status_0x29_location_0x2
2016-06-06T08:43:00.499410-07:00_c1-0c0s5n2_ipogif_rx_irq:Bad_RX_packet_error:_status_0x29_location_0x2
2016-06-06T08:43:00.524626-07:00_c1-0c0s5n2_ipogif_rx_irq:Bad_RX_packet_error:_status_0x29_location_0x2
2016-06-06T08:43:00.524641-07:00_c1-0c0s5n2_ipogif_rx_irq:Bad_RX_packet_error:_status_0x29_location_0x2
2016-06-06T08:43:00.524663-07:00_c1-0c0s5n2_ipogif_rx_irq:Bad_RX_packet_error:_status_0x29_location_0x2
2016-06-06T08:43:00.524674-07:00_c1-0c0s5n2_ipogif_rx_irq:Bad_RX_packet_error:_status_0x29_location_0x2
2016-06-06T08:43:00.549843-07:00_c1-0c0s5n2_ipogif_rx_irq:Bad_RX_packet_error:_status_0x29_location_0x2
2016-06-06T08:43:40.482854-07:00_c1-0c0s5n2_ipogif_rx_irq:Bad_RX_packet_error:_status_0x29_location_0x2
2016-06-06T08:43:40.508017-07:00_c1-0c0s5n2_ipogif_rx_irq:Bad_RX_packet_error:_status_0x29_location_0x2
2016-06-06T08:43:40.508033-07:00_c1-0c0s5n2_ipogif_rx_irq:Bad_RX_packet_error:_status_0x29_location_0x2
2016-06-06T08:43:40.533262-07:00_c1-0c0s5n2_ipogif_rx_irq:Bad_RX_packet_error:_status_0x29_location_0x2
2016-06-06T08:43:40.533278-07:00_c1-0c0s5n2_ipogif_rx_irq:Bad_RX_packet_error:_status_0x29_location_0x2
2016-06-06T08:43:40.558490-07:00_c1-0c0s5n2_ipogif_rx_irq:Bad_RX_packet_error:_status_0x29_location_0x2
2016-06-06T08:43:40.558504-07:00_c1-0c0s5n2_ipogif_rx_irq:Bad_RX_packet_error:_status_0x29_location_0x2
2016-06-06T08:43:40.583737-07:00_c1-0c0s5n2_ipogif_rx_irq:Bad_RX_packet_error:_status_0x29_location_0x2
2016-06-06T08:43:40.583761-07:00_c1-0c0s5n2_ipogif_rx_irq:Bad_RX_packet_error:_status_0x29_location_0x2
2016-06-06T08:43:40.583771-07:00_c1-0c0s5n2_ipogif_rx_irq:Bad_RX_packet_error:_status_0x29_location_0x2
2016-06-06T08:44:10.471996-07:00_c1-0c0s5n2_net_ratelimit:_4_callbacks_suppressed
2016-06-06T08:44:10.497176-07:00_c1-0c0s5n2_ipogif_rx_irq:Bad_RX_packet_error:_status_0x29_location_0x2
2016-06-06T08:44:10.497192-07:00_c1-0c0s5n2_ipogif_rx_irq:Bad_RX_packet_error:_status_0x29_location_0x2
2016-06-06T08:44:10.536985-07:00_c1-0c0s5n2_ipogif_rx_irq:Bad_RX_packet_error:_status_0x29_location_0x2
2016-06-06T08:44:10.537001-07:00_c1-0c0s5n2_ipogif_rx_irq:Bad_RX_packet_error:_status_0x29_location_0x2
2016-06-06T08:44:10.537024-07:00_c1-0c0s5n2_ipogif_rx_irq:Bad_RX_packet_error:_status_0x29_location_0x2
2016-06-06T08:44:10.537037-07:00_c1-0c0s5n2_ipogif_rx_irq:Bad_RX_packet_error:_status_0x29_location_0x2
2016-06-06T08:44:10.562253-07:00_c1-0c0s5n2_ipogif_rx_irq:Bad_RX_packet_error:_status_0x29_location_0x2
2016-06-06T08:44:10.562267-07:00_c1-0c0s5n2_ipogif_rx_irq:Bad_RX_packet_error:_status_0x29_location_0x2
2016-06-06T08:44:10.562290-07:00_c1-0c0s5n2_ipogif_rx_irq:Bad_RX_packet_error:_status_0x29_location_0x2
2016-06-06T08:44:10.600617-07:00_c1-0c0s5n2_ipogif_rx_irq:Bad_RX_packet_error:_status_0x29_location_0x2
2016-06-06T13:15:20.457417-07:00_c1-0c0s5n2_ipogif_rx_irq:Bad_RX_packet_error:_status_0x29_location_0x2
2016-06-06T13:15:20.482599-07:00_c1-0c0s5n2_ipogif_rx_irq:Bad_RX_packet_error:_status_0x29_location_0x2
2016-06-06T13:16:10.445216-07:00_c1-0c0s5n2_ipogif_rx_irq:Bad_RX_packet_error:_status_0x29_location_0x2
2016-06-06T13:16:10.470437-07:00_c1-0c0s5n2_ipogif_rx_irq:Bad_RX_packet_error:_status_0x29_location_0x2
2016-06-06T13:16:10.470455-07:00_c1-0c0s5n2_ipogif_rx_irq:Bad_RX_packet_error:_status_0x29_location_0x2
2016-06-06T13:16:10.495673-07:00_c1-0c0s5n2_ipogif_rx_irq:Bad_RX_packet_error:_status_0x29_location_0x2
2016-06-06T13:16:10.495696-07:00_c1-0c0s5n2_ipogif_rx_irq:Bad_RX_packet_error:_status_0x29_location_0x2
2016-06-06T13:16:10.520868-07:00_c1-0c0s5n2_ipogif_rx_irq:Bad_RX_packet_error:_status_0x29_location_0x2
2016-06-06T13:16:10.520886-07:00_c1-0c0s5n2_ipogif_rx_irq:Bad_RX_packet_error:_status_0x29_location_0x2
2016-06-06T13:16:10.520903-07:00_c1-0c0s5n2_ipogif_rx_irq:Bad_RX_packet_error:_status_0x29_location_0x2
2016-06-06T13:16:10.546045-07:00_c1-0c0s5n2_ipogif_rx_irq:Bad_RX_packet_error:_status_0x29_location_0x2
2016-06-06T13:16:10.571304-07:00_c1-0c0s5n2_ipogif_rx_irq:Bad_RX_packet_error:_status_0x29_location_0x2
2016-06-06T13:19:20.453233-07:00_c1-0c0s5n2_ipogif_rx_irq:Bad_RX_packet_error:_status_0x29_location_0x2
2016-06-06T13:19:20.478415-07:00_c1-0c0s5n2_ipogif_rx_irq:Bad_RX_packet_error:_status_0x29_location_0x2
2016-06-06T13:19:20.478432-07:00_c1-0c0s5n2_ipogif_rx_irq:Bad_RX_packet_error:_status_0x29_location_0x2
2016-06-06T13:19:20.503634-07:00_c1-0c0s5n2_ipogif_rx_irq:Bad_RX_packet_error:_status_0x29_location_0x2
2016-06-06T13:19:20.540601-07:00_c1-0c0s5n2_ipogif_rx_irq:Bad_RX_packet_error:_status_0x29_location_0x2
2016-06-06T13:19:20.565859-07:00_c1-0c0s5n2_ipogif_rx_irq:Bad_RX_packet_error:_status_0x29_location_0x2
2016-06-06T13:19:30.482252-07:00_c1-0c0s5n2_ipogif_rx_irq:Bad_RX_packet_error:_status_0x29_location_0x2
2016-06-06T14:41:30.429523-07:00_c1-0c0s5n2_ipogif_rx_irq:Bad_RX_packet_error:_status_0x29_location_0x2
2016-06-06T14:41:30.454757-07:00_c1-0c0s5n2_ipogif_rx_irq:Bad_RX_packet_error:_status_0x29_location_0x2
2016-06-06T14:41:30.454777-07:00_c1-0c0s5n2_ipogif_rx_irq:Bad_RX_packet_error:_status_0x29_location_0x2
2016-06-06T14:41:30.454793-07:00_c1-0c0s5n2_ipogif_rx_irq:Bad_RX_packet_error:_status_0x29_location_0x2
2016-06-06T14:41:30.479977-07:00_c1-0c0s5n2_ipogif_rx_irq:Bad_RX_packet_error:_status_0x29_location_0x2
2016-06-06T14:41:30.479994-07:00_c1-0c0s5n2_ipogif_rx_irq:Bad_RX_packet_error:_status_0x29_location_0x2
2016-06-06T14:41:30.505240-07:00_c1-0c0s5n2_ipogif_rx_irq:Bad_RX_packet_error:_status_0x29_location_0x2
2016-06-06T14:41:30.505253-07:00_c1-0c0s5n2_ipogif_rx_irq:Bad_RX_packet_error:_status_0x29_location_0x2
2016-06-06T14:41:30.505261-07:00_c1-0c0s5n2_ipogif_rx_irq:Bad_RX_packet_error:_status_0x29_location_0x2
2016-06-06T14:44:40.429612-07:00_c1-0c0s5n2_net_ratelimit:_25_callbacks_suppressed
2016-06-06T14:44:40.454846-07:00_c1-0c0s5n2_ipogif_rx_irq:Bad_RX_packet_error:_status_0x29_location_0x2
2016-06-06T14:44:40.454862-07:00_c1-0c0s5n2_ipogif_rx_irq:Bad_RX_packet_error:_status_0x29_location_0x2
2016-06-06T14:44:40.480087-07:00_c1-0c0s5n2_ipogif_rx_irq:Bad_RX_packet_error:_status_0x29_location_0x2
2016-06-06T14:44:40.480106-07:00_c1-0c0s5n2_ipogif_rx_irq:Bad_RX_packet_error:_status_0x29_location_0x2
2016-06-06T14:44:40.505377-07:00_c1-0c0s5n2_ipogif_rx_irq:Bad_RX_packet_error:_status_0x29_location_0x2
2016-06-06T14:44:40.505394-07:00_c1-0c0s5n2_ipogif_rx_irq:Bad_RX_packet_error:_status_0x29_location_0x2
2016-06-06T14:44:40.505404-07:00_c1-0c0s5n2_ipogif_rx_irq:Bad_RX_packet_error:_status_0x29_location_0x2
2016-06-06T14:44:40.530553-07:00_c1-0c0s5n2_ipogif_rx_irq:Bad_RX_packet_error:_status_0x29_location_0x2
2016-06-06T14:44:40.530570-07:00_c1-0c0s5n2_ipogif_rx_irq:Bad_RX_packet_error:_status_0x29_location_0x2
2016-06-06T14:57:50.459703-07:00_c1-0c0s5n2_ipogif_rx_irq:Bad_RX_packet_error:_status_0x29_location_0x2
2016-06-06T14:57:50.459742-07:00_c1-0c0s5n2_ipogif_rx_irq:Bad_RX_packet_error:_status_0x29_location_0x2
2016-06-06T14:57:50.459752-07:00_c1-0c0s5n2_ipogif_rx_irq:Bad_RX_packet_error:_status_0x29_location_0x2
2016-06-06T14:57:50.497098-07:00_c1-0c0s5n2_ipogif_rx_irq:Bad_RX_packet_error:_status_0x29_location_0x2
2016-06-06T14:57:50.497113-07:00_c1-0c0s5n2_ipogif_rx_irq:Bad_RX_packet_error:_status_0x29_location_0x2
2016-06-06T14:57:50.497128-07:00_c1-0c0s5n2_ipogif_rx_irq:Bad_RX_packet_error:_status_0x29_location_0x2
2016-06-06T14:57:50.522313-07:00_c1-0c0s5n2_ipogif_rx_irq:Bad_RX_packet_error:_status_0x29_location_0x2
2016-06-06T14:57:50.522330-07:00_c1-0c0s5n2_ipogif_rx_irq:Bad_RX_packet_error:_status_0x29_location_0x2
2016-06-06T14:57:50.522345-07:00_c1-0c0s5n2_ipogif_rx_irq:Bad_RX_packet_error:_status_0x29_location_0x2
2016-06-06T14:57:50.547535-07:00_c1-0c0s5n2_ipogif_rx_irq:Bad_RX_packet_error:_status_0x29_location_0x2
2016-06-06T16:03:15.459524-07:00_c1-0c0s5n2_Lustre:_26608:0:(client.c:1910:ptlrpc_expire_one_request())_@@@_Request_sent_has_timed_out_for_slow_reply:_[sent_1465254179/real_1465254179]_req@ffff8810101fb000_x1535269183334928/t0(0)_o400->MGC10.100.104.4@o2ib4000@10.100.104.4@o2ib4000:26/25_lens_224/224_e_0_to_1_dl_1465254195_ref_1_fl_Rpc:XNU/0/ffffffff_rc_0/-1
2016-06-06T16:03:15.459536-07:00_c1-0c0s5n2_LustreError:_166-1:_MGC10.100.104.4@o2ib4000:_Connection_to_MGS_(at_10.100.104.4@o2ib4000)_was_lost;_in_progress_operations_using_this_service_will_fail
2016-06-06T16:03:35.541768-07:00_c1-0c0s5n2_Lustre:_26578:0:(client.c:1910:ptlrpc_expire_one_request())_@@@_Request_sent_has_timed_out_for_slow_reply:_[sent_1465254195/real_1465254195]_req@ffff88100febb000_x1535269183335944/t0(0)_o250->MGC10.100.104.4@o2ib4000@10.100.104.4@o2ib4000:26/25_lens_400/544_e_0_to_1_dl_1465254215_ref_1_fl_Rpc:XNU/0/ffffffff_rc_0/-1
2016-06-06T16:03:40.597077-07:00_c1-0c0s5n2_Lustre:_Evicted_from_MGS_(at_10.100.104.5@o2ib4)_after_server_handle_changed_from_0x5c46472d859063eb_to_0x4d3d48f117b425e6
2016-06-06T16:03:40.597089-07:00_c1-0c0s5n2_Lustre:_MGC10.100.104.4@o2ib4000:_Connection_restored_to_MGS_(at_10.101.104.5@o2ib4001)
2016-06-06T16:11:29.525613-07:00_c1-0c0s5n2_Lustre:_26609:0:(client.c:1910:ptlrpc_expire_one_request())_@@@_Request_sent_has_timed_out_for_slow_reply:_[sent_1465254179/real_1465254179]_req@ffff8810101fbc00_x1535269183334932/t0(0)_o400->snx11168-MDT0000-mdc-ffff880fab01b400@10.100.104.4@o2ib4000:12/10_lens_224/224_e_0_to_1_dl_1465254689_ref_1_fl_Rpc:XNU/0/ffffffff_rc_0/-1
2016-06-06T16:11:29.576076-07:00_c1-0c0s5n2_Lustre:_snx11168-MDT0000-mdc-ffff880fab01b400:_Connection_to_snx11168-MDT0000_(at_10.100.104.4@o2ib4000)_was_lost;_in_progress_operations_using_this_service_will_wait_for_recovery_to_complete
2016-06-06T16:11:49.607201-07:00_c1-0c0s5n2_Lustre:_26578:0:(client.c:1910:ptlrpc_expire_one_request())_@@@_Request_sent_has_timed_out_for_slow_reply:_[sent_1465254689/real_1465254689]_req@ffff88100f97c400_x1535269183355288/t0(0)_o38->snx11168-MDT0000-mdc-ffff880fab01b400@10.100.104.4@o2ib4000:12/10_lens_400/544_e_0_to_1_dl_1465254709_ref_1_fl_Rpc:XNU/0/ffffffff_rc_0/-1
2016-06-06T16:12:10.927020-07:00_c1-0c0s5n2_Lustre:_26609:0:(client.c:1910:ptlrpc_expire_one_request())_@@@_Request_sent_has_timed_out_for_slow_reply:_[sent_1465254220/real_1465254220]_req@ffff8810070d4000_x1535269183335952/t0(0)_o400->snx11168-MDT0000-mdc-ffff880fab01b400@10.101.104.5@o2ib4001:12/10_lens_224/224_e_0_to_1_dl_1465254730_ref_1_fl_Rpc:XNU/0/ffffffff_rc_0/-1
2016-06-06T16:12:35.607968-07:00_c1-0c0s5n2_Lustre:_26612:0:(client.c:1910:ptlrpc_expire_one_request())_@@@_Request_sent_has_timed_out_for_slow_reply:_[sent_1465254245/real_1465254245]_req@ffff881011af3000_x1535269183337004/t0(0)_o400->snx11168-MDT0000-mdc-ffff880fab01b400@10.101.104.5@o2ib4001:12/10_lens_224/224_e_0_to_1_dl_1465254755_ref_1_fl_Rpc:XNU/0/ffffffff_rc_0/-1
2016-06-06T16:13:00.607720-07:00_c1-0c0s5n2_Lustre:_26613:0:(client.c:1910:ptlrpc_expire_one_request())_@@@_Request_sent_has_timed_out_for_slow_reply:_[sent_1465254270/real_1465254270]_req@ffff881011af3400_x1535269183338020/t0(0)_o400->snx11168-MDT0000-mdc-ffff880fab01b400@10.101.104.5@o2ib4001:12/10_lens_224/224_e_0_to_1_dl_1465254780_ref_1_fl_Rpc:XNU/0/ffffffff_rc_0/-1
2016-06-06T16:13:50.618758-07:00_c1-0c0s5n2_Lustre:_26617:0:(client.c:1910:ptlrpc_expire_one_request())_@@@_Request_sent_has_timed_out_for_slow_reply:_[sent_1465254320/real_1465254320]_req@ffff8810100f7400_x1535269183340052/t0(0)_o400->snx11168-MDT0000-mdc-ffff880fab01b400@10.101.104.5@o2ib4001:12/10_lens_224/224_e_0_to_1_dl_1465254830_ref_1_fl_Rpc:XNU/0/ffffffff_rc_0/-1
2016-06-06T16:13:50.618786-07:00_c1-0c0s5n2_Lustre:_26617:0:(client.c:1910:ptlrpc_expire_one_request())_Skipped_1_previous_similar_message
2016-06-06T16:15:05.605595-07:00_c1-0c0s5n2_Lustre:_26623:0:(client.c:1910:ptlrpc_expire_one_request())_@@@_Request_sent_has_timed_out_for_slow_reply:_[sent_1465254395/real_1465254395]_req@ffff881007e91800_x1535269183343100/t0(0)_o400->snx11168-MDT0000-mdc-ffff880fab01b400@10.101.104.5@o2ib4001:12/10_lens_224/224_e_0_to_1_dl_1465254905_ref_1_fl_Rpc:XNU/0/ffffffff_rc_0/-1
2016-06-06T16:15:05.630820-07:00_c1-0c0s5n2_Lustre:_26623:0:(client.c:1910:ptlrpc_expire_one_request())_Skipped_2_previous_similar_messages
2016-06-06T16:17:35.616624-07:00_c1-0c0s5n2_Lustre:_26635:0:(client.c:1910:ptlrpc_expire_one_request())_@@@_Request_sent_has_timed_out_for_slow_reply:_[sent_1465254545/real_1465254545]_req@ffff88100c79bc00_x1535269183349196/t0(0)_o400->snx11168-MDT0000-mdc-ffff880fab01b400@10.101.104.5@o2ib4001:12/10_lens_224/224_e_0_to_1_dl_1465255055_ref_1_fl_Rpc:XNU/0/ffffffff_rc_0/-1
2016-06-06T16:17:35.641824-07:00_c1-0c0s5n2_Lustre:_26635:0:(client.c:1910:ptlrpc_expire_one_request())_Skipped_5_previous_similar_messages
2016-06-06T16:20:39.790424-07:00_c1-0c0s5n2_LNet:_23595:0:(lib-move.c:1497:lnet_parse_put())_Dropping_PUT_from_12345-10.101.104.5@o2ib4001_portal_10_match_1535269183355968_offset_0_length_192:_4
2016-06-06T16:20:39.815647-07:00_c1-0c0s5n2_LNet:_23595:0:(lib-move.c:1497:lnet_parse_put())_Skipped_33_previous_similar_messages
2016-06-06T16:21:04.779083-07:00_c1-0c0s5n2_LNet:_23592:0:(lib-move.c:1497:lnet_parse_put())_Dropping_PUT_from_12345-10.101.104.5@o2ib4001_portal_10_match_1535269183355968_offset_0_length_192:_4
2016-06-06T16:21:29.803684-07:00_c1-0c0s5n2_LNet:_23597:0:(lib-move.c:1497:lnet_parse_put())_Dropping_PUT_from_12345-10.101.104.5@o2ib4001_portal_10_match_1535269183355968_offset_0_length_192:_4
2016-06-06T16:21:54.790663-07:00_c1-0c0s5n2_LNet:_23595:0:(lib-move.c:1497:lnet_parse_put())_Dropping_PUT_from_12345-10.101.104.5@o2ib4001_portal_10_match_1535269183355968_offset_0_length_192:_4
2016-06-06T16:22:19.807937-07:00_c1-0c0s5n2_LNet:_23598:0:(lib-move.c:1497:lnet_parse_put())_Dropping_PUT_from_12345-10.101.104.5@o2ib4001_portal_10_match_1535269183355968_offset_0_length_192:_4
2016-06-06T16:22:44.792735-07:00_c1-0c0s5n2_LNet:_23597:0:(lib-move.c:1497:lnet_parse_put())_Dropping_PUT_from_12345-10.101.104.5@o2ib4001_portal_10_match_1535269183355968_offset_0_length_192:_4
2016-06-06T16:23:09.782383-07:00_c1-0c0s5n2_LNet:_23593:0:(lib-move.c:1497:lnet_parse_put())_Dropping_PUT_from_12345-10.101.104.5@o2ib4001_portal_10_match_1535269183355968_offset_0_length_192:_4
2016-06-06T16:23:32.694024-07:00_c1-0c0s5n2_Lustre:_snx11168-MDT0000-mdc-ffff880fab01b400:_Connection_restored_to_snx11168-MDT0000_(at_10.101.104.5@o2ib4001)
2016-06-06T17:15:30.580752-07:00_c1-0c0s5n2_net_ratelimit:_26_callbacks_suppressed
2016-06-06T17:15:30.605959-07:00_c1-0c0s5n2_ipogif_rx_irq:Bad_RX_packet_error:_status_0x29_location_0x2
2016-06-06T17:15:30.605973-07:00_c1-0c0s5n2_ipogif_rx_irq:Bad_RX_packet_error:_status_0x29_location_0x2
2016-06-06T17:15:30.631148-07:00_c1-0c0s5n2_ipogif_rx_irq:Bad_RX_packet_error:_status_0x29_location_0x2
2016-06-06T17:15:30.631165-07:00_c1-0c0s5n2_ipogif_rx_irq:Bad_RX_packet_error:_status_0x29_location_0x2
2016-06-06T17:15:30.656423-07:00_c1-0c0s5n2_ipogif_rx_irq:Bad_RX_packet_error:_status_0x29_location_0x2
2016-06-06T17:15:30.656445-07:00_c1-0c0s5n2_ipogif_rx_irq:Bad_RX_packet_error:_status_0x29_location_0x2
2016-06-06T17:15:30.656454-07:00_c1-0c0s5n2_ipogif_rx_irq:Bad_RX_packet_error:_status_0x29_location_0x2
2016-06-06T17:15:30.681631-07:00_c1-0c0s5n2_ipogif_rx_irq:Bad_RX_packet_error:_status_0x29_location_0x2
2016-06-06T17:15:30.681645-07:00_c1-0c0s5n2_ipogif_rx_irq:Bad_RX_packet_error:_status_0x29_location_0x2
2016-06-06T17:15:30.706901-07:00_c1-0c0s5n2_ipogif_rx_irq:Bad_RX_packet_error:_status_0x29_location_0x2
2016-06-06T17:38:00.453788-07:00_c1-0c0s5n2_net_ratelimit:_11_callbacks_suppressed
2016-06-06T17:38:00.478975-07:00_c1-0c0s5n2_ipogif_rx_irq:Bad_RX_packet_error:_status_0x29_location_0x2
2016-06-06T17:38:00.479004-07:00_c1-0c0s5n2_ipogif_rx_irq:Bad_RX_packet_error:_status_0x29_location_0x2
2016-06-06T17:38:00.479020-07:00_c1-0c0s5n2_ipogif_rx_irq:Bad_RX_packet_error:_status_0x29_location_0x2
2016-06-06T17:38:00.504200-07:00_c1-0c0s5n2_ipogif_rx_irq:Bad_RX_packet_error:_status_0x29_location_0x2
2016-06-06T17:38:00.504225-07:00_c1-0c0s5n2_ipogif_rx_irq:Bad_RX_packet_error:_status_0x29_location_0x2
2016-06-06T17:38:00.529435-07:00_c1-0c0s5n2_ipogif_rx_irq:Bad_RX_packet_error:_status_0x29_location_0x2
2016-06-06T17:38:00.529452-07:00_c1-0c0s5n2_ipogif_rx_irq:Bad_RX_packet_error:_status_0x29_location_0x2
2016-06-06T17:38:00.529467-07:00_c1-0c0s5n2_ipogif_rx_irq:Bad_RX_packet_error:_status_0x29_location_0x2
2016-06-06T17:38:00.554658-07:00_c1-0c0s5n2_ipogif_rx_irq:Bad_RX_packet_error:_status_0x29_location_0x2
2016-06-06T17:38:00.554676-07:00_c1-0c0s5n2_ipogif_rx_irq:Bad_RX_packet_error:_status_0x29_location_0x2
2016-06-06T17:42:24.004349-07:00_c1-0c0s5n2_net_ratelimit:_47_callbacks_suppressed
2016-06-06T17:42:24.029523-07:00_c1-0c0s5n2_ipogif_rx_irq:Bad_RX_packet_error:_status_0x29_location_0x2
2016-06-06T17:42:24.029540-07:00_c1-0c0s5n2_ipogif_rx_irq:Bad_RX_packet_error:_status_0x29_location_0x2
2016-06-06T17:42:24.054784-07:00_c1-0c0s5n2_ipogif_rx_irq:Bad_RX_packet_error:_status_0x29_location_0x2
2016-06-06T17:42:24.054801-07:00_c1-0c0s5n2_ipogif_rx_irq:Bad_RX_packet_error:_status_0x29_location_0x2
2016-06-06T17:42:24.054818-07:00_c1-0c0s5n2_ipogif_rx_irq:Bad_RX_packet_error:_status_0x29_location_0x2
2016-06-06T17:42:24.054829-07:00_c1-0c0s5n2_ipogif_rx_irq:Bad_RX_packet_error:_status_0x29_location_0x2
2016-06-06T17:42:24.079970-07:00_c1-0c0s5n2_ipogif_rx_irq:Bad_RX_packet_error:_status_0x29_location_0x2
2016-06-06T17:42:24.105192-07:00_c1-0c0s5n2_ipogif_rx_irq:Bad_RX_packet_error:_status_0x29_location_0x2
2016-06-06T17:42:24.105206-07:00_c1-0c0s5n2_ipogif_rx_irq:Bad_RX_packet_error:_status_0x29_location_0x2
2016-06-06T17:42:24.130419-07:00_c1-0c0s5n2_ipogif_rx_irq:Bad_RX_packet_error:_status_0x29_location_0x2
2016-06-06T17:48:03.932577-07:00_c1-0c0s5n2_net_ratelimit:_1_callbacks_suppressed
2016-06-06T17:48:03.932617-07:00_c1-0c0s5n2_ipogif_rx_irq:Bad_RX_packet_error:_status_0x29_location_0x2
2016-06-06T17:48:03.932644-07:00_c1-0c0s5n2_ipogif_rx_irq:Bad_RX_packet_error:_status_0x29_location_0x2
2016-06-06T17:48:03.957804-07:00_c1-0c0s5n2_ipogif_rx_irq:Bad_RX_packet_error:_status_0x29_location_0x2
2016-06-06T17:48:03.957824-07:00_c1-0c0s5n2_ipogif_rx_irq:Bad_RX_packet_error:_status_0x29_location_0x2
2016-06-06T17:48:03.957834-07:00_c1-0c0s5n2_ipogif_rx_irq:Bad_RX_packet_error:_status_0x29_location_0x2
2016-06-06T17:48:03.982957-07:00_c1-0c0s5n2_ipogif_rx_irq:Bad_RX_packet_error:_status_0x29_location_0x2
2016-06-06T17:48:03.982970-07:00_c1-0c0s5n2_ipogif_rx_irq:Bad_RX_packet_error:_status_0x29_location_0x2
2016-06-06T17:48:04.008189-07:00_c1-0c0s5n2_ipogif_rx_irq:Bad_RX_packet_error:_status_0x29_location_0x2
2016-06-06T17:48:04.008212-07:00_c1-0c0s5n2_ipogif_rx_irq:Bad_RX_packet_error:_status_0x29_location_0x2
2016-06-06T17:48:04.033445-07:00_c1-0c0s5n2_ipogif_rx_irq:Bad_RX_packet_error:_status_0x29_location_0x2
2016-06-06T17:48:33.935397-07:00_c1-0c0s5n2_net_ratelimit:_2_callbacks_suppressed
2016-06-06T17:48:33.960565-07:00_c1-0c0s5n2_ipogif_rx_irq:Bad_RX_packet_error:_status_0x29_location_0x2
2016-06-06T17:48:33.985807-07:00_c1-0c0s5n2_ipogif_rx_irq:Bad_RX_packet_error:_status_0x29_location_0x2
2016-06-06T17:48:33.985825-07:00_c1-0c0s5n2_ipogif_rx_irq:Bad_RX_packet_error:_status_0x29_location_0x2
2016-06-06T17:48:33.985842-07:00_c1-0c0s5n2_ipogif_rx_irq:Bad_RX_packet_error:_status_0x29_location_0x2
2016-06-06T17:48:34.011061-07:00_c1-0c0s5n2_ipogif_rx_irq:Bad_RX_packet_error:_status_0x29_location_0x2
2016-06-06T17:48:34.011086-07:00_c1-0c0s5n2_ipogif_rx_irq:Bad_RX_packet_error:_status_0x29_location_0x2
2016-06-06T17:48:34.011104-07:00_c1-0c0s5n2_ipogif_rx_irq:Bad_RX_packet_error:_status_0x29_location_0x2
2016-06-06T17:48:34.036285-07:00_c1-0c0s5n2_ipogif_rx_irq:Bad_RX_packet_error:_status_0x29_location_0x2
2016-06-06T17:48:34.036302-07:00_c1-0c0s5n2_ipogif_rx_irq:Bad_RX_packet_error:_status_0x29_location_0x2
2016-06-06T17:48:34.061478-07:00_c1-0c0s5n2_ipogif_rx_irq:Bad_RX_packet_error:_status_0x29_location_0x2
2016-06-06T17:58:10.589272-07:00_c1-0c0s5n2_net_ratelimit:_5_callbacks_suppressed
2016-06-06T17:58:10.589310-07:00_c1-0c0s5n2_ipogif_rx_irq:Bad_RX_packet_error:_status_0x29_location_0x2
2016-06-06T17:58:10.614427-07:00_c1-0c0s5n2_ipogif_rx_irq:Bad_RX_packet_error:_status_0x29_location_0x2
2016-06-06T17:58:10.614442-07:00_c1-0c0s5n2_ipogif_rx_irq:Bad_RX_packet_error:_status_0x29_location_0x2
2016-06-06T17:58:10.614461-07:00_c1-0c0s5n2_ipogif_rx_irq:Bad_RX_packet_error:_status_0x29_location_0x2
2016-06-06T17:58:10.639682-07:00_c1-0c0s5n2_ipogif_rx_irq:Bad_RX_packet_error:_status_0x29_location_0x2
2016-06-06T17:58:10.639696-07:00_c1-0c0s5n2_ipogif_rx_irq:Bad_RX_packet_error:_status_0x29_location_0x2
2016-06-06T17:58:10.664902-07:00_c1-0c0s5n2_ipogif_rx_irq:Bad_RX_packet_error:_status_0x29_location_0x2
2016-06-06T17:58:10.664915-07:00_c1-0c0s5n2_ipogif_rx_irq:Bad_RX_packet_error:_status_0x29_location_0x2
2016-06-06T17:58:10.664924-07:00_c1-0c0s5n2_ipogif_rx_irq:Bad_RX_packet_error:_status_0x29_location_0x2
2016-06-06T17:58:10.690099-07:00_c1-0c0s5n2_ipogif_rx_irq:Bad_RX_packet_error:_status_0x29_location_0x2
2016-06-06T18:03:03.902726-07:00_c1-0c0s5n2_net_ratelimit:_86_callbacks_suppressed
2016-06-06T18:03:03.927932-07:00_c1-0c0s5n2_ipogif_rx_irq:Bad_RX_packet_error:_status_0x29_location_0x2
2016-06-06T18:03:03.927954-07:00_c1-0c0s5n2_ipogif_rx_irq:Bad_RX_packet_error:_status_0x29_location_0x2
2016-06-06T18:03:03.953170-07:00_c1-0c0s5n2_ipogif_rx_irq:Bad_RX_packet_error:_status_0x29_location_0x2
2016-06-06T18:03:03.953191-07:00_c1-0c0s5n2_ipogif_rx_irq:Bad_RX_packet_error:_status_0x29_location_0x2
2016-06-06T18:03:03.978381-07:00_c1-0c0s5n2_ipogif_rx_irq:Bad_RX_packet_error:_status_0x29_location_0x2
2016-06-06T18:03:03.978397-07:00_c1-0c0s5n2_ipogif_rx_irq:Bad_RX_packet_error:_status_0x29_location_0x2
2016-06-06T18:03:03.978412-07:00_c1-0c0s5n2_ipogif_rx_irq:Bad_RX_packet_error:_status_0x29_location_0x2
2016-06-06T18:03:04.003625-07:00_c1-0c0s5n2_ipogif_rx_irq:Bad_RX_packet_error:_status_0x29_location_0x2
2016-06-06T18:03:04.003647-07:00_c1-0c0s5n2_ipogif_rx_irq:Bad_RX_packet_error:_status_0x29_location_0x2
2016-06-06T18:04:33.927439-07:00_c1-0c0s5n2_ipogif_rx_irq:Bad_RX_packet_error:_status_0x29_location_0x2
2016-06-06T18:04:33.952629-07:00_c1-0c0s5n2_ipogif_rx_irq:Bad_RX_packet_error:_status_0x29_location_0x2
2016-06-06T18:04:33.952659-07:00_c1-0c0s5n2_ipogif_rx_irq:Bad_RX_packet_error:_status_0x29_location_0x2
2016-06-06T18:04:33.952669-07:00_c1-0c0s5n2_ipogif_rx_irq:Bad_RX_packet_error:_status_0x29_location_0x2
2016-06-06T18:04:33.977859-07:00_c1-0c0s5n2_ipogif_rx_irq:Bad_RX_packet_error:_status_0x29_location_0x2
2016-06-06T18:04:33.977883-07:00_c1-0c0s5n2_ipogif_rx_irq:Bad_RX_packet_error:_status_0x29_location_0x2
2016-06-06T18:04:33.977893-07:00_c1-0c0s5n2_ipogif_rx_irq:Bad_RX_packet_error:_status_0x29_location_0x2
2016-06-06T18:04:34.003073-07:00_c1-0c0s5n2_ipogif_rx_irq:Bad_RX_packet_error:_status_0x29_location_0x2
2016-06-06T18:04:34.003107-07:00_c1-0c0s5n2_ipogif_rx_irq:Bad_RX_packet_error:_status_0x29_location_0x2
2016-06-06T18:04:34.028285-07:00_c1-0c0s5n2_ipogif_rx_irq:Bad_RX_packet_error:_status_0x29_location_0x2
2016-06-06T18:07:50.470290-07:00_c1-0c0s5n2_net_ratelimit:_32_callbacks_suppressed
2016-06-06T18:07:50.495420-07:00_c1-0c0s5n2_ipogif_rx_irq:Bad_RX_packet_error:_status_0x29_location_0x2
2016-06-06T18:07:50.495436-07:00_c1-0c0s5n2_ipogif_rx_irq:Bad_RX_packet_error:_status_0x29_location_0x2
2016-06-06T18:07:50.520641-07:00_c1-0c0s5n2_ipogif_rx_irq:Bad_RX_packet_error:_status_0x29_location_0x2
2016-06-06T18:07:50.520660-07:00_c1-0c0s5n2_ipogif_rx_irq:Bad_RX_packet_error:_status_0x29_location_0x2
2016-06-06T18:07:50.545854-07:00_c1-0c0s5n2_ipogif_rx_irq:Bad_RX_packet_error:_status_0x29_location_0x2
2016-06-06T18:10:20.509159-07:00_c1-0c0s5n2_ipogif_rx_irq:Bad_RX_packet_error:_status_0x29_location_0x2
2016-06-06T18:10:20.509199-07:00_c1-0c0s5n2_ipogif_rx_irq:Bad_RX_packet_error:_status_0x29_location_0x2
2016-06-06T18:10:20.509208-07:00_c1-0c0s5n2_ipogif_rx_irq:Bad_RX_packet_error:_status_0x29_location_0x2
2016-06-06T18:10:20.509217-07:00_c1-0c0s5n2_ipogif_rx_irq:Bad_RX_packet_error:_status_0x29_location_0x2
2016-06-06T18:10:20.534315-07:00_c1-0c0s5n2_ipogif_rx_irq:Bad_RX_packet_error:_status_0x29_location_0x2
2016-06-06T18:10:20.534329-07:00_c1-0c0s5n2_ipogif_rx_irq:Bad_RX_packet_error:_status_0x29_location_0x2
2016-06-06T18:10:20.559557-07:00_c1-0c0s5n2_ipogif_rx_irq:Bad_RX_packet_error:_status_0x29_location_0x2
2016-06-06T18:10:20.559573-07:00_c1-0c0s5n2_ipogif_rx_irq:Bad_RX_packet_error:_status_0x29_location_0x2
2016-06-06T18:10:20.584766-07:00_c1-0c0s5n2_ipogif_rx_irq:Bad_RX_packet_error:_status_0x29_location_0x2
2016-06-06T18:10:20.584779-07:00_c1-0c0s5n2_ipogif_rx_irq:Bad_RX_packet_error:_status_0x29_location_0x2
2016-06-06T18:20:20.468639-07:00_c1-0c0s5n2_net_ratelimit:_22_callbacks_suppressed
2016-06-06T18:20:20.468674-07:00_c1-0c0s5n2_ipogif_rx_irq:Bad_RX_packet_error:_status_0x29_location_0x2
2016-06-06T18:20:20.493802-07:00_c1-0c0s5n2_ipogif_rx_irq:Bad_RX_packet_error:_status_0x29_location_0x2
2016-06-06T18:20:20.493818-07:00_c1-0c0s5n2_ipogif_rx_irq:Bad_RX_packet_error:_status_0x29_location_0x2
2016-06-06T18:20:20.493834-07:00_c1-0c0s5n2_ipogif_rx_irq:Bad_RX_packet_error:_status_0x29_location_0x2
2016-06-06T18:20:20.519005-07:00_c1-0c0s5n2_ipogif_rx_irq:Bad_RX_packet_error:_status_0x29_location_0x2
2016-06-06T18:20:20.519025-07:00_c1-0c0s5n2_ipogif_rx_irq:Bad_RX_packet_error:_status_0x29_location_0x2
2016-06-06T18:20:20.544262-07:00_c1-0c0s5n2_ipogif_rx_irq:Bad_RX_packet_error:_status_0x29_location_0x2
2016-06-06T18:20:20.544276-07:00_c1-0c0s5n2_ipogif_rx_irq:Bad_RX_packet_error:_status_0x29_location_0x2
2016-06-06T18:20:20.580596-07:00_c1-0c0s5n2_ipogif_rx_irq:Bad_RX_packet_error:_status_0x29_location_0x2
2016-06-06T18:20:20.580615-07:00_c1-0c0s5n2_ipogif_rx_irq:Bad_RX_packet_error:_status_0x29_location_0x2
2016-06-06T18:23:00.452679-07:00_c1-0c0s5n2_net_ratelimit:_34_callbacks_suppressed
2016-06-06T18:23:00.492607-07:00_c1-0c0s5n2_ipogif_rx_irq:Bad_RX_packet_error:_status_0x29_location_0x2
2016-06-06T18:23:00.492628-07:00_c1-0c0s5n2_ipogif_rx_irq:Bad_RX_packet_error:_status_0x29_location_0x2
2016-06-06T18:23:00.492646-07:00_c1-0c0s5n2_ipogif_rx_irq:Bad_RX_packet_error:_status_0x29_location_0x2
2016-06-06T18:23:00.492658-07:00_c1-0c0s5n2_ipogif_rx_irq:Bad_RX_packet_error:_status_0x29_location_0x2
2016-06-06T18:23:00.517790-07:00_c1-0c0s5n2_ipogif_rx_irq:Bad_RX_packet_error:_status_0x29_location_0x2
2016-06-06T18:24:33.932769-07:00_c1-0c0s5n2_ipogif_rx_irq:Bad_RX_packet_error:_status_0x29_location_0x2
2016-06-06T18:24:33.957924-07:00_c1-0c0s5n2_ipogif_rx_irq:Bad_RX_packet_error:_status_0x29_location_0x2
2016-06-06T18:24:33.957946-07:00_c1-0c0s5n2_ipogif_rx_irq:Bad_RX_packet_error:_status_0x29_location_0x2
2016-06-06T18:24:33.983177-07:00_c1-0c0s5n2_ipogif_rx_irq:Bad_RX_packet_error:_status_0x29_location_0x2
2016-06-06T18:24:33.983191-07:00_c1-0c0s5n2_ipogif_rx_irq:Bad_RX_packet_error:_status_0x29_location_0x2
2016-06-06T18:24:33.983201-07:00_c1-0c0s5n2_ipogif_rx_irq:Bad_RX_packet_error:_status_0x29_location_0x2
2016-06-06T18:24:34.008407-07:00_c1-0c0s5n2_ipogif_rx_irq:Bad_RX_packet_error:_status_0x29_location_0x2
2016-06-06T18:24:34.008434-07:00_c1-0c0s5n2_ipogif_rx_irq:Bad_RX_packet_error:_status_0x29_location_0x2
2016-06-06T18:24:34.044640-07:00_c1-0c0s5n2_ipogif_rx_irq:Bad_RX_packet_error:_status_0x29_location_0x2
2016-06-06T18:24:34.044659-07:00_c1-0c0s5n2_ipogif_rx_irq:Bad_RX_packet_error:_status_0x29_location_0x2
2016-06-06T18:29:10.446077-07:00_c1-0c0s5n2_net_ratelimit:_31_callbacks_suppressed
2016-06-06T18:29:10.446096-07:00_c1-0c0s5n2_ipogif_rx_irq:Bad_RX_packet_error:_status_0x29_location_0x2
2016-06-06T18:29:10.446107-07:00_c1-0c0s5n2_ipogif_rx_irq:Bad_RX_packet_error:_status_0x29_location_0x2
2016-06-06T18:29:10.472105-07:00_c1-0c0s5n2_ipogif_rx_irq:Bad_RX_packet_error:_status_0x29_location_0x2
2016-06-06T18:29:10.497343-07:00_c1-0c0s5n2_ipogif_rx_irq:Bad_RX_packet_error:_status_0x29_location_0x2
2016-06-06T18:29:10.497361-07:00_c1-0c0s5n2_ipogif_rx_irq:Bad_RX_packet_error:_status_0x29_location_0x2
2016-06-06T18:29:10.522560-07:00_c1-0c0s5n2_ipogif_rx_irq:Bad_RX_packet_error:_status_0x29_location_0x2
2016-06-06T18:29:10.522578-07:00_c1-0c0s5n2_ipogif_rx_irq:Bad_RX_packet_error:_status_0x29_location_0x2
2016-06-06T18:29:10.547808-07:00_c1-0c0s5n2_ipogif_rx_irq:Bad_RX_packet_error:_status_0x29_location_0x2
2016-06-06T18:29:10.547822-07:00_c1-0c0s5n2_ipogif_rx_irq:Bad_RX_packet_error:_status_0x29_location_0x2
2016-06-06T18:29:10.547837-07:00_c1-0c0s5n2_ipogif_rx_irq:Bad_RX_packet_error:_status_0x29_location_0x2
2016-06-06T18:30:50.469821-07:00_c1-0c0s5n2_net_ratelimit:_10_callbacks_suppressed
2016-06-06T18:30:50.469859-07:00_c1-0c0s5n2_ipogif_rx_irq:Bad_RX_packet_error:_status_0x29_location_0x2
2016-06-06T18:30:50.520267-07:00_c1-0c0s5n2_ipogif_rx_irq:Bad_RX_packet_error:_status_0x29_location_0x2
2016-06-06T18:30:50.520289-07:00_c1-0c0s5n2_ipogif_rx_irq:Bad_RX_packet_error:_status_0x29_location_0x2
2016-06-06T18:30:50.520303-07:00_c1-0c0s5n2_ipogif_rx_irq:Bad_RX_packet_error:_status_0x29_location_0x2
2016-06-06T18:30:50.545408-07:00_c1-0c0s5n2_ipogif_rx_irq:Bad_RX_packet_error:_status_0x29_location_0x2
2016-06-06T18:30:50.545430-07:00_c1-0c0s5n2_ipogif_rx_irq:Bad_RX_packet_error:_status_0x29_location_0x2
2016-06-06T18:30:50.570689-07:00_c1-0c0s5n2_ipogif_rx_irq:Bad_RX_packet_error:_status_0x29_location_0x2
2016-06-06T18:30:50.570705-07:00_c1-0c0s5n2_ipogif_rx_irq:Bad_RX_packet_error:_status_0x29_location_0x2
2016-06-06T18:30:50.570715-07:00_c1-0c0s5n2_ipogif_rx_irq:Bad_RX_packet_error:_status_0x29_location_0x2
2016-06-06T18:30:50.595865-07:00_c1-0c0s5n2_ipogif_rx_irq:Bad_RX_packet_error:_status_0x29_location_0x2
2016-06-06T18:37:20.454933-07:00_c1-0c0s5n2_net_ratelimit:_10_callbacks_suppressed
2016-06-06T18:37:20.454954-07:00_c1-0c0s5n2_ipogif_rx_irq:Bad_RX_packet_error:_status_0x29_location_0x2
2016-06-06T18:37:20.480117-07:00_c1-0c0s5n2_ipogif_rx_irq:Bad_RX_packet_error:_status_0x29_location_0x2
2016-06-06T18:37:20.480132-07:00_c1-0c0s5n2_ipogif_rx_irq:Bad_RX_packet_error:_status_0x29_location_0x2
2016-06-06T18:37:20.480148-07:00_c1-0c0s5n2_ipogif_rx_irq:Bad_RX_packet_error:_status_0x29_location_0x2
2016-06-06T18:37:20.505341-07:00_c1-0c0s5n2_ipogif_rx_irq:Bad_RX_packet_error:_status_0x29_location_0x2
2016-06-06T18:37:20.505361-07:00_c1-0c0s5n2_ipogif_rx_irq:Bad_RX_packet_error:_status_0x29_location_0x2
2016-06-06T18:37:20.530574-07:00_c1-0c0s5n2_ipogif_rx_irq:Bad_RX_packet_error:_status_0x29_location_0x2
2016-06-06T18:37:20.530588-07:00_c1-0c0s5n2_ipogif_rx_irq:Bad_RX_packet_error:_status_0x29_location_0x2
2016-06-06T18:37:20.555778-07:00_c1-0c0s5n2_ipogif_rx_irq:Bad_RX_packet_error:_status_0x29_location_0x2
2016-06-06T18:37:20.555792-07:00_c1-0c0s5n2_ipogif_rx_irq:Bad_RX_packet_error:_status_0x29_location_0x2
2016-06-06T18:40:10.478171-07:00_c1-0c0s5n2_net_ratelimit:_17_callbacks_suppressed
2016-06-06T18:40:10.503368-07:00_c1-0c0s5n2_ipogif_rx_irq:Bad_RX_packet_error:_status_0x29_location_0x2
2016-06-06T18:40:10.503395-07:00_c1-0c0s5n2_ipogif_rx_irq:Bad_RX_packet_error:_status_0x29_location_0x2
2016-06-06T18:40:10.558142-07:00_c1-0c0s5n2_ipogif_rx_irq:Bad_RX_packet_error:_status_0x29_location_0x2
2016-06-06T18:40:10.558178-07:00_c1-0c0s5n2_ipogif_rx_irq:Bad_RX_packet_error:_status_0x29_location_0x2
2016-06-06T18:40:10.558188-07:00_c1-0c0s5n2_ipogif_rx_irq:Bad_RX_packet_error:_status_0x29_location_0x2
2016-06-06T18:40:10.583385-07:00_c1-0c0s5n2_ipogif_rx_irq:Bad_RX_packet_error:_status_0x29_location_0x2
2016-06-06T18:40:10.583413-07:00_c1-0c0s5n2_ipogif_rx_irq:Bad_RX_packet_error:_status_0x29_location_0x2
2016-06-06T18:40:10.620795-07:00_c1-0c0s5n2_ipogif_rx_irq:Bad_RX_packet_error:_status_0x29_location_0x2
2016-06-06T18:40:10.620823-07:00_c1-0c0s5n2_ipogif_rx_irq:Bad_RX_packet_error:_status_0x29_location_0x2
2016-06-06T18:40:10.620833-07:00_c1-0c0s5n2_ipogif_rx_irq:Bad_RX_packet_error:_status_0x29_location_0x2
2016-06-06T18:42:10.488746-07:00_c1-0c0s5n2_net_ratelimit:_3_callbacks_suppressed
2016-06-06T18:42:10.513954-07:00_c1-0c0s5n2_ipogif_rx_irq:Bad_RX_packet_error:_status_0x29_location_0x2
2016-06-06T18:42:10.513972-07:00_c1-0c0s5n2_ipogif_rx_irq:Bad_RX_packet_error:_status_0x29_location_0x2
2016-06-06T18:42:10.553438-07:00_c1-0c0s5n2_ipogif_rx_irq:Bad_RX_packet_error:_status_0x29_location_0x2
2016-06-06T18:42:10.553453-07:00_c1-0c0s5n2_ipogif_rx_irq:Bad_RX_packet_error:_status_0x29_location_0x2
2016-06-06T18:42:10.553469-07:00_c1-0c0s5n2_ipogif_rx_irq:Bad_RX_packet_error:_status_0x29_location_0x2
2016-06-06T18:42:10.553478-07:00_c1-0c0s5n2_ipogif_rx_irq:Bad_RX_packet_error:_status_0x29_location_0x2
2016-06-06T18:42:10.578663-07:00_c1-0c0s5n2_ipogif_rx_irq:Bad_RX_packet_error:_status_0x29_location_0x2
2016-06-06T18:42:10.578681-07:00_c1-0c0s5n2_ipogif_rx_irq:Bad_RX_packet_error:_status_0x29_location_0x2
2016-06-06T18:42:10.603899-07:00_c1-0c0s5n2_ipogif_rx_irq:Bad_RX_packet_error:_status_0x29_location_0x2
2016-06-06T18:42:10.603914-07:00_c1-0c0s5n2_ipogif_rx_irq:Bad_RX_packet_error:_status_0x29_location_0x2
2016-06-06T18:43:50.469204-07:00_c1-0c0s5n2_net_ratelimit:_35_callbacks_suppressed
2016-06-06T18:43:50.494431-07:00_c1-0c0s5n2_ipogif_rx_irq:Bad_RX_packet_error:_status_0x29_location_0x2
2016-06-06T18:43:50.519707-07:00_c1-0c0s5n2_ipogif_rx_irq:Bad_RX_packet_error:_status_0x29_location_0x2
2016-06-06T18:43:50.519724-07:00_c1-0c0s5n2_ipogif_rx_irq:Bad_RX_packet_error:_status_0x29_location_0x2
2016-06-06T18:43:50.519734-07:00_c1-0c0s5n2_ipogif_rx_irq:Bad_RX_packet_error:_status_0x29_location_0x2
2016-06-06T18:43:50.544929-07:00_c1-0c0s5n2_ipogif_rx_irq:Bad_RX_packet_error:_status_0x29_location_0x2
2016-06-06T18:43:50.570167-07:00_c1-0c0s5n2_ipogif_rx_irq:Bad_RX_packet_error:_status_0x29_location_0x2
2016-06-06T18:43:50.570182-07:00_c1-0c0s5n2_ipogif_rx_irq:Bad_RX_packet_error:_status_0x29_location_0x2
2016-06-06T18:43:50.570192-07:00_c1-0c0s5n2_ipogif_rx_irq:Bad_RX_packet_error:_status_0x29_location_0x2
2016-06-06T18:43:50.595355-07:00_c1-0c0s5n2_ipogif_rx_irq:Bad_RX_packet_error:_status_0x29_location_0x2
2016-06-06T18:43:50.595378-07:00_c1-0c0s5n2_ipogif_rx_irq:Bad_RX_packet_error:_status_0x29_location_0x2
2016-06-06T18:46:30.428448-07:00_c1-0c0s5n2_net_ratelimit:_4_callbacks_suppressed
2016-06-06T18:46:30.453693-07:00_c1-0c0s5n2_ipogif_rx_irq:Bad_RX_packet_error:_status_0x29_location_0x2
2016-06-06T18:48:00.454903-07:00_c1-0c0s5n2_ipogif_rx_irq:Bad_RX_packet_error:_status_0x29_location_0x2
2016-06-06T18:48:53.908825-07:00_c1-0c0s5n2_ipogif_rx_irq:Bad_RX_packet_error:_status_0x29_location_0x2
2016-06-06T18:48:53.934015-07:00_c1-0c0s5n2_ipogif_rx_irq:Bad_RX_packet_error:_status_0x29_location_0x2
2016-06-06T18:48:53.934030-07:00_c1-0c0s5n2_ipogif_rx_irq:Bad_RX_packet_error:_status_0x29_location_0x2
2016-06-06T18:48:53.959222-07:00_c1-0c0s5n2_ipogif_rx_irq:Bad_RX_packet_error:_status_0x29_location_0x2
2016-06-06T18:48:53.959239-07:00_c1-0c0s5n2_ipogif_rx_irq:Bad_RX_packet_error:_status_0x29_location_0x2
2016-06-06T18:48:53.984425-07:00_c1-0c0s5n2_ipogif_rx_irq:Bad_RX_packet_error:_status_0x29_location_0x2
2016-06-06T18:48:53.984440-07:00_c1-0c0s5n2_ipogif_rx_irq:Bad_RX_packet_error:_status_0x29_location_0x2
2016-06-06T18:48:53.984456-07:00_c1-0c0s5n2_ipogif_rx_irq:Bad_RX_packet_error:_status_0x29_location_0x2
2016-06-06T18:48:54.021495-07:00_c1-0c0s5n2_ipogif_rx_irq:Bad_RX_packet_error:_status_0x29_location_0x2
2016-06-06T18:48:54.021517-07:00_c1-0c0s5n2_ipogif_rx_irq:Bad_RX_packet_error:_status_0x29_location_0x2
2016-06-06T18:50:04.763855-07:00_c1-0c0s5n2_net_ratelimit:_37_callbacks_suppressed
2016-06-06T18:50:04.789048-07:00_c1-0c0s5n2_ipogif_rx_irq:Bad_RX_packet_error:_status_0x29_location_0x2
2016-06-06T18:50:04.789065-07:00_c1-0c0s5n2_ipogif_rx_irq:Bad_RX_packet_error:_status_0x29_location_0x2
2016-06-06T18:52:43.941899-07:00_c1-0c0s5n2_ipogif_rx_irq:Bad_RX_packet_error:_status_0x29_location_0x2
2016-06-06T18:52:43.967079-07:00_c1-0c0s5n2_ipogif_rx_irq:Bad_RX_packet_error:_status_0x29_location_0x2
2016-06-06T18:52:43.967094-07:00_c1-0c0s5n2_ipogif_rx_irq:Bad_RX_packet_error:_status_0x29_location_0x2
2016-06-06T18:52:43.967105-07:00_c1-0c0s5n2_ipogif_rx_irq:Bad_RX_packet_error:_status_0x29_location_0x2
2016-06-06T18:52:43.992266-07:00_c1-0c0s5n2_ipogif_rx_irq:Bad_RX_packet_error:_status_0x29_location_0x2
2016-06-06T18:52:43.992281-07:00_c1-0c0s5n2_ipogif_rx_irq:Bad_RX_packet_error:_status_0x29_location_0x2
2016-06-06T18:52:44.017483-07:00_c1-0c0s5n2_ipogif_rx_irq:Bad_RX_packet_error:_status_0x29_location_0x2
2016-06-06T18:52:44.017505-07:00_c1-0c0s5n2_ipogif_rx_irq:Bad_RX_packet_error:_status_0x29_location_0x2
2016-06-06T18:52:44.017520-07:00_c1-0c0s5n2_ipogif_rx_irq:Bad_RX_packet_error:_status_0x29_location_0x2
2016-06-06T18:52:44.042752-07:00_c1-0c0s5n2_ipogif_rx_irq:Bad_RX_packet_error:_status_0x29_location_0x2
2016-06-06T18:55:10.492888-07:00_c1-0c0s5n2_net_ratelimit:_14_callbacks_suppressed
2016-06-06T18:55:10.492926-07:00_c1-0c0s5n2_ipogif_rx_irq:Bad_RX_packet_error:_status_0x29_location_0x2
2016-06-06T18:55:10.492956-07:00_c1-0c0s5n2_ipogif_rx_irq:Bad_RX_packet_error:_status_0x29_location_0x2
2016-06-06T18:55:10.492965-07:00_c1-0c0s5n2_ipogif_rx_irq:Bad_RX_packet_error:_status_0x29_location_0x2
2016-06-06T18:55:10.492991-07:00_c1-0c0s5n2_ipogif_rx_irq:Bad_RX_packet_error:_status_0x29_location_0x2
2016-06-06T18:55:10.870250-07:00_c1-0c0s5n2_ipogif_rx_irq:Bad_RX_packet_error:_status_0x29_location_0x2
2016-06-06T18:55:10.870268-07:00_c1-0c0s5n2_ipogif_rx_irq:Bad_RX_packet_error:_status_0x29_location_0x2
2016-06-06T18:55:10.870275-07:00_c1-0c0s5n2_ipogif_rx_irq:Bad_RX_packet_error:_status_0x29_location_0x2
2016-06-06T18:55:10.870281-07:00_c1-0c0s5n2_ipogif_rx_irq:Bad_RX_packet_error:_status_0x29_location_0x2
2016-06-06T18:55:10.870287-07:00_c1-0c0s5n2_ipogif_rx_irq:Bad_RX_packet_error:_status_0x29_location_0x2
2016-06-06T18:55:10.870293-07:00_c1-0c0s5n2_ipogif_rx_irq:Bad_RX_packet_error:_status_0x29_location_0x2
2016-06-06T19:01:30.454868-07:00_c1-0c0s5n2_net_ratelimit:_9_callbacks_suppressed
2016-06-06T19:01:30.480106-07:00_c1-0c0s5n2_ipogif_rx_irq:Bad_RX_packet_error:_status_0x29_location_0x2
2016-06-06T19:01:30.480126-07:00_c1-0c0s5n2_ipogif_rx_irq:Bad_RX_packet_error:_status_0x29_location_0x2
2016-06-06T19:01:30.505366-07:00_c1-0c0s5n2_ipogif_rx_irq:Bad_RX_packet_error:_status_0x29_location_0x2
2016-06-06T19:01:30.505386-07:00_c1-0c0s5n2_ipogif_rx_irq:Bad_RX_packet_error:_status_0x29_location_0x2
2016-06-06T19:01:30.505395-07:00_c1-0c0s5n2_ipogif_rx_irq:Bad_RX_packet_error:_status_0x29_location_0x2
2016-06-06T19:01:30.530599-07:00_c1-0c0s5n2_ipogif_rx_irq:Bad_RX_packet_error:_status_0x29_location_0x2
2016-06-06T19:01:30.530613-07:00_c1-0c0s5n2_ipogif_rx_irq:Bad_RX_packet_error:_status_0x29_location_0x2
2016-06-06T19:01:30.555825-07:00_c1-0c0s5n2_ipogif_rx_irq:Bad_RX_packet_error:_status_0x29_location_0x2
2016-06-06T19:01:30.555840-07:00_c1-0c0s5n2_ipogif_rx_irq:Bad_RX_packet_error:_status_0x29_location_0x2
2016-06-06T19:05:40.468677-07:00_c1-0c0s5n2_ipogif_rx_irq:Bad_RX_packet_error:_status_0x29_location_0x2
2016-06-06T19:09:20.454991-07:00_c1-0c0s5n2_ipogif_rx_irq:Bad_RX_packet_error:_status_0x29_location_0x2
2016-06-06T19:10:50.430137-07:00_c1-0c0s5n2_ipogif_rx_irq:Bad_RX_packet_error:_status_0x29_location_0x2
2016-06-06T19:10:50.468679-07:00_c1-0c0s5n2_ipogif_rx_irq:Bad_RX_packet_error:_status_0x29_location_0x2
2016-06-06T19:10:50.468699-07:00_c1-0c0s5n2_ipogif_rx_irq:Bad_RX_packet_error:_status_0x29_location_0x2
2016-06-06T19:10:50.468711-07:00_c1-0c0s5n2_ipogif_rx_irq:Bad_RX_packet_error:_status_0x29_location_0x2
2016-06-06T19:10:50.508639-07:00_c1-0c0s5n2_ipogif_rx_irq:Bad_RX_packet_error:_status_0x29_location_0x2
2016-06-06T19:11:30.468660-07:00_c1-0c0s5n2_ipogif_rx_irq:Bad_RX_packet_error:_status_0x29_location_0x2
2016-06-06T19:11:30.508648-07:00_c1-0c0s5n2_ipogif_rx_irq:Bad_RX_packet_error:_status_0x29_location_0x2
2016-06-06T19:11:30.508670-07:00_c1-0c0s5n2_ipogif_rx_irq:Bad_RX_packet_error:_status_0x29_location_0x2
2016-06-06T19:12:40.454902-07:00_c1-0c0s5n2_ipogif_rx_irq:Bad_RX_packet_error:_status_0x29_location_0x2
2016-06-06T19:12:40.480131-07:00_c1-0c0s5n2_ipogif_rx_irq:Bad_RX_packet_error:_status_0x29_location_0x2
2016-06-06T19:12:40.480147-07:00_c1-0c0s5n2_ipogif_rx_irq:Bad_RX_packet_error:_status_0x29_location_0x2
2016-06-06T19:12:40.505427-07:00_c1-0c0s5n2_ipogif_rx_irq:Bad_RX_packet_error:_status_0x29_location_0x2
2016-06-06T19:12:40.505445-07:00_c1-0c0s5n2_ipogif_rx_irq:Bad_RX_packet_error:_status_0x29_location_0x2
2016-06-06T19:12:40.505455-07:00_c1-0c0s5n2_ipogif_rx_irq:Bad_RX_packet_error:_status_0x29_location_0x2
2016-06-06T19:12:40.530646-07:00_c1-0c0s5n2_ipogif_rx_irq:Bad_RX_packet_error:_status_0x29_location_0x2
2016-06-06T19:12:40.530665-07:00_c1-0c0s5n2_ipogif_rx_irq:Bad_RX_packet_error:_status_0x29_location_0x2
2016-06-06T19:12:40.555857-07:00_c1-0c0s5n2_ipogif_rx_irq:Bad_RX_packet_error:_status_0x29_location_0x2
2016-06-06T19:12:40.555873-07:00_c1-0c0s5n2_ipogif_rx_irq:Bad_RX_packet_error:_status_0x29_location_0x2
2016-06-06T19:14:33.890208-07:00_c1-0c0s5n2_net_ratelimit:_10_callbacks_suppressed
2016-06-06T19:14:33.915354-07:00_c1-0c0s5n2_ipogif_rx_irq:Bad_RX_packet_error:_status_0x29_location_0x2
2016-06-06T19:14:33.915369-07:00_c1-0c0s5n2_ipogif_rx_irq:Bad_RX_packet_error:_status_0x29_location_0x2
2016-06-06T19:14:33.940593-07:00_c1-0c0s5n2_ipogif_rx_irq:Bad_RX_packet_error:_status_0x29_location_0x2
2016-06-06T19:14:33.940608-07:00_c1-0c0s5n2_ipogif_rx_irq:Bad_RX_packet_error:_status_0x29_location_0x2
2016-06-06T19:14:33.965823-07:00_c1-0c0s5n2_ipogif_rx_irq:Bad_RX_packet_error:_status_0x29_location_0x2
2016-06-06T19:14:33.965847-07:00_c1-0c0s5n2_ipogif_rx_irq:Bad_RX_packet_error:_status_0x29_location_0x2
2016-06-06T19:14:33.965869-07:00_c1-0c0s5n2_ipogif_rx_irq:Bad_RX_packet_error:_status_0x29_location_0x2
2016-06-06T19:14:33.991039-07:00_c1-0c0s5n2_ipogif_rx_irq:Bad_RX_packet_error:_status_0x29_location_0x2
2016-06-06T19:14:33.991058-07:00_c1-0c0s5n2_ipogif_rx_irq:Bad_RX_packet_error:_status_0x29_location_0x2
2016-06-06T19:14:34.016280-07:00_c1-0c0s5n2_ipogif_rx_irq:Bad_RX_packet_error:_status_0x29_location_0x2
2016-06-06T19:14:50.529388-07:00_c1-0c0s5n2_net_ratelimit:_25_callbacks_suppressed
2016-06-06T19:14:50.554576-07:00_c1-0c0s5n2_ipogif_rx_irq:Bad_RX_packet_error:_status_0x29_location_0x2
2016-06-06T19:14:50.554592-07:00_c1-0c0s5n2_ipogif_rx_irq:Bad_RX_packet_error:_status_0x29_location_0x2
2016-06-06T19:14:50.579792-07:00_c1-0c0s5n2_ipogif_rx_irq:Bad_RX_packet_error:_status_0x29_location_0x2
2016-06-06T19:14:50.579809-07:00_c1-0c0s5n2_ipogif_rx_irq:Bad_RX_packet_error:_status_0x29_location_0x2
2016-06-06T19:14:50.605021-07:00_c1-0c0s5n2_ipogif_rx_irq:Bad_RX_packet_error:_status_0x29_location_0x2
2016-06-06T19:14:50.605036-07:00_c1-0c0s5n2_ipogif_rx_irq:Bad_RX_packet_error:_status_0x29_location_0x2
2016-06-06T19:14:50.605046-07:00_c1-0c0s5n2_ipogif_rx_irq:Bad_RX_packet_error:_status_0x29_location_0x2
2016-06-06T19:14:50.630198-07:00_c1-0c0s5n2_ipogif_rx_irq:Bad_RX_packet_error:_status_0x29_location_0x2
2016-06-06T19:14:50.630215-07:00_c1-0c0s5n2_ipogif_rx_irq:Bad_RX_packet_error:_status_0x29_location_0x2
2016-06-06T19:15:30.468738-07:00_c1-0c0s5n2_ipogif_rx_irq:Bad_RX_packet_error:_status_0x29_location_0x2
2016-06-06T19:15:30.468780-07:00_c1-0c0s5n2_ipogif_rx_irq:Bad_RX_packet_error:_status_0x29_location_0x2
2016-06-06T19:15:30.468790-07:00_c1-0c0s5n2_ipogif_rx_irq:Bad_RX_packet_error:_status_0x29_location_0x2
2016-06-06T19:15:30.468800-07:00_c1-0c0s5n2_ipogif_rx_irq:Bad_RX_packet_error:_status_0x29_location_0x2
2016-06-06T19:15:34.773228-07:00_c1-0c0s5n2_ipogif_rx_irq:Bad_RX_packet_error:_status_0x29_location_0x2
2016-06-06T19:15:34.798372-07:00_c1-0c0s5n2_ipogif_rx_irq:Bad_RX_packet_error:_status_0x29_location_0x2
2016-06-06T19:19:20.483358-07:00_c1-0c0s5n2_ipogif_rx_irq:Bad_RX_packet_error:_status_0x29_location_0x2
2016-06-06T19:19:20.483394-07:00_c1-0c0s5n2_ipogif_rx_irq:Bad_RX_packet_error:_status_0x29_location_0x2
2016-06-06T19:19:20.508530-07:00_c1-0c0s5n2_ipogif_rx_irq:Bad_RX_packet_error:_status_0x29_location_0x2
2016-06-06T19:19:20.508545-07:00_c1-0c0s5n2_ipogif_rx_irq:Bad_RX_packet_error:_status_0x29_location_0x2
2016-06-06T19:19:20.533747-07:00_c1-0c0s5n2_ipogif_rx_irq:Bad_RX_packet_error:_status_0x29_location_0x2
2016-06-06T19:19:20.533765-07:00_c1-0c0s5n2_ipogif_rx_irq:Bad_RX_packet_error:_status_0x29_location_0x2
2016-06-06T19:19:20.558994-07:00_c1-0c0s5n2_ipogif_rx_irq:Bad_RX_packet_error:_status_0x29_location_0x2
2016-06-06T19:19:20.559008-07:00_c1-0c0s5n2_ipogif_rx_irq:Bad_RX_packet_error:_status_0x29_location_0x2
2016-06-06T19:19:20.559017-07:00_c1-0c0s5n2_ipogif_rx_irq:Bad_RX_packet_error:_status_0x29_location_0x2
2016-06-06T19:19:20.584189-07:00_c1-0c0s5n2_ipogif_rx_irq:Bad_RX_packet_error:_status_0x29_location_0x2
2016-06-06T19:20:10.423659-07:00_c1-0c0s5n2_net_ratelimit:_45_callbacks_suppressed
2016-06-06T19:20:10.448875-07:00_c1-0c0s5n2_ipogif_rx_irq:Bad_RX_packet_error:_status_0x29_location_0x2
2016-06-06T19:20:10.448892-07:00_c1-0c0s5n2_ipogif_rx_irq:Bad_RX_packet_error:_status_0x29_location_0x2
2016-06-06T19:20:10.448908-07:00_c1-0c0s5n2_ipogif_rx_irq:Bad_RX_packet_error:_status_0x29_location_0x2
2016-06-06T19:20:10.488626-07:00_c1-0c0s5n2_ipogif_rx_irq:Bad_RX_packet_error:_status_0x29_location_0x2
2016-06-06T19:21:20.428188-07:00_c1-0c0s5n2_ipogif_rx_irq:Bad_RX_packet_error:_status_0x29_location_0x2
2016-06-06T19:21:20.453446-07:00_c1-0c0s5n2_ipogif_rx_irq:Bad_RX_packet_error:_status_0x29_location_0x2
2016-06-06T19:21:20.453464-07:00_c1-0c0s5n2_ipogif_rx_irq:Bad_RX_packet_error:_status_0x29_location_0x2
2016-06-06T19:21:20.478674-07:00_c1-0c0s5n2_ipogif_rx_irq:Bad_RX_packet_error:_status_0x29_location_0x2
2016-06-06T19:21:20.478690-07:00_c1-0c0s5n2_ipogif_rx_irq:Bad_RX_packet_error:_status_0x29_location_0x2
2016-06-06T19:21:40.554962-07:00_c1-0c0s5n2_ipogif_rx_irq:Bad_RX_packet_error:_status_0x29_location_0x2
2016-06-06T19:21:40.555001-07:00_c1-0c0s5n2_ipogif_rx_irq:Bad_RX_packet_error:_status_0x29_location_0x2
2016-06-06T19:23:40.459512-07:00_c1-0c0s5n2_ipogif_rx_irq:Bad_RX_packet_error:_status_0x29_location_0x2
2016-06-06T19:23:40.484704-07:00_c1-0c0s5n2_ipogif_rx_irq:Bad_RX_packet_error:_status_0x29_location_0x2
2016-06-06T19:23:40.484719-07:00_c1-0c0s5n2_ipogif_rx_irq:Bad_RX_packet_error:_status_0x29_location_0x2
2016-06-06T19:23:40.484740-07:00_c1-0c0s5n2_ipogif_rx_irq:Bad_RX_packet_error:_status_0x29_location_0x2
2016-06-06T19:23:40.509966-07:00_c1-0c0s5n2_ipogif_rx_irq:Bad_RX_packet_error:_status_0x29_location_0x2
2016-06-06T19:23:40.509981-07:00_c1-0c0s5n2_ipogif_rx_irq:Bad_RX_packet_error:_status_0x29_location_0x2
2016-06-06T19:23:40.535216-07:00_c1-0c0s5n2_ipogif_rx_irq:Bad_RX_packet_error:_status_0x29_location_0x2
2016-06-06T19:23:40.535230-07:00_c1-0c0s5n2_ipogif_rx_irq:Bad_RX_packet_error:_status_0x29_location_0x2
2016-06-06T19:23:40.560417-07:00_c1-0c0s5n2_ipogif_rx_irq:Bad_RX_packet_error:_status_0x29_location_0x2
2016-06-06T19:23:40.560433-07:00_c1-0c0s5n2_ipogif_rx_irq:Bad_RX_packet_error:_status_0x29_location_0x2
2016-06-06T19:23:50.427481-07:00_c1-0c0s5n2_net_ratelimit:_6_callbacks_suppressed
2016-06-06T19:23:50.452680-07:00_c1-0c0s5n2_ipogif_rx_irq:Bad_RX_packet_error:_status_0x29_location_0x2
2016-06-06T19:23:50.452701-07:00_c1-0c0s5n2_ipogif_rx_irq:Bad_RX_packet_error:_status_0x29_location_0x2
2016-06-06T19:23:50.477906-07:00_c1-0c0s5n2_ipogif_rx_irq:Bad_RX_packet_error:_status_0x29_location_0x2
2016-06-06T19:23:50.477924-07:00_c1-0c0s5n2_ipogif_rx_irq:Bad_RX_packet_error:_status_0x29_location_0x2
2016-06-06T19:23:50.477943-07:00_c1-0c0s5n2_ipogif_rx_irq:Bad_RX_packet_error:_status_0x29_location_0x2
2016-06-06T19:23:50.503131-07:00_c1-0c0s5n2_ipogif_rx_irq:Bad_RX_packet_error:_status_0x29_location_0x2
2016-06-06T19:23:50.503149-07:00_c1-0c0s5n2_ipogif_rx_irq:Bad_RX_packet_error:_status_0x29_location_0x2
2016-06-06T19:23:50.528319-07:00_c1-0c0s5n2_ipogif_rx_irq:Bad_RX_packet_error:_status_0x29_location_0x2
2016-06-06T19:29:50.518541-07:00_c1-0c0s5n2_ipogif_rx_irq:Bad_RX_packet_error:_status_0x29_location_0x2
2016-06-06T19:35:50.501354-07:00_c1-0c0s5n2_ipogif_rx_irq:Bad_RX_packet_error:_status_0x29_location_0x2
2016-06-06T19:37:10.468932-07:00_c1-0c0s5n2_ipogif_rx_irq:Bad_RX_packet_error:_status_0x29_location_0x2
2016-06-06T19:37:10.468969-07:00_c1-0c0s5n2_ipogif_rx_irq:Bad_RX_packet_error:_status_0x29_location_0x2
2016-06-06T19:37:10.468982-07:00_c1-0c0s5n2_ipogif_rx_irq:Bad_RX_packet_error:_status_0x29_location_0x2
2016-06-06T19:37:10.494113-07:00_c1-0c0s5n2_ipogif_rx_irq:Bad_RX_packet_error:_status_0x29_location_0x2
2016-06-06T19:37:10.494128-07:00_c1-0c0s5n2_ipogif_rx_irq:Bad_RX_packet_error:_status_0x29_location_0x2
2016-06-06T19:37:10.494146-07:00_c1-0c0s5n2_ipogif_rx_irq:Bad_RX_packet_error:_status_0x29_location_0x2
2016-06-06T19:37:10.533399-07:00_c1-0c0s5n2_ipogif_rx_irq:Bad_RX_packet_error:_status_0x29_location_0x2
2016-06-06T19:37:10.533421-07:00_c1-0c0s5n2_ipogif_rx_irq:Bad_RX_packet_error:_status_0x29_location_0x2
2016-06-06T19:37:10.533439-07:00_c1-0c0s5n2_ipogif_rx_irq:Bad_RX_packet_error:_status_0x29_location_0x2
2016-06-06T19:37:10.533450-07:00_c1-0c0s5n2_ipogif_rx_irq:Bad_RX_packet_error:_status_0x29_location_0x2
2016-06-06T19:39:10.472344-07:00_c1-0c0s5n2_net_ratelimit:_2_callbacks_suppressed
2016-06-06T19:39:10.472381-07:00_c1-0c0s5n2_ipogif_rx_irq:Bad_RX_packet_error:_status_0x29_location_0x2
2016-06-06T19:39:10.472392-07:00_c1-0c0s5n2_ipogif_rx_irq:Bad_RX_packet_error:_status_0x29_location_0x2
2016-06-06T19:39:10.497509-07:00_c1-0c0s5n2_ipogif_rx_irq:Bad_RX_packet_error:_status_0x29_location_0x2
2016-06-06T19:39:10.497530-07:00_c1-0c0s5n2_ipogif_rx_irq:Bad_RX_packet_error:_status_0x29_location_0x2
2016-06-06T19:39:10.522733-07:00_c1-0c0s5n2_ipogif_rx_irq:Bad_RX_packet_error:_status_0x29_location_0x2
2016-06-06T19:39:10.522754-07:00_c1-0c0s5n2_ipogif_rx_irq:Bad_RX_packet_error:_status_0x29_location_0x2
2016-06-06T19:39:10.522768-07:00_c1-0c0s5n2_ipogif_rx_irq:Bad_RX_packet_error:_status_0x29_location_0x2
2016-06-06T19:39:10.547992-07:00_c1-0c0s5n2_ipogif_rx_irq:Bad_RX_packet_error:_status_0x29_location_0x2
2016-06-06T19:39:10.548008-07:00_c1-0c0s5n2_ipogif_rx_irq:Bad_RX_packet_error:_status_0x29_location_0x2
2016-06-06T19:39:10.573231-07:00_c1-0c0s5n2_ipogif_rx_irq:Bad_RX_packet_error:_status_0x29_location_0x2
2016-06-06T19:42:30.545954-07:00_c1-0c0s5n2_net_ratelimit:_22_callbacks_suppressed
2016-06-06T19:42:30.545988-07:00_c1-0c0s5n2_ipogif_rx_irq:Bad_RX_packet_error:_status_0x29_location_0x2
2016-06-06T19:49:20.461673-07:00_c1-0c0s5n2_ipogif_rx_irq:Bad_RX_packet_error:_status_0x29_location_0x2
2016-06-06T19:49:20.461709-07:00_c1-0c0s5n2_ipogif_rx_irq:Bad_RX_packet_error:_status_0x29_location_0x2
2016-06-06T19:49:20.512038-07:00_c1-0c0s5n2_ipogif_rx_irq:Bad_RX_packet_error:_status_0x29_location_0x2
2016-06-06T19:49:20.512059-07:00_c1-0c0s5n2_ipogif_rx_irq:Bad_RX_packet_error:_status_0x29_location_0x2
2016-06-06T19:49:20.512074-07:00_c1-0c0s5n2_ipogif_rx_irq:Bad_RX_packet_error:_status_0x29_location_0x2
2016-06-06T19:49:20.537269-07:00_c1-0c0s5n2_ipogif_rx_irq:Bad_RX_packet_error:_status_0x29_location_0x2
2016-06-06T19:49:20.537285-07:00_c1-0c0s5n2_ipogif_rx_irq:Bad_RX_packet_error:_status_0x29_location_0x2
2016-06-06T19:49:20.562506-07:00_c1-0c0s5n2_ipogif_rx_irq:Bad_RX_packet_error:_status_0x29_location_0x2
2016-06-06T19:49:20.562520-07:00_c1-0c0s5n2_ipogif_rx_irq:Bad_RX_packet_error:_status_0x29_location_0x2
2016-06-06T19:54:00.429757-07:00_c1-0c0s5n2_net_ratelimit:_46_callbacks_suppressed
2016-06-06T19:54:00.429795-07:00_c1-0c0s5n2_ipogif_rx_irq:Bad_RX_packet_error:_status_0x29_location_0x2
2016-06-06T19:54:00.429805-07:00_c1-0c0s5n2_ipogif_rx_irq:Bad_RX_packet_error:_status_0x29_location_0x2
2016-06-06T19:54:00.480104-07:00_c1-0c0s5n2_ipogif_rx_irq:Bad_RX_packet_error:_status_0x29_location_0x2
2016-06-06T19:55:13.889123-07:00_c1-0c0s5n2_ipogif_rx_irq:Bad_RX_packet_error:_status_0x29_location_0x2
2016-06-06T19:55:13.929162-07:00_c1-0c0s5n2_ipogif_rx_irq:Bad_RX_packet_error:_status_0x29_location_0x2
2016-06-06T19:55:13.929183-07:00_c1-0c0s5n2_ipogif_rx_irq:Bad_RX_packet_error:_status_0x29_location_0x2
2016-06-06T19:55:13.929200-07:00_c1-0c0s5n2_ipogif_rx_irq:Bad_RX_packet_error:_status_0x29_location_0x2
2016-06-06T19:55:13.929208-07:00_c1-0c0s5n2_ipogif_rx_irq:Bad_RX_packet_error:_status_0x29_location_0x2
2016-06-06T19:55:13.954385-07:00_c1-0c0s5n2_ipogif_rx_irq:Bad_RX_packet_error:_status_0x29_location_0x2
2016-06-06T19:55:13.954412-07:00_c1-0c0s5n2_ipogif_rx_irq:Bad_RX_packet_error:_status_0x29_location_0x2
2016-06-06T19:55:13.979628-07:00_c1-0c0s5n2_ipogif_rx_irq:Bad_RX_packet_error:_status_0x29_location_0x2
2016-06-06T19:55:13.979642-07:00_c1-0c0s5n2_ipogif_rx_irq:Bad_RX_packet_error:_status_0x29_location_0x2
2016-06-06T19:55:13.979657-07:00_c1-0c0s5n2_ipogif_rx_irq:Bad_RX_packet_error:_status_0x29_location_0x2
2016-06-06T19:59:20.428421-07:00_c1-0c0s5n2_net_ratelimit:_4_callbacks_suppressed
2016-06-06T19:59:20.453648-07:00_c1-0c0s5n2_ipogif_rx_irq:Bad_RX_packet_error:_status_0x29_location_0x2
2016-06-06T19:59:30.468611-07:00_c1-0c0s5n2_ipogif_rx_irq:Bad_RX_packet_error:_status_0x29_location_0x2
2016-06-06T19:59:30.493832-07:00_c1-0c0s5n2_ipogif_rx_irq:Bad_RX_packet_error:_status_0x29_location_0x2
2016-06-06T20:05:10.426619-07:00_c1-0c0s5n2_ipogif_rx_irq:Bad_RX_packet_error:_status_0x29_location_0x2
2016-06-06T20:05:10.451775-07:00_c1-0c0s5n2_ipogif_rx_irq:Bad_RX_packet_error:_status_0x29_location_0x2
2016-06-06T20:05:10.451791-07:00_c1-0c0s5n2_ipogif_rx_irq:Bad_RX_packet_error:_status_0x29_location_0x2
2016-06-06T20:06:20.509304-07:00_c1-0c0s5n2_ipogif_rx_irq:Bad_RX_packet_error:_status_0x29_location_0x2
2016-06-06T20:06:20.509343-07:00_c1-0c0s5n2_ipogif_rx_irq:Bad_RX_packet_error:_status_0x29_location_0x2
2016-06-06T20:06:20.509353-07:00_c1-0c0s5n2_ipogif_rx_irq:Bad_RX_packet_error:_status_0x29_location_0x2
2016-06-06T20:06:20.549244-07:00_c1-0c0s5n2_ipogif_rx_irq:Bad_RX_packet_error:_status_0x29_location_0x2
2016-06-06T20:06:20.549257-07:00_c1-0c0s5n2_ipogif_rx_irq:Bad_RX_packet_error:_status_0x29_location_0x2
2016-06-06T20:06:20.549272-07:00_c1-0c0s5n2_ipogif_rx_irq:Bad_RX_packet_error:_status_0x29_location_0x2
2016-06-06T20:06:20.574452-07:00_c1-0c0s5n2_ipogif_rx_irq:Bad_RX_packet_error:_status_0x29_location_0x2
2016-06-06T20:06:20.574466-07:00_c1-0c0s5n2_ipogif_rx_irq:Bad_RX_packet_error:_status_0x29_location_0x2
2016-06-06T20:06:20.574475-07:00_c1-0c0s5n2_ipogif_rx_irq:Bad_RX_packet_error:_status_0x29_location_0x2
2016-06-06T20:06:20.599643-07:00_c1-0c0s5n2_ipogif_rx_irq:Bad_RX_packet_error:_status_0x29_location_0x2
2016-06-06T20:09:13.942707-07:00_c1-0c0s5n2_net_ratelimit:_1_callbacks_suppressed
2016-06-06T20:09:13.942746-07:00_c1-0c0s5n2_ipogif_rx_irq:Bad_RX_packet_error:_status_0x29_location_0x2
2016-06-06T20:09:13.967851-07:00_c1-0c0s5n2_ipogif_rx_irq:Bad_RX_packet_error:_status_0x29_location_0x2
2016-06-06T20:09:13.967868-07:00_c1-0c0s5n2_ipogif_rx_irq:Bad_RX_packet_error:_status_0x29_location_0x2
2016-06-06T20:09:13.967890-07:00_c1-0c0s5n2_ipogif_rx_irq:Bad_RX_packet_error:_status_0x29_location_0x2
2016-06-06T20:09:13.993051-07:00_c1-0c0s5n2_ipogif_rx_irq:Bad_RX_packet_error:_status_0x29_location_0x2
2016-06-06T20:09:13.993069-07:00_c1-0c0s5n2_ipogif_rx_irq:Bad_RX_packet_error:_status_0x29_location_0x2
2016-06-06T20:09:14.018320-07:00_c1-0c0s5n2_ipogif_rx_irq:Bad_RX_packet_error:_status_0x29_location_0x2
2016-06-06T20:09:14.018343-07:00_c1-0c0s5n2_ipogif_rx_irq:Bad_RX_packet_error:_status_0x29_location_0x2
2016-06-06T20:09:14.018352-07:00_c1-0c0s5n2_ipogif_rx_irq:Bad_RX_packet_error:_status_0x29_location_0x2
2016-06-06T20:09:14.043516-07:00_c1-0c0s5n2_ipogif_rx_irq:Bad_RX_packet_error:_status_0x29_location_0x2
2016-06-06T20:11:03.947872-07:00_c1-0c0s5n2_net_ratelimit:_7_callbacks_suppressed
2016-06-06T20:11:03.973052-07:00_c1-0c0s5n2_ipogif_rx_irq:Bad_RX_packet_error:_status_0x29_location_0x2
2016-06-06T20:11:03.973068-07:00_c1-0c0s5n2_ipogif_rx_irq:Bad_RX_packet_error:_status_0x29_location_0x2
2016-06-06T20:11:03.998290-07:00_c1-0c0s5n2_ipogif_rx_irq:Bad_RX_packet_error:_status_0x29_location_0x2
2016-06-06T20:11:03.998304-07:00_c1-0c0s5n2_ipogif_rx_irq:Bad_RX_packet_error:_status_0x29_location_0x2
2016-06-06T20:11:04.023518-07:00_c1-0c0s5n2_ipogif_rx_irq:Bad_RX_packet_error:_status_0x29_location_0x2
2016-06-06T20:11:04.023540-07:00_c1-0c0s5n2_ipogif_rx_irq:Bad_RX_packet_error:_status_0x29_location_0x2
2016-06-06T20:11:04.023560-07:00_c1-0c0s5n2_ipogif_rx_irq:Bad_RX_packet_error:_status_0x29_location_0x2
2016-06-06T20:11:04.048748-07:00_c1-0c0s5n2_ipogif_rx_irq:Bad_RX_packet_error:_status_0x29_location_0x2
2016-06-06T20:11:04.048762-07:00_c1-0c0s5n2_ipogif_rx_irq:Bad_RX_packet_error:_status_0x29_location_0x2
2016-06-06T20:11:04.074003-07:00_c1-0c0s5n2_ipogif_rx_irq:Bad_RX_packet_error:_status_0x29_location_0x2
2016-06-06T20:17:30.484696-07:00_c1-0c0s5n2_net_ratelimit:_22_callbacks_suppressed
2016-06-06T20:17:30.484738-07:00_c1-0c0s5n2_ipogif_rx_irq:Bad_RX_packet_error:_status_0x29_location_0x2
2016-06-06T20:17:30.484751-07:00_c1-0c0s5n2_ipogif_rx_irq:Bad_RX_packet_error:_status_0x29_location_0x2
2016-06-06T20:17:30.484763-07:00_c1-0c0s5n2_ipogif_rx_irq:Bad_RX_packet_error:_status_0x29_location_0x2
2016-06-06T20:17:30.524664-07:00_c1-0c0s5n2_ipogif_rx_irq:Bad_RX_packet_error:_status_0x29_location_0x2
2016-06-06T20:17:30.524682-07:00_c1-0c0s5n2_ipogif_rx_irq:Bad_RX_packet_error:_status_0x29_location_0x2
2016-06-06T20:17:30.524702-07:00_c1-0c0s5n2_ipogif_rx_irq:Bad_RX_packet_error:_status_0x29_location_0x2
2016-06-06T20:17:30.564617-07:00_c1-0c0s5n2_ipogif_rx_irq:Bad_RX_packet_error:_status_0x29_location_0x2
2016-06-06T20:17:30.564634-07:00_c1-0c0s5n2_ipogif_rx_irq:Bad_RX_packet_error:_status_0x29_location_0x2
2016-06-06T20:17:30.564660-07:00_c1-0c0s5n2_ipogif_rx_irq:Bad_RX_packet_error:_status_0x29_location_0x2
2016-06-06T20:17:30.564681-07:00_c1-0c0s5n2_ipogif_rx_irq:Bad_RX_packet_error:_status_0x29_location_0x2
2016-06-06T20:19:10.520665-07:00_c1-0c0s5n2_net_ratelimit:_27_callbacks_suppressed
2016-06-06T20:19:10.520697-07:00_c1-0c0s5n2_ipogif_rx_irq:Bad_RX_packet_error:_status_0x29_location_0x2
2016-06-06T20:19:10.520709-07:00_c1-0c0s5n2_ipogif_rx_irq:Bad_RX_packet_error:_status_0x29_location_0x2
2016-06-06T20:19:10.520728-07:00_c1-0c0s5n2_ipogif_rx_irq:Bad_RX_packet_error:_status_0x29_location_0x2
2016-06-06T20:19:10.545833-07:00_c1-0c0s5n2_ipogif_rx_irq:Bad_RX_packet_error:_status_0x29_location_0x2
2016-06-06T20:19:10.571039-07:00_c1-0c0s5n2_ipogif_rx_irq:Bad_RX_packet_error:_status_0x29_location_0x2
2016-06-06T20:19:10.571056-07:00_c1-0c0s5n2_ipogif_rx_irq:Bad_RX_packet_error:_status_0x29_location_0x2
2016-06-06T20:19:10.571081-07:00_c1-0c0s5n2_ipogif_rx_irq:Bad_RX_packet_error:_status_0x29_location_0x2
2016-06-06T20:19:10.596267-07:00_c1-0c0s5n2_ipogif_rx_irq:Bad_RX_packet_error:_status_0x29_location_0x2
2016-06-06T20:19:10.596284-07:00_c1-0c0s5n2_ipogif_rx_irq:Bad_RX_packet_error:_status_0x29_location_0x2
2016-06-06T20:19:10.596308-07:00_c1-0c0s5n2_ipogif_rx_irq:Bad_RX_packet_error:_status_0x29_location_0x2
2016-06-06T20:21:10.438112-07:00_c1-0c0s5n2_net_ratelimit:_1_callbacks_suppressed
2016-06-06T20:21:10.463987-07:00_c1-0c0s5n2_ipogif_rx_irq:Bad_RX_packet_error:_status_0x29_location_0x2
2016-06-06T20:21:10.464004-07:00_c1-0c0s5n2_ipogif_rx_irq:Bad_RX_packet_error:_status_0x29_location_0x2
2016-06-06T20:21:10.464025-07:00_c1-0c0s5n2_ipogif_rx_irq:Bad_RX_packet_error:_status_0x29_location_0x2
2016-06-06T20:21:10.490069-07:00_c1-0c0s5n2_ipogif_rx_irq:Bad_RX_packet_error:_status_0x29_location_0x2
2016-06-06T20:21:10.490096-07:00_c1-0c0s5n2_ipogif_rx_irq:Bad_RX_packet_error:_status_0x29_location_0x2
2016-06-06T20:21:10.490109-07:00_c1-0c0s5n2_ipogif_rx_irq:Bad_RX_packet_error:_status_0x29_location_0x2
2016-06-06T20:21:10.521181-07:00_c1-0c0s5n2_ipogif_rx_irq:Bad_RX_packet_error:_status_0x29_location_0x2
2016-06-06T20:25:25.628720-07:00_c1-0c0s5n2_xtcheckssd-terminate._exit_code:4_No_SSDs_Found
2016-06-06T20:25:30.477783-07:00_c1-0c0s5n2_ipogif_rx_irq:Bad_RX_packet_error:_status_0x29_location_0x2
2016-06-06T20:25:30.502999-07:00_c1-0c0s5n2_ipogif_rx_irq:Bad_RX_packet_error:_status_0x29_location_0x2
2016-06-06T20:25:30.503016-07:00_c1-0c0s5n2_ipogif_rx_irq:Bad_RX_packet_error:_status_0x29_location_0x2
2016-06-06T20:25:30.540660-07:00_c1-0c0s5n2_ipogif_rx_irq:Bad_RX_packet_error:_status_0x29_location_0x2
2016-06-06T20:25:30.540675-07:00_c1-0c0s5n2_ipogif_rx_irq:Bad_RX_packet_error:_status_0x29_location_0x2
2016-06-06T20:25:30.540684-07:00_c1-0c0s5n2_ipogif_rx_irq:Bad_RX_packet_error:_status_0x29_location_0x2
2016-06-06T20:25:30.540693-07:00_c1-0c0s5n2_ipogif_rx_irq:Bad_RX_packet_error:_status_0x29_location_0x2
2016-06-06T20:25:30.540703-07:00_c1-0c0s5n2_ipogif_rx_irq:Bad_RX_packet_error:_status_0x29_location_0x2
2016-06-06T20:25:30.540713-07:00_c1-0c0s5n2_ipogif_rx_irq:Bad_RX_packet_error:_status_0x29_location_0x2
2016-06-06T20:25:30.591067-07:00_c1-0c0s5n2_ipogif_rx_irq:Bad_RX_packet_error:_status_0x29_location_0x2
2016-06-06T20:28:44.253754-07:00_c1-0c0s5n2_net_ratelimit:_13_callbacks_suppressed
2016-06-06T20:28:44.253783-07:00_c1-0c0s5n2_ipogif_rx_irq:Bad_RX_packet_error:_status_0x29_location_0x2
2016-06-06T20:28:44.253803-07:00_c1-0c0s5n2_ipogif_rx_irq:Bad_RX_packet_error:_status_0x29_location_0x2
2016-06-06T20:28:44.253809-07:00_c1-0c0s5n2_ipogif_rx_irq:Bad_RX_packet_error:_status_0x29_location_0x2
2016-06-06T20:28:44.253814-07:00_c1-0c0s5n2_ipogif_rx_irq:Bad_RX_packet_error:_status_0x29_location_0x2
2016-06-06T20:28:44.253819-07:00_c1-0c0s5n2_ipogif_rx_irq:Bad_RX_packet_error:_status_0x29_location_0x2
2016-06-06T20:28:44.253844-07:00_c1-0c0s5n2_ipogif_rx_irq:Bad_RX_packet_error:_status_0x29_location_0x2
2016-06-06T20:28:44.253851-07:00_c1-0c0s5n2_ipogif_rx_irq:Bad_RX_packet_error:_status_0x29_location_0x2
2016-06-06T20:28:44.253857-07:00_c1-0c0s5n2_ipogif_rx_irq:Bad_RX_packet_error:_status_0x29_location_0x2
2016-06-06T20:28:44.253862-07:00_c1-0c0s5n2_ipogif_rx_irq:Bad_RX_packet_error:_status_0x29_location_0x2
2016-06-06T20:28:44.253869-07:00_c1-0c0s5n2_ipogif_rx_irq:Bad_RX_packet_error:_status_0x29_location_0x2
2016-06-06T20:31:54.010028-07:00_c1-0c0s5n2_net_ratelimit:_15_callbacks_suppressed
2016-06-06T20:31:54.035204-07:00_c1-0c0s5n2_ipogif_rx_irq:Bad_RX_packet_error:_status_0x29_location_0x2
2016-06-06T20:31:54.060446-07:00_c1-0c0s5n2_ipogif_rx_irq:Bad_RX_packet_error:_status_0x29_location_0x2
2016-06-06T20:31:54.060462-07:00_c1-0c0s5n2_ipogif_rx_irq:Bad_RX_packet_error:_status_0x29_location_0x2
2016-06-06T20:31:54.060478-07:00_c1-0c0s5n2_ipogif_rx_irq:Bad_RX_packet_error:_status_0x29_location_0x2
2016-06-06T20:31:54.085684-07:00_c1-0c0s5n2_ipogif_rx_irq:Bad_RX_packet_error:_status_0x29_location_0x2
2016-06-06T20:31:54.085709-07:00_c1-0c0s5n2_ipogif_rx_irq:Bad_RX_packet_error:_status_0x29_location_0x2
2016-06-06T20:31:54.085718-07:00_c1-0c0s5n2_ipogif_rx_irq:Bad_RX_packet_error:_status_0x29_location_0x2
2016-06-06T20:31:54.085728-07:00_c1-0c0s5n2_ipogif_rx_irq:Bad_RX_packet_error:_status_0x29_location_0x2
2016-06-06T20:31:54.110914-07:00_c1-0c0s5n2_ipogif_rx_irq:Bad_RX_packet_error:_status_0x29_location_0x2
2016-06-06T20:31:54.136137-07:00_c1-0c0s5n2_ipogif_rx_irq:Bad_RX_packet_error:_status_0x29_location_0x2
2016-06-06T20:33:30.462385-07:00_c1-0c0s5n2_net_ratelimit:_5_callbacks_suppressed
2016-06-06T20:33:30.462419-07:00_c1-0c0s5n2_ipogif_rx_irq:Bad_RX_packet_error:_status_0x29_location_0x2
2016-06-06T20:33:30.487544-07:00_c1-0c0s5n2_ipogif_rx_irq:Bad_RX_packet_error:_status_0x29_location_0x2
2016-06-06T20:33:30.487558-07:00_c1-0c0s5n2_ipogif_rx_irq:Bad_RX_packet_error:_status_0x29_location_0x2
2016-06-06T20:33:30.487581-07:00_c1-0c0s5n2_ipogif_rx_irq:Bad_RX_packet_error:_status_0x29_location_0x2
2016-06-06T20:33:30.537934-07:00_c1-0c0s5n2_ipogif_rx_irq:Bad_RX_packet_error:_status_0x29_location_0x2
2016-06-06T20:33:30.537949-07:00_c1-0c0s5n2_ipogif_rx_irq:Bad_RX_packet_error:_status_0x29_location_0x2
2016-06-06T20:33:30.537965-07:00_c1-0c0s5n2_ipogif_rx_irq:Bad_RX_packet_error:_status_0x29_location_0x2
2016-06-06T20:33:30.563199-07:00_c1-0c0s5n2_ipogif_rx_irq:Bad_RX_packet_error:_status_0x29_location_0x2
2016-06-06T20:33:30.563213-07:00_c1-0c0s5n2_ipogif_rx_irq:Bad_RX_packet_error:_status_0x29_location_0x2
2016-06-06T20:33:30.588418-07:00_c1-0c0s5n2_ipogif_rx_irq:Bad_RX_packet_error:_status_0x29_location_0x2
2016-06-06T20:46:03.913200-07:00_c1-0c0s5n2_net_ratelimit:_46_callbacks_suppressed
2016-06-06T20:46:03.938377-07:00_c1-0c0s5n2_ipogif_rx_irq:Bad_RX_packet_error:_status_0x29_location_0x2
2016-06-06T20:46:03.938400-07:00_c1-0c0s5n2_ipogif_rx_irq:Bad_RX_packet_error:_status_0x29_location_0x2
2016-06-06T20:46:03.963598-07:00_c1-0c0s5n2_ipogif_rx_irq:Bad_RX_packet_error:_status_0x29_location_0x2
2016-06-06T20:46:03.963621-07:00_c1-0c0s5n2_ipogif_rx_irq:Bad_RX_packet_error:_status_0x29_location_0x2
2016-06-06T20:46:03.963641-07:00_c1-0c0s5n2_ipogif_rx_irq:Bad_RX_packet_error:_status_0x29_location_0x2
2016-06-06T20:46:03.988849-07:00_c1-0c0s5n2_ipogif_rx_irq:Bad_RX_packet_error:_status_0x29_location_0x2
2016-06-06T20:46:03.988869-07:00_c1-0c0s5n2_ipogif_rx_irq:Bad_RX_packet_error:_status_0x29_location_0x2
2016-06-06T20:46:04.029193-07:00_c1-0c0s5n2_ipogif_rx_irq:Bad_RX_packet_error:_status_0x29_location_0x2
2016-06-06T20:46:04.029219-07:00_c1-0c0s5n2_ipogif_rx_irq:Bad_RX_packet_error:_status_0x29_location_0x2
2016-06-06T20:46:04.029231-07:00_c1-0c0s5n2_ipogif_rx_irq:Bad_RX_packet_error:_status_0x29_location_0x2
2016-06-06T20:50:53.927802-07:00_c1-0c0s5n2_net_ratelimit:_12_callbacks_suppressed
2016-06-06T20:50:53.953002-07:00_c1-0c0s5n2_ipogif_rx_irq:Bad_RX_packet_error:_status_0x29_location_0x2
2016-06-06T20:50:53.953022-07:00_c1-0c0s5n2_ipogif_rx_irq:Bad_RX_packet_error:_status_0x29_location_0x2
2016-06-06T20:50:53.978217-07:00_c1-0c0s5n2_ipogif_rx_irq:Bad_RX_packet_error:_status_0x29_location_0x2
2016-06-06T20:50:54.003436-07:00_c1-0c0s5n2_ipogif_rx_irq:Bad_RX_packet_error:_status_0x29_location_0x2
2016-06-06T20:50:54.003462-07:00_c1-0c0s5n2_ipogif_rx_irq:Bad_RX_packet_error:_status_0x29_location_0x2
2016-06-06T20:50:54.003475-07:00_c1-0c0s5n2_ipogif_rx_irq:Bad_RX_packet_error:_status_0x29_location_0x2
2016-06-06T20:50:54.028669-07:00_c1-0c0s5n2_ipogif_rx_irq:Bad_RX_packet_error:_status_0x29_location_0x2
2016-06-06T20:50:54.028686-07:00_c1-0c0s5n2_ipogif_rx_irq:Bad_RX_packet_error:_status_0x29_location_0x2
2016-06-06T20:50:54.053916-07:00_c1-0c0s5n2_ipogif_rx_irq:Bad_RX_packet_error:_status_0x29_location_0x2
2016-06-06T20:50:54.053933-07:00_c1-0c0s5n2_ipogif_rx_irq:Bad_RX_packet_error:_status_0x29_location_0x2
2016-06-06T21:00:33.913007-07:00_c1-0c0s5n2_net_ratelimit:_1_callbacks_suppressed
2016-06-06T21:00:33.938196-07:00_c1-0c0s5n2_ipogif_rx_irq:Bad_RX_packet_error:_status_0x29_location_0x2
2016-06-06T21:00:33.938212-07:00_c1-0c0s5n2_ipogif_rx_irq:Bad_RX_packet_error:_status_0x29_location_0x2
2016-06-06T21:00:33.938233-07:00_c1-0c0s5n2_ipogif_rx_irq:Bad_RX_packet_error:_status_0x29_location_0x2
2016-06-06T21:00:33.963404-07:00_c1-0c0s5n2_ipogif_rx_irq:Bad_RX_packet_error:_status_0x29_location_0x2
2016-06-06T21:00:33.963420-07:00_c1-0c0s5n2_ipogif_rx_irq:Bad_RX_packet_error:_status_0x29_location_0x2
2016-06-06T21:00:33.988651-07:00_c1-0c0s5n2_ipogif_rx_irq:Bad_RX_packet_error:_status_0x29_location_0x2
2016-06-06T21:00:33.988665-07:00_c1-0c0s5n2_ipogif_rx_irq:Bad_RX_packet_error:_status_0x29_location_0x2
2016-06-06T21:00:33.988674-07:00_c1-0c0s5n2_ipogif_rx_irq:Bad_RX_packet_error:_status_0x29_location_0x2
2016-06-06T21:00:34.013872-07:00_c1-0c0s5n2_ipogif_rx_irq:Bad_RX_packet_error:_status_0x29_location_0x2
2016-06-06T21:00:34.013893-07:00_c1-0c0s5n2_ipogif_rx_irq:Bad_RX_packet_error:_status_0x29_location_0x2
2016-06-06T23:33:10.426946-07:00_c1-0c0s5n2_net_ratelimit:_4_callbacks_suppressed
2016-06-06T23:33:10.452126-07:00_c1-0c0s5n2_ipogif_rx_irq:Bad_RX_packet_error:_status_0x29_location_0x2
2016-06-06T23:33:10.452141-07:00_c1-0c0s5n2_ipogif_rx_irq:Bad_RX_packet_error:_status_0x29_location_0x2
2016-06-06T23:33:10.477350-07:00_c1-0c0s5n2_ipogif_rx_irq:Bad_RX_packet_error:_status_0x29_location_0x2
2016-06-06T23:33:10.477367-07:00_c1-0c0s5n2_ipogif_rx_irq:Bad_RX_packet_error:_status_0x29_location_0x2
2016-06-06T23:33:10.502600-07:00_c1-0c0s5n2_ipogif_rx_irq:Bad_RX_packet_error:_status_0x29_location_0x2
2016-06-06T23:33:10.502614-07:00_c1-0c0s5n2_ipogif_rx_irq:Bad_RX_packet_error:_status_0x29_location_0x2
2016-06-06T23:33:10.502629-07:00_c1-0c0s5n2_ipogif_rx_irq:Bad_RX_packet_error:_status_0x29_location_0x2
2016-06-06T23:33:10.527828-07:00_c1-0c0s5n2_ipogif_rx_irq:Bad_RX_packet_error:_status_0x29_location_0x2
2016-06-06T23:34:03.932702-07:00_c1-0c0s5n2_ipogif_rx_irq:Bad_RX_packet_error:_status_0x29_location_0x2
2016-06-06T23:34:03.932743-07:00_c1-0c0s5n2_ipogif_rx_irq:Bad_RX_packet_error:_status_0x29_location_0x2
2016-06-06T23:34:03.932754-07:00_c1-0c0s5n2_ipogif_rx_irq:Bad_RX_packet_error:_status_0x29_location_0x2
2016-06-06T23:34:03.932775-07:00_c1-0c0s5n2_ipogif_rx_irq:Bad_RX_packet_error:_status_0x29_location_0x2
2016-06-06T23:34:03.972687-07:00_c1-0c0s5n2_ipogif_rx_irq:Bad_RX_packet_error:_status_0x29_location_0x2
2016-06-06T23:34:03.972702-07:00_c1-0c0s5n2_ipogif_rx_irq:Bad_RX_packet_error:_status_0x29_location_0x2
2016-06-06T23:34:03.972712-07:00_c1-0c0s5n2_ipogif_rx_irq:Bad_RX_packet_error:_status_0x29_location_0x2
2016-06-06T23:38:50.444602-07:00_c1-0c0s5n2_ipogif_rx_irq:Bad_RX_packet_error:_status_0x29_location_0x2
2016-06-06T23:44:24.759586-07:00_c1-0c0s5n2_ipogif_rx_irq:Bad_RX_packet_error:_status_0x29_location_0x2
2016-06-06T23:44:24.784751-07:00_c1-0c0s5n2_ipogif_rx_irq:Bad_RX_packet_error:_status_0x29_location_0x2
2016-06-06T23:44:24.784770-07:00_c1-0c0s5n2_ipogif_rx_irq:Bad_RX_packet_error:_status_0x29_location_0x2
2016-06-06T23:44:24.810030-07:00_c1-0c0s5n2_ipogif_rx_irq:Bad_RX_packet_error:_status_0x29_location_0x2
2016-06-06T23:44:24.810044-07:00_c1-0c0s5n2_ipogif_rx_irq:Bad_RX_packet_error:_status_0x29_location_0x2
2016-06-06T23:44:24.810060-07:00_c1-0c0s5n2_ipogif_rx_irq:Bad_RX_packet_error:_status_0x29_location_0x2
2016-06-06T23:44:24.835266-07:00_c1-0c0s5n2_ipogif_rx_irq:Bad_RX_packet_error:_status_0x29_location_0x2
2016-06-06T23:44:24.835279-07:00_c1-0c0s5n2_ipogif_rx_irq:Bad_RX_packet_error:_status_0x29_location_0x2
2016-06-06T23:44:24.860453-07:00_c1-0c0s5n2_ipogif_rx_irq:Bad_RX_packet_error:_status_0x29_location_0x2
2016-06-06T23:44:30.545724-07:00_c1-0c0s5n2_net_ratelimit:_2_callbacks_suppressed
2016-06-06T23:44:30.545750-07:00_c1-0c0s5n2_ipogif_rx_irq:Bad_RX_packet_error:_status_0x29_location_0x2
2016-06-06T23:44:30.571001-07:00_c1-0c0s5n2_ipogif_rx_irq:Bad_RX_packet_error:_status_0x29_location_0x2
2016-06-06T23:44:30.571015-07:00_c1-0c0s5n2_ipogif_rx_irq:Bad_RX_packet_error:_status_0x29_location_0x2
2016-06-06T23:44:30.571024-07:00_c1-0c0s5n2_ipogif_rx_irq:Bad_RX_packet_error:_status_0x29_location_0x2
2016-06-06T23:44:30.596195-07:00_c1-0c0s5n2_ipogif_rx_irq:Bad_RX_packet_error:_status_0x29_location_0x2
2016-06-06T23:44:30.596209-07:00_c1-0c0s5n2_ipogif_rx_irq:Bad_RX_packet_error:_status_0x29_location_0x2
2016-06-06T23:44:30.621441-07:00_c1-0c0s5n2_ipogif_rx_irq:Bad_RX_packet_error:_status_0x29_location_0x2
2016-06-06T23:44:30.621461-07:00_c1-0c0s5n2_ipogif_rx_irq:Bad_RX_packet_error:_status_0x29_location_0x2
2016-06-06T23:44:30.621477-07:00_c1-0c0s5n2_ipogif_rx_irq:Bad_RX_packet_error:_status_0x29_location_0x2
2016-06-06T23:44:30.646645-07:00_c1-0c0s5n2_ipogif_rx_irq:Bad_RX_packet_error:_status_0x29_location_0x2
2016-06-06T23:46:14.766022-07:00_c1-0c0s5n2_net_ratelimit:_28_callbacks_suppressed
2016-06-06T23:46:14.766047-07:00_c1-0c0s5n2_ipogif_rx_irq:Bad_RX_packet_error:_status_0x29_location_0x2
2016-06-06T23:46:14.791258-07:00_c1-0c0s5n2_ipogif_rx_irq:Bad_RX_packet_error:_status_0x29_location_0x2
2016-06-06T23:46:14.791293-07:00_c1-0c0s5n2_ipogif_rx_irq:Bad_RX_packet_error:_status_0x29_location_0x2
2016-06-06T23:46:14.791305-07:00_c1-0c0s5n2_ipogif_rx_irq:Bad_RX_packet_error:_status_0x29_location_0x2
2016-06-06T23:46:14.791318-07:00_c1-0c0s5n2_ipogif_rx_irq:Bad_RX_packet_error:_status_0x29_location_0x2
2016-06-06T23:46:14.791338-07:00_c1-0c0s5n2_ipogif_rx_irq:Bad_RX_packet_error:_status_0x29_location_0x2
2016-06-06T23:46:14.841671-07:00_c1-0c0s5n2_ipogif_rx_irq:Bad_RX_packet_error:_status_0x29_location_0x2
2016-06-06T23:46:14.841689-07:00_c1-0c0s5n2_ipogif_rx_irq:Bad_RX_packet_error:_status_0x29_location_0x2
2016-06-06T23:46:14.866916-07:00_c1-0c0s5n2_ipogif_rx_irq:Bad_RX_packet_error:_status_0x29_location_0x2
2016-06-06T23:46:14.866931-07:00_c1-0c0s5n2_ipogif_rx_irq:Bad_RX_packet_error:_status_0x29_location_0x2
2016-06-06T23:49:50.548680-07:00_c1-0c0s5n2_net_ratelimit:_3_callbacks_suppressed
2016-06-06T23:49:50.573910-07:00_c1-0c0s5n2_ipogif_rx_irq:Bad_RX_packet_error:_status_0x29_location_0x2
2016-06-06T23:49:50.573928-07:00_c1-0c0s5n2_ipogif_rx_irq:Bad_RX_packet_error:_status_0x29_location_0x2
2016-06-06T23:49:50.573945-07:00_c1-0c0s5n2_ipogif_rx_irq:Bad_RX_packet_error:_status_0x29_location_0x2
2016-06-06T23:49:50.599145-07:00_c1-0c0s5n2_ipogif_rx_irq:Bad_RX_packet_error:_status_0x29_location_0x2
2016-06-06T23:49:50.599159-07:00_c1-0c0s5n2_ipogif_rx_irq:Bad_RX_packet_error:_status_0x29_location_0x2
2016-06-06T23:49:50.624416-07:00_c1-0c0s5n2_ipogif_rx_irq:Bad_RX_packet_error:_status_0x29_location_0x2
2016-06-06T23:49:50.624431-07:00_c1-0c0s5n2_ipogif_rx_irq:Bad_RX_packet_error:_status_0x29_location_0x2
2016-06-06T23:49:50.624461-07:00_c1-0c0s5n2_ipogif_rx_irq:Bad_RX_packet_error:_status_0x29_location_0x2
2016-06-06T23:49:50.624473-07:00_c1-0c0s5n2_ipogif_rx_irq:Bad_RX_packet_error:_status_0x29_location_0x2
2016-06-06T23:49:50.649583-07:00_c1-0c0s5n2_ipogif_rx_irq:Bad_RX_packet_error:_status_0x29_location_0x2
2016-06-06T23:53:30.532787-07:00_c1-0c0s5n2_net_ratelimit:_7_callbacks_suppressed
2016-06-06T23:53:30.557960-07:00_c1-0c0s5n2_ipogif_rx_irq:Bad_RX_packet_error:_status_0x29_location_0x2
2016-06-06T23:53:30.557977-07:00_c1-0c0s5n2_ipogif_rx_irq:Bad_RX_packet_error:_status_0x29_location_0x2
2016-06-06T23:59:30.445582-07:00_c1-0c0s5n2_ipogif_rx_irq:Bad_RX_packet_error:_status_0x29_location_0x2
2016-06-06T23:59:30.470821-07:00_c1-0c0s5n2_ipogif_rx_irq:Bad_RX_packet_error:_status_0x29_location_0x2
2016-06-06T23:59:30.470836-07:00_c1-0c0s5n2_ipogif_rx_irq:Bad_RX_packet_error:_status_0x29_location_0x2
2016-06-06T23:59:30.496057-07:00_c1-0c0s5n2_ipogif_rx_irq:Bad_RX_packet_error:_status_0x29_location_0x2
2016-06-06T23:59:30.496076-07:00_c1-0c0s5n2_ipogif_rx_irq:Bad_RX_packet_error:_status_0x29_location_0x2
2016-06-06T23:59:30.496091-07:00_c1-0c0s5n2_ipogif_rx_irq:Bad_RX_packet_error:_status_0x29_location_0x2
2016-06-06T23:59:30.521252-07:00_c1-0c0s5n2_ipogif_rx_irq:Bad_RX_packet_error:_status_0x29_location_0x2
2016-06-06T23:59:30.521270-07:00_c1-0c0s5n2_ipogif_rx_irq:Bad_RX_packet_error:_status_0x29_location_0x2
2016-06-06T23:59:30.546507-07:00_c1-0c0s5n2_ipogif_rx_irq:Bad_RX_packet_error:_status_0x29_location_0x2
2016-06-06T23:59:30.546525-07:00_c1-0c0s5n2_ipogif_rx_irq:Bad_RX_packet_error:_status_0x29_location_0x2
