2016-02-01T07:40:08.797132-08:00_c3-0c2s9n3_LustreError:_11-0:_snx11168-OST0010-osc-ffff881fefdbc000:_Communicating_with_10.101.104.23@o2ib4005,_operation_obd_ping_failed_with_-107.
2016-02-01T07:40:08.837103-08:00_c3-0c2s9n3_Lustre:_snx11168-OST0010-osc-ffff881fefdbc000:_Connection_to_snx11168-OST0010_(at_10.101.104.23@o2ib4005)_was_lost;_in_progress_operations_using_this_service_will_wait_for_recovery_to_complete
2016-02-01T07:41:04.974574-08:00_c3-0c2s9n3_LustreError:_167-0:_snx11168-OST0010-osc-ffff881fefdbc000:_This_client_was_evicted_by_snx11168-OST0010;_in_progress_operations_using_this_service_will_fail.
2016-02-01T07:41:04.974601-08:00_c3-0c2s9n3_Lustre:_snx11168-OST0010-osc-ffff881fefdbc000:_Connection_restored_to_snx11168-OST0010_(at_10.100.104.22@o2ib4004)
2016-02-01T09:30:52.558703-08:00_c3-0c2s9n3_Stop_NMI_detected_on_CPU_0
2016-02-01T09:34:47.268800-08:00_c3-0c2s9n3_Wait4Boot:_WRITE:_524_bytes_to_memory_@_0x90CD0_..._complete
2016-02-01T09:34:47.268847-08:00_c3-0c2s9n3_Wait4Boot:_Blade_Controller_Boot_Protocol_version_-_1
2016-02-01T09:34:47.268866-08:00_c3-0c2s9n3_Wait4Boot:_JUMP:_KernelStart_0x100000,_boot_params_0x90000,_CmdLineAddr_0x90CD0
2016-02-01T09:34:47.268890-08:00_c3-0c2s9n3_OnExitBootServices..
2016-02-01T09:34:47.346279-08:00_c3-0c2s9n3_ConfigureXhciAtBoot()_Start
2016-02-01T09:34:47.371488-08:00_c3-0c2s9n3_ConfigureXhciAtBoot()_End
2016-02-01T09:34:47.371506-08:00_c3-0c2s9n3_(Wdt)_RunWdtBeforeOsBoot
2016-02-01T09:34:47.371530-08:00_c3-0c2s9n3_(Wdt)_DisableTimer
2016-02-01T09:34:50.420821-08:00_c3-0c2s9n3_Crypto_Lib_Callback.
2016-02-01T09:34:50.420878-08:00_c3-0c2s9n3_Heap_addr_before_Virtual_MemFixup_=_7bb0f018,_After_=_7bb0f018
2016-02-01T09:34:50.420892-08:00_c3-0c2s9n3_NvramSmi_Go_Virtual
2016-02-01T09:34:50.563243-08:00_c3-0c2s9n3_Stopping_all_external_HCs
2016-02-01T09:34:50.588464-08:00_c3-0c2s9n3_stopping_all_HC_type_40:
2016-02-01T09:35:02.540823-08:00_c3-0c2s9n3_Sending_ec_node_info_with_boot_code_0_(NODE_INFO_OS_BOOT)_for_nid_743
2016-02-01T09:35:02.540870-08:00_c3-0c2s9n3_arp:_sdbnode_NID_385_=_000101000201
2016-02-01T09:35:02.540903-08:00_c3-0c2s9n3_arp:_bootnode_NID_1_=_000101000001
2016-02-01T09:35:02.540966-08:00_c3-0c2s9n3_net.core.rmem_max_=_16777216
2016-02-01T09:35:02.540977-08:00_c3-0c2s9n3_net.core.wmem_max_=_16777216
2016-02-01T09:35:02.551125-08:00_c3-0c2s9n3_net.core.rmem_default_=_16777216
2016-02-01T09:35:02.551157-08:00_c3-0c2s9n3_net.core.wmem_default_=_16777216
2016-02-01T09:35:02.576209-08:00_c3-0c2s9n3_net.core.optmem_max_=_16777216
2016-02-01T09:35:02.576234-08:00_c3-0c2s9n3_net.ipv4.tcp_mem_=_16777216_16777216_16777216
2016-02-01T09:35:02.576248-08:00_c3-0c2s9n3_net.ipv4.tcp_rmem_=_4096_87380_16777216
2016-02-01T09:35:02.576274-08:00_c3-0c2s9n3_net.ipv4.tcp_wmem_=_4096_65536_16777216
2016-02-01T09:35:02.876121-08:00_c3-0c2s9n3_Starting_RSIP_client,_server=10.128.7.144,_num_ports=3000
2016-02-01T09:35:02.915498-08:00_c3-0c2s9n3_Loading_gsockets_module
2016-02-01T09:35:02.915530-08:00_c3-0c2s9n3_nid_743:_Linux_version_3.0.101-0.46.1_1.0502.8871-cray_ari_c_(abuild@hssbld6)_(gcc_version_4.3.4_[gcc-4_3-branch_revision_152973]_(SUSE_Linux)_)_#1_SMP_Tue_Aug_LNet:_HW_CPU_cores:_64,_npartitions:_8
2016-02-01T09:35:02.915549-08:00_c3-0c2s9n3_25_21:41:26_UTC_2015
2016-02-01T09:35:02.915565-08:00_c3-0c2s9n3_starting_pid_14400,_tty_'':_'/etc/init.d/rc'
2016-02-01T09:35:02.915573-08:00_c3-0c2s9n3_nomtab:_1
2016-02-01T09:35:07.918772-08:00_c3-0c2s9n3_Lustre:_Lustre:_Build_Version:_2.5.2-trunk-1.0502.21345.7.1-abuild-RB-5.2UP04_2.5.2@21345-2015-12-14-23:17
2016-02-01T09:35:07.949467-08:00_c3-0c2s9n3_Lustre:_kgnilnd_build_version:_2.5-trunk-1.0502.21345.7.1-abuild-RB-5.2UP04_2.5.2@21345-2015-12-14-23:17
2016-02-01T09:35:08.049074-08:00_c3-0c2s9n3_LNet:_Added_LNI_743@gni1_[16/512/0/0]
2016-02-01T09:35:09.651807-08:00_c3-0c2s9n3_LustreError:_14585:0:(obd_config.c:1341:class_process_proc_param())_lov:_snx11168-clilov-ffff880fedc40000_unknown_param_qos_threshold_rr=100
2016-02-01T09:35:09.685371-08:00_c3-0c2s9n3_LustreError:_14590:0:(obd_config.c:1080:process_param2_config())_lctl:_error_invoking_upcall_/usr/sbin/lctl_set_param_mdd.*.changelog_mask=ALL-ATIME+CLOSE:_rc_=_-2;_time_107us
2016-02-01T09:35:09.724002-08:00_c3-0c2s9n3_Lustre:_14590:0:(obd_config.c:1274:class_process_config())_Ignoring_error_-2_on_optional_command_0xce032
2016-02-01T09:35:09.724033-08:00_c3-0c2s9n3_Lustre:_Layout_lock_feature_supported.
2016-02-01T09:35:09.863144-08:00_c3-0c2s9n3_Lustre:_Mounted_snx11168-client
2016-02-01T09:35:09.987053-08:00_c3-0c2s9n3_bpmcd_init:_Power_statistics_available_in_/sys/cray
2016-02-01T09:35:10.048635-08:00_c3-0c2s9n3_DVS:_Revision_2273_-_Built:_Nov_2_2015_@_22:26:47_for_lnet_version_2.5
2016-02-01T09:35:29.799587-08:00_c3-0c2s9n3_Lustre:_14487:0:(client.c:1910:ptlrpc_expire_one_request())_@@@_Request_sent_has_timed_out_for_slow_reply:_[sent_1454348026/real_1454348026]_req@ffff880fedd88000_x1524994434663816/t0(0)_o8->snx11168-OST00dd-osc-ffff880fedc40000@10.101.104.227@o2ib4029:28/4_lens_400/544_e_0_to_1_dl_1454348046_ref_1_fl_Rpc:XNU/0/ffffffff_rc_0/-1
2016-02-01T09:36:03.874485-08:00_c3-0c2s9n3_DVS:_parse_options:_ignoring_'maxnodes'_for_loadbalance_file_system
2016-02-01T09:36:03.899655-08:00_c3-0c2s9n3_krsip:_RSIP_server_(10.128.7.144)_not_responding;_retrying_REGISTER_REQUEST_(retry_1)
2016-02-01T09:36:05.903631-08:00_c3-0c2s9n3_krsip:_RSIP_server_(10.128.7.144)_not_responding;_retrying_REGISTER_REQUEST_(retry_2)
2016-02-01T09:36:09.904358-08:00_c3-0c2s9n3_krsip:_RSIP_server_(10.128.7.144)_not_responding;_retrying_REGISTER_REQUEST_(retry_3)
2016-02-01T09:36:17.936550-08:00_c3-0c2s9n3_krsip:_RSIP_server_(10.128.7.144)_not_responding;_retrying_REGISTER_REQUEST_(retry_4)
2016-02-01T09:36:30.112567-08:00_c3-0c2s9n3_SGI_XPMEM_kernel_module_v2.6_loaded
2016-02-01T09:36:30.137968-08:00_c3-0c2s9n3_<node_health:5.1>_APID:0_(xtnhd)_INFO:_xtnhd_has_started
2016-02-01T09:36:30.192039-08:00_c3-0c2s9n3_mount:_mounting_/dsl/opt/slurm_on_/dsl/dsl/opt/slurm_failed:_No_such_file_or_directory
2016-02-01T09:36:30.787905-08:00_c3-0c2s9n3_nscd:_nss_ldap:_failed_to_bind_to_LDAP_server_ldap://ldapcrt.org.gov:636:_Can't_contact_LDAP_server
2016-02-01T09:36:30.813092-08:00_c3-0c2s9n3_nscd:_nss_ldap:_failed_to_bind_to_LDAP_server_ldap://ldapcrt.org.gov:636:_Can't_contact_LDAP_server
2016-02-01T09:36:30.813119-08:00_c3-0c2s9n3_nscd:_nss_ldap:_reconnecting_to_LDAP_server_(sleeping_4_seconds)...
2016-02-01T09:36:33.954843-08:00_c3-0c2s9n3_krsip:_RSIP_server_(10.128.7.144)_not_responding;_retrying_REGISTER_REQUEST_(retry_5)
2016-02-01T09:36:34.796726-08:00_c3-0c2s9n3_nscd:_nss_ldap:_failed_to_bind_to_LDAP_server_ldap://ldapcrt.org.gov:636:_Can't_contact_LDAP_server
2016-02-01T09:36:34.796770-08:00_c3-0c2s9n3_nscd:_nss_ldap:_reconnecting_to_LDAP_server_(sleeping_8_seconds)...
2016-02-01T09:36:35.796087-08:00_c3-0c2s9n3_startproc:_nss_ldap:_failed_to_bind_to_LDAP_server_ldap://ldapcrt.org.gov:636:_Can't_contact_LDAP_server
2016-02-01T09:36:35.821500-08:00_c3-0c2s9n3_startproc:_nss_ldap:_failed_to_bind_to_LDAP_server_ldap://ldapcrt.org.gov:636:_Can't_contact_LDAP_server
2016-02-01T09:36:35.821529-08:00_c3-0c2s9n3_startproc:_nss_ldap:_reconnecting_to_LDAP_server_(sleeping_4_seconds)...
2016-02-01T09:36:39.812742-08:00_c3-0c2s9n3_startproc:_nss_ldap:_failed_to_bind_to_LDAP_server_ldap://ldapcrt.org.gov:636:_Can't_contact_LDAP_server
2016-02-01T09:36:39.812787-08:00_c3-0c2s9n3_startproc:_nss_ldap:_reconnecting_to_LDAP_server_(sleeping_8_seconds)...
2016-02-01T09:36:42.791656-08:00_c3-0c2s9n3_nscd:_nss_ldap:_failed_to_bind_to_LDAP_server_ldap://ldapcrt.org.gov:636:_Can't_contact_LDAP_server
2016-02-01T09:36:42.816893-08:00_c3-0c2s9n3_nscd:_nss_ldap:_reconnecting_to_LDAP_server_(sleeping_16_seconds)...
2016-02-01T09:36:47.801819-08:00_c3-0c2s9n3_startproc:_nss_ldap:_failed_to_bind_to_LDAP_server_ldap://ldapcrt.org.gov:636:_Can't_contact_LDAP_server
2016-02-01T09:36:47.826993-08:00_c3-0c2s9n3_startproc:_nss_ldap:_reconnecting_to_LDAP_server_(sleeping_16_seconds)...
2016-02-01T09:36:58.799732-08:00_c3-0c2s9n3_nscd:_nss_ldap:_failed_to_bind_to_LDAP_server_ldap://ldapcrt.org.gov:636:_Can't_contact_LDAP_server
2016-02-01T09:36:58.799770-08:00_c3-0c2s9n3_nscd:_nss_ldap:_reconnecting_to_LDAP_server_(sleeping_32_seconds)...
2016-02-01T09:37:03.490092-08:00_c4-0c1s1n1_<node_health:5.1>_RESID:1032448_(xtcheckhealth)_WARNING:_Node_c3-0c2s9n3_(743)_is_down_and_will_not_be_checked!
2016-02-01T09:37:03.808707-08:00_c3-0c2s9n3_startproc:_nss_ldap:_failed_to_bind_to_LDAP_server_ldap://ldapcrt.org.gov:636:_Can't_contact_LDAP_server
2016-02-01T09:37:03.808732-08:00_c3-0c2s9n3_startproc:_nss_ldap:_reconnecting_to_LDAP_server_(sleeping_32_seconds)...
2016-02-01T09:37:05.968702-08:00_c3-0c2s9n3_krsip:_RSIP_server_(10.128.7.144)_not_responding;_retrying_REGISTER_REQUEST_(retry_6)
2016-02-01T09:37:30.795276-08:00_c3-0c2s9n3_nscd:_nss_ldap:_failed_to_bind_to_LDAP_server_ldap://ldapcrt.org.gov:636:_Can't_contact_LDAP_server
2016-02-01T09:37:30.820502-08:00_c3-0c2s9n3_nscd:_nss_ldap:_reconnecting_to_LDAP_server_(sleeping_64_seconds)...
2016-02-01T09:37:35.855181-08:00_c3-0c2s9n3_startproc:_nss_ldap:_failed_to_bind_to_LDAP_server_ldap://ldapcrt.org.gov:636:_Can't_contact_LDAP_server
2016-02-01T09:37:35.880321-08:00_c3-0c2s9n3_startproc:_nss_ldap:_reconnecting_to_LDAP_server_(sleeping_64_seconds)...
2016-02-01T09:38:09.973756-08:00_c3-0c2s9n3_krsip:_RSIP_server_(10.128.7.144)_failed_to_respond_after_7_attempts
2016-02-01T09:38:09.973783-08:00_c3-0c2s9n3_krsip:_failed_over_to_alternate_server_(10.128.0.130)
2016-02-01T09:38:34.797225-08:00_c3-0c2s9n3_nscd:_nss_ldap:_failed_to_bind_to_LDAP_server_ldap://ldapcrt.org.gov:636:_Can't_contact_LDAP_server
2016-02-01T09:38:34.822431-08:00_c3-0c2s9n3_nscd:_nss_ldap:_could_not_search_LDAP_server_-_Server_is_unavailable
2016-02-01T09:38:34.822457-08:00_c3-0c2s9n3_nscd:_nss_ldap:_failed_to_bind_to_LDAP_server_ldap://ldapcrt.org.gov:636:_Can't_contact_LDAP_server
2016-02-01T09:38:34.822480-08:00_c3-0c2s9n3_nscd:_nss_ldap:_failed_to_bind_to_LDAP_server_ldap://ldapcrt.org.gov:636:_Can't_contact_LDAP_server
2016-02-01T09:38:34.822505-08:00_c3-0c2s9n3_nscd:_nss_ldap:_reconnecting_to_LDAP_server_(sleeping_4_seconds)...
2016-02-01T09:38:38.808379-08:00_c3-0c2s9n3_nscd:_nss_ldap:_failed_to_bind_to_LDAP_server_ldap://ldapcrt.org.gov:636:_Can't_contact_LDAP_server
2016-02-01T09:38:38.808398-08:00_c3-0c2s9n3_nscd:_nss_ldap:_reconnecting_to_LDAP_server_(sleeping_8_seconds)...
2016-02-01T09:38:39.874709-08:00_c3-0c2s9n3_startproc:_nss_ldap:_failed_to_bind_to_LDAP_server_ldap://ldapcrt.org.gov:636:_Can't_contact_LDAP_server
2016-02-01T09:38:39.874750-08:00_c3-0c2s9n3_startproc:_nss_ldap:_could_not_search_LDAP_server_-_Server_is_unavailable
2016-02-01T09:38:39.874763-08:00_c3-0c2s9n3_startproc:_nss_ldap:_failed_to_bind_to_LDAP_server_ldap://ldapcrt.org.gov:636:_Can't_contact_LDAP_server
2016-02-01T09:38:39.874788-08:00_c3-0c2s9n3_startproc:_nss_ldap:_failed_to_bind_to_LDAP_server_ldap://ldapcrt.org.gov:636:_Can't_contact_LDAP_server
2016-02-01T09:38:39.874799-08:00_c3-0c2s9n3_startproc:_nss_ldap:_reconnecting_to_LDAP_server_(sleeping_4_seconds)...
2016-02-01T09:38:44.013997-08:00_c3-0c2s9n3_startproc:_nss_ldap:_failed_to_bind_to_LDAP_server_ldap://ldapcrt.org.gov:636:_Can't_contact_LDAP_server
2016-02-01T09:38:44.014032-08:00_c3-0c2s9n3_startproc:_nss_ldap:_reconnecting_to_LDAP_server_(sleeping_8_seconds)...
2016-02-01T09:38:46.801672-08:00_c3-0c2s9n3_nscd:_nss_ldap:_failed_to_bind_to_LDAP_server_ldap://ldapcrt.org.gov:636:_Can't_contact_LDAP_server
2016-02-01T09:38:46.826892-08:00_c3-0c2s9n3_nscd:_nss_ldap:_reconnecting_to_LDAP_server_(sleeping_16_seconds)...
2016-02-01T09:38:51.876789-08:00_c3-0c2s9n3_startproc:_nss_ldap:_failed_to_bind_to_LDAP_server_ldap://ldapcrt.org.gov:636:_Can't_contact_LDAP_server
2016-02-01T09:38:51.876820-08:00_c3-0c2s9n3_startproc:_nss_ldap:_reconnecting_to_LDAP_server_(sleeping_16_seconds)...
2016-02-01T09:39:02.803520-08:00_c3-0c2s9n3_nscd:_nss_ldap:_failed_to_bind_to_LDAP_server_ldap://ldapcrt.org.gov:636:_Can't_contact_LDAP_server
2016-02-01T09:39:02.803565-08:00_c3-0c2s9n3_nscd:_nss_ldap:_reconnecting_to_LDAP_server_(sleeping_32_seconds)...
2016-02-01T09:39:08.103649-08:00_c3-0c2s9n3_startproc:_nss_ldap:_failed_to_bind_to_LDAP_server_ldap://ldapcrt.org.gov:636:_Can't_contact_LDAP_server
2016-02-01T09:39:08.103684-08:00_c3-0c2s9n3_startproc:_nss_ldap:_reconnecting_to_LDAP_server_(sleeping_32_seconds)...
2016-02-01T09:39:22.987295-08:00_c3-0c2s9n3_krsip:_can't_acquire_resource_(error_312)
2016-02-01T09:39:35.484675-08:00_c3-0c2s9n3_nscd:_nss_ldap:_reconnected_to_LDAP_server_ldap://ldapcrt.org.gov:636_after_5_attempts
2016-02-01T09:39:40.564688-08:00_c3-0c2s9n3_startproc:_nss_ldap:_reconnected_to_LDAP_server_ldap://ldapcrt.org.gov:636_after_5_attempts
2016-02-01T09:39:41.066612-08:00_c3-0c2s9n3_<node_health>_Boot_Check:_Starting
2016-02-01T09:39:41.292729-08:00_c3-0c2s9n3_boot_freemem_data_calculated:_129422852
2016-02-01T09:39:41.317907-08:00_c3-0c2s9n3_starting_pid_15052,_tty_'':_'/sbin/getty_-L_115200_ttyS0_vt102'
2016-02-01T09:58:56.600726-08:00_c3-0c2s9n3_nid00743_login:_loop:_module_loaded
2016-02-01T09:58:56.600759-08:00_c3-0c2s9n3_squashfs:_version_4.0_(2009/01/31)_Phillip_Lougher
2016-02-01T12:13:09.126994-08:00_c3-0c2s9n3_slurmstepd_(15272):_memory.force_empty_is_deprecated_and_will_be_removed._Let_us_know_if_it_is_needed_in_your_usecase_at_linux-mm@kvack.org
2016-02-01T18:38:39.002595-08:00_c3-0c2s9n3_krsip:_RSIP_server_(10.128.0.130)_not_responding;_retrying_request_(retry_1)
2016-02-01T18:38:40.997002-08:00_c3-0c2s9n3_krsip:_RSIP_server_(10.128.0.130)_not_responding;_retrying_request_(retry_1)
2016-02-01T18:38:43.028184-08:00_c3-0c2s9n3_krsip:_RSIP_server_(10.128.0.130)_not_responding;_retrying_request_(retry_1)
2016-02-01T18:38:45.037996-08:00_c3-0c2s9n3_krsip:_RSIP_server_(10.128.0.130)_not_responding;_retrying_request_(retry_2)
2016-02-01T18:38:47.051476-08:00_c3-0c2s9n3_krsip:_RSIP_server_(10.128.0.130)_not_responding;_retrying_request_(retry_1)
2016-02-01T18:38:49.063167-08:00_c3-0c2s9n3_krsip:_RSIP_server_(10.128.0.130)_not_responding;_retrying_request_(retry_2)
2016-02-01T18:58:40.096816-08:00_c3-0c2s9n3_krsip:_RSIP_server_(10.128.0.130)_not_responding;_retrying_request_(retry_1)
2016-02-01T19:18:41.348914-08:00_c3-0c2s9n3_krsip:_RSIP_server_(10.128.0.130)_not_responding;_retrying_request_(retry_1)
2016-02-01T19:18:43.098209-08:00_c3-0c2s9n3_krsip:_RSIP_server_(10.128.0.130)_not_responding;_retrying_request_(retry_1)
