2016-01-21T06:13:05.461930-08:00_c5-0c1s3n2_XFS_(dm-2):_Mounting_Filesystem
2016-01-21T06:13:05.628619-08:00_c5-0c1s3n2_XFS_(dm-2):_Ending_clean_mount
2016-01-21T06:13:15.799462-08:00_c5-0c1s3n2_kdwfs:_mounted_on_top_of_/var/opt/cray/dws/mounts/fragments/30559_type_xfs
2016-01-21T09:50:48.138705-08:00_c5-0c1s3n2_XFS_(dm-3):_Mounting_Filesystem
2016-01-21T09:50:48.276649-08:00_c5-0c1s3n2_XFS_(dm-3):_Ending_clean_mount
2016-01-21T09:50:49.497773-08:00_c5-0c1s3n2_kdwfs:_mounted_on_top_of_/var/opt/cray/dws/mounts/fragments/30701_type_xfs
2016-01-21T10:35:42.893342-08:00_c5-0c1s3n2_kdwfs:_kdwfs_remove_memory_head:_Removing_memory_head_wrapfs_dentry-1145.45409-data:_allocations_257_frees_257
2016-01-21T10:35:42.918477-08:00_c5-0c1s3n2_kdwfs:_kdwfs_remove_memory_head:_Removing_memory_head_kdwfs_inode-lower_1145.45409-data:_allocations_0_frees_0
2016-01-21T10:35:42.943658-08:00_c5-0c1s3n2_kdwfs:_kdwfs_remove_memory_head:_Removing_memory_head_wrapfs_dentry-1145.45409-tree:_allocations_0_frees_0
2016-01-21T10:35:42.968892-08:00_c5-0c1s3n2_kdwfs:_kdwfs_remove_memory_head:_Removing_memory_head_kdwfs_inode-lower_1145.45409-tree:_allocations_0_frees_0
2016-01-21T10:45:42.509609-08:00_c5-0c1s3n2_XFS_(dm-0):_Mounting_Filesystem
2016-01-21T10:45:42.509627-08:00_c5-0c1s3n2_XFS_(dm-0):_Ending_clean_mount
2016-01-21T10:45:42.949762-08:00_c5-0c1s3n2_kdwfs:_mounted_on_top_of_/var/opt/cray/dws/mounts/fragments/30774_type_xfs
2016-01-21T13:27:56.004991-08:00_c5-0c1s3n2_PCIe_slot#:1,Name:INTEL_SSDPECME040T4Y,SN:CVF85326000X4P0DGN-1,Size:2000GB,Remaining_life:100%,Temperature:24(c)
2016-01-21T13:27:56.030107-08:00_c5-0c1s3n2_PCIe_slot#:1,Name:INTEL_SSDPECME040T4Y,SN:CVF85326000X4P0DGN-2,Size:2000GB,Remaining_life:100%,Temperature:25(c)
2016-01-21T13:27:56.055334-08:00_c5-0c1s3n2_PCIe_slot#:0,Name:INTEL_SSDPECME040T4Y,SN:CVF85325002H4P0DGN-1,Size:2000GB,Remaining_life:100%,Temperature:24(c)
2016-01-21T13:27:56.055352-08:00_c5-0c1s3n2_PCIe_slot#:0,Name:INTEL_SSDPECME040T4Y,SN:CVF85325002H4P0DGN-2,Size:2000GB,Remaining_life:100%,Temperature:25(c)
2016-01-21T13:30:38.213205-08:00_c5-0c1s3n2_PCIe_slot#:1,Name:INTEL_SSDPECME040T4Y,SN:CVF85326000X4P0DGN-1,Size:2000GB,Remaining_life:100%,Temperature:24(c)
2016-01-21T13:30:38.238648-08:00_c5-0c1s3n2_PCIe_slot#:1,Name:INTEL_SSDPECME040T4Y,SN:CVF85326000X4P0DGN-2,Size:2000GB,Remaining_life:100%,Temperature:25(c)
2016-01-21T13:30:38.263772-08:00_c5-0c1s3n2_PCIe_slot#:0,Name:INTEL_SSDPECME040T4Y,SN:CVF85325002H4P0DGN-1,Size:2000GB,Remaining_life:100%,Temperature:24(c)
2016-01-21T13:30:38.314373-08:00_c5-0c1s3n2_PCIe_slot#:0,Name:INTEL_SSDPECME040T4Y,SN:CVF85325002H4P0DGN-2,Size:2000GB,Remaining_life:100%,Temperature:25(c)
2016-01-21T13:31:08.844135-08:00_c5-0c1s3n2_PCIe_slot#:1,Name:INTEL_SSDPECME040T4Y,SN:CVF85326000X4P0DGN-1,Size:2000GB,Remaining_life:100%,Temperature:24(c)
2016-01-21T13:31:08.844187-08:00_c5-0c1s3n2_PCIe_slot#:1,Name:INTEL_SSDPECME040T4Y,SN:CVF85326000X4P0DGN-2,Size:2000GB,Remaining_life:100%,Temperature:25(c)
2016-01-21T13:31:08.869367-08:00_c5-0c1s3n2_PCIe_slot#:0,Name:INTEL_SSDPECME040T4Y,SN:CVF85325002H4P0DGN-1,Size:2000GB,Remaining_life:100%,Temperature:24(c)
2016-01-21T13:31:08.926831-08:00_c5-0c1s3n2_PCIe_slot#:0,Name:INTEL_SSDPECME040T4Y,SN:CVF85325002H4P0DGN-2,Size:2000GB,Remaining_life:100%,Temperature:25(c)
2016-01-21T13:31:40.092380-08:00_c5-0c1s3n2_PCIe_slot#:1,Name:INTEL_SSDPECME040T4Y,SN:CVF85326000X4P0DGN-1,Size:2000GB,Remaining_life:100%,Temperature:24(c)
2016-01-21T13:31:40.179957-08:00_c5-0c1s3n2_PCIe_slot#:1,Name:INTEL_SSDPECME040T4Y,SN:CVF85326000X4P0DGN-2,Size:2000GB,Remaining_life:100%,Temperature:25(c)
2016-01-21T13:31:40.180223-08:00_c5-0c1s3n2_PCIe_slot#:0,Name:INTEL_SSDPECME040T4Y,SN:CVF85325002H4P0DGN-1,Size:2000GB,Remaining_life:100%,Temperature:24(c)
2016-01-21T13:31:40.220036-08:00_c5-0c1s3n2_PCIe_slot#:0,Name:INTEL_SSDPECME040T4Y,SN:CVF85325002H4P0DGN-2,Size:2000GB,Remaining_life:100%,Temperature:25(c)
2016-01-21T16:47:01.641972-08:00_c5-0c1s3n2_Stop_NMI_detected_on_CPU_0
2016-01-21T16:49:23.115611-08:00_c5-0c1s3n2_Wait4Boot:_WRITE:_545_bytes_to_memory_@_0x90CD0_..._complete
2016-01-21T16:49:23.115643-08:00_c5-0c1s3n2_Wait4Boot:_Blade_Controller_Boot_Protocol_version_-_1
2016-01-21T16:49:23.115666-08:00_c5-0c1s3n2_Wait4Boot:_JUMP:_KernelStart_0x100000,_boot_params_0x90000,_CmdLineAddr_0x90CD0
2016-01-21T16:49:23.217216-08:00_c5-0c1s3n2_Decompressing_Linux..._Parsing_ELF..._done.
2016-01-21T16:49:23.217233-08:00_c5-0c1s3n2_Booting_the_kernel.
2016-01-21T16:49:23.217253-08:00_c5-0c1s3n2_Initializing_cgroup_subsys_cpuset
2016-01-21T16:49:23.217267-08:00_c5-0c1s3n2_Initializing_cgroup_subsys_cpu
2016-01-21T16:49:23.267647-08:00_c5-0c1s3n2_Linux_version_3.0.101-0.46.1_1.0502.8871-cray_ari_s_(abuild@hssbld6)_(gcc_version_4.3.4_[gcc-4_3-branch_revision_152973]_(SUSE_Linux)_)_#1_SMP_Tue_Aug_25_21:42:14_UTC_2015
2016-01-21T16:49:23.353976-08:00_c5-0c1s3n2_Command_line:_earlyprintk=serial,115200_load_ramdisk=1_ramdisk_size=80000_console=ttyS0,115200n8_bootnodeip=10.131.255.254_bootproto=ipog_bootpath=/rr/current_rootfs=nfs-shared_root=/dev/disk/by-id/scsi-3600a0980006aceba0000008055adfc85-part1_oops=panic_bootifnetmask=255.252.0.0_elevator=noop_ippob1=10_ippob2=128_pcie_ports=native_iommu=on_intel_iommu=off_bad_page=panic_pln_enable=off_apei_disable_hest_disable_erst_disable_ghes_disable_cgroup_disable=memory_active_wlm=SLURM_sdbnodeip=10.131.255.253_sessionid=p0-20160120t130429__cray=marker__numa=fake=2
2016-01-21T16:49:23.379173-08:00_c5-0c1s3n2_KERNEL_supported_cpus:
2016-01-21T16:49:23.379188-08:00_c5-0c1s3n2_Intel_GenuineIntel
2016-01-21T16:49:23.379198-08:00_c5-0c1s3n2_BIOS-provided_physical_RAM_map:
2016-01-21T16:49:23.379226-08:00_c5-0c1s3n2_BIOS-e820:_0000000000000000_-_00000000000a0000_(usable)
2016-01-21T16:49:23.404425-08:00_c5-0c1s3n2_BIOS-e820:_0000000000100000_-_000000007e62d000_(usable)
2016-01-21T16:49:23.404439-08:00_c5-0c1s3n2_BIOS-e820:_000000007e62d000_-_000000007e741000_(ACPI_NVS)
2016-01-21T16:49:23.404462-08:00_c5-0c1s3n2_BIOS-e820:_000000007e741000_-_000000007f393000_(reserved)
2016-01-21T16:49:23.429668-08:00_c5-0c1s3n2_BIOS-e820:_000000007f393000_-_000000007f40e000_(ACPI_data)
2016-01-21T16:49:23.429682-08:00_c5-0c1s3n2_BIOS-e820:_000000007f40e000_-_000000007f48f000_(reserved)
2016-01-21T16:49:23.454908-08:00_c5-0c1s3n2_BIOS-e820:_000000007f48f000_-_000000007f491000_(usable)
2016-01-21T16:49:23.454922-08:00_c5-0c1s3n2_BIOS-e820:_000000007f491000_-_000000007f492000_(ACPI_NVS)
2016-01-21T16:49:23.480156-08:00_c5-0c1s3n2_BIOS-e820:_000000007f492000_-_000000007f49c000_(reserved)
2016-01-21T16:49:23.480195-08:00_c5-0c1s3n2_BIOS-e820:_000000007f49c000_-_000000007f4a4000_(ACPI_NVS)
2016-01-21T16:49:23.480208-08:00_c5-0c1s3n2_BIOS-e820:_000000007f4a4000_-_000000007f4d0000_(reserved)
2016-01-21T16:49:23.480217-08:00_c5-0c1s3n2_BIOS-e820:_000000007f4d0000_-_000000007f556000_(ACPI_NVS)
2016-01-21T16:49:23.480250-08:00_c5-0c1s3n2_BIOS-e820:_000000007f556000_-_000000007f800000_(usable)
2016-01-21T16:49:23.505383-08:00_c5-0c1s3n2_BIOS-e820:_0000000080000000_-_0000000090000000_(reserved)
2016-01-21T16:49:23.530630-08:00_c5-0c1s3n2_BIOS-e820:_00000000fed1c000_-_00000000fed20000_(reserved)
2016-01-21T16:49:23.530658-08:00_c5-0c1s3n2_BIOS-e820:_00000000ff000000_-_0000000100000000_(reserved)
2016-01-21T16:49:23.530674-08:00_c5-0c1s3n2_BIOS-e820:_0000000100000000_-_0000001080000000_(usable)
2016-01-21T16:49:23.530709-08:00_c5-0c1s3n2_bootconsole_[earlyser0]_enabled
2016-01-21T16:49:23.530731-08:00_c5-0c1s3n2_NX_(Execute_Disable)_protection:_active
2016-01-21T16:49:23.555830-08:00_c5-0c1s3n2_EFI_v2.10_by_American_Megatrends
2016-01-21T16:49:23.581090-08:00_c5-0c1s3n2_ACPI=0x7f393000_ACPI_2.0=0x7f393000_SMBIOS=0xf04c0_MPS=0xfd450_
2016-01-21T16:49:23.581117-08:00_c5-0c1s3n2_EFI:_mem00:_type=3,_attr=0xf,_range=[0x0000000000000000-0x0000000000008000)_(0MB)
2016-01-21T16:49:23.606306-08:00_c5-0c1s3n2_EFI:_mem01:_type=7,_attr=0xf,_range=[0x0000000000008000-0x0000000000060000)_(0MB)
2016-01-21T16:49:23.606330-08:00_c5-0c1s3n2_EFI:_mem02:_type=3,_attr=0xf,_range=[0x0000000000060000-0x00000000000a0000)_(0MB)
2016-01-21T16:49:23.631526-08:00_c5-0c1s3n2_EFI:_mem03:_type=7,_attr=0xf,_range=[0x0000000000100000-0x0000000001000000)_(15MB)
2016-01-21T16:49:23.631551-08:00_c5-0c1s3n2_EFI:_mem04:_type=2,_attr=0xf,_range=[0x0000000001000000-0x0000000001100000)_(1MB)
2016-01-21T16:49:23.656750-08:00_c5-0c1s3n2_EFI:_mem05:_type=4,_attr=0xf,_range=[0x0000000001100000-0x0000000001862000)_(7MB)
2016-01-21T16:49:23.656774-08:00_c5-0c1s3n2_EFI:_mem06:_type=3,_attr=0xf,_range=[0x0000000001862000-0x0000000001866000)_(0MB)
2016-01-21T16:49:23.681972-08:00_c5-0c1s3n2_EFI:_mem07:_type=4,_attr=0xf,_range=[0x0000000001866000-0x000000000187a000)_(0MB)
2016-01-21T16:49:23.720694-08:00_c5-0c1s3n2_EFI:_mem08:_type=3,_attr=0xf,_range=[0x000000000187a000-0x000000000187e000)_(0MB)
2016-01-21T16:49:23.720725-08:00_c5-0c1s3n2_EFI:_mem09:_type=4,_attr=0xf,_range=[0x000000000187e000-0x00000000018bb000)_(0MB)
2016-01-21T16:49:23.720741-08:00_c5-0c1s3n2_EFI:_mem10:_type=3,_attr=0xf,_range=[0x00000000018bb000-0x00000000018c7000)_(0MB)
2016-01-21T16:49:23.720772-08:00_c5-0c1s3n2_EFI:_mem11:_type=4,_attr=0xf,_range=[0x00000000018c7000-0x00000000018d1000)_(0MB)
2016-01-21T16:49:23.745912-08:00_c5-0c1s3n2_EFI:_mem12:_type=3,_attr=0xf,_range=[0x00000000018d1000-0x00000000018dd000)_(0MB)
2016-01-21T16:49:23.745944-08:00_c5-0c1s3n2_EFI:_mem13:_type=4,_attr=0xf,_range=[0x00000000018dd000-0x00000000018df000)_(0MB)
2016-01-21T16:49:23.771124-08:00_c5-0c1s3n2_EFI:_mem14:_type=3,_attr=0xf,_range=[0x00000000018df000-0x00000000018e3000)_(0MB)
2016-01-21T16:49:23.796344-08:00_c5-0c1s3n2_EFI:_mem15:_type=4,_attr=0xf,_range=[0x00000000018e3000-0x00000000018f5000)_(0MB)
2016-01-21T16:49:23.796375-08:00_c5-0c1s3n2_EFI:_mem16:_type=3,_attr=0xf,_range=[0x00000000018f5000-0x00000000018fb000)_(0MB)
2016-01-21T16:49:23.796388-08:00_c5-0c1s3n2_EFI:_mem17:_type=4,_attr=0xf,_range=[0x00000000018fb000-0x000000000191f000)_(0MB)
2016-01-21T16:49:23.796410-08:00_c5-0c1s3n2_EFI:_mem18:_type=3,_attr=0xf,_range=[0x000000000191f000-0x000000000192d000)_(0MB)
2016-01-21T16:49:23.846792-08:00_c5-0c1s3n2_EFI:_mem19:_type=4,_attr=0xf,_range=[0x000000000192d000-0x0000000001946000)_(0MB)
2016-01-21T16:49:23.846824-08:00_c5-0c1s3n2_EFI:_mem20:_type=3,_attr=0xf,_range=[0x0000000001946000-0x0000000001950000)_(0MB)
2016-01-21T16:49:23.872017-08:00_c5-0c1s3n2_EFI:_mem21:_type=4,_attr=0xf,_range=[0x0000000001950000-0x0000000001951000)_(0MB)
2016-01-21T16:49:23.872042-08:00_c5-0c1s3n2_EFI:_mem22:_type=3,_attr=0xf,_range=[0x0000000001951000-0x0000000001952000)_(0MB)
2016-01-21T16:49:23.897250-08:00_c5-0c1s3n2_EFI:_mem23:_type=4,_attr=0xf,_range=[0x0000000001952000-0x0000000001953000)_(0MB)
2016-01-21T16:49:23.897276-08:00_c5-0c1s3n2_EFI:_mem24:_type=3,_attr=0xf,_range=[0x0000000001953000-0x0000000001956000)_(0MB)
2016-01-21T16:49:23.922483-08:00_c5-0c1s3n2_EFI:_mem25:_type=4,_attr=0xf,_range=[0x0000000001956000-0x000000000198a000)_(0MB)
2016-01-21T16:49:23.922518-08:00_c5-0c1s3n2_EFI:_mem26:_type=3,_attr=0xf,_range=[0x000000000198a000-0x000000000198e000)_(0MB)
2016-01-21T16:49:23.960700-08:00_c5-0c1s3n2_EFI:_mem27:_type=4,_attr=0xf,_range=[0x000000000198e000-0x00000000019b1000)_(0MB)
2016-01-21T16:49:23.960723-08:00_c5-0c1s3n2_EFI:_mem28:_type=3,_attr=0xf,_range=[0x00000000019b1000-0x00000000019ec000)_(0MB)
2016-01-21T16:49:23.985939-08:00_c5-0c1s3n2_EFI:_mem29:_type=4,_attr=0xf,_range=[0x00000000019ec000-0x00000000019f4000)_(0MB)
2016-01-21T16:49:23.985972-08:00_c5-0c1s3n2_EFI:_mem30:_type=3,_attr=0xf,_range=[0x00000000019f4000-0x00000000019fa000)_(0MB)
2016-01-21T16:49:24.011169-08:00_c5-0c1s3n2_EFI:_mem31:_type=4,_attr=0xf,_range=[0x00000000019fa000-0x0000000001a06000)_(0MB)
2016-01-21T16:49:24.011202-08:00_c5-0c1s3n2_EFI:_mem32:_type=3,_attr=0xf,_range=[0x0000000001a06000-0x0000000001a0a000)_(0MB)
2016-01-21T16:49:24.036416-08:00_c5-0c1s3n2_EFI:_mem33:_type=4,_attr=0xf,_range=[0x0000000001a0a000-0x0000000001a28000)_(0MB)
2016-01-21T16:49:24.036440-08:00_c5-0c1s3n2_EFI:_mem34:_type=3,_attr=0xf,_range=[0x0000000001a28000-0x0000000001a2d000)_(0MB)
2016-01-21T16:49:24.061616-08:00_c5-0c1s3n2_EFI:_mem35:_type=4,_attr=0xf,_range=[0x0000000001a2d000-0x0000000001a33000)_(0MB)
2016-01-21T16:49:24.061648-08:00_c5-0c1s3n2_EFI:_mem36:_type=3,_attr=0xf,_range=[0x0000000001a33000-0x0000000001a47000)_(0MB)
2016-01-21T16:49:24.086832-08:00_c5-0c1s3n2_EFI:_mem37:_type=4,_attr=0xf,_range=[0x0000000001a47000-0x0000000001a4b000)_(0MB)
2016-01-21T16:49:24.086866-08:00_c5-0c1s3n2_EFI:_mem38:_type=3,_attr=0xf,_range=[0x0000000001a4b000-0x0000000001a4f000)_(0MB)
2016-01-21T16:49:24.124693-08:00_c5-0c1s3n2_EFI:_mem39:_type=4,_attr=0xf,_range=[0x0000000001a4f000-0x0000000001a5d000)_(0MB)
2016-01-21T16:49:24.124721-08:00_c5-0c1s3n2_EFI:_mem40:_type=3,_attr=0xf,_range=[0x0000000001a5d000-0x0000000001a64000)_(0MB)
2016-01-21T16:49:24.124739-08:00_c5-0c1s3n2_EFI:_mem41:_type=4,_attr=0xf,_range=[0x0000000001a64000-0x0000000001a69000)_(0MB)
2016-01-21T16:49:24.149928-08:00_c5-0c1s3n2_EFI:_mem42:_type=3,_attr=0xf,_range=[0x0000000001a69000-0x0000000001a7a000)_(0MB)
2016-01-21T16:49:24.149955-08:00_c5-0c1s3n2_EFI:_mem43:_type=4,_attr=0xf,_range=[0x0000000001a7a000-0x0000000001a7c000)_(0MB)
2016-01-21T16:49:24.175137-08:00_c5-0c1s3n2_EFI:_mem44:_type=3,_attr=0xf,_range=[0x0000000001a7c000-0x0000000001a94000)_(0MB)
2016-01-21T16:49:24.200426-08:00_c5-0c1s3n2_EFI:_mem45:_type=4,_attr=0xf,_range=[0x0000000001a94000-0x0000000001aa0000)_(0MB)
2016-01-21T16:49:24.200450-08:00_c5-0c1s3n2_EFI:_mem46:_type=3,_attr=0xf,_range=[0x0000000001aa0000-0x0000000001aa1000)_(0MB)
2016-01-21T16:49:24.200460-08:00_c5-0c1s3n2_EFI:_mem47:_type=4,_attr=0xf,_range=[0x0000000001aa1000-0x0000000001aa2000)_(0MB)
2016-01-21T16:49:24.225619-08:00_c5-0c1s3n2_EFI:_mem48:_type=3,_attr=0xf,_range=[0x0000000001aa2000-0x0000000001aab000)_(0MB)
2016-01-21T16:49:24.225643-08:00_c5-0c1s3n2_EFI:_mem49:_type=4,_attr=0xf,_range=[0x0000000001aab000-0x0000000001ab0000)_(0MB)
2016-01-21T16:49:24.250876-08:00_c5-0c1s3n2_EFI:_mem50:_type=3,_attr=0xf,_range=[0x0000000001ab0000-0x0000000001add000)_(0MB)
2016-01-21T16:49:24.250903-08:00_c5-0c1s3n2_EFI:_mem51:_type=4,_attr=0xf,_range=[0x0000000001add000-0x0000000001adf000)_(0MB)
2016-01-21T16:49:24.276074-08:00_c5-0c1s3n2_EFI:_mem52:_type=3,_attr=0xf,_range=[0x0000000001adf000-0x0000000001afd000)_(0MB)
2016-01-21T16:49:24.276099-08:00_c5-0c1s3n2_EFI:_mem53:_type=4,_attr=0xf,_range=[0x0000000001afd000-0x0000000001b00000)_(0MB)
2016-01-21T16:49:24.301334-08:00_c5-0c1s3n2_EFI:_mem54:_type=3,_attr=0xf,_range=[0x0000000001b00000-0x0000000001b08000)_(0MB)
2016-01-21T16:49:24.301359-08:00_c5-0c1s3n2_EFI:_mem55:_type=4,_attr=0xf,_range=[0x0000000001b08000-0x0000000001b8c000)_(0MB)
2016-01-21T16:49:24.326529-08:00_c5-0c1s3n2_EFI:_mem56:_type=3,_attr=0xf,_range=[0x0000000001b8c000-0x0000000001bc8000)_(0MB)
2016-01-21T16:49:24.326554-08:00_c5-0c1s3n2_EFI:_mem57:_type=4,_attr=0xf,_range=[0x0000000001bc8000-0x000000000b24c000)_(150MB)
2016-01-21T16:49:24.351770-08:00_c5-0c1s3n2_EFI:_mem58:_type=3,_attr=0xf,_range=[0x000000000b24c000-0x000000000b251000)_(0MB)
2016-01-21T16:49:24.351798-08:00_c5-0c1s3n2_EFI:_mem59:_type=4,_attr=0xf,_range=[0x000000000b251000-0x000000000b252000)_(0MB)
2016-01-21T16:49:24.351818-08:00_c5-0c1s3n2_EFI:_mem60:_type=3,_attr=0xf,_range=[0x000000000b252000-0x000000000b25f000)_(0MB)
2016-01-21T16:49:24.402194-08:00_c5-0c1s3n2_EFI:_mem61:_type=4,_attr=0xf,_range=[0x000000000b25f000-0x000000000b26d000)_(0MB)
2016-01-21T16:49:24.402223-08:00_c5-0c1s3n2_EFI:_mem62:_type=3,_attr=0xf,_range=[0x000000000b26d000-0x000000000b271000)_(0MB)
2016-01-21T16:49:24.402241-08:00_c5-0c1s3n2_EFI:_mem63:_type=4,_attr=0xf,_range=[0x000000000b271000-0x000000000b272000)_(0MB)
2016-01-21T16:49:24.427459-08:00_c5-0c1s3n2_EFI:_mem64:_type=3,_attr=0xf,_range=[0x000000000b272000-0x000000000b275000)_(0MB)
2016-01-21T16:49:24.452632-08:00_c5-0c1s3n2_EFI:_mem65:_type=4,_attr=0xf,_range=[0x000000000b275000-0x000000000b299000)_(0MB)
2016-01-21T16:49:24.452684-08:00_c5-0c1s3n2_EFI:_mem66:_type=3,_attr=0xf,_range=[0x000000000b299000-0x000000000b2a2000)_(0MB)
2016-01-21T16:49:24.477861-08:00_c5-0c1s3n2_EFI:_mem67:_type=4,_attr=0xf,_range=[0x000000000b2a2000-0x000000000b2a5000)_(0MB)
2016-01-21T16:49:24.477899-08:00_c5-0c1s3n2_EFI:_mem68:_type=3,_attr=0xf,_range=[0x000000000b2a5000-0x000000000b2b3000)_(0MB)
2016-01-21T16:49:24.503136-08:00_c5-0c1s3n2_EFI:_mem69:_type=4,_attr=0xf,_range=[0x000000000b2b3000-0x000000000b2c2000)_(0MB)
2016-01-21T16:49:24.503174-08:00_c5-0c1s3n2_EFI:_mem70:_type=3,_attr=0xf,_range=[0x000000000b2c2000-0x000000000b303000)_(0MB)
2016-01-21T16:49:24.528386-08:00_c5-0c1s3n2_EFI:_mem71:_type=4,_attr=0xf,_range=[0x000000000b303000-0x000000000b308000)_(0MB)
2016-01-21T16:49:24.528445-08:00_c5-0c1s3n2_EFI:_mem72:_type=3,_attr=0xf,_range=[0x000000000b308000-0x000000000b30c000)_(0MB)
2016-01-21T16:49:24.553626-08:00_c5-0c1s3n2_EFI:_mem73:_type=4,_attr=0xf,_range=[0x000000000b30c000-0x000000000b30d000)_(0MB)
2016-01-21T16:49:24.553674-08:00_c5-0c1s3n2_EFI:_mem74:_type=3,_attr=0xf,_range=[0x000000000b30d000-0x000000000b312000)_(0MB)
2016-01-21T16:49:24.553689-08:00_c5-0c1s3n2_EFI:_mem75:_type=4,_attr=0xf,_range=[0x000000000b312000-0x000000000b31e000)_(0MB)
2016-01-21T16:49:24.604064-08:00_c5-0c1s3n2_EFI:_mem76:_type=3,_attr=0xf,_range=[0x000000000b31e000-0x000000000b324000)_(0MB)
2016-01-21T16:49:24.604095-08:00_c5-0c1s3n2_EFI:_mem77:_type=4,_attr=0xf,_range=[0x000000000b324000-0x000000000b332000)_(0MB)
2016-01-21T16:49:24.629288-08:00_c5-0c1s3n2_EFI:_mem78:_type=3,_attr=0xf,_range=[0x000000000b332000-0x000000000b36f000)_(0MB)
2016-01-21T16:49:24.629334-08:00_c5-0c1s3n2_EFI:_mem79:_type=4,_attr=0xf,_range=[0x000000000b36f000-0x000000000b383000)_(0MB)
2016-01-21T16:49:24.654571-08:00_c5-0c1s3n2_EFI:_mem80:_type=3,_attr=0xf,_range=[0x000000000b383000-0x000000000b38a000)_(0MB)
2016-01-21T16:49:24.654608-08:00_c5-0c1s3n2_EFI:_mem81:_type=4,_attr=0xf,_range=[0x000000000b38a000-0x000000000b38e000)_(0MB)
2016-01-21T16:49:24.679794-08:00_c5-0c1s3n2_EFI:_mem82:_type=3,_attr=0xf,_range=[0x000000000b38e000-0x000000000b392000)_(0MB)
2016-01-21T16:49:24.679848-08:00_c5-0c1s3n2_EFI:_mem83:_type=4,_attr=0xf,_range=[0x000000000b392000-0x000000000b396000)_(0MB)
2016-01-21T16:49:24.705037-08:00_c5-0c1s3n2_EFI:_mem84:_type=3,_attr=0xf,_range=[0x000000000b396000-0x000000000b39a000)_(0MB)
2016-01-21T16:49:24.705085-08:00_c5-0c1s3n2_EFI:_mem85:_type=4,_attr=0xf,_range=[0x000000000b39a000-0x000000000b39e000)_(0MB)
2016-01-21T16:49:24.730225-08:00_c5-0c1s3n2_EFI:_mem86:_type=3,_attr=0xf,_range=[0x000000000b39e000-0x000000000b3a6000)_(0MB)
2016-01-21T16:49:24.730255-08:00_c5-0c1s3n2_EFI:_mem87:_type=4,_attr=0xf,_range=[0x000000000b3a6000-0x000000000b3b0000)_(0MB)
2016-01-21T16:49:24.755465-08:00_c5-0c1s3n2_EFI:_mem88:_type=3,_attr=0xf,_range=[0x000000000b3b0000-0x000000000b3b5000)_(0MB)
2016-01-21T16:49:24.755496-08:00_c5-0c1s3n2_EFI:_mem89:_type=4,_attr=0xf,_range=[0x000000000b3b5000-0x000000000b3c5000)_(0MB)
2016-01-21T16:49:24.780698-08:00_c5-0c1s3n2_EFI:_mem90:_type=3,_attr=0xf,_range=[0x000000000b3c5000-0x000000000b3d1000)_(0MB)
2016-01-21T16:49:24.780727-08:00_c5-0c1s3n2_EFI:_mem91:_type=4,_attr=0xf,_range=[0x000000000b3d1000-0x000000000b3ff000)_(0MB)
2016-01-21T16:49:24.805941-08:00_c5-0c1s3n2_EFI:_mem92:_type=3,_attr=0xf,_range=[0x000000000b3ff000-0x000000000b418000)_(0MB)
2016-01-21T16:49:24.805966-08:00_c5-0c1s3n2_EFI:_mem93:_type=4,_attr=0xf,_range=[0x000000000b418000-0x000000000b4a0000)_(0MB)
2016-01-21T16:49:24.831196-08:00_c5-0c1s3n2_EFI:_mem94:_type=3,_attr=0xf,_range=[0x000000000b4a0000-0x000000000b4a3000)_(0MB)
2016-01-21T16:49:24.831222-08:00_c5-0c1s3n2_EFI:_mem95:_type=4,_attr=0xf,_range=[0x000000000b4a3000-0x000000000b4ab000)_(0MB)
2016-01-21T16:49:24.856360-08:00_c5-0c1s3n2_EFI:_mem96:_type=3,_attr=0xf,_range=[0x000000000b4ab000-0x000000000b4af000)_(0MB)
2016-01-21T16:49:24.856386-08:00_c5-0c1s3n2_EFI:_mem97:_type=4,_attr=0xf,_range=[0x000000000b4af000-0x000000000b4bd000)_(0MB)
2016-01-21T16:49:24.881568-08:00_c5-0c1s3n2_EFI:_mem98:_type=3,_attr=0xf,_range=[0x000000000b4bd000-0x000000000b4c4000)_(0MB)
2016-01-21T16:49:24.906837-08:00_c5-0c1s3n2_EFI:_mem99:_type=4,_attr=0xf,_range=[0x000000000b4c4000-0x000000000b4d3000)_(0MB)
2016-01-21T16:49:24.906866-08:00_c5-0c1s3n2_EFI:_mem100:_type=3,_attr=0xf,_range=[0x000000000b4d3000-0x000000000b4d7000)_(0MB)
2016-01-21T16:49:24.932040-08:00_c5-0c1s3n2_EFI:_mem101:_type=4,_attr=0xf,_range=[0x000000000b4d7000-0x000000000b4fb000)_(0MB)
2016-01-21T16:49:24.932072-08:00_c5-0c1s3n2_EFI:_mem102:_type=3,_attr=0xf,_range=[0x000000000b4fb000-0x000000000b501000)_(0MB)
2016-01-21T16:49:24.957296-08:00_c5-0c1s3n2_EFI:_mem103:_type=4,_attr=0xf,_range=[0x000000000b501000-0x000000000b57f000)_(0MB)
2016-01-21T16:49:24.957323-08:00_c5-0c1s3n2_EFI:_mem104:_type=3,_attr=0xf,_range=[0x000000000b57f000-0x000000000b593000)_(0MB)
2016-01-21T16:49:24.957344-08:00_c5-0c1s3n2_EFI:_mem105:_type=4,_attr=0xf,_range=[0x000000000b593000-0x000000000b61d000)_(0MB)
2016-01-21T16:49:24.982572-08:00_c5-0c1s3n2_EFI:_mem106:_type=7,_attr=0xf,_range=[0x000000000b61d000-0x000000000b61e000)_(0MB)
2016-01-21T16:49:25.007829-08:00_c5-0c1s3n2_EFI:_mem107:_type=4,_attr=0xf,_range=[0x000000000b61e000-0x000000000b66a000)_(0MB)
2016-01-21T16:49:25.007866-08:00_c5-0c1s3n2_EFI:_mem108:_type=3,_attr=0xf,_range=[0x000000000b66a000-0x000000000b674000)_(0MB)
2016-01-21T16:49:25.007889-08:00_c5-0c1s3n2_EFI:_mem109:_type=4,_attr=0xf,_range=[0x000000000b674000-0x000000000b676000)_(0MB)
2016-01-21T16:49:25.033071-08:00_c5-0c1s3n2_EFI:_mem110:_type=2,_attr=0xf,_range=[0x000000000b676000-0x000000000b678000)_(0MB)
2016-01-21T16:49:25.058278-08:00_c5-0c1s3n2_EFI:_mem111:_type=7,_attr=0xf,_range=[0x000000000b678000-0x000000000b67e000)_(0MB)
2016-01-21T16:49:25.083483-08:00_c5-0c1s3n2_EFI:_mem112:_type=4,_attr=0xf,_range=[0x000000000b67e000-0x000000000b688000)_(0MB)
2016-01-21T16:49:25.083512-08:00_c5-0c1s3n2_EFI:_mem113:_type=7,_attr=0xf,_range=[0x000000000b688000-0x000000000b68a000)_(0MB)
2016-01-21T16:49:25.108727-08:00_c5-0c1s3n2_EFI:_mem114:_type=4,_attr=0xf,_range=[0x000000000b68a000-0x000000000b8a1000)_(2MB)
2016-01-21T16:49:25.108752-08:00_c5-0c1s3n2_EFI:_mem115:_type=7,_attr=0xf,_range=[0x000000000b8a1000-0x000000000b8af000)_(0MB)
2016-01-21T16:49:25.133986-08:00_c5-0c1s3n2_EFI:_mem116:_type=1,_attr=0xf,_range=[0x000000000b8af000-0x000000000b8c0000)_(0MB)
2016-01-21T16:49:25.134010-08:00_c5-0c1s3n2_EFI:_mem117:_type=7,_attr=0xf,_range=[0x000000000b8c0000-0x000000007e62d000)_(1837MB)
2016-01-21T16:49:25.159228-08:00_c5-0c1s3n2_EFI:_mem118:_type=10,_attr=0xf,_range=[0x000000007e62d000-0x000000007e741000)_(1MB)
2016-01-21T16:49:25.159253-08:00_c5-0c1s3n2_EFI:_mem119:_type=6,_attr=0x800000000000000f,_range=[0x000000007e741000-0x000000007e77a000)_(0MB)
2016-01-21T16:49:25.184449-08:00_c5-0c1s3n2_EFI:_mem120:_type=0,_attr=0xf,_range=[0x000000007e77a000-0x000000007e77b000)_(0MB)
2016-01-21T16:49:25.209681-08:00_c5-0c1s3n2_EFI:_mem121:_type=6,_attr=0x800000000000000f,_range=[0x000000007e77b000-0x000000007e78e000)_(0MB)
2016-01-21T16:49:25.209706-08:00_c5-0c1s3n2_EFI:_mem122:_type=0,_attr=0xf,_range=[0x000000007e78e000-0x000000007e790000)_(0MB)
2016-01-21T16:49:25.234923-08:00_c5-0c1s3n2_EFI:_mem123:_type=6,_attr=0x800000000000000f,_range=[0x000000007e790000-0x000000007f393000)_(12MB)
2016-01-21T16:49:25.234949-08:00_c5-0c1s3n2_EFI:_mem124:_type=9,_attr=0xf,_range=[0x000000007f393000-0x000000007f40e000)_(0MB)
2016-01-21T16:49:25.260178-08:00_c5-0c1s3n2_EFI:_mem125:_type=5,_attr=0x800000000000000f,_range=[0x000000007f40e000-0x000000007f418000)_(0MB)
2016-01-21T16:49:25.260202-08:00_c5-0c1s3n2_EFI:_mem126:_type=0,_attr=0xf,_range=[0x000000007f418000-0x000000007f41a000)_(0MB)
2016-01-21T16:49:25.285366-08:00_c5-0c1s3n2_EFI:_mem127:_type=6,_attr=0x800000000000000f,_range=[0x000000007f41a000-0x000000007f42b000)_(0MB)
2016-01-21T16:49:25.310653-08:00_c5-0c1s3n2_EFI:_mem128:_type=0,_attr=0xf,_range=[0x000000007f42b000-0x000000007f43b000)_(0MB)
2016-01-21T16:49:25.310695-08:00_c5-0c1s3n2_EFI:_mem129:_type=6,_attr=0x800000000000000f,_range=[0x000000007f43b000-0x000000007f45c000)_(0MB)
2016-01-21T16:49:25.335806-08:00_c5-0c1s3n2_EFI:_mem130:_type=5,_attr=0x800000000000000f,_range=[0x000000007f45c000-0x000000007f460000)_(0MB)
2016-01-21T16:49:25.335830-08:00_c5-0c1s3n2_EFI:_mem131:_type=0,_attr=0xf,_range=[0x000000007f460000-0x000000007f469000)_(0MB)
2016-01-21T16:49:25.361058-08:00_c5-0c1s3n2_EFI:_mem132:_type=5,_attr=0x800000000000000f,_range=[0x000000007f469000-0x000000007f46b000)_(0MB)
2016-01-21T16:49:25.361081-08:00_c5-0c1s3n2_EFI:_mem133:_type=0,_attr=0xf,_range=[0x000000007f46b000-0x000000007f46f000)_(0MB)
2016-01-21T16:49:25.386244-08:00_c5-0c1s3n2_EFI:_mem134:_type=5,_attr=0x800000000000000f,_range=[0x000000007f46f000-0x000000007f470000)_(0MB)
2016-01-21T16:49:25.411482-08:00_c5-0c1s3n2_EFI:_mem135:_type=6,_attr=0x800000000000000f,_range=[0x000000007f470000-0x000000007f471000)_(0MB)
2016-01-21T16:49:25.411507-08:00_c5-0c1s3n2_EFI:_mem136:_type=5,_attr=0x800000000000000f,_range=[0x000000007f471000-0x000000007f474000)_(0MB)
2016-01-21T16:49:25.436729-08:00_c5-0c1s3n2_EFI:_mem137:_type=0,_attr=0xf,_range=[0x000000007f474000-0x000000007f484000)_(0MB)
2016-01-21T16:49:25.436754-08:00_c5-0c1s3n2_EFI:_mem138:_type=5,_attr=0x800000000000000f,_range=[0x000000007f484000-0x000000007f48f000)_(0MB)
2016-01-21T16:49:25.461923-08:00_c5-0c1s3n2_EFI:_mem139:_type=7,_attr=0xf,_range=[0x000000007f48f000-0x000000007f491000)_(0MB)
2016-01-21T16:49:25.461947-08:00_c5-0c1s3n2_EFI:_mem140:_type=10,_attr=0xf,_range=[0x000000007f491000-0x000000007f492000)_(0MB)
2016-01-21T16:49:25.461962-08:00_c5-0c1s3n2_EFI:_mem141:_type=6,_attr=0x800000000000000f,_range=[0x000000007f492000-0x000000007f499000)_(0MB)
2016-01-21T16:49:25.512351-08:00_c5-0c1s3n2_EFI:_mem142:_type=5,_attr=0x800000000000000f,_range=[0x000000007f499000-0x000000007f49c000)_(0MB)
2016-01-21T16:49:25.512382-08:00_c5-0c1s3n2_EFI:_mem143:_type=10,_attr=0xf,_range=[0x000000007f49c000-0x000000007f4a4000)_(0MB)
2016-01-21T16:49:25.537581-08:00_c5-0c1s3n2_EFI:_mem144:_type=6,_attr=0x800000000000000f,_range=[0x000000007f4a4000-0x000000007f4a5000)_(0MB)
2016-01-21T16:49:25.537607-08:00_c5-0c1s3n2_EFI:_mem145:_type=5,_attr=0x800000000000000f,_range=[0x000000007f4a5000-0x000000007f4a9000)_(0MB)
2016-01-21T16:49:25.562840-08:00_c5-0c1s3n2_EFI:_mem146:_type=6,_attr=0x800000000000000f,_range=[0x000000007f4a9000-0x000000007f4bb000)_(0MB)
2016-01-21T16:49:25.588067-08:00_c5-0c1s3n2_EFI:_mem147:_type=5,_attr=0x800000000000000f,_range=[0x000000007f4bb000-0x000000007f4cd000)_(0MB)
2016-01-21T16:49:25.613330-08:00_c5-0c1s3n2_EFI:_mem148:_type=6,_attr=0x800000000000000f,_range=[0x000000007f4cd000-0x000000007f4d0000)_(0MB)
2016-01-21T16:49:25.613359-08:00_c5-0c1s3n2_EFI:_mem149:_type=10,_attr=0xf,_range=[0x000000007f4d0000-0x000000007f556000)_(0MB)
2016-01-21T16:49:25.638568-08:00_c5-0c1s3n2_EFI:_mem150:_type=3,_attr=0xf,_range=[0x000000007f556000-0x000000007f7e0000)_(2MB)
2016-01-21T16:49:25.638592-08:00_c5-0c1s3n2_EFI:_mem151:_type=4,_attr=0xf,_range=[0x000000007f7e0000-0x000000007f7ef000)_(0MB)
2016-01-21T16:49:25.663777-08:00_c5-0c1s3n2_EFI:_mem152:_type=3,_attr=0xf,_range=[0x000000007f7ef000-0x000000007f800000)_(0MB)
2016-01-21T16:49:25.663803-08:00_c5-0c1s3n2_EFI:_mem153:_type=7,_attr=0xf,_range=[0x0000000100000000-0x0000001080000000)_(63488MB)
2016-01-21T16:49:25.689041-08:00_c5-0c1s3n2_EFI:_mem154:_type=11,_attr=0x8000000000000001,_range=[0x0000000080000000-0x0000000090000000)_(256MB)
2016-01-21T16:49:25.689067-08:00_c5-0c1s3n2_EFI:_mem155:_type=11,_attr=0x8000000000000001,_range=[0x00000000fed1c000-0x00000000fed20000)_(0MB)
2016-01-21T16:49:25.714228-08:00_c5-0c1s3n2_EFI:_mem156:_type=11,_attr=0x8000000000000001,_range=[0x00000000ff000000-0x0000000100000000)_(16MB)
2016-01-21T16:49:25.714254-08:00_c5-0c1s3n2_DMI_2.7_present.
2016-01-21T16:49:25.739406-08:00_c5-0c1s3n2_last_pfn_=_0x1080000_max_arch_pfn_=_0x400000000
2016-01-21T16:49:25.739438-08:00_c5-0c1s3n2_x86_PAT_enabled:_cpu_0,_old_0x7040600070406,_new_0x7010600070106
2016-01-21T16:49:25.764627-08:00_c5-0c1s3n2_last_pfn_=_0x7f800_max_arch_pfn_=_0x400000000
2016-01-21T16:49:25.764662-08:00_c5-0c1s3n2_found_SMP_MP-table_at_[ffff8800000fd860]_fd860
2016-01-21T16:49:25.764688-08:00_c5-0c1s3n2_Using_GB_pages_for_direct_mapping
2016-01-21T16:49:25.789858-08:00_c5-0c1s3n2_init_memory_mapping:_0000000000000000-000000007f800000
2016-01-21T16:49:25.789884-08:00_c5-0c1s3n2_init_memory_mapping:_0000000100000000-0000001080000000
2016-01-21T16:49:25.789900-08:00_c5-0c1s3n2_nmi_ring_buffer:_262144
2016-01-21T16:49:25.789909-08:00_c5-0c1s3n2_RAMDISK:_0fa00000_-_10658000
2016-01-21T16:49:25.815124-08:00_c5-0c1s3n2_ACPI:_RSDP_000000007f393000_00024_(v02_ALASKA)
2016-01-21T16:49:25.815152-08:00_c5-0c1s3n2_ACPI:_XSDT_000000007f393088_0008C_(v01_ALASKA_A_M_I_01072009_AMI_00010013)
2016-01-21T16:49:25.815168-08:00_c5-0c1s3n2_ACPI:_FACP_000000007f39ce50_000F4_(v04_ALASKA_A_M_I_01072009_AMI_00010013)
2016-01-21T16:49:25.840384-08:00_c5-0c1s3n2_ACPI:_DSDT_000000007f3931a0_09CAD_(v02_ALASKA_A_M_I_00000016_INTL_20051117)
2016-01-21T16:49:25.840407-08:00_c5-0c1s3n2_ACPI:_FACS_000000007f4a1f80_00040
2016-01-21T16:49:25.865583-08:00_c5-0c1s3n2_ACPI:_APIC_000000007f39cf48_00138_(v03_ALASKA_A_M_I_01072009_AMI_00010013)
2016-01-21T16:49:25.865606-08:00_c5-0c1s3n2_ACPI:_FPDT_000000007f39d080_00044_(v01_ALASKA_A_M_I_01072009_AMI_00010013)
2016-01-21T16:49:25.890796-08:00_c5-0c1s3n2_ACPI:_MCFG_000000007f39d0c8_0003C_(v01_ALASKA_OEMMCFG._01072009_MSFT_00000097)
2016-01-21T16:49:25.890820-08:00_c5-0c1s3n2_ACPI:_HPET_000000007f39d108_00038_(v01_ALASKA_A_M_I_01072009_AMI._00000004)
2016-01-21T16:49:25.915990-08:00_c5-0c1s3n2_ACPI:_PRAD_000000007f39d140_000BE_(v02_PRADID_PRADTID_00000001_MSFT_03000001)
2016-01-21T16:49:25.916013-08:00_c5-0c1s3n2_ACPI:_SSDT_000000007f39d200_70104_(v02_INTEL_CpuPm_00004000_INTL_20051117)
2016-01-21T16:49:25.941249-08:00_c5-0c1s3n2_ACPI:_SPCR_000000007f40d308_00050_(v01_A_M_I_APTIO4_01072009_AMI._00000004)
2016-01-21T16:49:25.941277-08:00_c5-0c1s3n2_ACPI:_EINJ_000000007f40d358_00130_(v01_AMI_AMI_EINJ_00000000_00000000)
2016-01-21T16:49:25.980722-08:00_c5-0c1s3n2_ACPI:_ERST_000000007f40d488_00230_(v01_AMIER_AMI_ERST_00000000_00000000)
2016-01-21T16:49:25.980748-08:00_c5-0c1s3n2_ACPI:_HEST_000000007f40d6b8_000A8_(v01_AMI_AMI_HEST_00000000_00000000)
2016-01-21T16:49:25.980760-08:00_c5-0c1s3n2_ACPI:_BERT_000000007f40d760_00030_(v01_AMI_AMI_BERT_00000000_00000000)
2016-01-21T16:49:25.980775-08:00_c5-0c1s3n2_ACPI:_DMAR_000000007f40d790_000BC_(v01_A_M_I_OEMDMAR_00000001_INTL_00000001)
2016-01-21T16:49:25.980797-08:00_c5-0c1s3n2_No_NUMA_configuration_found
2016-01-21T16:49:26.005900-08:00_c5-0c1s3n2_Faking_a_node_at_0000000000000000-0000001080000000
2016-01-21T16:49:26.031101-08:00_c5-0c1s3n2_Faking_node_0_at_0000000000000000-0000000880000000_(34816MB)
2016-01-21T16:49:26.031124-08:00_c5-0c1s3n2_Faking_node_1_at_0000000880000000-0000001080000000_(32768MB)
2016-01-21T16:49:26.056328-08:00_c5-0c1s3n2_Initmem_setup_node_0_0000000000000000-0000000880000000
2016-01-21T16:49:26.056356-08:00_c5-0c1s3n2_NODE_DATA_[000000087fffb000_-_000000087fffffff]
2016-01-21T16:49:26.056379-08:00_c5-0c1s3n2_Initmem_setup_node_1_0000000880000000-0000001080000000
2016-01-21T16:49:26.081543-08:00_c5-0c1s3n2_NODE_DATA_[000000107ffba040_-_000000107ffbf03f]
2016-01-21T16:49:26.264021-08:00_c5-0c1s3n2_Zone_PFN_ranges:
2016-01-21T16:49:26.264047-08:00_c5-0c1s3n2_DMA_0x00000010_->_0x00001000
2016-01-21T16:49:26.264056-08:00_c5-0c1s3n2_DMA32_0x00001000_->_0x00100000
2016-01-21T16:49:26.264077-08:00_c5-0c1s3n2_Normal_0x00100000_->_0x01080000
2016-01-21T16:49:26.289246-08:00_c5-0c1s3n2_Movable_zone_start_PFN_for_each_node
2016-01-21T16:49:26.314521-08:00_c5-0c1s3n2_early_node_map[6]_active_PFN_ranges
2016-01-21T16:49:26.314551-08:00_c5-0c1s3n2_0:_0x00000010_->_0x000000a0
2016-01-21T16:49:26.314568-08:00_c5-0c1s3n2_0:_0x00000100_->_0x0007e62d
2016-01-21T16:49:26.314593-08:00_c5-0c1s3n2_0:_0x0007f48f_->_0x0007f491
2016-01-21T16:49:26.314613-08:00_c5-0c1s3n2_0:_0x0007f556_->_0x0007f800
2016-01-21T16:49:26.339713-08:00_c5-0c1s3n2_0:_0x00100000_->_0x00880000
2016-01-21T16:49:26.339739-08:00_c5-0c1s3n2_1:_0x00880000_->_0x01080000
2016-01-21T16:49:26.950198-08:00_c5-0c1s3n2_ACPI:_LAPIC_(acpi_id[0x00]_lapic_id[0x00]_enabled)
2016-01-21T16:49:26.975417-08:00_c5-0c1s3n2_ACPI:_LAPIC_(acpi_id[0x02]_lapic_id[0x02]_enabled)
2016-01-21T16:49:26.975433-08:00_c5-0c1s3n2_ACPI:_LAPIC_(acpi_id[0x04]_lapic_id[0x04]_enabled)
2016-01-21T16:49:27.205656-08:00_c5-0c1s3n2_ACPI:_LAPIC_(acpi_id[0x06]_lapic_id[0x06]_enabled)
2016-01-21T16:49:27.205680-08:00_c5-0c1s3n2_ACPI:_LAPIC_(acpi_id[0x08]_lapic_id[0x08]_enabled)
2016-01-21T16:49:27.205705-08:00_c5-0c1s3n2_ACPI:_LAPIC_(acpi_id[0x0a]_lapic_id[0x0a]_enabled)
2016-01-21T16:49:27.205716-08:00_c5-0c1s3n2_ACPI:_LAPIC_(acpi_id[0x0c]_lapic_id[0x0c]_enabled)
2016-01-21T16:49:27.205725-08:00_c5-0c1s3n2_ACPI:_LAPIC_(acpi_id[0x0e]_lapic_id[0x0e]_enabled)
2016-01-21T16:49:27.205731-08:00_c5-0c1s3n2_ACPI:_LAPIC_(acpi_id[0x01]_lapic_id[0x01]_enabled)
2016-01-21T16:49:27.205741-08:00_c5-0c1s3n2_ACPI:_LAPIC_(acpi_id[0x03]_lapic_id[0x03]_enabled)
2016-01-21T16:49:27.205746-08:00_c5-0c1s3n2_ACPI:_LAPIC_(acpi_id[0x05]_lapic_id[0x05]_enabled)
2016-01-21T16:49:27.205752-08:00_c5-0c1s3n2_ACPI:_LAPIC_(acpi_id[0x07]_lapic_id[0x07]_enabled)
2016-01-21T16:49:27.205761-08:00_c5-0c1s3n2_ACPI:_LAPIC_(acpi_id[0x09]_lapic_id[0x09]_enabled)
2016-01-21T16:49:27.205765-08:00_c5-0c1s3n2_ACPI:_LAPIC_(acpi_id[0x0b]_lapic_id[0x0b]_enabled)
2016-01-21T16:49:27.205771-08:00_c5-0c1s3n2_ACPI:_LAPIC_(acpi_id[0x0d]_lapic_id[0x0d]_enabled)
2016-01-21T16:49:27.205777-08:00_c5-0c1s3n2_ACPI:_LAPIC_(acpi_id[0x0f]_lapic_id[0x0f]_enabled)
2016-01-21T16:49:27.205782-08:00_c5-0c1s3n2_ACPI:_LAPIC_NMI_(acpi_id[0x00]_high_edge_lint[0x1])
2016-01-21T16:49:27.205787-08:00_c5-0c1s3n2_ACPI:_LAPIC_NMI_(acpi_id[0x02]_high_edge_lint[0x1])
2016-01-21T16:49:27.205794-08:00_c5-0c1s3n2_ACPI:_LAPIC_NMI_(acpi_id[0x04]_high_edge_lint[0x1])
2016-01-21T16:49:27.205799-08:00_c5-0c1s3n2_ACPI:_LAPIC_NMI_(acpi_id[0x06]_high_edge_lint[0x1])
2016-01-21T16:49:27.205806-08:00_c5-0c1s3n2_ACPI:_LAPIC_NMI_(acpi_id[0x08]_high_edge_lint[0x1])
2016-01-21T16:49:27.205811-08:00_c5-0c1s3n2_ACPI:_LAPIC_NMI_(acpi_id[0x0a]_high_edge_lint[0x1])
2016-01-21T16:49:27.205822-08:00_c5-0c1s3n2_ACPI:_LAPIC_NMI_(acpi_id[0x0c]_high_edge_lint[0x1])
2016-01-21T16:49:27.205827-08:00_c5-0c1s3n2_ACPI:_LAPIC_NMI_(acpi_id[0x0e]_high_edge_lint[0x1])
2016-01-21T16:49:27.205831-08:00_c5-0c1s3n2_ACPI:_LAPIC_NMI_(acpi_id[0x01]_high_edge_lint[0x1])
2016-01-21T16:49:27.205837-08:00_c5-0c1s3n2_ACPI:_LAPIC_NMI_(acpi_id[0x03]_high_edge_lint[0x1])
2016-01-21T16:49:27.205842-08:00_c5-0c1s3n2_ACPI:_LAPIC_NMI_(acpi_id[0x05]_high_edge_lint[0x1])
2016-01-21T16:49:27.205847-08:00_c5-0c1s3n2_ACPI:_LAPIC_NMI_(acpi_id[0x07]_high_edge_lint[0x1])
2016-01-21T16:49:27.205852-08:00_c5-0c1s3n2_ACPI:_LAPIC_NMI_(acpi_id[0x09]_high_edge_lint[0x1])
2016-01-21T16:49:27.205858-08:00_c5-0c1s3n2_ACPI:_LAPIC_NMI_(acpi_id[0x0b]_high_edge_lint[0x1])
2016-01-21T16:49:27.205863-08:00_c5-0c1s3n2_ACPI:_LAPIC_NMI_(acpi_id[0x0d]_high_edge_lint[0x1])
2016-01-21T16:49:27.205868-08:00_c5-0c1s3n2_ACPI:_LAPIC_NMI_(acpi_id[0x0f]_high_edge_lint[0x1])
2016-01-21T16:49:27.205875-08:00_c5-0c1s3n2_ACPI:_IOAPIC_(id[0x00]_address[0xfec00000]_gsi_base[0])
2016-01-21T16:49:27.230807-08:00_c5-0c1s3n2_IOAPIC[0]:_apic_id_0,_version_32,_address_0xfec00000,_GSI_0-23
2016-01-21T16:49:27.230824-08:00_c5-0c1s3n2_ACPI:_IOAPIC_(id[0x02]_address[0xfec01000]_gsi_base[24])
2016-01-21T16:49:27.230843-08:00_c5-0c1s3n2_IOAPIC[1]:_apic_id_2,_version_32,_address_0xfec01000,_GSI_24-47
2016-01-21T16:49:27.256072-08:00_c5-0c1s3n2_ACPI:_INT_SRC_OVR_(bus_0_bus_irq_0_global_irq_2_dfl_dfl)
2016-01-21T16:49:27.256087-08:00_c5-0c1s3n2_ACPI:_INT_SRC_OVR_(bus_0_bus_irq_9_global_irq_9_high_level)
2016-01-21T16:49:27.256097-08:00_c5-0c1s3n2_Using_ACPI_(MADT)_for_SMP_configuration_information
2016-01-21T16:49:27.281323-08:00_c5-0c1s3n2_ACPI:_HPET_id:_0x8086a701_base:_0xfed00000
2016-01-21T16:49:27.281338-08:00_c5-0c1s3n2_SMP:_Allowing_16_CPUs,_0_hotplug_CPUs
2016-01-21T16:49:27.281357-08:00_c5-0c1s3n2_Allocating_PCI_resources_starting_at_90000000_(gap:_90000000:6ed1c000)
2016-01-21T16:49:27.306552-08:00_c5-0c1s3n2_setup_percpu:_NR_CPUS:128_nr_cpumask_bits:128_nr_cpu_ids:16_nr_node_ids:2
2016-01-21T16:49:27.306567-08:00_c5-0c1s3n2_PERCPU:_Embedded_24_pages/cpu_@ffff88087fc00000_s68672_r8192_d21440_u131072
2016-01-21T16:49:27.331762-08:00_c5-0c1s3n2_Built_2_zonelists_in_Zone_order,_mobility_grouping_on._Total_pages:_16534624
2016-01-21T16:49:27.331782-08:00_c5-0c1s3n2_Policy_zone:_Normal
2016-01-21T16:49:27.407484-08:00_c5-0c1s3n2_Kernel_command_line:_earlyprintk=serial,115200_load_ramdisk=1_ramdisk_size=80000_console=ttyS0,115200n8_bootnodeip=10.131.255.254_bootproto=ipog_bootpath=/rr/current_rootfs=nfs-shared_root=/dev/disk/by-id/scsi-3600a0980006aceba0000008055adfc85-part1_oops=panic_bootifnetmask=255.252.0.0_elevator=noop_ippob1=10_ippob2=128_pcie_ports=native_iommu=on_intel_iommu=off_bad_page=panic_pln_enable=off_apei_disable_hest_disable_erst_disable_ghes_disable_cgroup_disable=memory_active_wlm=SLURM_sdbnodeip=10.131.255.253_sessionid=p0-20160120t130429__cray=marker__numa=fake=2
2016-01-21T16:49:27.432698-08:00_c5-0c1s3n2_Intel-IOMMU:_disabled
2016-01-21T16:49:27.432714-08:00_c5-0c1s3n2_Disabling_memory_control_group_subsystem
2016-01-21T16:49:27.432736-08:00_c5-0c1s3n2_PID_hash_table_entries:_4096_(order:_3,_32768_bytes)
2016-01-21T16:49:27.432748-08:00_c5-0c1s3n2_xsave/xrstor:_enabled_xstate_bv_0x7,_cntxt_size_0x340
2016-01-21T16:49:27.820239-08:00_c5-0c1s3n2_Memory:_66063960k/69206016k_available_(5544k_kernel_code,_2121308k_absent,_1020748k_reserved,_5322k_data,_660k_init)
2016-01-21T16:49:27.845466-08:00_c5-0c1s3n2_Hierarchical_RCU_implementation.
2016-01-21T16:49:27.845481-08:00_c5-0c1s3n2_NR_IRQS:4352
2016-01-21T16:49:27.887503-08:00_c5-0c1s3n2_Extended_CMOS_year:_2000
2016-01-21T16:49:27.912746-08:00_c5-0c1s3n2_Console:_colour_dummy_device_80x25
2016-01-21T16:49:27.912766-08:00_c5-0c1s3n2_console_[ttyS0]_enabled,_bootconsole_disabled
2016-01-21T16:49:27.912778-08:00_c5-0c1s3n2_console_[ttyS0]_enabled,_bootconsole_disabled
2016-01-21T16:49:27.937923-08:00_c5-0c1s3n2_Fast_TSC_calibration_using_PIT
2016-01-21T16:49:27.963152-08:00_c5-0c1s3n2_Detected_2600.016_MHz_processor.
2016-01-21T16:49:27.963171-08:00_c5-0c1s3n2_Calibrating_delay_loop_(skipped),_value_calculated_using_timer_frequency.._5200.03_BogoMIPS_(lpj=10400064)
2016-01-21T16:49:27.988352-08:00_c5-0c1s3n2_pid_max:_default:_32768_minimum:_301
2016-01-21T16:49:28.013616-08:00_c5-0c1s3n2_Dentry_cache_hash_table_entries:_8388608_(order:_14,_67108864_bytes)
2016-01-21T16:49:28.056765-08:00_c5-0c1s3n2_Inode-cache_hash_table_entries:_4194304_(order:_13,_33554432_bytes)
2016-01-21T16:49:28.056820-08:00_c5-0c1s3n2_Mount-cache_hash_table_entries:_256
2016-01-21T16:49:28.056836-08:00_c5-0c1s3n2_Initializing_cgroup_subsys_cpuacct
2016-01-21T16:49:28.056850-08:00_c5-0c1s3n2_Initializing_cgroup_subsys_memory
2016-01-21T16:49:28.056867-08:00_c5-0c1s3n2_Initializing_cgroup_subsys_devices
2016-01-21T16:49:28.056889-08:00_c5-0c1s3n2_Initializing_cgroup_subsys_perf_event
2016-01-21T16:49:28.056905-08:00_c5-0c1s3n2_CPU:_Physical_Processor_ID:_0
2016-01-21T16:49:28.082116-08:00_c5-0c1s3n2_CPU:_Processor_Core_ID:_0
2016-01-21T16:49:28.107362-08:00_c5-0c1s3n2_mce:_CPU_supports_20_MCE_banks
2016-01-21T16:49:28.107410-08:00_c5-0c1s3n2_CPU0:_Thermal_monitoring_enabled_(TM1)
2016-01-21T16:49:28.107424-08:00_c5-0c1s3n2_using_mwait_in_idle_threads.
2016-01-21T16:49:28.107439-08:00_c5-0c1s3n2_ACPI:_Core_revision_20110413
2016-01-21T16:49:28.157791-08:00_c5-0c1s3n2_ftrace:_allocating_20162_entries_in_80_pages
2016-01-21T16:49:28.183010-08:00_c5-0c1s3n2_DMAR:_Host_address_width_46
2016-01-21T16:49:28.183061-08:00_c5-0c1s3n2_DMAR:_DRHD_base:_0x000000fbffc000_flags:_0x1
2016-01-21T16:49:28.208231-08:00_c5-0c1s3n2_IOMMU_0:_reg_base_addr_fbffc000_ver_1:0_cap_d2078c106f0462_ecap_f020fe
2016-01-21T16:49:28.208280-08:00_c5-0c1s3n2_DMAR:_RMRR_base:_0x0000007f42e000_end:_0x0000007f43afff
2016-01-21T16:49:28.208297-08:00_c5-0c1s3n2_DMAR:_ATSR_flags:_0x0
2016-01-21T16:49:28.208311-08:00_c5-0c1s3n2_DMAR:_RHSA_base:_0x000000fbffc000_proximity_domain:_0x0
2016-01-21T16:49:28.208338-08:00_c5-0c1s3n2_Switched_APIC_routing_to_physical_flat.
2016-01-21T16:49:28.233435-08:00_c5-0c1s3n2_..TIMER:_vector=0x30_apic1=0_pin1=2_apic2=-1_pin2=-1
2016-01-21T16:49:28.287151-08:00_c5-0c1s3n2_CPU0:_Intel(R)_Xeon(R)_CPU_E5-2670_0_@_2.60GHz_stepping_07
2016-01-21T16:49:28.526135-08:00_c5-0c1s3n2_Performance_Events:_PEBS_fmt1+,_16-deep_LBR,_SandyBridge_events,_full-width_counters,_Intel_PMU_driver.
2016-01-21T16:49:28.526152-08:00_c5-0c1s3n2_..._version:_3
2016-01-21T16:49:28.551350-08:00_c5-0c1s3n2_..._bit_width:_48
2016-01-21T16:49:28.551367-08:00_c5-0c1s3n2_..._generic_registers:_4
2016-01-21T16:49:28.551404-08:00_c5-0c1s3n2_..._value_mask:_0000ffffffffffff
2016-01-21T16:49:28.551443-08:00_c5-0c1s3n2_..._max_period:_0000ffffffffffff
2016-01-21T16:49:28.576551-08:00_c5-0c1s3n2_..._fixed-purpose_events:_3
2016-01-21T16:49:28.576570-08:00_c5-0c1s3n2_..._event_mask:_000000070000000f
2016-01-21T16:49:29.024015-08:00_c5-0c1s3n2_Booting_Node_0,_Processors_#1_#2_#3_#4_#5_#6_#7_#8_#9_#10_#11_#12_#13_#14_#15_Ok.
2016-01-21T16:49:29.057663-08:00_c5-0c1s3n2_Brought_up_16_CPUs
2016-01-21T16:49:29.082913-08:00_c5-0c1s3n2_Total_of_16_processors_activated_(83200.51_BogoMIPS).
2016-01-21T16:49:29.108124-08:00_c5-0c1s3n2_NET:_Registered_protocol_family_16
2016-01-21T16:49:29.148833-08:00_c5-0c1s3n2_ACPI_FADT_declares_the_system_doesn't_support_PCIe_ASPM,_so_disable_it
2016-01-21T16:49:29.148851-08:00_c5-0c1s3n2_ACPI:_bus_type_pci_registered
2016-01-21T16:49:29.148885-08:00_c5-0c1s3n2_PCI:_MMCONFIG_for_domain_0000_[bus_00-ff]_at_[mem_0x80000000-0x8fffffff]_(base_0x80000000)
2016-01-21T16:49:29.174034-08:00_c5-0c1s3n2_PCI:_MMCONFIG_at_[mem_0x80000000-0x8fffffff]_reserved_in_E820
2016-01-21T16:49:29.174052-08:00_c5-0c1s3n2_PCI:_Using_configuration_type_1_for_base_access
2016-01-21T16:49:29.199243-08:00_c5-0c1s3n2_bio:_create_slab_<bio-0>_at_0
2016-01-21T16:49:29.224434-08:00_c5-0c1s3n2_ACPI:_Executed_1_blocks_of_module-level_executable_AML_code
2016-01-21T16:49:29.453599-08:00_c5-0c1s3n2_ACPI:_Interpreter_enabled
2016-01-21T16:49:29.478872-08:00_c5-0c1s3n2_ACPI:_(supports_S0_S1_S3_S5)
2016-01-21T16:49:29.478898-08:00_c5-0c1s3n2_ACPI:_Using_IOAPIC_for_interrupt_routing
2016-01-21T16:49:29.504107-08:00_c5-0c1s3n2_ACPI:_No_dock_devices_found.
2016-01-21T16:49:29.504123-08:00_c5-0c1s3n2_HEST:_Table_parsing_disabled.
2016-01-21T16:49:29.529388-08:00_c5-0c1s3n2_PCI:_Using_host_bridge_windows_from_ACPI;_if_necessary,_use_"pci=nocrs"_and_report_a_bug
2016-01-21T16:49:29.529406-08:00_c5-0c1s3n2_ACPI:_PCI_Root_Bridge_[PCI0]_(domain_0000_[bus_00-fe])
2016-01-21T16:49:29.554590-08:00_c5-0c1s3n2_pci_root_PNP0A08:00:_host_bridge_window_[io_0x0000-0x03af]
2016-01-21T16:49:29.554608-08:00_c5-0c1s3n2_pci_root_PNP0A08:00:_host_bridge_window_[io_0x03e0-0x0cf7]
2016-01-21T16:49:29.554620-08:00_c5-0c1s3n2_pci_root_PNP0A08:00:_host_bridge_window_[io_0x0d00-0xffff]
2016-01-21T16:49:29.579843-08:00_c5-0c1s3n2_pci_root_PNP0A08:00:_host_bridge_window_[mem_0x000c0000-0x000dffff]
2016-01-21T16:49:29.579871-08:00_c5-0c1s3n2_pci_root_PNP0A08:00:_host_bridge_window_[mem_0x80000000-0xfbffffff]
2016-01-21T16:49:29.605133-08:00_c5-0c1s3n2_pci_root_PNP0A08:00:_host_bridge_window_[mem_0x1080000000-0x3c3fffffffff]
2016-01-21T16:49:29.605153-08:00_c5-0c1s3n2_pci_0000:00:02.0:_PCI_bridge_to_[bus_01-01]
2016-01-21T16:49:29.605203-08:00_c5-0c1s3n2_pci_0000:00:03.0:_PCI_bridge_to_[bus_02-05]
2016-01-21T16:49:29.630355-08:00_c5-0c1s3n2_pci_0000:02:00.0:_PCI_bridge_to_[bus_03-05]
2016-01-21T16:49:29.630376-08:00_c5-0c1s3n2_pci_0000:03:01.0:_PCI_bridge_to_[bus_04-04]
2016-01-21T16:49:29.630404-08:00_c5-0c1s3n2_pci_0000:03:02.0:_PCI_bridge_to_[bus_05-05]
2016-01-21T16:49:29.655597-08:00_c5-0c1s3n2_pci_0000:00:03.2:_PCI_bridge_to_[bus_06-09]
2016-01-21T16:49:29.655630-08:00_c5-0c1s3n2_pci_0000:06:00.0:_PCI_bridge_to_[bus_07-09]
2016-01-21T16:49:29.655647-08:00_c5-0c1s3n2_pci_0000:07:01.0:_PCI_bridge_to_[bus_08-08]
2016-01-21T16:49:29.680802-08:00_c5-0c1s3n2_pci_0000:07:02.0:_PCI_bridge_to_[bus_09-09]
2016-01-21T16:49:29.680833-08:00_c5-0c1s3n2_pci_0000:00:11.0:_PCI_bridge_to_[bus_0a-0a]
2016-01-21T16:49:29.680852-08:00_c5-0c1s3n2_pci_0000:00:1e.0:_PCI_bridge_to_[bus_0b-0b]_(subtractive_decode)
2016-01-21T16:49:29.706019-08:00_c5-0c1s3n2_pci0000:00:_Unable_to_request__OSC_control_(_OSC_support_mask:_0x19)
2016-01-21T16:49:29.731259-08:00_c5-0c1s3n2_ACPI:_PCI_Root_Bridge_[UNC0]_(domain_0000_[bus_ff])
2016-01-21T16:49:29.756474-08:00_c5-0c1s3n2_pci0000:ff:_Unable_to_request__OSC_control_(_OSC_support_mask:_0x19)
2016-01-21T16:49:29.756512-08:00_c5-0c1s3n2_ACPI:_PCI_Interrupt_Link_[LNKA]_(IRQs_3_4_5_6_7_10_*11_12_14_15)
2016-01-21T16:49:29.781700-08:00_c5-0c1s3n2_ACPI:_PCI_Interrupt_Link_[LNKB]_(IRQs_3_4_5_6_7_*10_11_12_14_15)
2016-01-21T16:49:29.781731-08:00_c5-0c1s3n2_ACPI:_PCI_Interrupt_Link_[LNKC]_(IRQs_3_4_*5_6_10_11_12_14_15)
2016-01-21T16:49:29.806945-08:00_c5-0c1s3n2_ACPI:_PCI_Interrupt_Link_[LNKD]_(IRQs_*3_4_5_6_10_11_12_14_15)
2016-01-21T16:49:29.806978-08:00_c5-0c1s3n2_ACPI:_PCI_Interrupt_Link_[LNKE]_(IRQs_3_4_5_6_7_10_11_12_14_15)_*0
2016-01-21T16:49:29.806995-08:00_c5-0c1s3n2_ACPI:_PCI_Interrupt_Link_[LNKF]_(IRQs_3_4_5_6_7_10_11_12_14_15)_*0
2016-01-21T16:49:29.807004-08:00_c5-0c1s3n2_ACPI:_PCI_Interrupt_Link_[LNKG]_(IRQs_3_4_5_6_7_10_11_12_14_15)_*0
2016-01-21T16:49:29.832118-08:00_c5-0c1s3n2_ACPI:_PCI_Interrupt_Link_[LNKH]_(IRQs_3_4_5_6_*7_10_11_12_14_15)
2016-01-21T16:49:29.857379-08:00_c5-0c1s3n2_vgaarb:_loaded
2016-01-21T16:49:29.857411-08:00_c5-0c1s3n2_SCSI_subsystem_initialized
2016-01-21T16:49:29.857429-08:00_c5-0c1s3n2_PCI:_Using_ACPI_for_IRQ_routing
2016-01-21T16:49:29.882577-08:00_c5-0c1s3n2_Switching_to_clocksource_hpet
2016-01-21T16:49:29.882606-08:00_c5-0c1s3n2_pnp:_PnP_ACPI_init
2016-01-21T16:49:29.882622-08:00_c5-0c1s3n2_ACPI:_bus_type_pnp_registered
2016-01-21T16:49:29.907787-08:00_c5-0c1s3n2_system_00:01:_[mem_0xfc000000-0xfcffffff]_has_been_reserved
2016-01-21T16:49:29.907818-08:00_c5-0c1s3n2_system_00:01:_[mem_0xfd000000-0xfdffffff]_has_been_reserved
2016-01-21T16:49:29.933051-08:00_c5-0c1s3n2_system_00:01:_[mem_0xfe000000-0xfeafffff]_has_been_reserved
2016-01-21T16:49:29.933081-08:00_c5-0c1s3n2_system_00:01:_[mem_0xfeb00000-0xfebfffff]_has_been_reserved
2016-01-21T16:49:29.933098-08:00_c5-0c1s3n2_system_00:01:_[mem_0xfed00400-0xfed3ffff]_could_not_be_reserved
2016-01-21T16:49:29.958302-08:00_c5-0c1s3n2_system_00:01:_[mem_0xfed45000-0xfedfffff]_has_been_reserved
2016-01-21T16:49:29.958336-08:00_c5-0c1s3n2_system_00:02:_[mem_0xfbffc000-0xfbffdfff]_has_been_reserved
2016-01-21T16:49:29.983501-08:00_c5-0c1s3n2_system_00:06:_[io_0x04d0-0x04d1]_has_been_reserved
2016-01-21T16:49:29.983531-08:00_c5-0c1s3n2_system_00:08:_[io_0x0400-0x0453]_has_been_reserved
2016-01-21T16:49:29.983547-08:00_c5-0c1s3n2_system_00:08:_[io_0x0458-0x047f]_has_been_reserved
2016-01-21T16:49:30.008705-08:00_c5-0c1s3n2_system_00:08:_[io_0x1180-0x119f]_has_been_reserved
2016-01-21T16:49:30.008756-08:00_c5-0c1s3n2_system_00:08:_[io_0x0500-0x057f]_has_been_reserved
2016-01-21T16:49:30.008788-08:00_c5-0c1s3n2_system_00:08:_[mem_0xfed1c000-0xfed1ffff]_has_been_reserved
2016-01-21T16:49:30.033954-08:00_c5-0c1s3n2_system_00:08:_[mem_0xfec00000-0xfecfffff]_could_not_be_reserved
2016-01-21T16:49:30.033977-08:00_c5-0c1s3n2_system_00:08:_[mem_0xfed08000-0xfed08fff]_has_been_reserved
2016-01-21T16:49:30.059199-08:00_c5-0c1s3n2_system_00:08:_[mem_0xff000000-0xffffffff]_has_been_reserved
2016-01-21T16:49:30.059232-08:00_c5-0c1s3n2_system_00:09:_[io_0x0454-0x0457]_has_been_reserved
2016-01-21T16:49:30.059245-08:00_c5-0c1s3n2_pnp:_PnP_ACPI:_found_12_devices
2016-01-21T16:49:30.084409-08:00_c5-0c1s3n2_ACPI:_ACPI_bus_type_pnp_unregistered
2016-01-21T16:49:30.084448-08:00_c5-0c1s3n2_pci_0000:00:02.0:_PCI_bridge_to_[bus_01-01]
2016-01-21T16:49:30.084466-08:00_c5-0c1s3n2_pci_0000:00:02.0:_bridge_window_[io_disabled]
2016-01-21T16:49:30.109625-08:00_c5-0c1s3n2_pci_0000:00:02.0:_bridge_window_[mem_disabled]
2016-01-21T16:49:30.109652-08:00_c5-0c1s3n2_pci_0000:00:02.0:_bridge_window_[mem_0x3c0000000000-0x3c20000fffff_64bit_pref]
2016-01-21T16:49:30.109683-08:00_c5-0c1s3n2_pci_0000:03:01.0:_PCI_bridge_to_[bus_04-04]
2016-01-21T16:49:30.134860-08:00_c5-0c1s3n2_pci_0000:03:01.0:_bridge_window_[io_disabled]
2016-01-21T16:49:30.134888-08:00_c5-0c1s3n2_pci_0000:03:01.0:_bridge_window_[mem_0xfbc00000-0xfbcfffff]
2016-01-21T16:49:30.160115-08:00_c5-0c1s3n2_pci_0000:03:01.0:_bridge_window_[mem_pref_disabled]
2016-01-21T16:49:30.160141-08:00_c5-0c1s3n2_pci_0000:03:02.0:_PCI_bridge_to_[bus_05-05]
2016-01-21T16:49:30.160181-08:00_c5-0c1s3n2_pci_0000:03:02.0:_bridge_window_[io_disabled]
2016-01-21T16:49:30.185386-08:00_c5-0c1s3n2_pci_0000:03:02.0:_bridge_window_[mem_0xfbb00000-0xfbbfffff]
2016-01-21T16:49:30.185414-08:00_c5-0c1s3n2_pci_0000:03:02.0:_bridge_window_[mem_pref_disabled]
2016-01-21T16:49:30.185440-08:00_c5-0c1s3n2_pci_0000:02:00.0:_PCI_bridge_to_[bus_03-05]
2016-01-21T16:49:30.210618-08:00_c5-0c1s3n2_pci_0000:02:00.0:_bridge_window_[io_disabled]
2016-01-21T16:49:30.210647-08:00_c5-0c1s3n2_pci_0000:02:00.0:_bridge_window_[mem_0xfbb00000-0xfbcfffff]
2016-01-21T16:49:30.210696-08:00_c5-0c1s3n2_pci_0000:02:00.0:_bridge_window_[mem_pref_disabled]
2016-01-21T16:49:30.235856-08:00_c5-0c1s3n2_pci_0000:00:03.0:_PCI_bridge_to_[bus_02-05]
2016-01-21T16:49:30.235891-08:00_c5-0c1s3n2_pci_0000:00:03.0:_bridge_window_[io_disabled]
2016-01-21T16:49:30.235911-08:00_c5-0c1s3n2_pci_0000:00:03.0:_bridge_window_[mem_0xfbb00000-0xfbdfffff]
2016-01-21T16:49:30.261043-08:00_c5-0c1s3n2_pci_0000:00:03.0:_bridge_window_[mem_pref_disabled]
2016-01-21T16:49:30.261069-08:00_c5-0c1s3n2_pci_0000:07:01.0:_PCI_bridge_to_[bus_08-08]
2016-01-21T16:49:30.261101-08:00_c5-0c1s3n2_pci_0000:07:01.0:_bridge_window_[io_disabled]
2016-01-21T16:49:30.286263-08:00_c5-0c1s3n2_pci_0000:07:01.0:_bridge_window_[mem_0xfb900000-0xfb9fffff]
2016-01-21T16:49:30.286286-08:00_c5-0c1s3n2_pci_0000:07:01.0:_bridge_window_[mem_pref_disabled]
2016-01-21T16:49:30.311511-08:00_c5-0c1s3n2_pci_0000:07:02.0:_PCI_bridge_to_[bus_09-09]
2016-01-21T16:49:30.311545-08:00_c5-0c1s3n2_pci_0000:07:02.0:_bridge_window_[io_disabled]
2016-01-21T16:49:30.311558-08:00_c5-0c1s3n2_pci_0000:07:02.0:_bridge_window_[mem_0xfb800000-0xfb8fffff]
2016-01-21T16:49:30.336712-08:00_c5-0c1s3n2_pci_0000:07:02.0:_bridge_window_[mem_pref_disabled]
2016-01-21T16:49:30.336738-08:00_c5-0c1s3n2_pci_0000:06:00.0:_PCI_bridge_to_[bus_07-09]
2016-01-21T16:49:30.336752-08:00_c5-0c1s3n2_pci_0000:06:00.0:_bridge_window_[io_disabled]
2016-01-21T16:49:30.361976-08:00_c5-0c1s3n2_pci_0000:06:00.0:_bridge_window_[mem_0xfb800000-0xfb9fffff]
2016-01-21T16:49:30.362009-08:00_c5-0c1s3n2_pci_0000:06:00.0:_bridge_window_[mem_pref_disabled]
2016-01-21T16:49:30.362023-08:00_c5-0c1s3n2_pci_0000:00:03.2:_PCI_bridge_to_[bus_06-09]
2016-01-21T16:49:30.387182-08:00_c5-0c1s3n2_pci_0000:00:03.2:_bridge_window_[io_disabled]
2016-01-21T16:49:30.387208-08:00_c5-0c1s3n2_pci_0000:00:03.2:_bridge_window_[mem_0xfb800000-0xfbafffff]
2016-01-21T16:49:30.387241-08:00_c5-0c1s3n2_pci_0000:00:03.2:_bridge_window_[mem_pref_disabled]
2016-01-21T16:49:30.412429-08:00_c5-0c1s3n2_pci_0000:00:11.0:_PCI_bridge_to_[bus_0a-0a]
2016-01-21T16:49:30.412454-08:00_c5-0c1s3n2_pci_0000:00:11.0:_bridge_window_[io_0xe000-0xefff]
2016-01-21T16:49:30.437654-08:00_c5-0c1s3n2_pci_0000:00:11.0:_bridge_window_[mem_0xfbe00000-0xfbefffff]
2016-01-21T16:49:30.437683-08:00_c5-0c1s3n2_pci_0000:00:11.0:_bridge_window_[mem_0x3c2000400000-0x3c20008fffff_64bit_pref]
2016-01-21T16:49:30.437695-08:00_c5-0c1s3n2_pci_0000:00:1e.0:_PCI_bridge_to_[bus_0b-0b]
2016-01-21T16:49:30.462952-08:00_c5-0c1s3n2_pci_0000:00:1e.0:_bridge_window_[io_disabled]
2016-01-21T16:49:30.462996-08:00_c5-0c1s3n2_pci_0000:00:1e.0:_bridge_window_[mem_disabled]
2016-01-21T16:49:30.463018-08:00_c5-0c1s3n2_pci_0000:00:1e.0:_bridge_window_[mem_pref_disabled]
2016-01-21T16:49:30.463036-08:00_c5-0c1s3n2_pci_0000:00:02.0:_PCI_INT_A_->_GSI_32_(level,_low)_->_IRQ_32
2016-01-21T16:49:30.463049-08:00_c5-0c1s3n2_pci_0000:00:03.0:_PCI_INT_A_->_GSI_40_(level,_low)_->_IRQ_40
2016-01-21T16:49:30.488176-08:00_c5-0c1s3n2_pci_0000:02:00.0:_PCI_INT_A_->_GSI_40_(level,_low)_->_IRQ_40
2016-01-21T16:49:30.488200-08:00_c5-0c1s3n2_pci_0000:03:01.0:_PCI_INT_A_->_GSI_44_(level,_low)_->_IRQ_44
2016-01-21T16:49:30.513339-08:00_c5-0c1s3n2_pci_0000:03:02.0:_PCI_INT_A_->_GSI_45_(level,_low)_->_IRQ_45
2016-01-21T16:49:30.538593-08:00_c5-0c1s3n2_pci_0000:00:03.2:_PCI_INT_A_->_GSI_40_(level,_low)_->_IRQ_40
2016-01-21T16:49:30.538616-08:00_c5-0c1s3n2_pci_0000:06:00.0:_PCI_INT_A_->_GSI_42_(level,_low)_->_IRQ_42
2016-01-21T16:49:30.563826-08:00_c5-0c1s3n2_pci_0000:07:01.0:_PCI_INT_A_->_GSI_45_(level,_low)_->_IRQ_45
2016-01-21T16:49:30.563866-08:00_c5-0c1s3n2_pci_0000:07:02.0:_PCI_INT_A_->_GSI_44_(level,_low)_->_IRQ_44
2016-01-21T16:49:30.589055-08:00_c5-0c1s3n2_pci_0000:00:11.0:_PCI_INT_A_->_GSI_16_(level,_low)_->_IRQ_16
2016-01-21T16:49:30.589081-08:00_c5-0c1s3n2_NET:_Registered_protocol_family_2
2016-01-21T16:49:30.589110-08:00_c5-0c1s3n2_IP_route_cache_hash_table_entries:_524288_(order:_10,_4194304_bytes)
2016-01-21T16:49:30.614284-08:00_c5-0c1s3n2_TCP_established_hash_table_entries:_524288_(order:_11,_8388608_bytes)
2016-01-21T16:49:30.614309-08:00_c5-0c1s3n2_TCP_bind_hash_table_entries:_65536_(order:_8,_1048576_bytes)
2016-01-21T16:49:30.639567-08:00_c5-0c1s3n2_TCP:_Hash_tables_configured_(established_524288_bind_65536)
2016-01-21T16:49:30.639601-08:00_c5-0c1s3n2_TCP_reno_registered
2016-01-21T16:49:30.639614-08:00_c5-0c1s3n2_UDP_hash_table_entries:_32768_(order:_8,_1048576_bytes)
2016-01-21T16:49:30.664772-08:00_c5-0c1s3n2_UDP-Lite_hash_table_entries:_32768_(order:_8,_1048576_bytes)
2016-01-21T16:49:30.664797-08:00_c5-0c1s3n2_NET:_Registered_protocol_family_1
2016-01-21T16:49:30.664812-08:00_c5-0c1s3n2_RPC:_Registered_named_UNIX_socket_transport_module.
2016-01-21T16:49:30.690071-08:00_c5-0c1s3n2_RPC:_Registered_udp_transport_module.
2016-01-21T16:49:30.690094-08:00_c5-0c1s3n2_RPC:_Registered_tcp_transport_module.
2016-01-21T16:49:30.690114-08:00_c5-0c1s3n2_RPC:_Registered_tcp_NFSv4.1_backchannel_transport_module.
2016-01-21T16:49:30.715297-08:00_c5-0c1s3n2_pci_0000:00:1a.0:_PCI_INT_A_->_GSI_16_(level,_low)_->_IRQ_16
2016-01-21T16:49:30.740547-08:00_c5-0c1s3n2_pci_0000:00:1a.0:_PCI_INT_A_disabled
2016-01-21T16:49:30.740570-08:00_c5-0c1s3n2_pci_0000:00:1d.0:_PCI_INT_A_->_GSI_23_(level,_low)_->_IRQ_23
2016-01-21T16:49:30.765748-08:00_c5-0c1s3n2_pci_0000:00:1d.0:_PCI_INT_A_disabled
2016-01-21T16:49:30.790975-08:00_c5-0c1s3n2_Trying_to_unpack_rootfs_image_as_initramfs...
2016-01-21T16:49:31.216117-08:00_c5-0c1s3n2_Freeing_initrd_memory:_12640k_freed
2016-01-21T16:49:31.241381-08:00_c5-0c1s3n2_DMAR:_Device_scope_device_[0000:00:01.01]_not_found
2016-01-21T16:49:31.241394-08:00_c5-0c1s3n2_DMAR:_Device_scope_device_[0000:00:01.01]_not_found
2016-01-21T16:49:31.266638-08:00_c5-0c1s3n2_PCI-DMA:_Using_software_bounce_buffering_for_IO_(SWIOTLB)
2016-01-21T16:49:31.266652-08:00_c5-0c1s3n2_Placing_64MB_software_IO_TLB_between_ffff88007a62d000_-_ffff88007e62d000
2016-01-21T16:49:31.266675-08:00_c5-0c1s3n2_software_IO_TLB_at_phys_0x7a62d000_-_0x7e62d000
2016-01-21T16:49:31.266684-08:00_c5-0c1s3n2_Machine_check_injector_initialized
2016-01-21T16:49:31.291882-08:00_c5-0c1s3n2_futex_hash_table_entries:_4096_(order:_6,_262144_bytes)
2016-01-21T16:49:31.291896-08:00_c5-0c1s3n2_Registering_pnotify_support_for_(name=job)
2016-01-21T16:49:31.291906-08:00_c5-0c1s3n2_CSA:_initialized
2016-01-21T16:49:31.291921-08:00_c5-0c1s3n2_audit:_initializing_netlink_socket_(disabled)
2016-01-21T16:49:31.317066-08:00_c5-0c1s3n2_type=2000_audit(1453423769.844:1):_initialized
2016-01-21T16:49:31.362571-08:00_c5-0c1s3n2_HugeTLB_registered_2_MB_page_size,_pre-allocated_0_pages
2016-01-21T16:49:31.387860-08:00_c5-0c1s3n2_VFS:_Disk_quotas_dquot_6.5.2
2016-01-21T16:49:31.387880-08:00_c5-0c1s3n2_Dquot-cache_hash_table_entries:_512_(order_0,_4096_bytes)
2016-01-21T16:49:31.413025-08:00_c5-0c1s3n2_Installing_knfsd_(copyright_(C)_1996_okir@monad.swb.de).
2016-01-21T16:49:31.413039-08:00_c5-0c1s3n2_fuse_init_(API_version_7.16)
2016-01-21T16:49:31.413070-08:00_c5-0c1s3n2_Installing_v9fs_9p2000_file_system_support
2016-01-21T16:49:31.413107-08:00_c5-0c1s3n2_msgmni_has_been_set_to_32268
2016-01-21T16:49:31.438282-08:00_c5-0c1s3n2_Block_layer_SCSI_generic_(bsg)_driver_version_0.4_loaded_(major_254)
2016-01-21T16:49:31.438308-08:00_c5-0c1s3n2_io_scheduler_noop_registered_(default)
2016-01-21T16:49:31.438336-08:00_c5-0c1s3n2_io_scheduler_deadline_registered
2016-01-21T16:49:31.463511-08:00_c5-0c1s3n2_io_scheduler_cfq_registered
2016-01-21T16:49:31.463547-08:00_c5-0c1s3n2_input:_Power_Button_as_/devices/LNXSYSTM:00/LNXSYBUS:00/PNP0C0C:00/input/input0
2016-01-21T16:49:31.463559-08:00_c5-0c1s3n2_ACPI:_Power_Button_[PWRB]
2016-01-21T16:49:31.488754-08:00_c5-0c1s3n2_input:_Power_Button_as_/devices/LNXSYSTM:00/LNXPWRBN:00/input/input1
2016-01-21T16:49:31.488789-08:00_c5-0c1s3n2_ACPI:_Power_Button_[PWRF]
2016-01-21T16:49:31.587784-08:00_c5-0c1s3n2_ERST:_Error_Record_Serialization_Table_(ERST)_support_is_disabled.
2016-01-21T16:49:31.613027-08:00_c5-0c1s3n2_GHES:_HEST_is_not_enabled!
2016-01-21T16:49:31.667261-08:00_c5-0c1s3n2_Serial:_8250/16550_driver,_2_ports,_IRQ_sharing_disabled
2016-01-21T16:49:31.667295-08:00_c5-0c1s3n2_serial8250:_ttyS0_at_I/O_0x3f8_(irq_=_4)_is_a_16550A
2016-01-21T16:49:31.742980-08:00_c5-0c1s3n2_serial8250:_ttyS1_at_I/O_0x2f8_(irq_=_3)_is_a_16550A
2016-01-21T16:49:31.816845-08:00_c5-0c1s3n2_Real_Time_Clock_Driver_v1.12b
2016-01-21T16:49:31.842073-08:00_c5-0c1s3n2_Linux_agpgart_interface_v0.103
2016-01-21T16:49:31.842105-08:00_c5-0c1s3n2_brd:_module_loaded
2016-01-21T16:49:31.842122-08:00_c5-0c1s3n2_loop:_module_loaded
2016-01-21T16:49:31.842149-08:00_c5-0c1s3n2_Loading_iSCSI_transport_class_v2.0-870.
2016-01-21T16:49:31.867322-08:00_c5-0c1s3n2_iscsi:_registered_transport_(tcp)
2016-01-21T16:49:31.867356-08:00_c5-0c1s3n2_Rounding_down_aligned_max_sectors_from_4294967295_to_4294967288
2016-01-21T16:49:31.867375-08:00_c5-0c1s3n2_console_[netcon0]_enabled
2016-01-21T16:49:31.892524-08:00_c5-0c1s3n2_netconsole:_network_logging_started
2016-01-21T16:49:31.892556-08:00_c5-0c1s3n2_EDAC_MC:_Ver:_2.1.0
2016-01-21T16:49:31.892571-08:00_c5-0c1s3n2_cpuidle:_using_governor_ladder
2016-01-21T16:49:31.917777-08:00_c5-0c1s3n2_cpuidle:_using_governor_menu
2016-01-21T16:49:31.917813-08:00_c5-0c1s3n2_oprofile:_using_NMI_interrupt.
2016-01-21T16:49:31.917832-08:00_c5-0c1s3n2_TCP_cubic_registered
2016-01-21T16:49:31.917843-08:00_c5-0c1s3n2_NET:_Registered_protocol_family_10
2016-01-21T16:49:31.917865-08:00_c5-0c1s3n2_IPv6_over_IPv4_tunneling_driver
2016-01-21T16:49:31.942979-08:00_c5-0c1s3n2_NET:_Registered_protocol_family_17
2016-01-21T16:49:31.943010-08:00_c5-0c1s3n2_Installing_9P2000_support
2016-01-21T16:49:31.943026-08:00_c5-0c1s3n2_Registering_the_dns_resolver_key_type
2016-01-21T16:49:31.943038-08:00_c5-0c1s3n2_registered_taskstats_version_1
2016-01-21T16:49:31.968205-08:00_c5-0c1s3n2_Freeing_unused_kernel_memory:_660k_freed
2016-01-21T16:49:31.968252-08:00_c5-0c1s3n2_sunrpc.min_resvport_=_800
2016-01-21T16:49:32.040191-08:00_c5-0c1s3n2_ghal_init:Cray(R)_Gemini_Hardware_Abstraction_Layer_-_version_1.0107
2016-01-21T16:49:32.065426-08:00_c5-0c1s3n2_ghal_init:Copyright_(C)_2007-1012_Cray_Inc.
2016-01-21T16:49:32.090678-08:00_c5-0c1s3n2_ghal_0000:01:00.1:_enabling_device_(0000_->_0002)
2016-01-21T16:49:32.090718-08:00_c5-0c1s3n2_udev:_starting_version_147
2016-01-21T16:49:32.090731-08:00_c5-0c1s3n2_simplex:_module_license_'unspecified'_taints_kernel.
2016-01-21T16:49:32.115901-08:00_c5-0c1s3n2_hss-os:_communication_area_0xffff880824d32600_(phys_0x824d32600)
2016-01-21T16:49:32.115931-08:00_c5-0c1s3n2_hss-os:_new_channel_1
2016-01-21T16:49:32.811096-08:00_c5-0c1s3n2_Refined_TSC_clocksource_calibration:_2599.999_MHz.
2016-01-21T16:49:32.811119-08:00_c5-0c1s3n2_Switching_to_clocksource_tsc
2016-01-21T16:49:32.884105-08:00_c5-0c1s3n2_request_sys_info_from_L0:_No_tile_dimension_data
2016-01-21T16:49:32.909322-08:00_c5-0c1s3n2_hss-os:_new_channel_2
2016-01-21T16:49:32.909338-08:00_c5-0c1s3n2_kgni_init:Cray(R)_Gemini_Network_Interface_-_Oct_26_2015_version_0x004500b9_rev_11284
2016-01-21T16:49:32.934540-08:00_c5-0c1s3n2_kgni_init:Copyright_(C)_2007,2008_Cray_Inc.
2016-01-21T16:49:33.257352-08:00_c5-0c1s3n2_ipogif_init:Cray(R)_Gemini_IP_over_Fabric_device_driver_-_version_0.17
2016-01-21T16:49:33.257374-08:00_c5-0c1s3n2_ipogif_init:Copyright_(C)_2007_Cray_Inc.
2016-01-21T16:49:33.257392-08:00_c5-0c1s3n2_ipogif_probe:Immediate_checksum_off
2016-01-21T16:49:33.257404-08:00_c5-0c1s3n2_Cray(R)_Gemini_Performance_Counter_Daemon_-_version_0.1
2016-01-21T16:49:33.257410-08:00_c5-0c1s3n2_GEMINI_Performance_Counter_Daemon.
2016-01-21T16:49:33.257423-08:00_c5-0c1s3n2_Cray(R)_Kernel_Dynamic_Registration_(KDREG)_Interface_-_version_0x228b3
2016-01-21T16:49:33.257428-08:00_c5-0c1s3n2_Copyright_(C)_2004-5_Pete_Wyckoff_-_modified_by_Cray(R)
2016-01-21T16:49:33.282560-08:00_c5-0c1s3n2_ipogif_up:Bringing_interface_up
2016-01-21T16:49:34.697195-08:00_c5-0c1s3n2_Sending_ec_node_info_with_boot_code_0_(NODE_INFO_OS_BOOT)_for_nid_1038
2016-01-21T16:49:34.722662-08:00_c5-0c1s3n2_arp:_sdbnode_NID_385_=_000101000201
2016-01-21T16:49:34.722680-08:00_c5-0c1s3n2_arp:_bootnode_NID_1_=_000101000001
2016-01-21T16:49:34.722692-08:00_c5-0c1s3n2_net.core.rmem_max_=_16777216
2016-01-21T16:49:34.722700-08:00_c5-0c1s3n2_net.core.wmem_max_=_16777216
2016-01-21T16:49:34.722709-08:00_c5-0c1s3n2_net.core.rmem_default_=_16777216
2016-01-21T16:49:34.722719-08:00_c5-0c1s3n2_net.core.wmem_default_=_16777216
2016-01-21T16:49:34.722731-08:00_c5-0c1s3n2_net.core.optmem_max_=_16777216
2016-01-21T16:49:34.722755-08:00_c5-0c1s3n2_net.ipv4.tcp_mem_=_16777216_16777216_16777216
2016-01-21T16:49:34.722765-08:00_c5-0c1s3n2_net.ipv4.tcp_rmem_=_4096_87380_16777216
2016-01-21T16:49:34.722775-08:00_c5-0c1s3n2_net.ipv4.tcp_wmem_=_4096_65536_16777216
2016-01-21T16:49:34.722785-08:00_c5-0c1s3n2_Using_rootfs_config:_nfs-shared...
2016-01-21T16:49:37.729837-08:00_c5-0c1s3n2_rootfs_mount_succeeded.
2016-01-21T16:49:37.729874-08:00_c5-0c1s3n2_**********************************************************
2016-01-21T16:49:37.729886-08:00_c5-0c1s3n2_HOSTNAME:_nid01038
2016-01-21T16:49:37.729896-08:00_c5-0c1s3n2_**********************************************************
2016-01-21T16:49:37.729909-08:00_c5-0c1s3n2_ipogif0_Link_encap:Ethernet_HWaddr_00:01:01:00:05:0E_
2016-01-21T16:49:37.729924-08:00_c5-0c1s3n2_inet_addr:10.128.4.23_Mask:255.252.0.0
2016-01-21T16:49:37.729939-08:00_c5-0c1s3n2_inet6_addr:_fe80::201:1ff:fe00:50e/64_Scope:Link
2016-01-21T16:49:37.729948-08:00_c5-0c1s3n2_UP_RUNNING_NOARP_MTU:65520_Metric:1
2016-01-21T16:49:37.729967-08:00_c5-0c1s3n2_RX_packets:21_errors:0_dropped:0_overruns:0_frame:0
2016-01-21T16:49:37.729977-08:00_c5-0c1s3n2_TX_packets:29_errors:0_dropped:0_overruns:0_carrier:0
2016-01-21T16:49:37.754952-08:00_c5-0c1s3n2_collisions:0_txqueuelen:1000_
2016-01-21T16:49:37.754967-08:00_c5-0c1s3n2_RX_bytes:2496_(2.4_KiB)_TX_bytes:2616_(2.5_KiB)
2016-01-21T16:49:37.755001-08:00_c5-0c1s3n2_lo_Link_encap:Local_Loopback_
2016-01-21T16:49:37.755018-08:00_c5-0c1s3n2_inet_addr:127.0.0.1_Mask:255.0.0.0
2016-01-21T16:49:37.755027-08:00_c5-0c1s3n2_inet6_addr:_::1/128_Scope:Host
2016-01-21T16:49:37.780181-08:00_c5-0c1s3n2_UP_LOOPBACK_RUNNING_MTU:16436_Metric:1
2016-01-21T16:49:37.780192-08:00_c5-0c1s3n2_RX_packets:0_errors:0_dropped:0_overruns:0_frame:0
2016-01-21T16:49:37.780197-08:00_c5-0c1s3n2_TX_packets:0_errors:0_dropped:0_overruns:0_carrier:0
2016-01-21T16:49:37.780216-08:00_c5-0c1s3n2_collisions:0_txqueuelen:0_
2016-01-21T16:49:37.780251-08:00_c5-0c1s3n2_RX_bytes:0_(0.0_B)_TX_bytes:0_(0.0_B)
2016-01-21T16:49:37.780266-08:00_c5-0c1s3n2_Mounting_NID_specific_/etc_(nid=1038)...
2016-01-21T16:49:37.805387-08:00_c5-0c1s3n2_done.
2016-01-21T16:49:37.899265-08:00_c5-0c1s3n2_INIT:_version_2.86_booting
2016-01-21T16:49:37.927740-08:00_c5-0c1s3n2_System_Boot_Control:_Running_/etc/init.d/boot
2016-01-21T16:49:37.952944-08:00_c5-0c1s3n2_Mounting_sysfs_at_/sys7[?25l
2016-01-21T16:49:37.952958-08:00_c5-0c1s3n2_[80C[10D[1;32mdone[m8[?25h
2016-01-21T16:49:37.952989-08:00_c5-0c1s3n2_Copying_static_/dev_content7[?25l
2016-01-21T16:49:37.953020-08:00_c5-0c1s3n2_[80C[10D[1;32mdone[m8[?25h
2016-01-21T16:49:37.978198-08:00_c5-0c1s3n2_Mounting_tmpfs_at_/dev/shm7[?25l
2016-01-21T16:49:37.978208-08:00_c5-0c1s3n2_[80C[10D[1;32mdone[m8[?25h
2016-01-21T16:49:37.978232-08:00_c5-0c1s3n2_Mounting_devpts_at_/dev/pts7[?25l
2016-01-21T16:49:37.978242-08:00_c5-0c1s3n2_[80C[10D[1;32mdone[m8[?25h
2016-01-21T16:49:37.978260-08:00_c5-0c1s3n2_Boot_logging_started_on_/dev/ttyS0(/dev/console)_at_Thu_Jan_21_16:49:36_2016
2016-01-21T16:49:38.003431-08:00_c5-0c1s3n2_Mounting_debugfs_at_/sys/kernel/debug7[?25l
2016-01-21T16:49:38.003448-08:00_c5-0c1s3n2_[80C[10D[1;32mdone[m8[?25h
2016-01-21T16:49:38.079137-08:00_c5-0c1s3n2_[m[?25hNo_efivars_filesystem_driver_available.[m[?25hStarting_udevd:_udev:_starting_version_147
2016-01-21T16:49:38.104273-08:00_c5-0c1s3n2_7[?25l
2016-01-21T16:49:38.104284-08:00_c5-0c1s3n2_[80C[10D[1;32mdone[m8[?25h
2016-01-21T16:49:38.194756-08:00_c5-0c1s3n2_Loading_drivers,_configuring_devices:_usbcore:_registered_new_interface_driver_usbfs
2016-01-21T16:49:38.194781-08:00_c5-0c1s3n2_ahci_0000:00:1f.2:_PCI_INT_B_->_GSI_19_(level,_low)_->_IRQ_19
2016-01-21T16:49:38.194800-08:00_c5-0c1s3n2_ahci_0000:00:1f.2:_forcing_PORTS_IMPL_to_0x3f
2016-01-21T16:49:38.194814-08:00_c5-0c1s3n2_usbcore:_registered_new_interface_driver_hub
2016-01-21T16:49:38.194824-08:00_c5-0c1s3n2_usbcore:_registered_new_device_driver_usb
2016-01-21T16:49:38.245187-08:00_c5-0c1s3n2_ahci_0000:00:1f.2:_AHCI_0001.0300_32_slots_6_ports_6_Gbps_0x3f_impl_SATA_mode
2016-01-21T16:49:38.245212-08:00_c5-0c1s3n2_ahci_0000:00:1f.2:_flags:_64bit_ncq_sntf_pm_led_clo_pio_slum_part_ems_apst_
2016-01-21T16:49:38.245227-08:00_c5-0c1s3n2_scsi0_:_ahci
2016-01-21T16:49:38.270381-08:00_c5-0c1s3n2_ehci_hcd:_USB_2.0_'Enhanced'_Host_Controller_(EHCI)_Driver
2016-01-21T16:49:38.270409-08:00_c5-0c1s3n2_scsi1_:_ahci
2016-01-21T16:49:38.270421-08:00_c5-0c1s3n2_scsi2_:_ahci
2016-01-21T16:49:38.270428-08:00_c5-0c1s3n2_scsi3_:_ahci
2016-01-21T16:49:38.270448-08:00_c5-0c1s3n2_scsi4_:_ahci
2016-01-21T16:49:38.295607-08:00_c5-0c1s3n2_nvme_0000:04:00.0:_PCI_INT_A_->_GSI_44_(level,_low)_->_IRQ_44
2016-01-21T16:49:38.295617-08:00_c5-0c1s3n2_scsi5_:_ahci
2016-01-21T16:49:38.295638-08:00_c5-0c1s3n2_ata2:_SATA_max_UDMA/133_abar_m2048@0xfbf00000_port_0xfbf00100_irq_170
2016-01-21T16:49:38.320809-08:00_c5-0c1s3n2_ata3:_SATA_max_UDMA/133_abar_m2048@0xfbf00000_port_0xfbf00180_irq_170
2016-01-21T16:49:38.320833-08:00_c5-0c1s3n2_ata4:_SATA_max_UDMA/133_abar_m2048@0xfbf00000_port_0xfbf00200_irq_170
2016-01-21T16:49:38.320852-08:00_c5-0c1s3n2_ata5:_SATA_max_UDMA/133_abar_m2048@0xfbf00000_port_0xfbf00280_irq_170
2016-01-21T16:49:38.346020-08:00_c5-0c1s3n2_ata6:_SATA_max_UDMA/133_abar_m2048@0xfbf00000_port_0xfbf00300_irq_170
2016-01-21T16:49:38.346043-08:00_c5-0c1s3n2_ata7:_SATA_max_UDMA/133_abar_m2048@0xfbf00000_port_0xfbf00380_irq_170
2016-01-21T16:49:38.371280-08:00_c5-0c1s3n2_ehci_hcd_0000:00:1a.0:_PCI_INT_A_->_GSI_16_(level,_low)_->_IRQ_16
2016-01-21T16:49:38.371304-08:00_c5-0c1s3n2_ehci_hcd_0000:00:1a.0:_EHCI_Host_Controller
2016-01-21T16:49:38.396559-08:00_c5-0c1s3n2_ehci_hcd_0000:00:1a.0:_new_USB_bus_registered,_assigned_bus_number_1
2016-01-21T16:49:38.396583-08:00_c5-0c1s3n2_ehci_hcd_0000:00:1a.0:_debug_port_2
2016-01-21T16:49:38.396597-08:00_c5-0c1s3n2_ehci_hcd_0000:00:1a.0:_irq_16,_io_mem_0xfbf02000
2016-01-21T16:49:38.421793-08:00_c5-0c1s3n2_ehci_hcd_0000:00:1a.0:_USB_2.0_started,_EHCI_1.00
2016-01-21T16:49:38.421817-08:00_c5-0c1s3n2_hub_1-0:1.0:_USB_hub_found
2016-01-21T16:49:38.421832-08:00_c5-0c1s3n2_hub_1-0:1.0:_2_ports_detected
2016-01-21T16:49:38.421845-08:00_c5-0c1s3n2_ehci_hcd_0000:00:1d.0:_PCI_INT_A_->_GSI_23_(level,_low)_->_IRQ_23
2016-01-21T16:49:38.472171-08:00_c5-0c1s3n2_ehci_hcd_0000:00:1d.0:_EHCI_Host_Controller
2016-01-21T16:49:38.472196-08:00_c5-0c1s3n2_ehci_hcd_0000:00:1d.0:_new_USB_bus_registered,_assigned_bus_number_2
2016-01-21T16:49:38.472214-08:00_c5-0c1s3n2_ehci_hcd_0000:00:1d.0:_debug_port_2
2016-01-21T16:49:38.497421-08:00_c5-0c1s3n2_ehci_hcd_0000:00:1d.0:_irq_23,_io_mem_0xfbf01000
2016-01-21T16:49:38.522688-08:00_c5-0c1s3n2_ehci_hcd_0000:00:1d.0:_USB_2.0_started,_EHCI_1.00
2016-01-21T16:49:38.522715-08:00_c5-0c1s3n2_hub_2-0:1.0:_USB_hub_found
2016-01-21T16:49:38.522739-08:00_c5-0c1s3n2_hub_2-0:1.0:_2_ports_detected
2016-01-21T16:49:38.773498-08:00_c5-0c1s3n2_usb_1-1:_new_high-speed_USB_device_number_2_using_ehci_hcd
2016-01-21T16:49:38.904031-08:00_c5-0c1s3n2_hub_1-1:1.0:_USB_hub_found
2016-01-21T16:49:38.904046-08:00_c5-0c1s3n2_hub_1-1:1.0:_6_ports_detected
2016-01-21T16:49:39.171420-08:00_c5-0c1s3n2_usb_2-1:_new_high-speed_USB_device_number_2_using_ehci_hcd
2016-01-21T16:49:39.171452-08:00_c5-0c1s3n2_hub_2-1:1.0:_USB_hub_found
2016-01-21T16:49:39.171459-08:00_c5-0c1s3n2_hub_2-1:1.0:_8_ports_detected
2016-01-21T16:49:39.383610-08:00_c5-0c1s3n2_ata7:_failed_to_resume_link_(SControl_0)
2016-01-21T16:49:39.383625-08:00_c5-0c1s3n2_ata7:_SATA_link_down_(SStatus_0_SControl_0)
2016-01-21T16:49:39.408818-08:00_c5-0c1s3n2_ata3:_failed_to_resume_link_(SControl_0)
2016-01-21T16:49:39.408832-08:00_c5-0c1s3n2_ata3:_SATA_link_down_(SStatus_0_SControl_0)
2016-01-21T16:49:39.408848-08:00_c5-0c1s3n2_ata4:_failed_to_resume_link_(SControl_0)
2016-01-21T16:49:39.434036-08:00_c5-0c1s3n2_ata4:_SATA_link_down_(SStatus_0_SControl_0)
2016-01-21T16:49:39.434050-08:00_c5-0c1s3n2_ata2:_failed_to_resume_link_(SControl_0)
2016-01-21T16:49:39.434066-08:00_c5-0c1s3n2_ata2:_SATA_link_down_(SStatus_0_SControl_0)
2016-01-21T16:49:39.434076-08:00_c5-0c1s3n2_ata5:_failed_to_resume_link_(SControl_0)
2016-01-21T16:49:39.459244-08:00_c5-0c1s3n2_ata5:_SATA_link_down_(SStatus_0_SControl_0)
2016-01-21T16:49:39.459257-08:00_c5-0c1s3n2_ata6:_failed_to_resume_link_(SControl_0)
2016-01-21T16:49:39.459276-08:00_c5-0c1s3n2_ata6:_SATA_link_down_(SStatus_0_SControl_0)
2016-01-21T16:49:42.867045-08:00_c5-0c1s3n2_nvme0n1:_unknown_partition_table
2016-01-21T16:49:42.892188-08:00_c5-0c1s3n2_nvme_0000:05:00.0:_PCI_INT_A_->_GSI_45_(level,_low)_->_IRQ_45
2016-01-21T16:49:47.137351-08:00_c5-0c1s3n2_nvme1n1:_unknown_partition_table
2016-01-21T16:49:47.162525-08:00_c5-0c1s3n2_nvme_0000:08:00.0:_PCI_INT_A_->_GSI_45_(level,_low)_->_IRQ_45
2016-01-21T16:49:51.522591-08:00_c5-0c1s3n2_nvme2n1:_unknown_partition_table
2016-01-21T16:49:51.547752-08:00_c5-0c1s3n2_nvme_0000:09:00.0:_PCI_INT_A_->_GSI_44_(level,_low)_->_IRQ_44
2016-01-21T16:49:55.906337-08:00_c5-0c1s3n2_nvme3n1:_unknown_partition_table
2016-01-21T16:49:55.936035-08:00_c5-0c1s3n2_7[?25l
2016-01-21T16:49:55.936046-08:00_c5-0c1s3n2_[80C[10D[1;32mdone[m8[?25h
2016-01-21T16:49:56.030308-08:00_c5-0c1s3n2_[m[?25hMounting_/var_from_10.131.255.254._Checking_for_nid=1038_existance.
2016-01-21T16:49:56.183604-08:00_c5-0c1s3n2_7[?25l
2016-01-21T16:49:56.183616-08:00_c5-0c1s3n2_[80C[10D[1;32mdone[m8[?25h
2016-01-21T16:49:56.208857-08:00_c5-0c1s3n2_Mounting_tmpfs_on_/tmp7[?25l
2016-01-21T16:49:56.208883-08:00_c5-0c1s3n2_[80C[10D[1;32mdone[m8[?25h
2016-01-21T16:49:56.208893-08:00_c5-0c1s3n2_Running_sysctl_using_values_from_/etc/sysctl.conf
2016-01-21T16:49:56.208903-08:00_c5-0c1s3n2_net.ipv4.icmp_echo_ignore_broadcasts_=_1
2016-01-21T16:49:56.208933-08:00_c5-0c1s3n2_net.ipv4.conf.all.rp_filter_=_1
2016-01-21T16:49:56.208945-08:00_c5-0c1s3n2_fs.inotify.max_user_watches_=_65536
2016-01-21T16:49:56.208955-08:00_c5-0c1s3n2_net.ipv4.conf.default.promote_secondaries_=_1
2016-01-21T16:49:56.208964-08:00_c5-0c1s3n2_net.ipv4.conf.all.promote_secondaries_=_1
2016-01-21T16:49:56.208973-08:00_c5-0c1s3n2_vm.min_free_kbytes_=_102400
2016-01-21T16:49:56.208984-08:00_c5-0c1s3n2_/proc/sys/vm_bdp_writeback_ratio:_No_such_file_or_directory
2016-01-21T16:49:56.209001-08:00_c5-0c1s3n2_vm.mpa_wait_mode_=_2
2016-01-21T16:49:56.234078-08:00_c5-0c1s3n2_vm.cw_wait_cap_=_1
2016-01-21T16:49:56.234093-08:00_c5-0c1s3n2_vm.bdp_wait_mode_=_2
2016-01-21T16:49:56.341515-08:00_c5-0c1s3n2_vm.dirty_ratio_=_20
2016-01-21T16:49:56.341539-08:00_c5-0c1s3n2_vm.cw_wait_mode_=_1
2016-01-21T16:49:56.341564-08:00_c5-0c1s3n2_vm.wiffc_wait_mode_=_2
2016-01-21T16:49:56.341580-08:00_c5-0c1s3n2_7[?25l
2016-01-21T16:49:56.341600-08:00_c5-0c1s3n2_[80C[10D[1;31mfailed[m8[?25h
2016-01-21T16:49:56.366752-08:00_c5-0c1s3n2_[m[?25hActivating_swap-devices_in_/etc/fstab...
2016-01-21T16:49:56.366778-08:00_c5-0c1s3n2_7[?25l[1A
2016-01-21T16:49:56.366790-08:00_c5-0c1s3n2_[80C[10D[1;32mdone[m8[?25hroot_file_system_(/)_is_NOT_being_checked.
2016-01-21T16:49:57.179557-08:00_c5-0c1s3n2_[m[?25hSet_System_Time_to_the_current_Hardware_Clock7[?25l
2016-01-21T16:49:57.179584-08:00_c5-0c1s3n2_[80C[10D[1;32mdone[m8[?25h
2016-01-21T16:49:57.179608-08:00_c5-0c1s3n2_[m[?25hActivating_device_mapper...
2016-01-21T16:49:57.179615-08:00_c5-0c1s3n2_device-mapper:_ioctl:_4.23.0-ioctl_(2012-07-25)_initialised:_dm-devel@redhat.com
2016-01-21T16:49:57.179621-08:00_c5-0c1s3n2_7[?25l
2016-01-21T16:49:57.179628-08:00_c5-0c1s3n2_[80C[10D[1;32mdone[m8[?25h
2016-01-21T16:49:57.179633-08:00_c5-0c1s3n2_[m[?25hLoading_required_kernel_modules
2016-01-21T16:49:57.179645-08:00_c5-0c1s3n2_7[?25l[1A
2016-01-21T16:49:57.179650-08:00_c5-0c1s3n2_[80C[10D[1;32mdone[m8[?25h[m[?25h[m[?25hWaiting_for_udev_to_settle...
2016-01-21T16:49:57.179655-08:00_c5-0c1s3n2_Scanning_for_LVM_volume_groups...
2016-01-21T16:49:57.179663-08:00_c5-0c1s3n2_Reading_all_physical_volumes._This_may_take_a_while...
2016-01-21T16:49:57.179669-08:00_c5-0c1s3n2_Found_volume_group_"dwcache"_using_metadata_type_lvm2
2016-01-21T16:49:57.179677-08:00_c5-0c1s3n2_Activating_LVM_volume_groups...
2016-01-21T16:49:57.179682-08:00_c5-0c1s3n2_PARTIAL_MODE._Incomplete_logical_volumes_will_be_processed.
2016-01-21T16:49:57.179696-08:00_c5-0c1s3n2_4_logical_volume(s)_in_volume_group_"dwcache"_now_active
2016-01-21T16:49:57.217509-08:00_c5-0c1s3n2_7[?25l
2016-01-21T16:49:57.217521-08:00_c5-0c1s3n2_[80C[10D[1;32mdone[m8[?25h
2016-01-21T16:49:57.242741-08:00_c5-0c1s3n2_[m[?25hNo_fibre_channel_cards_present._Not_waiting_for_disk_devices._
2016-01-21T16:49:57.277364-08:00_c5-0c1s3n2_[m[?25hChecking_file_systems...
2016-01-21T16:49:57.302601-08:00_c5-0c1s3n2_/etc/init.d/boot.d/S11boot.localfs:_line_199:_/fsck_corrected_errors:_Read-only_file_system
2016-01-21T16:49:57.302623-08:00_c5-0c1s3n2_7[?25l[1A
2016-01-21T16:49:57.302629-08:00_c5-0c1s3n2_[80C[10D[1;32mdone[m8[?25hMounting_local_file_systems...
2016-01-21T16:49:57.327793-08:00_c5-0c1s3n2_nothing_was_mounted
2016-01-21T16:49:57.563925-08:00_c5-0c1s3n2_7[?25l[1A
2016-01-21T16:49:57.563937-08:00_c5-0c1s3n2_[80C[10D[1;32mdone[m8[?25h[m[?25hCheck_if_the_profiles_matches_the_system7[?25l
2016-01-21T16:49:57.563943-08:00_c5-0c1s3n2_[80C[10D[1;32mdone[m8[?25h
2016-01-21T16:49:57.589155-08:00_c5-0c1s3n2_[m[?25hEnabling_monitoring_on_LVM_volume_groups...
2016-01-21T16:49:57.614447-08:00_c5-0c1s3n2_4_logical_volume(s)_in_volume_group_"dwcache"_monitored
2016-01-21T16:49:57.614462-08:00_c5-0c1s3n2_7[?25l
2016-01-21T16:49:57.614469-08:00_c5-0c1s3n2_[80C[10D[1;32mdone[m8[?25h
2016-01-21T16:49:57.681973-08:00_c5-0c1s3n2_[m[?25h[m[?25h[m[?25h[m[?25h[m[?25hTurning_quota_on
2016-01-21T16:49:57.681988-08:00_c5-0c1s3n2_Checking_quotas._This_may_take_some_time.
2016-01-21T16:49:57.682005-08:00_c5-0c1s3n2_7[?25l
2016-01-21T16:49:57.682013-08:00_c5-0c1s3n2_[80C[10D[1;32mdone[m8[?25h
2016-01-21T16:49:57.721548-08:00_c5-0c1s3n2_[m[?25hSetting_current_sysctl_status_from_/etc/sysctl.conf/proc/sys/vm_bdp_writeback_ratio:_No_such_file_or_directory
2016-01-21T16:49:57.721564-08:00_c5-0c1s3n2_7[?25l
2016-01-21T16:49:57.721570-08:00_c5-0c1s3n2_[80C[10D[1;31mfailed[m8[?25h
2016-01-21T16:49:57.849520-08:00_c5-0c1s3n2_[m[?25hATTENTION:_You_have_modified_/etc/resolv.conf._Leaving_it_untouched...
2016-01-21T16:49:57.849536-08:00_c5-0c1s3n2_You_can_find_my_version_in_/tmp/resolv.conf.kZClmL_...
2016-01-21T16:49:57.849546-08:00_c5-0c1s3n2_touch:_cannot_touch_`/etc/yp.conf':_Read-only_file_system
2016-01-21T16:49:57.849575-08:00_c5-0c1s3n2_chmod:_cannot_access_`/etc/yp.conf':_No_such_file_or_directory
2016-01-21T16:49:57.849594-08:00_c5-0c1s3n2_touch:_cannot_touch_`/etc/yp.conf':_Read-only_file_system
2016-01-21T16:49:57.849605-08:00_c5-0c1s3n2_[m[?25hSystem_Boot_Control:_The_system_has_been_
2016-01-21T16:49:57.849622-08:00_c5-0c1s3n2_[80C[10D[1mset_up[m
2016-01-21T16:49:57.849632-08:00_c5-0c1s3n2_Skipped_features:_[80C[19D[1;33mboot.efivars[m
2016-01-21T16:49:57.849640-08:00_c5-0c1s3n2_System_Boot_Control:_Running_/etc/init.d/boot.local
2016-01-21T16:49:57.888705-08:00_c5-0c1s3n2_7[?25l[1A
2016-01-21T16:49:57.888715-08:00_c5-0c1s3n2_[8
2016-01-21T16:49:57.888721-08:00_c5-0c1s3n2_INIT:_Entering_runlevel:_3
2016-01-21T16:49:57.913891-08:00_c5-0c1s3n2_Master_Resource_Control:_previous_runlevel:_N,_switching_to_runlevel:_
2016-01-21T16:49:57.913901-08:00_c5-0c1s3n2_[80C[10D[1m3[m
2016-01-21T16:49:57.939130-08:00_c5-0c1s3n2_Starting_batchlimitd
2016-01-21T16:49:57.964342-08:00_c5-0c1s3n2_[m[?25hLoading_nic_compatibility_device7[?25l
2016-01-21T16:49:57.964353-08:00_c5-0c1s3n2_[80C[10D[1;32mdone[m8[?25h
2016-01-21T16:49:58.077852-08:00_c5-0c1s3n2_[m[?25hbpmcd_init:_Power_statistics_available_in_/sys/cray
2016-01-21T16:49:58.128313-08:00_c5-0c1s3n2_[m[?25hStarting_D-Bus_daemon7[?25l
2016-01-21T16:49:58.128324-08:00_c5-0c1s3n2_[80C[10D[1;32mdone[m8[?25h
2016-01-21T16:49:58.169461-08:00_c5-0c1s3n2_[m[?25hiomemory-vsl4_is_not_enabled_in_the_init_config_'/etc/sysconfig/iomemory-vsl4'
2016-01-21T16:49:58.203081-08:00_c5-0c1s3n2_[m[?25hiSCSI_Enterprise_Target_Software_-_version_trunk
2016-01-21T16:49:58.228319-08:00_c5-0c1s3n2_iscsi_trgt:_Registered_io_type_fileio
2016-01-21T16:49:58.228345-08:00_c5-0c1s3n2_iscsi_trgt:_Registered_io_type_blockio
2016-01-21T16:49:58.228358-08:00_c5-0c1s3n2_iscsi_trgt:_Registered_io_type_nullio
2016-01-21T16:49:58.253549-08:00_c5-0c1s3n2_[m[?25hChecking_CPU.._No_microcode_module_info_found7[?25l
2016-01-21T16:49:58.253560-08:00_c5-0c1s3n2_[80C[10D[1;31mfailed[m8[?25h
2016-01-21T16:49:58.278784-08:00_c5-0c1s3n2_[m[?25hRemoving_old_kernel_packages...
2016-01-21T16:49:58.278814-08:00_c5-0c1s3n2_rm:_cannot_remove_`/boot/do_purge_kernels':_Read-only_file_system
2016-01-21T16:49:58.278838-08:00_c5-0c1s3n2_/sbin/purge-kernels:_multiversion.kernels_not_configured_in_/etc/zypp/zypp.conf,_exiting.
2016-01-21T16:49:58.303984-08:00_c5-0c1s3n2_7[?25l
2016-01-21T16:49:58.303994-08:00_c5-0c1s3n2_[80C[10D[1;32mdone[m8[?25h
2016-01-21T16:49:58.329238-08:00_c5-0c1s3n2_[m[?25hInitializing_random_number_generator7[?25l
2016-01-21T16:49:58.329249-08:00_c5-0c1s3n2_[80C[10D[1;32mdone[m8[?25h
2016-01-21T16:49:58.354457-08:00_c5-0c1s3n2_[m[?25hxtnhd_starter:_Starting_xtnhd
2016-01-21T16:49:58.379708-08:00_c5-0c1s3n2_[m[?25h<node_health:5.1>_APID:0_(xtnhd)_INFO:_xtnhd_has_started
2016-01-21T16:49:58.477341-08:00_c5-0c1s3n2_Compat-rdma_backport_release:_561c555
2016-01-21T16:49:58.477369-08:00_c5-0c1s3n2_Backport_based_on_git://git.openfabrics.org/compat-rdma/compat.git_26dbe26
2016-01-21T16:49:58.502558-08:00_c5-0c1s3n2_compat.git:_git://git.openfabrics.org/compat-rdma/compat.git
2016-01-21T16:49:58.643160-08:00_c5-0c1s3n2_Loading_HCA_driver_and_Access_Layer:[60G[_[1;32mOK[0;39m_]
2016-01-21T16:49:58.668402-08:00_c5-0c1s3n2_Setting_up_InfiniBand_network_interfaces:
2016-01-21T16:49:58.668427-08:00_c5-0c1s3n2_Setting_up_service_network_._._.[60G[_[0;39mdone[0;39m_]
2016-01-21T16:49:59.504303-08:00_c5-0c1s3n2_[m[?25hSetting_up_(localfs)_network_interfaces:
2016-01-21T16:49:59.630515-08:00_c5-0c1s3n2_lo_
2016-01-21T16:49:59.711325-08:00_c5-0c1s3n2_lo_IP_address:_127.0.0.1/8_
2016-01-21T16:49:59.739531-08:00_c5-0c1s3n2_IP_address:_127.0.0.2/8_
2016-01-21T16:49:59.868174-08:00_c5-0c1s3n2_7[?25l[1A
2016-01-21T16:49:59.868187-08:00_c5-0c1s3n2_[80C[10D[1;32mdone[m8[?25h7[?25l[1A
2016-01-21T16:49:59.868194-08:00_c5-0c1s3n2_[80C[10D[1;32mdone[m8[?25hWaiting_for_mandatory_devices:_eth0_eth1_eth2_ib0_ib2_
2016-01-21T16:50:29.956866-08:00_c5-0c1s3n2_29_28_27_26_25_24_23_22_21_20_19_18_17_16_15_14_13_12_11_10_9_8_7_6_5_4_3_2_1_0_
2016-01-21T16:50:29.956903-08:00_c5-0c1s3n2_eth0_No_interface_found
2016-01-21T16:50:29.982011-08:00_c5-0c1s3n2_7[?25l[1A
2016-01-21T16:50:29.982022-08:00_c5-0c1s3n2_[80C[10D[1;31mfailed[m8[?25h_eth1_No_interface_found
2016-01-21T16:50:30.007239-08:00_c5-0c1s3n2_7[?25l[1A
2016-01-21T16:50:30.007258-08:00_c5-0c1s3n2_[80C[10D[1;31mfailed[m8[?25h_eth2_No_interface_found
2016-01-21T16:50:30.007270-08:00_c5-0c1s3n2_7[?25l[1A
2016-01-21T16:50:30.007276-08:00_c5-0c1s3n2_[80C[10D[1;31mfailed[m8[?25h_ib0_No_interface_found
2016-01-21T16:50:30.007295-08:00_c5-0c1s3n2_7[?25l[1A
2016-01-21T16:50:30.007304-08:00_c5-0c1s3n2_[80C[10D[1;31mfailed[m8[?25h_ib2_No_interface_found
2016-01-21T16:50:30.066572-08:00_c5-0c1s3n2_7[?25l[1A
2016-01-21T16:50:30.066584-08:00_c5-0c1s3n2_[80C[10D[1;31mfailed[m8[?25h7[?25l[1A
2016-01-21T16:50:30.066590-08:00_c5-0c1s3n2_[80C[10D[1;32mdone[m8[?25h_bondvlan0_
2016-01-21T16:50:30.125799-08:00_c5-0c1s3n2_Bonding:_no_slaves_declared_for_bondvlan0
2016-01-21T16:50:30.191980-08:00_c5-0c1s3n2_7[?25l[1A
2016-01-21T16:50:30.191990-08:00_c5-0c1s3n2_[80C[10D[1;32mdone[m8[?25h_bond0.144_
2016-01-21T16:50:30.280165-08:00_c5-0c1s3n2_Cannot_find_device_"bondvlan0"
2016-01-21T16:50:30.280180-08:00_c5-0c1s3n2_interface_'bondvlan0'_is_not_up
2016-01-21T16:50:30.329100-08:00_c5-0c1s3n2_7[?25l[1A
2016-01-21T16:50:30.329110-08:00_c5-0c1s3n2_[80C[10D[1;32mdone[m8[?25h_bond0.224_
2016-01-21T16:50:30.404812-08:00_c5-0c1s3n2_Cannot_find_device_"bondvlan0"
2016-01-21T16:50:30.404836-08:00_c5-0c1s3n2_interface_'bondvlan0'_is_not_up
2016-01-21T16:50:30.457633-08:00_c5-0c1s3n2_7[?25l[1A
2016-01-21T16:50:30.457647-08:00_c5-0c1s3n2_[80C[10D[1;32mdone[m8[?25h7[?25l[1A
2016-01-21T16:50:30.457654-08:00_c5-0c1s3n2_[80C[10D[1;32mdone[m8[?25hSetting_up_service_(localfs)_network_._._._._._._._._._.7[?25l
2016-01-21T16:50:30.457659-08:00_c5-0c1s3n2_[80C[10D[1;31mfailed[m8[?25h
2016-01-21T16:50:30.510449-08:00_c5-0c1s3n2_[m[?25hCould_not_start_BND_as_this_is_not_the_boot_node.
2016-01-21T16:50:30.510466-08:00_c5-0c1s3n2_bootnodes_are:_1_769_
2016-01-21T16:50:30.510488-08:00_c5-0c1s3n2_mynid=1038
2016-01-21T16:50:30.535647-08:00_c5-0c1s3n2_[m[?25hS04cray-config-service:_Mounting_9p_configuration_directory._
2016-01-21T16:50:31.552977-08:00_c5-0c1s3n2_S04cray-config-service:_Success._
2016-01-21T16:50:31.611780-08:00_c5-0c1s3n2_[m[?25h[m[?25hStarting_hw_info_init_on_1038
2016-01-21T16:50:31.611797-08:00_c5-0c1s3n2_bootnodes_are:_1_769_
2016-01-21T16:50:31.611814-08:00_c5-0c1s3n2_mynid=1038
2016-01-21T16:50:31.662200-08:00_c5-0c1s3n2_[m[?25h[m[?25h<ssd_health>_Starting_xtcheckssd
2016-01-21T16:50:31.745515-08:00_c5-0c1s3n2_[m[?25hPCIe_slot#:1,Name:INTEL_SSDPECME040T4Y,SN:CVF85326000X4P0DGN-1,Size:2000GB,Remaining_life:100%,Temperature:24(c)
2016-01-21T16:50:31.770771-08:00_c5-0c1s3n2_PCIe_slot#:1,Name:INTEL_SSDPECME040T4Y,SN:CVF85326000X4P0DGN-2,Size:2000GB,Remaining_life:100%,Temperature:25(c)
2016-01-21T16:50:31.770787-08:00_c5-0c1s3n2_PCIe_slot#:0,Name:INTEL_SSDPECME040T4Y,SN:CVF85325002H4P0DGN-1,Size:2000GB,Remaining_life:100%,Temperature:24(c)
2016-01-21T16:50:31.796078-08:00_c5-0c1s3n2_PCIe_slot#:0,Name:INTEL_SSDPECME040T4Y,SN:CVF85325002H4P0DGN-2,Size:2000GB,Remaining_life:100%,Temperature:26(c)
2016-01-21T16:50:32.112053-08:00_c5-0c1s3n2_
2016-01-21T16:50:32.137312-08:00_c5-0c1s3n2_cray-syslog:_**WARNING**_/etc/security/limits.conf_MAY_require_hard_and_soft_file_limits_
2016-01-21T16:50:32.137329-08:00_c5-0c1s3n2_cray-syslog:_greater_or_equal_to_8192_for_proper_LLM_operation_
2016-01-21T16:50:32.137342-08:00_c5-0c1s3n2_cray-syslog:_when_large_number_of_jobs_are_launched_concurrently.
2016-01-21T16:50:32.137360-08:00_c5-0c1s3n2_cray-syslog:_If_you_have_failures_running_large_number_of_concurrent_jobs,
2016-01-21T16:50:32.137371-08:00_c5-0c1s3n2_cray-syslog:_you_may_wish_to_update_the_hard_and_soft_nofile_entries_in_
2016-01-21T16:50:32.137381-08:00_c5-0c1s3n2_cray-syslog:_limits.conf_as_follows.
2016-01-21T16:50:32.137387-08:00_c5-0c1s3n2_
2016-01-21T16:50:32.137398-08:00_c5-0c1s3n2_cray-syslog:_/etc/security/limits.conf:_
2016-01-21T16:50:32.137427-08:00_c5-0c1s3n2_cray-syslog:_*_soft_nofile_8192
2016-01-21T16:50:32.162445-08:00_c5-0c1s3n2_cray-syslog:_*_hard_nofile_8192
2016-01-21T16:50:32.162459-08:00_c5-0c1s3n2_
2016-01-21T16:50:33.201450-08:00_c5-0c1s3n2_cray-syslog:_rsyslogd_started_as_process_17173.
2016-01-21T16:50:34.132627-08:00_c5-0c1s3n2_cray-syslog:_llmrd_started_as_process_17186.
2016-01-21T16:50:34.270693-08:00_c5-0c1s3n2_[m[?25h[m[?25hStarting_haveged_daemon_7[?25l
2016-01-21T16:50:34.270704-08:00_c5-0c1s3n2_[80C[10D[1;32mdone[m8[?25h
2016-01-21T16:50:34.300539-08:00_c5-0c1s3n2_[m[?25hStarting_rpcbind_7[?25l
2016-01-21T16:50:34.300550-08:00_c5-0c1s3n2_[80C[10D[1;32mdone[m8[?25h
2016-01-21T16:50:34.325773-08:00_c5-0c1s3n2_[m[?25hbootnodes_are:_1_769_
2016-01-21T16:50:34.351007-08:00_c5-0c1s3n2_mynid=1038
2016-01-21T16:50:34.376241-08:00_c5-0c1s3n2_[m[?25hNot_starting_NFS_client_services_-_no_NFS_found_in_/etc/fstab:
2016-01-21T16:50:34.376253-08:00_c5-0c1s3n2_[80C[10D[1munused[m
2016-01-21T16:50:34.402951-08:00_c5-0c1s3n2_[m[?25hStarting_DVS_service:_DVS:_Revision_2273_-_Built:_Nov_2_2015_@_22:26:51_for_lnet_version_2.5
2016-01-21T16:50:34.434010-08:00_c5-0c1s3n2_LNet:_HW_CPU_cores:_16,_npartitions:_4
2016-01-21T16:50:39.519584-08:00_c5-0c1s3n2_Lustre:_kgnilnd_build_version:_2.5-trunk-1.0502.21345.7.1-abuild-RB-5.2UP04_2.5.2@21345-2015-12-14-23:16
2016-01-21T16:50:39.614495-08:00_c5-0c1s3n2_LNet:_Added_LNI_1038@gni1_[16/512/0/0]
2016-01-21T16:50:40.633075-08:00_c5-0c1s3n2_7[?25l
2016-01-21T16:50:40.633110-08:00_c5-0c1s3n2_[80C[10D[1;32mdone[m8[?25h
2016-01-21T16:50:40.704428-08:00_c5-0c1s3n2_[m[?25hStarting_irqbalance_7[?25l
2016-01-21T16:50:40.704445-08:00_c5-0c1s3n2_[80C[10D[1;32mdone[m8[?25h
2016-01-21T16:50:40.743921-08:00_c5-0c1s3n2_[m[?25hStarting_java.binfmt_misc_7[?25l
2016-01-21T16:50:40.743934-08:00_c5-0c1s3n2_[80C[10D[1;32mdone[m8[?25h
2016-01-21T16:50:40.778905-08:00_c5-0c1s3n2_[m[?25hStarting_mcelog..._7[?25l
2016-01-21T16:50:40.778917-08:00_c5-0c1s3n2_[80C[10D[1;32mdone[m8[?25h
2016-01-21T16:50:41.534731-08:00_c5-0c1s3n2_[m[?25hSetting_up_(remotefs)_network_interfaces:
2016-01-21T16:50:41.642030-08:00_c5-0c1s3n2_sit0_
2016-01-21T16:50:41.642046-08:00_c5-0c1s3n2_No_configuration_found_for_sit0
2016-01-21T16:50:41.696727-08:00_c5-0c1s3n2_7[?25l[1A
2016-01-21T16:50:41.696739-08:00_c5-0c1s3n2_[80C[10D[1munused[m8[?25hSetting_up_service_(remotefs)_network_._._._._._._._._._.7[?25l
2016-01-21T16:50:41.696745-08:00_c5-0c1s3n2_[80C[10D[1;32mdone[m8[?25h
2016-01-21T16:50:41.736677-08:00_c5-0c1s3n2_[m[?25hStarting_SSH_daemon7[?25l
2016-01-21T16:50:41.736689-08:00_c5-0c1s3n2_[80C[10D[1;32mdone[m8[?25h
2016-01-21T16:50:41.790985-08:00_c5-0c1s3n2_[m[?25h[m[?25hsdbnodes_are:_385_1153_
2016-01-21T16:50:41.791000-08:00_c5-0c1s3n2_mynid=1038
2016-01-21T16:50:41.826355-08:00_c5-0c1s3n2_[m[?25hStarting_network_time_protocol_daemon_(NTPD)
2016-01-21T16:50:41.826407-08:00_c5-0c1s3n2_Warning:_cryptographic_keys_dir_specified_but_not_found_or_is_not_a_directory
2016-01-21T16:50:41.826423-08:00_c5-0c1s3n2_Warning:_cryptographic_keys_dir_specified_but_not_found_or_is_not_a_directory
2016-01-21T16:50:41.851544-08:00_c5-0c1s3n2_Warning:_cryptographic_keys_dir_specified_but_not_found_or_is_not_a_directory
2016-01-21T16:50:41.876757-08:00_c5-0c1s3n2_7[?25l
2016-01-21T16:50:41.876768-08:00_c5-0c1s3n2_[80C[10D[1;32mdone[m8[?25h
2016-01-21T16:50:41.909708-08:00_c5-0c1s3n2_[m[?25hStarting_MUNGE:_munged7[?25l
2016-01-21T16:50:41.909719-08:00_c5-0c1s3n2_[80C[10D[1;32mdone[m8[?25h
2016-01-21T16:50:41.967881-08:00_c5-0c1s3n2_[m[?25hsed:_couldn't_open_temporary_file_/etc/opt/cray/rca//sedZWABgw:_Read-only_file_system
2016-01-21T16:50:41.993006-08:00_c5-0c1s3n2_[m[?25h[m[?25hStarting_Name_Service_Cache_Daemon7[?25l
2016-01-21T16:50:41.993017-08:00_c5-0c1s3n2_[80C[10D[1;32mdone[m8[?25h
2016-01-21T16:50:42.109228-08:00_c5-0c1s3n2_[m[?25h[m[?25hStarting_dwmd_2016-01-21_16:50:40_(19643)_Beginning_dwmd_initialization
2016-01-21T16:50:42.109266-08:00_c5-0c1s3n2_2016-01-21_16:50:40_(19643)_Daemonizing...
2016-01-21T16:50:42.109285-08:00_c5-0c1s3n2_2016-01-21_16:50:40_(19644)_Redirecting_stdout_and_stderr_to_/var//opt/cray/dws/log/dwmd.log._If_this_step_fails,_there's_no_way_to_log_an_error.
2016-01-21T16:50:42.109295-08:00_c5-0c1s3n2_7[?25l
2016-01-21T16:50:42.109311-08:00_c5-0c1s3n2_[80C[10D[1;32mdone[m8[?25h
2016-01-21T16:50:42.149633-08:00_c5-0c1s3n2_[m[?25hEnabling_Linux_Jobs
2016-01-21T16:50:42.149667-08:00_c5-0c1s3n2_[m[?25hStarting_alps_services
2016-01-21T16:50:42.637189-08:00_c5-0c1s3n2_ALPS_is_not_configured_to_start_(SLURM_is_the_active_native_WLM)
2016-01-21T16:50:43.141462-08:00_c5-0c1s3n2_[m[?25h<node_health>_Starting_node_health_recovery
2016-01-21T16:50:43.182563-08:00_c5-0c1s3n2_[m[?25hsdbnodes_are:_385_1153_
2016-01-21T16:50:43.182583-08:00_c5-0c1s3n2_mynid=1038
2016-01-21T16:50:43.207452-08:00_c5-0c1s3n2_[m[?25hblogd:_no_message_logging_because_/var_file_system_is_not_accessible
2016-01-21T16:50:43.207471-08:00_c5-0c1s3n2_Boot_event:_Starting
2016-01-21T16:50:43.277893-08:00_c5-0c1s3n2_Sending_ec_node_info_with_boot_code_8_(NODE_INFO_OS_BOOT_SUCCEEDED)_for_nid_1038
2016-01-21T16:50:43.277906-08:00_c5-0c1s3n2_[m[?25hMaster_Resource_Control:_runlevel_3_has_been_
2016-01-21T16:50:43.277913-08:00_c5-0c1s3n2_[80C[10D[1mreached[m
2016-01-21T16:50:43.277919-08:00_c5-0c1s3n2_Failed_services_in_runlevel_3:_[80C[28D[1;31mmicrocode.ctl_network[m
2016-01-21T16:50:44.221647-08:00_c5-0c1s3n2_Skipped_services_in_ru
2016-01-21T16:50:44.221687-08:00_c5-0c1s3n2_Welcome_to_SUSE_Linux_Enterprise_Server_11_SP3_(x86_64)_-_Kernel_3.0.101-0.46.1_1.0502.8871-cray_ari_s_(ttyS0).
