2016-02-02T01:26:33.207562-08:00_c5-3c0s12n3_nscd:_nss_ldap:_reconnected_to_LDAP_server_ldap://ldapcrt.org.gov:636_after_1_attempt
2016-02-02T08:54:51.675900-08:00_c5-3c0s12n3_Stop_NMI_detected_on_CPU_0
2016-02-02T08:57:57.157931-08:00_c5-3c0s12n3_Wait4Boot:_WRITE:_524_bytes_to_memory_@_0x90CD0_..._complete
2016-02-02T08:57:57.157958-08:00_c5-3c0s12n3_Wait4Boot:_Blade_Controller_Boot_Protocol_version_-_1
2016-02-02T08:57:57.183174-08:00_c5-3c0s12n3_Wait4Boot:_JUMP:_KernelStart_0x100000,_boot_params_0x90000,_CmdLineAddr_0x90CD0
2016-02-02T08:57:57.208347-08:00_c5-3c0s12n3_FastBootOption_OnExitBootServices_event_.............
2016-02-02T08:57:57.208408-08:00_c5-3c0s12n3_FastBootOption_gFastBootPolicy->FastBootEnable_=_0
2016-02-02T08:57:57.208434-08:00_c5-3c0s12n3_[[_SbPchCallbackExitBootServices()_Start._]]
2016-02-02T08:57:57.208470-08:00_c5-3c0s12n3_SaveState_UniqueIndex_2fd_,_OpIndex_3,_OldOpCode_3_
2016-02-02T08:57:57.208482-08:00_c5-3c0s12n3_[[_SbPchCallbackExitBootServices()_Done._]]
2016-02-02T08:58:10.731635-08:00_c5-3c0s12n3_Sending_ec_node_info_with_boot_code_0_(NODE_INFO_OS_BOOT)_for_nid_5619
2016-02-02T08:58:10.731690-08:00_c5-3c0s12n3_net.core.rmem_max_=_16777216
2016-02-02T08:58:10.731696-08:00_c5-3c0s12n3_net.core.wmem_max_=_16777216
2016-02-02T08:58:10.731707-08:00_c5-3c0s12n3_net.core.rmem_default_=_16777216
2016-02-02T08:58:10.731729-08:00_c5-3c0s12n3_net.core.wmem_default_=_16777216
2016-02-02T08:58:10.731741-08:00_c5-3c0s12n3_net.core.optmem_max_=_16777216
2016-02-02T08:58:10.731755-08:00_c5-3c0s12n3_net.ipv4.tcp_mem_=_16777216_16777216_16777216
2016-02-02T08:58:10.731775-08:00_c5-3c0s12n3_net.ipv4.tcp_rmem_=_4096_87380_16777216
2016-02-02T08:58:10.761046-08:00_c5-3c0s12n3_net.ipv4.tcp_wmem_=_4096_65536_16777216
2016-02-02T08:58:11.004764-08:00_c5-3c0s12n3_Starting_RSIP_client,_server=10.128.22.242,_num_ports=74
2016-02-02T08:58:11.030042-08:00_c5-3c0s12n3_Loading_gsockets_module
2016-02-02T08:58:11.030070-08:00_c5-3c0s12n3_nid_5619:_Linux_version_3.0.101-0.35.1_1.0502.8640-cray_ari_c_(abuild@cfosbld02)_(gcc_version_4.3.4_[gcc-4_3-branch_revision_152973]_(SUSE_Linux)_)_#1_SMP_Wed_Feb_18_05:13:50_UTC_2015
2016-02-02T08:58:11.030087-08:00_c5-3c0s12n3_starting_pid_27602,_ttLNet:_HW_CPU_cores:_48,_npartitions:_8
2016-02-02T08:58:11.030107-08:00_c5-3c0s12n3_y_'':_'/etc/init.d/rc'
2016-02-02T08:58:11.030136-08:00_c5-3c0s12n3_nomtab:_1
2016-02-02T08:58:16.098557-08:00_c5-3c0s12n3_Lustre:_Lustre:_Build_Version:_2.5.2-trunk-1.0502.18911.12.4-abuild-RB-5.2UP03_2.5.2-2015-02-18-05:54
2016-02-02T08:58:16.123845-08:00_c5-3c0s12n3_Lustre:_kgnilnd_build_version:_2.5-trunk-1.0502.18911.12.4-abuild-RB-5.2UP03_2.5.2-2015-02-18-05:54
2016-02-02T08:58:16.590144-08:00_c5-3c0s12n3_LNet:_Added_LNI_5619@gni_[16/1024/0/0]
2016-02-02T08:58:17.400607-08:00_c5-3c0s12n3_LustreError:_27764:0:(obd_config.c:1341:class_process_proc_param())_lov:_snx11025-clilov-ffff881038998400_unknown_param_qos_threshold_rr=100
2016-02-02T08:58:17.425988-08:00_c5-3c0s12n3_LustreError:_27764:0:(obd_config.c:1346:class_process_proc_param())_osc.:_error_writing_proc_entry_'checksum_type':_rc_=_-22
2016-02-02T08:58:17.577890-08:00_c5-3c0s12n3_Lustre:_Mounted_snx11025-client
2016-02-02T08:58:17.577901-08:00_c5-3c0s12n3_nomtab:_1
2016-02-02T08:58:37.765987-08:00_c5-3c0s12n3_Lustre:_27681:0:(client.c:1910:ptlrpc_expire_one_request())_@@@_Request_sent_has_timed_out_for_slow_reply:_[sent_1454432211/real_1454432211]_req@ffff88083e586800_x1525082709033760/t0(0)_o38->snx11035-MDT0000-mdc-ffff88083a1d8800@10.100.101.4@o2ib2000:12/10_lens_400/544_e_0_to_1_dl_1454432231_ref_1_fl_Rpc:XNU/0/ffffffff_rc_0/-1
2016-02-02T08:58:42.865283-08:00_c5-3c0s12n3_Lustre:_Mounted_snx11035-client
2016-02-02T08:58:42.865317-08:00_c5-3c0s12n3_nomtab:_1
2016-02-02T08:58:42.890588-08:00_c5-3c0s12n3_LustreError:_27779:0:(obd_config.c:1341:class_process_proc_param())_lov:_snx11036-clilov-ffff88083e2af400_unknown_param_qos_threshold_rr=100
2016-02-02T08:58:42.915905-08:00_c5-3c0s12n3_LustreError:_27779:0:(obd_config.c:1341:class_process_proc_param())_Skipped_1_previous_similar_message
2016-02-02T08:59:02.943256-08:00_c5-3c0s12n3_Lustre:_27681:0:(client.c:1910:ptlrpc_expire_one_request())_@@@_Request_sent_has_timed_out_for_slow_reply:_[sent_1454432236/real_1454432236]_req@ffff88083e586800_x1525082709034652/t0(0)_o38->snx11036-MDT0000-mdc-ffff88083e2af400@10.100.102.4@o2ib3000:12/10_lens_400/544_e_0_to_1_dl_1454432256_ref_1_fl_Rpc:XNU/0/ffffffff_rc_0/-1
2016-02-02T08:59:02.968348-08:00_c5-3c0s12n3_Lustre:_27681:0:(client.c:1910:ptlrpc_expire_one_request())_Skipped_4_previous_similar_messages
2016-02-02T08:59:07.906089-08:00_c5-3c0s12n3_Lustre:_Layout_lock_feature_supported.
2016-02-02T08:59:08.032664-08:00_c5-3c0s12n3_Lustre:_Mounted_snx11036-client
2016-02-02T08:59:08.170355-08:00_c5-3c0s12n3_bpmcd_init:_Power_statistics_available_in_/sys/cray
2016-02-02T08:59:08.221052-08:00_c5-3c0s12n3_DVS:_Revision_2043_-_Built:_Apr_29_2015_@_20:36:39_for_lnet_version_2.5
2016-02-02T08:59:27.910125-08:00_c5-3c0s12n3_DVS:_parse_options:_ignoring_'maxnodes'_for_loadbalance_file_system
2016-02-02T08:59:27.986005-08:00_c5-3c0s12n3_Lustre:_27681:0:(client.c:1910:ptlrpc_expire_one_request())_@@@_Request_sent_has_timed_out_for_slow_reply:_[sent_1454432261/real_1454432261]_req@ffff8810389f4000_x1525082709035496/t0(0)_o8->snx11036-OST000b-osc-ffff88083e2af400@10.100.102.16@o2ib3005:28/4_lens_400/544_e_0_to_1_dl_1454432281_ref_1_fl_Rpc:XNU/0/ffffffff_rc_0/-1
2016-02-02T08:59:27.986066-08:00_c5-3c0s12n3_Lustre:_27681:0:(client.c:1910:ptlrpc_expire_one_request())_Skipped_4_previous_similar_messages
2016-02-02T08:59:32.313281-08:00_c5-3c0s12n3_S01dvs:_failed_to_mount_DVS_partition_/global/common_in_under_8_seconds._Verify_mount_and_configuration._Waiting_for_mount_to_finish...
2016-02-02T09:00:25.164536-08:00_c5-3c0s12n3_LNet:_could_not_send_to_838@gni_due_to_connection_setup_failure_after_60_seconds
2016-02-02T09:00:25.189734-08:00_c5-3c0s12n3_LNet:_27674:0:(gnilnd_cb.c:1212:kgnilnd_tx_done())_$$_error_-113_on_tx_0xffff88103613c048-><?>_id_0/0_state_GNILND_TX_ALLOCD_age_60s_msg@0xffff88103613c0d8_m/v/ty/ck/pck/pl_b00fbabe/8/2/0/0/0_x0:GNILND_MSG_IMMEDIATE
2016-02-02T09:00:25.240295-08:00_c5-3c0s12n3_DVS:_verify_filesystem:_error_-112_encountered_while_mounting_/global/common_from_server_c4-0c1s1n2_to_/global/common:_excluding_server._Ensure_directory_exists_and_DVS_is_running_on_the_server
2016-02-02T09:00:25.240350-08:00_c5-3c0s12n3_S01dvs:_mount_of_/global/common_finished_successfully
2016-02-02T09:00:33.248363-08:00_c5-3c0s12n3_S01dvs:_failed_to_mount_DVS_partition_/global/u1_in_under_8_seconds._Verify_mount_and_configuration._Waiting_for_mount_to_finish...
2016-02-02T09:01:26.410116-08:00_c5-3c0s12n3_LNet:_27678:0:(gnilnd_conn.c:2223:kgnilnd_reaper_dgram_check())_GNILND_DGRAM_REQ_datagram_to_838@gni_timed_out_@_61s_dgram_0xffff880fca373c18_state_GNILND_DGRAM_POSTED_conn_0xffff880fca1e7000
2016-02-02T09:01:29.440620-08:00_c0-1c1s1n1_<node_health:5.1>_APID:85291_(xtcheckhealth)_WARNING:_Node_c5-3c0s12n3_(5619)_is_down_and_will_not_be_checked!
2016-02-02T09:01:29.791216-08:00_c0-1c1s1n1_<node_health:5.1>_RESID:85291_(xtcheckhealth)_WARNING:_Node_c5-3c0s12n3_(5619)_is_down_and_will_not_be_checked!
2016-02-02T09:01:30.203693-08:00_c5-3c0s12n3_LNet:_could_not_send_to_838@gni_due_to_connection_setup_failure_after_64_seconds
2016-02-02T09:01:30.254329-08:00_c5-3c0s12n3_LNet:_27674:0:(gnilnd_cb.c:1212:kgnilnd_tx_done())_$$_error_-113_on_tx_0xffff881037f07a48-><?>_id_0/0_state_GNILND_TX_ALLOCD_age_64s_msg@0xffff881037f07ad8_m/v/ty/ck/pck/pl_b00fbabe/8/2/0/0/0_x0:GNILND_MSG_IMMEDIATE
2016-02-02T09:01:30.279811-08:00_c5-3c0s12n3_DVS:_verify_filesystem:_error_-112_encountered_while_mounting_/global/u1_from_server_c4-0c1s1n2_to_/global/u1:_excluding_server._Ensure_directory_exists_and_DVS_is_running_on_the_server
2016-02-02T09:01:30.279824-08:00_c5-3c0s12n3_S01dvs:_mount_of_/global/u1_finished_successfully
2016-02-02T09:01:38.299635-08:00_c5-3c0s12n3_S01dvs:_failed_to_mount_DVS_partition_/global/u2_in_under_8_seconds._Verify_mount_and_configuration._Waiting_for_mount_to_finish...
2016-02-02T09:02:36.246692-08:00_c5-3c0s12n3_LNet:_could_not_send_to_838@gni_due_to_connection_setup_failure_after_65_seconds
2016-02-02T09:02:36.281705-08:00_c5-3c0s12n3_LNet:_27674:0:(gnilnd_cb.c:1212:kgnilnd_tx_done())_$$_error_-113_on_tx_0xffff8810397cca48-><?>_id_0/0_state_GNILND_TX_ALLOCD_age_65s_msg@0xffff8810397ccad8_m/v/ty/ck/pck/pl_b00fbabe/8/2/0/0/0_x0:GNILND_MSG_IMMEDIATE
2016-02-02T09:02:36.307793-08:00_c5-3c0s12n3_DVS:_verify_filesystem:_error_-112_encountered_while_mounting_/global/u2_from_server_c4-0c1s1n2_to_/global/u2:_excluding_server._Ensure_directory_exists_and_DVS_is_running_on_the_server
2016-02-02T09:02:36.307819-08:00_c5-3c0s12n3_S01dvs:_mount_of_/global/u2_finished_successfully
2016-02-02T09:02:44.322672-08:00_c5-3c0s12n3_S01dvs:_failed_to_mount_DVS_partition_/global/project_in_under_8_seconds._Verify_mount_and_configuration._Waiting_for_mount_to_finish...
2016-02-02T09:03:39.563112-08:00_c5-3c0s12n3_LNet:_27678:0:(gnilnd_conn.c:2223:kgnilnd_reaper_dgram_check())_GNILND_DGRAM_REQ_datagram_to_838@gni_timed_out_@_63s_dgram_0xffff880fca373c18_state_GNILND_DGRAM_POSTED_conn_0xffff881036432800
2016-02-02T09:03:42.307833-08:00_c5-3c0s12n3_LNet:_could_not_send_to_838@gni_due_to_connection_setup_failure_after_65_seconds
2016-02-02T09:03:42.333195-08:00_c5-3c0s12n3_LNet:_27674:0:(gnilnd_cb.c:1212:kgnilnd_tx_done())_$$_error_-113_on_tx_0xffff881037fb0308-><?>_id_0/0_state_GNILND_TX_ALLOCD_age_65s_msg@0xffff881037fb0398_m/v/ty/ck/pck/pl_b00fbabe/8/2/0/0/0_x0:GNILND_MSG_IMMEDIATE
2016-02-02T09:03:42.383814-08:00_c5-3c0s12n3_DVS:_verify_filesystem:_error_-112_encountered_while_mounting_/global/project_from_server_c4-0c1s1n2_to_/global/project:_excluding_server._Ensure_directory_exists_and_DVS_is_running_on_the_server
2016-02-02T09:03:42.383852-08:00_c5-3c0s12n3_S01dvs:_mount_of_/global/project_finished_successfully
2016-02-02T09:03:50.395712-08:00_c5-3c0s12n3_S01dvs:_failed_to_mount_DVS_partition_/global/projectb_in_under_8_seconds._Verify_mount_and_configuration._Waiting_for_mount_to_finish...
2016-02-02T09:04:47.345683-08:00_c5-3c0s12n3_LNet:_could_not_send_to_838@gni_due_to_connection_setup_failure_after_64_seconds
2016-02-02T09:04:47.396386-08:00_c5-3c0s12n3_LNet:_27674:0:(gnilnd_cb.c:1212:kgnilnd_tx_done())_$$_error_-113_on_tx_0xffff880fdad9a548-><?>_id_0/0_state_GNILND_TX_ALLOCD_age_64s_msg@0xffff880fdad9a5d8_m/v/ty/ck/pck/pl_b00fbabe/8/2/0/0/0_x0:GNILND_MSG_IMMEDIATE
2016-02-02T09:04:47.396442-08:00_c5-3c0s12n3_DVS:_verify_filesystem:_error_-112_encountered_while_mounting_/global/projectb_from_server_c4-0c1s1n2_to_/global/projectb:_excluding_server._Ensure_directory_exists_and_DVS_is_running_on_the_server
2016-02-02T09:04:47.421661-08:00_c5-3c0s12n3_S01dvs:_mount_of_/global/projectb_finished_successfully
2016-02-02T09:04:55.423292-08:00_c5-3c0s12n3_S01dvs:_failed_to_mount_DVS_partition_/global/syscom_in_under_8_seconds._Verify_mount_and_configuration._Waiting_for_mount_to_finish...
2016-02-02T09:05:52.838929-08:00_c5-3c0s12n3_LNet:_27678:0:(gnilnd_conn.c:2223:kgnilnd_reaper_dgram_check())_GNILND_DGRAM_REQ_datagram_to_838@gni_timed_out_@_65s_dgram_0xffff881033629e78_state_GNILND_DGRAM_POSTED_conn_0xffff88103897ec00
2016-02-02T09:05:53.393504-08:00_c5-3c0s12n3_LNet:_could_not_send_to_838@gni_due_to_connection_setup_failure_after_65_seconds
2016-02-02T09:05:53.444122-08:00_c5-3c0s12n3_LNet:_27674:0:(gnilnd_cb.c:1212:kgnilnd_tx_done())_$$_error_-113_on_tx_0xffff880fdadc5588-><?>_id_0/0_state_GNILND_TX_ALLOCD_age_65s_msg@0xffff880fdadc5618_m/v/ty/ck/pck/pl_b00fbabe/8/2/0/0/0_x0:GNILND_MSG_IMMEDIATE
2016-02-02T09:05:53.469575-08:00_c5-3c0s12n3_DVS:_verify_filesystem:_error_-112_encountered_while_mounting_/global/syscom_from_server_c4-0c1s1n2_to_/global/syscom:_excluding_server._Ensure_directory_exists_and_DVS_is_running_on_the_server
2016-02-02T09:05:53.494908-08:00_c5-3c0s12n3_S01dvs:_mount_of_/global/syscom_finished_successDVS:_verify_filesystem:_file_system_magic_value_0x6969_retrieved_from_server_c2-0c0s0n2_for_/global/scratch2_does_not_match_expected_value_0x47504653:_excluding_server._Ensure_file_system_is_mounted_on_the_server_and_then_restart_DVS
2016-02-02T09:05:53.494921-08:00_c5-3c0s12n3_fully
2016-02-02T09:05:53.545572-08:00_c5-3c0s12n3_DVS:_verify_filesystem:_file_system_magic_value_0x6969_retrieved_from_server_c6-0c0s0n2_for_/global/scratch2_does_not_match_expected_value_0x47504653:_excluding_server._Ensure_file_system_is_mounted_on_the_server_and_then_restart_DVS
2016-02-02T09:05:53.570866-08:00_c5-3c0s12n3_DVS:_verify_filesystem:_file_system_magic_value_0x6969_retrieved_from_server_c0-1c0s0n2_for_/global/scratch2_does_not_match_expected_value_0x47504653:_excluding_server._Ensure_file_system_is_mounted_on_the_server_and_then_restart_DVS
2016-02-02T09:05:53.621562-08:00_c5-3c0s12n3_DVS:_verify_filesystem:_file_system_magic_value_0x6969_retrieved_from_server_c2-1c0s0n2_for_/global/scratch2_does_not_match_expected_value_0x47504653:_excluding_server._Ensure_file_system_is_mounted_on_the_server_and_then_restart_DVS
2016-02-02T09:05:53.646995-08:00_c5-3c0s12n3_DVS:_verify_filesystem:_file_system_magic_value_0x6969_retrieved_from_server_c4-1c0s0n2_for_/global/scratch2_does_not_match_expected_value_0x47504653:_excluding_server._Ensure_file_system_is_mounted_on_the_server_and_then_restart_DVS
2016-02-02T09:05:53.697633-08:00_c5-3c0s12n3_DVS:_verify_filesystem:_file_system_magic_value_0x6969_retrieved_from_server_c0-2c0s0n2_for_/global/scratch2_does_not_match_expected_value_0x47504653:_excluding_server._Ensure_file_system_is_mounted_on_the_server_and_then_restart_DVS
2016-02-02T09:05:53.722904-08:00_c5-3c0s12n3_DVS:_verify_filesystem:_file_system_magic_value_0x6969_retrieved_from_server_c0-2c0s0n1_for_/global/scratch2_does_not_match_expected_value_0x47504653:_excluding_server._Ensure_file_system_is_mounted_on_the_server_and_then_restart_DVS
2016-02-02T09:05:53.773542-08:00_c5-3c0s12n3_DVS:_verify_filesystem:_file_system_magic_value_0x6969_retrieved_from_server_c2-2c0s0n2_for_/global/scratch2_does_not_match_expected_value_0x47504653:_excluding_server._Ensure_file_system_is_mounted_on_the_server_and_then_restart_DVS
2016-02-02T09:05:53.798916-08:00_c5-3c0s12n3_DVS:_verify_filesystem:_file_system_magic_value_0x6969_retrieved_from_server_c4-2c0s0n2_for_/global/scratch2_does_not_match_expected_value_0x47504653:_excluding_server._Ensure_file_system_is_mounted_on_the_server_and_then_restart_DVS
2016-02-02T09:05:53.849670-08:00_c5-3c0s12n3_DVS:_verify_filesystem:_file_system_magic_value_0x6969_retrieved_from_server_c6-2c0s0n2_for_/global/scratch2_does_not_match_expected_value_0x47504653:_excluding_server._Ensure_file_system_is_mounted_on_the_server_and_then_restart_DVS
2016-02-02T09:05:53.849767-08:00_c5-3c0s12n3_DVS:_verify_filesystem:_file_system_magic_value_0x6969_retrieved_from_server_c2-0c1s1n2_for_/global/scratch2_does_not_match_expected_value_0x47504653:_excluding_server._Ensure_file_system_is_mounted_on_the_server_and_then_restart_DVS
2016-02-02T09:06:01.472534-08:00_c5-3c0s12n3_S01dvs:_failed_to_mount_DVS_partition_/global/scratch2_in_under_8_seconds._Verify_mount_and_configuration._Waiting_for_mount_to_finish...
2016-02-02T09:06:58.451202-08:00_c5-3c0s12n3_LNet:_could_not_send_to_838@gni_due_to_connection_setup_failure_after_64_seconds
2016-02-02T09:06:58.476322-08:00_c5-3c0s12n3_LNet:_27674:0:(gnilnd_cb.c:1212:kgnilnd_tx_done())_$$_error_-113_on_tx_0xffff88103621a2c8-><?>_id_0/0_state_GNILND_TX_ALLOCD_age_64s_msg@0xffff88103621a358_m/v/ty/ck/pck/pl_b00fbabe/8/2/0/0/0_x0:GNILND_MSG_IMMEDIATE
2016-02-02T09:06:58.501625-08:00_c5-3c0s12n3_DVS:_verify_filesystem:_error_-112_encountered_while_mounting_/global/scratch2_from_server_c4-0c1s1n2_to_/global/scratch2:_excluding_server._Ensure_directory_exists_and_DVS_is_running_on_the_server
2016-02-02T09:06:59.020810-08:00_c5-3c0s12n3_DVS:_verify_filesystem:_file_system_magic_value_0x6969_retrieved_from_server_c6-0c1s1n2_for_/global/scratch2_does_not_match_expected_value_0x47504653:_excluding_server._Ensure_file_system_is_mounted_on_the_server_and_then_restart_DVS
2016-02-02T09:06:59.020851-08:00_c5-3c0s12n3_DVS:_verify_filesystem:_file_system_magic_value_0x6969_retrieved_from_server_c0-1c1s1n2_for_/global/scratch2_does_not_match_expected_value_0x47504653:_excluding_server._Ensure_file_system_is_mounted_on_the_server_and_then_restart_DVS
2016-02-02T09:06:59.020861-08:00_c5-3c0s12n3_DVS:_read_clustered_super:_no_servers_functioning_properly._Unable_to_mount_/global/scratch2_from_servers_to_/global/scratch2._Failover_mode_requires_at_least_one_functioning_server
2016-02-02T09:06:59.020871-08:00_c5-3c0s12n3_mount:_mounting_/global/scratch2_on_/global/scratch2_failed:_No_such_device_or_address
2016-02-02T09:06:59.020878-08:00_c5-3c0s12n3_S01dvs:_mount_returned_error_255_for_/global/scratch2
2016-02-02T09:07:06.625833-08:00_c5-3c0s12n3_S01dvs:_failed_to_mount_DVS_partition_/global/dna_in_under_8_seconds._Verify_mount_and_configuration._Waiting_for_mount_to_finish...
2016-02-02T09:07:58.936502-08:00_c5-3c0s12n3_LNet:_27678:0:(gnilnd_conn.c:2223:kgnilnd_reaper_dgram_check())_GNILND_DGRAM_REQ_datagram_to_838@gni_timed_out_@_60s_dgram_0xffff881039d4ce38_state_GNILND_DGRAM_POSTED_conn_0xffff88103898e800
2016-02-02T09:08:04.486833-08:00_c5-3c0s12n3_LNet:_could_not_send_to_838@gni_due_to_connection_setup_failure_after_65_seconds
2016-02-02T09:08:04.537535-08:00_c5-3c0s12n3_LNet:_27674:0:(gnilnd_cb.c:1212:kgnilnd_tx_done())_$$_error_-113_on_tx_0xffff88103621a048-><?>_id_0/0_state_GNILND_TX_ALLOCD_age_65s_msg@0xffff88103621a0d8_m/v/ty/ck/pck/pl_b00fbabe/8/2/0/0/0_x0:GNILND_MSG_IMMEDIATE
2016-02-02T09:08:05.018854-08:00_c5-3c0s12n3_DVS:_verify_filesystem:_error_-112_encountered_while_mounting_/global/dna_from_server_c4-0c1s1n2_to_/global/dna:_excluding_server._Ensure_directory_exists_and_DVS_is_running_on_the_server
2016-02-02T09:08:05.018887-08:00_c5-3c0s12n3_S01dvs:_mount_of_/global/dna_finished_successfully
2016-02-02T09:08:12.557619-08:00_c5-3c0s12n3_S01dvs:_failed_to_mount_DVS_partition_/global/projecta_in_under_8_seconds._Verify_mount_and_configuration._Waiting_for_mount_to_finish...
2016-02-02T09:09:10.542698-08:00_c5-3c0s12n3_LNet:_could_not_send_to_838@gni_due_to_connection_setup_failure_after_65_seconds
2016-02-02T09:09:10.568040-08:00_c5-3c0s12n3_LNet:_27674:0:(gnilnd_cb.c:1212:kgnilnd_tx_done())_$$_error_-113_on_tx_0xffff880fda6a5a48-><?>_id_0/0_state_GNILND_TX_ALLOCD_age_65s_msg@0xffff880fda6a5ad8_m/v/ty/ck/pck/pl_b00fbabe/8/2/0/0/0_x0:GNILND_MSG_IMMEDIATE
2016-02-02T09:09:11.071814-08:00_c5-3c0s12n3_DVS:_verify_filesystem:_error_-112_encountered_while_mounting_/global/projecta_from_server_c4-0c1s1n2_to_/global/projecta:_excluding_server._Ensure_directory_exists_and_DVS_is_running_on_the_server
2016-02-02T09:09:11.071836-08:00_c5-3c0s12n3_S01dvs:_mount_of_/global/projecta_finished_successfully
2016-02-02T09:09:11.071844-08:00_c5-3c0s12n3_SGI_XPMEM_kernel_module_v2.2_loaded
2016-02-02T09:09:11.071852-08:00_c5-3c0s12n3_<node_health:5.1>_APID:0_(xtnhd)_INFO:_xtnhd_has_started
2016-02-02T09:09:11.071859-08:00_c5-3c0s12n3_mount:_mounting_/dsl/opt/slurm_on_/dsl/dsl/opt/slurm_failed:_No_such_file_or_directory
2016-02-02T09:09:12.110337-08:00_c5-3c0s12n3_<node_health>_Boot_Check:_Starting
2016-02-02T09:09:12.135518-08:00_c5-3c0s12n3_boot_freemem_data_calculated:_63564512
2016-02-02T09:56:57.933039-08:00_c5-3c0s12n3_nscd:_nss_ldap:_reconnected_to_LDAP_server_ldap://ldapcrt.org.gov:636_after_1_attempt
2016-02-02T09:56:59.157570-08:00_c5-3c0s12n3_slurmstepd_(28216):_memory.force_empty_is_deprecated_and_will_be_removed._Let_us_know_if_it_is_needed_in_your_usecase_at_linux-mm@kvack.org
2016-02-02T11:03:23.873678-08:00_c5-3c0s12n3_nscd:_nss_ldap:_reconnected_to_LDAP_server_ldap://ldapcrt.org.gov:636_after_1_attempt
2016-02-02T12:14:30.236323-08:00_c5-3c0s12n3_Using_mlock_ulimits_for_SHM_HUGETLB_is_deprecated
2016-02-02T12:14:53.105707-08:00_c5-3c0s12n3_Killed_process_32512_(gyro)_apid_91617_total-vm:19109220kB,_anon-rss:15667176kB,_file-rss:364kB
2016-02-02T12:14:53.131044-08:00_c5-3c0s12n3_Out_of_memory_(GS):_Worst_offending_of_1_Job._Over_by_(10731937792B).:_Killed_4_processes_sharing_cpu_group_with_pid_32512.
2016-02-02T12:26:27.534250-08:00_c5-3c0s12n3_Killed_process_33247_(run_pastix)_apid_92575_total-vm:4005928kB,_anon-rss:2611592kB,_file-rss:680kB
2016-02-02T12:26:27.559605-08:00_c5-3c0s12n3_Out_of_memory_(GS):_Worst_offending_of_1_Job._Over_by_(29984759808B).:_Killed_23_processes_sharing_cpu_group_with_pid_33247.
2016-02-02T12:27:32.303087-08:00_c5-3c0s12n3_Killed_process_33396_(run_pastix)_apid_10000092575_total-vm:4005928kB,_anon-rss:2607104kB,_file-rss:680kB
2016-02-02T12:27:32.328281-08:00_c5-3c0s12n3_Out_of_memory_(GS):_Worst_offending_of_1_Job._Over_by_(29984759808B).:_Killed_23_processes_sharing_cpu_group_with_pid_33396.
2016-02-02T13:03:52.853704-08:00_c5-3c0s12n3_nscd:_nss_ldap:_reconnected_to_LDAP_server_ldap://ldapcrt.org.gov:636_after_1_attempt
2016-02-02T14:04:08.050191-08:00_c5-3c0s12n3_nscd:_nss_ldap:_reconnected_to_LDAP_server_ldap://ldapcrt.org.gov:636_after_1_attempt
2016-02-02T14:28:45.189679-08:00_c5-3c0s12n3_nscd:_nss_ldap:_reconnected_to_LDAP_server_ldap://ldapcrt.org.gov:636_after_1_attempt
2016-02-02T15:04:23.333596-08:00_c5-3c0s12n3_nscd:_nss_ldap:_reconnected_to_LDAP_server_ldap://ldapcrt.org.gov:636_after_1_attempt
2016-02-02T16:08:30.543977-08:00_c5-3c0s12n3_nscd:_nss_ldap:_reconnected_to_LDAP_server_ldap://ldapcrt.org.gov:636_after_1_attempt
2016-02-02T17:08:45.631587-08:00_c5-3c0s12n3_nscd:_nss_ldap:_reconnected_to_LDAP_server_ldap://ldapcrt.org.gov:636_after_1_attempt
2016-02-02T17:30:12.799275-08:00_c5-3c0s12n3_in_libc-2.11.3.so[2aaaabead000+170000]
2016-02-02T17:31:18.806947-08:00_c5-3c0s12n3_in_libc-2.11.3.so[2aaaabead000+170000]
2016-02-02T17:31:18.853202-08:00_c5-3c0s12n3_in_libc-2.11.3.so[2aaaabead000+170000]
2016-02-02T17:31:18.856860-08:00_c5-3c0s12n3_in_libc-2.11.3.so[2aaaabead000+170000]
2016-02-02T17:31:18.902443-08:00_c5-3c0s12n3_in_libc-2.11.3.so[2aaaabead000+170000]
2016-02-02T18:09:00.707168-08:00_c5-3c0s12n3_nscd:_nss_ldap:_reconnected_to_LDAP_server_ldap://ldapcrt.org.gov:636_after_1_attempt
2016-02-02T19:09:15.780467-08:00_c5-3c0s12n3_nscd:_nss_ldap:_reconnected_to_LDAP_server_ldap://ldapcrt.org.gov:636_after_1_attempt
2016-02-02T20:09:30.827696-08:00_c5-3c0s12n3_nscd:_nss_ldap:_reconnected_to_LDAP_server_ldap://ldapcrt.org.gov:636_after_1_attempt
2016-02-02T21:19:45.895685-08:00_c5-3c0s12n3_nscd:_nss_ldap:_reconnected_to_LDAP_server_ldap://ldapcrt.org.gov:636_after_1_attempt
2016-02-02T22:18:18.607122-08:00_c5-3c0s12n3_nscd:_nss_ldap:_reconnected_to_LDAP_server_ldap://ldapcrt.org.gov:636_after_1_attempt
2016-02-02T23:18:33.981726-08:00_c5-3c0s12n3_nscd:_nss_ldap:_reconnected_to_LDAP_server_ldap://ldapcrt.org.gov:636_after_1_attempt
