2016-02-02T08:54:51.672081-08:00_c7-3c1s14n1_Stop_NMI_detected_on_CPU_0
2016-02-02T08:57:57.078873-08:00_c7-3c1s14n1_Wait4Boot:_WRITE:_524_bytes_to_memory_@_0x90CD0_..._complete
2016-02-02T08:57:57.078920-08:00_c7-3c1s14n1_Wait4Boot:_Blade_Controller_Boot_Protocol_version_-_1
2016-02-02T08:57:57.078934-08:00_c7-3c1s14n1_Wait4Boot:_JUMP:_KernelStart_0x100000,_boot_params_0x90000,_CmdLineAddr_0x90CD0
2016-02-02T08:57:57.117516-08:00_c7-3c1s14n1_FastBootOption_OnExitBootServices_event_.............
2016-02-02T08:57:57.117742-08:00_c7-3c1s14n1_FastBootOption_gFastBootPolicy->FastBootEnable_=_0
2016-02-02T08:57:57.117804-08:00_c7-3c1s14n1_[[_SbPchCallbackExitBootServices()_Start._]]
2016-02-02T08:57:57.117856-08:00_c7-3c1s14n1_SaveState_UniqueIndex_2fd_,_OpIndex_3,_OldOpCode_3_
2016-02-02T08:57:57.117871-08:00_c7-3c1s14n1_[[_SbPchCallbackExitBootServices()_Done._]]
2016-02-02T08:58:10.735318-08:00_c7-3c1s14n1_Sending_ec_node_info_with_boot_code_0_(NODE_INFO_OS_BOOT)_for_nid_6073
2016-02-02T08:58:10.735362-08:00_c7-3c1s14n1_net.core.rmem_max_=_16777216
2016-02-02T08:58:10.735381-08:00_c7-3c1s14n1_net.core.wmem_max_=_16777216
2016-02-02T08:58:10.735404-08:00_c7-3c1s14n1_net.core.rmem_default_=_16777216
2016-02-02T08:58:10.735418-08:00_c7-3c1s14n1_net.core.wmem_default_=_16777216
2016-02-02T08:58:10.735432-08:00_c7-3c1s14n1_net.core.optmem_max_=_16777216
2016-02-02T08:58:10.735446-08:00_c7-3c1s14n1_net.ipv4.tcp_mem_=_16777216_16777216_16777216
2016-02-02T08:58:10.735476-08:00_c7-3c1s14n1_net.ipv4.tcp_rmem_=_4096_87380_16777216
2016-02-02T08:58:10.735492-08:00_c7-3c1s14n1_net.ipv4.tcp_wmem_=_4096_65536_16777216
2016-02-02T08:58:11.145593-08:00_c7-3c1s14n1_Starting_RSIP_client,_server=10.128.1.132,_num_ports=74
2016-02-02T08:58:11.145615-08:00_c7-3c1s14n1_Loading_gsockets_module
2016-02-02T08:58:11.145623-08:00_c7-3c1s14n1_nid_6073:_Linux_version_3.0.101-0.35.1_1.0502.8640-cray_ari_c_(abuild@cfosbld02)_(gcc_version_4.3.4_[gcc-4_3-branch_revision_152973]_(SUSE_Linux)_)_#1_SMP_Wed_Feb_18_05:13:50_UTC_2015
2016-02-02T08:58:11.145636-08:00_c7-3c1s14n1_startiLNet:_HW_CPU_cores:_48,_npartitions:_8
2016-02-02T08:58:11.145642-08:00_c7-3c1s14n1_ng_pid_27581,_tty_'':_'/etc/init.d/rc'
2016-02-02T08:58:11.145648-08:00_c7-3c1s14n1_nomtab:_1
2016-02-02T08:58:16.125321-08:00_c7-3c1s14n1_Lustre:_Lustre:_Build_Version:_2.5.2-trunk-1.0502.18911.12.4-abuild-RB-5.2UP03_2.5.2-2015-02-18-05:54
2016-02-02T08:58:16.150723-08:00_c7-3c1s14n1_Lustre:_kgnilnd_build_version:_2.5-trunk-1.0502.18911.12.4-abuild-RB-5.2UP03_2.5.2-2015-02-18-05:54
2016-02-02T08:58:16.381471-08:00_c7-3c1s14n1_LNet:_Added_LNI_6073@gni_[16/1024/0/0]
2016-02-02T08:58:17.439439-08:00_c7-3c1s14n1_LustreError:_27743:0:(obd_config.c:1341:class_process_proc_param())_lov:_snx11025-clilov-ffff880837150400_unknown_param_qos_threshold_rr=100
2016-02-02T08:58:17.466712-08:00_c7-3c1s14n1_LustreError:_27743:0:(obd_config.c:1346:class_process_proc_param())_osc.:_error_writing_proc_entry_'checksum_type':_rc_=_-22
2016-02-02T08:58:17.601823-08:00_c7-3c1s14n1_Lustre:_Mounted_snx11025-client
2016-02-02T08:58:17.627151-08:00_c7-3c1s14n1_nomtab:_1
2016-02-02T08:58:37.742176-08:00_c7-3c1s14n1_Lustre:_27660:0:(client.c:1910:ptlrpc_expire_one_request())_@@@_Request_sent_has_timed_out_for_slow_reply:_[sent_1454432212/real_1454432212]_req@ffff88103c902800_x1525082710082336/t0(0)_o38->snx11035-MDT0000-mdc-ffff88103c677000@10.100.101.4@o2ib2000:12/10_lens_400/544_e_0_to_1_dl_1454432232_ref_1_fl_Rpc:XNU/0/ffffffff_rc_0/-1
2016-02-02T08:58:42.814091-08:00_c7-3c1s14n1_Lustre:_Mounted_snx11035-client
2016-02-02T08:58:42.839393-08:00_c7-3c1s14n1_nomtab:_1
2016-02-02T08:58:42.869462-08:00_c7-3c1s14n1_LustreError:_27758:0:(obd_config.c:1341:class_process_proc_param())_lov:_snx11036-clilov-ffff88083704ec00_unknown_param_qos_threshold_rr=100
2016-02-02T08:58:42.894839-08:00_c7-3c1s14n1_LustreError:_27758:0:(obd_config.c:1341:class_process_proc_param())_Skipped_1_previous_similar_message
2016-02-02T08:59:01.950980-08:00_c7-3c1s14n1_Lustre:_27660:0:(client.c:1910:ptlrpc_expire_one_request())_@@@_Request_sent_has_timed_out_for_slow_reply:_[sent_1454432237/real_1454432237]_req@ffff88103a811000_x1525082710082804/t0(0)_o8->snx11035-OST000f-osc-ffff88103c677000@10.100.101.8@o2ib2003:28/4_lens_400/544_e_0_to_1_dl_1454432257_ref_1_fl_Rpc:XNU/0/ffffffff_rc_0/-1
2016-02-02T08:59:01.976297-08:00_c7-3c1s14n1_Lustre:_27660:0:(client.c:1910:ptlrpc_expire_one_request())_Skipped_4_previous_similar_messages
2016-02-02T08:59:03.058142-08:00_c7-3c1s14n1_Lustre:_27660:0:(client.c:1910:ptlrpc_expire_one_request())_@@@_Request_sent_has_timed_out_for_slow_reply:_[sent_1454432238/real_1454432238]_req@ffff880839747400_x1525082710083228/t0(0)_o38->snx11036-MDT0000-mdc-ffff88083704ec00@10.100.102.4@o2ib3000:12/10_lens_400/544_e_0_to_1_dl_1454432258_ref_1_fl_Rpc:XNU/0/ffffffff_rc_0/-1
2016-02-02T08:59:03.058195-08:00_c7-3c1s14n1_Lustre:_27660:0:(client.c:1910:ptlrpc_expire_one_request())_Skipped_3_previous_similar_messages
2016-02-02T08:59:07.901843-08:00_c7-3c1s14n1_Lustre:_Layout_lock_feature_supported.
2016-02-02T08:59:08.019420-08:00_c7-3c1s14n1_Lustre:_Mounted_snx11036-client
2016-02-02T08:59:08.178229-08:00_c7-3c1s14n1_bpmcd_init:_Power_statistics_available_in_/sys/cray
2016-02-02T08:59:08.215850-08:00_c7-3c1s14n1_DVS:_Revision_2043_-_Built:_Apr_29_2015_@_20:36:39_for_lnet_version_2.5
2016-02-02T08:59:27.894859-08:00_c7-3c1s14n1_DVS:_parse_options:_ignoring_'maxnodes'_for_loadbalance_file_system
2016-02-02T08:59:27.958784-08:00_c7-3c1s14n1_Lustre:_27660:0:(client.c:1910:ptlrpc_expire_one_request())_@@@_Request_sent_has_timed_out_for_slow_reply:_[sent_1454432263/real_1454432263]_req@ffff88103c8ef400_x1525082710084072/t0(0)_o8->snx11036-OST000b-osc-ffff88083704ec00@10.100.102.16@o2ib3005:28/4_lens_400/544_e_0_to_1_dl_1454432283_ref_1_fl_Rpc:XNU/0/ffffffff_rc_0/-1
2016-02-02T08:59:32.292404-08:00_c7-3c1s14n1_S01dvs:_failed_to_mount_DVS_partition_/global/common_in_under_8_seconds._Verify_mount_and_configuration._Waiting_for_mount_to_finish...
2016-02-02T09:00:25.188567-08:00_c7-3c1s14n1_LNet:_could_not_send_to_838@gni_due_to_connection_setup_failure_after_60_seconds
2016-02-02T09:00:25.228141-08:00_c7-3c1s14n1_LNet:_27653:0:(gnilnd_cb.c:1212:kgnilnd_tx_done())_$$_error_-113_on_tx_0xffff88103a808d08-><?>_id_0/0_state_GNILND_TX_ALLOCD_age_60s_msg@0xffff88103a808d98_m/v/ty/ck/pck/pl_b00fbabe/8/2/0/0/0_x0:GNILND_MSG_IMMEDIATE
2016-02-02T09:00:25.278768-08:00_c7-3c1s14n1_DVS:_verify_filesystem:_error_-112_encountered_while_mounting_/global/common_from_server_c4-0c1s1n2_to_/global/common:_excluding_server._Ensure_directory_exists_and_DVS_is_running_on_the_server
2016-02-02T09:00:25.278785-08:00_c7-3c1s14n1_S01dvs:_mount_of_/global/common_finished_successfully
2016-02-02T09:00:33.283549-08:00_c7-3c1s14n1_S01dvs:_failed_to_mount_DVS_partition_/global/u1_in_under_8_seconds._Verify_mount_and_configuration._Waiting_for_mount_to_finish...
2016-02-02T09:01:26.415027-08:00_c7-3c1s14n1_LNet:_27657:0:(gnilnd_conn.c:2223:kgnilnd_reaper_dgram_check())_GNILND_DGRAM_REQ_datagram_to_838@gni_timed_out_@_61s_dgram_0xffff88103c538e38_state_GNILND_DGRAM_POSTED_conn_0xffff880ffc788000
2016-02-02T09:01:29.466055-08:00_c0-1c1s1n1_<node_health:5.1>_APID:79756_(xtcheckhealth)_WARNING:_Node_c7-3c1s14n1_(6073)_is_down_and_will_not_be_checked!
2016-02-02T09:01:29.842083-08:00_c0-1c1s1n1_<node_health:5.1>_RESID:79756_(xtcheckhealth)_WARNING:_Node_c7-3c1s14n1_(6073)_is_down_and_will_not_be_checked!
2016-02-02T09:01:30.261678-08:00_c7-3c1s14n1_LNet:_could_not_send_to_838@gni_due_to_connection_setup_failure_after_64_seconds
2016-02-02T09:01:30.286973-08:00_c7-3c1s14n1_LNet:_27653:0:(gnilnd_cb.c:1212:kgnilnd_tx_done())_$$_error_-113_on_tx_0xffff881039d18588-><?>_id_0/0_state_GNILND_TX_ALLOCD_age_64s_msg@0xffff881039d18618_m/v/ty/ck/pck/pl_b00fbabe/8/2/0/0/0_x0:GNILND_MSG_IMMEDIATE
2016-02-02T09:01:30.314780-08:00_c7-3c1s14n1_DVS:_verify_filesystem:_error_-112_encountered_while_mounting_/global/u1_from_server_c4-0c1s1n2_to_/global/u1:_excluding_server._Ensure_directory_exists_and_DVS_is_running_on_the_server
2016-02-02T09:01:30.340188-08:00_c7-3c1s14n1_S01dvs:_mount_of_/global/u1_finished_successfully
2016-02-02T09:01:38.325010-08:00_c7-3c1s14n1_S01dvs:_failed_to_mount_DVS_partition_/global/u2_in_under_8_seconds._Verify_mount_and_configuration._Waiting_for_mount_to_finish...
2016-02-02T09:02:36.290426-08:00_c7-3c1s14n1_LNet:_could_not_send_to_838@gni_due_to_connection_setup_failure_after_65_seconds
2016-02-02T09:02:36.326921-08:00_c7-3c1s14n1_LNet:_27653:0:(gnilnd_cb.c:1212:kgnilnd_tx_done())_$$_error_-113_on_tx_0xffff881036624cc8-><?>_id_0/0_state_GNILND_TX_ALLOCD_age_65s_msg@0xffff881036624d58_m/v/ty/ck/pck/pl_b00fbabe/8/2/0/0/0_x0:GNILND_MSG_IMMEDIATE
2016-02-02T09:02:36.384549-08:00_c7-3c1s14n1_DVS:_verify_filesystem:_error_-112_encountered_while_mounting_/global/u2_from_server_c4-0c1s1n2_to_/global/u2:_excluding_server._Ensure_directory_exists_and_DVS_is_running_on_the_server
2016-02-02T09:02:36.384575-08:00_c7-3c1s14n1_S01dvs:_mount_of_/global/u2_finished_successfully
2016-02-02T09:02:44.371800-08:00_c7-3c1s14n1_S01dvs:_failed_to_mount_DVS_partition_/global/project_in_under_8_seconds._Verify_mount_and_configuration._Waiting_for_mount_to_finish...
2016-02-02T09:03:39.598874-08:00_c7-3c1s14n1_LNet:_27657:0:(gnilnd_conn.c:2223:kgnilnd_reaper_dgram_check())_GNILND_DGRAM_REQ_datagram_to_838@gni_timed_out_@_63s_dgram_0xffff88103c538e38_state_GNILND_DGRAM_POSTED_conn_0xffff881036431c00
2016-02-02T09:03:42.361490-08:00_c7-3c1s14n1_LNet:_could_not_send_to_838@gni_due_to_connection_setup_failure_after_65_seconds
2016-02-02T09:03:42.401632-08:00_c7-3c1s14n1_LNet:_27653:0:(gnilnd_cb.c:1212:kgnilnd_tx_done())_$$_error_-113_on_tx_0xffff88103c68ba48-><?>_id_0/0_state_GNILND_TX_ALLOCD_age_65s_msg@0xffff88103c68bad8_m/v/ty/ck/pck/pl_b00fbabe/8/2/0/0/0_x0:GNILND_MSG_IMMEDIATE
2016-02-02T09:03:42.426934-08:00_c7-3c1s14n1_DVS:_verify_filesystem:_error_-112_encountered_while_mounting_/global/project_from_server_c4-0c1s1n2_to_/global/project:_excluding_server._Ensure_directory_exists_and_DVS_is_running_on_the_server
2016-02-02T09:03:42.426973-08:00_c7-3c1s14n1_S01dvs:_mount_of_/global/project_finished_successfully
2016-02-02T09:03:50.415633-08:00_c7-3c1s14n1_S01dvs:_failed_to_mount_DVS_partition_/global/projectb_in_under_8_seconds._Verify_mount_and_configuration._Waiting_for_mount_to_finish...
2016-02-02T09:04:47.393651-08:00_c7-3c1s14n1_LNet:_could_not_send_to_838@gni_due_to_connection_setup_failure_after_64_seconds
2016-02-02T09:04:47.437567-08:00_c7-3c1s14n1_LNet:_27653:0:(gnilnd_cb.c:1212:kgnilnd_tx_done())_$$_error_-113_on_tx_0xffff880fcdd63cc8-><?>_id_0/0_state_GNILND_TX_ALLOCD_age_64s_msg@0xffff880fcdd63d58_m/v/ty/ck/pck/pl_b00fbabe/8/2/0/0/0_x0:GNILND_MSG_IMMEDIATE
2016-02-02T09:04:47.462886-08:00_c7-3c1s14n1_DVS:_verify_filesystem:_error_-112_encountered_while_mounting_/global/projectb_from_server_c4-0c1s1n2_to_/global/projectb:_excluding_server._Ensure_directory_exists_and_DVS_is_running_on_the_server
2016-02-02T09:04:47.462902-08:00_c7-3c1s14n1_S01dvs:_mount_of_/global/projectb_finished_successfully
2016-02-02T09:04:55.472773-08:00_c7-3c1s14n1_S01dvs:_failed_to_mount_DVS_partition_/global/syscom_in_under_8_seconds._Verify_mount_and_configuration._Waiting_for_mount_to_finish...
2016-02-02T09:05:52.789504-08:00_c7-3c1s14n1_LNet:_27657:0:(gnilnd_conn.c:2223:kgnilnd_reaper_dgram_check())_GNILND_DGRAM_REQ_datagram_to_838@gni_timed_out_@_65s_dgram_0xffff88103a5b95b8_state_GNILND_DGRAM_POSTED_conn_0xffff881035e20400
2016-02-02T09:05:53.438591-08:00_c7-3c1s14n1_LNet:_could_not_send_to_838@gni_due_to_connection_setup_failure_after_65_seconds
2016-02-02T09:05:53.464066-08:00_c7-3c1s14n1_LNet:_27653:0:(gnilnd_cb.c:1212:kgnilnd_tx_done())_$$_error_-113_on_tx_0xffff8810364d4cc8-><?>_id_0/0_state_GNILND_TX_ALLOCD_age_65s_msg@0xffff8810364d4d58_m/v/ty/ck/pck/pl_b00fbabe/8/2/0/0/0_x0:GNILND_MSG_IMMEDIATE
2016-02-02T09:05:53.514612-08:00_c7-3c1s14n1_DVS:_verify_filesystem:_error_-112_encountered_while_mounting_/global/syscom_from_server_c4-0c1s1n2_to_/global/syscom:_excluding_server._Ensure_directory_exists_and_DVS_is_running_on_the_server
2016-02-02T09:05:53.565224-08:00_c7-3c1s14n1_S01dvs:_mount_of_/global/syscom_finished_successDVS:_verify_filesystem:_file_system_magic_value_0x6969_retrieved_from_server_c2-0c0s0n2_for_/global/scratch2_does_not_match_expected_value_0x47504653:_excluding_server._Ensure_file_system_is_mounted_on_the_server_and_then_restart_DVS
2016-02-02T09:05:53.565241-08:00_c7-3c1s14n1_fully
2016-02-02T09:05:53.590597-08:00_c7-3c1s14n1_DVS:_verify_filesystem:_file_system_magic_value_0x6969_retrieved_from_server_c6-0c0s0n2_for_/global/scratch2_does_not_match_expected_value_0x47504653:_excluding_server._Ensure_file_system_is_mounted_on_the_server_and_then_restart_DVS
2016-02-02T09:05:53.641221-08:00_c7-3c1s14n1_DVS:_verify_filesystem:_file_system_magic_value_0x6969_retrieved_from_server_c0-1c0s0n2_for_/global/scratch2_does_not_match_expected_value_0x47504653:_excluding_server._Ensure_file_system_is_mounted_on_the_server_and_then_restart_DVS
2016-02-02T09:05:53.691894-08:00_c7-3c1s14n1_DVS:_verify_filesystem:_file_system_magic_value_0x6969_retrieved_from_server_c2-1c0s0n2_for_/global/scratch2_does_not_match_expected_value_0x47504653:_excluding_server._Ensure_file_system_is_mounted_on_the_server_and_then_restart_DVS
2016-02-02T09:05:53.717259-08:00_c7-3c1s14n1_DVS:_verify_filesystem:_file_system_magic_value_0x6969_retrieved_from_server_c4-1c0s0n2_for_/global/scratch2_does_not_match_expected_value_0x47504653:_excluding_server._Ensure_file_system_is_mounted_on_the_server_and_then_restart_DVS
2016-02-02T09:05:53.767884-08:00_c7-3c1s14n1_DVS:_verify_filesystem:_file_system_magic_value_0x6969_retrieved_from_server_c0-2c0s0n2_for_/global/scratch2_does_not_match_expected_value_0x47504653:_excluding_server._Ensure_file_system_is_mounted_on_the_server_and_then_restart_DVS
2016-02-02T09:05:53.793239-08:00_c7-3c1s14n1_DVS:_verify_filesystem:_file_system_magic_value_0x6969_retrieved_from_server_c0-2c0s0n1_for_/global/scratch2_does_not_match_expected_value_0x47504653:_excluding_server._Ensure_file_system_is_mounted_on_the_server_and_then_restart_DVS
2016-02-02T09:05:53.829523-08:00_c7-3c1s14n1_DVS:_verify_filesystem:_file_system_magic_value_0x6969_retrieved_from_server_c2-2c0s0n2_for_/global/scratch2_does_not_match_expected_value_0x47504653:_excluding_server._Ensure_file_system_is_mounted_on_the_server_and_then_restart_DVS
2016-02-02T09:05:53.867988-08:00_c7-3c1s14n1_DVS:_verify_filesystem:_file_system_magic_value_0x6969_retrieved_from_server_c4-2c0s0n2_for_/global/scratch2_does_not_match_expected_value_0x47504653:_excluding_server._Ensure_file_system_is_mounted_on_the_server_and_then_restart_DVS
2016-02-02T09:05:53.933589-08:00_c7-3c1s14n1_DVS:_verify_filesystem:_file_system_magic_value_0x6969_retrieved_from_server_c6-2c0s0n2_for_/global/scratch2_does_not_match_expected_value_0x47504653:_excluding_server._Ensure_file_system_is_mounted_on_the_server_and_then_restart_DVS
2016-02-02T09:05:53.973626-08:00_c7-3c1s14n1_DVS:_verify_filesystem:_file_system_magic_value_0x6969_retrieved_from_server_c2-0c1s1n2_for_/global/scratch2_does_not_match_expected_value_0x47504653:_excluding_server._Ensure_file_system_is_mounted_on_the_server_and_then_restart_DVS
2016-02-02T09:06:01.516343-08:00_c7-3c1s14n1_S01dvs:_failed_to_mount_DVS_partition_/global/scratch2_in_under_8_seconds._Verify_mount_and_configuration._Waiting_for_mount_to_finish...
2016-02-02T09:06:58.521522-08:00_c7-3c1s14n1_LNet:_could_not_send_to_838@gni_due_to_connection_setup_failure_after_64_seconds
2016-02-02T09:06:58.546818-08:00_c7-3c1s14n1_LNet:_27653:0:(gnilnd_cb.c:1212:kgnilnd_tx_done())_$$_error_-113_on_tx_0xffff88103a67c548-><?>_id_0/0_state_GNILND_TX_ALLOCD_age_64s_msg@0xffff88103a67c5d8_m/v/ty/ck/pck/pl_b00fbabe/8/2/0/0/0_x0:GNILND_MSG_IMMEDIATE
2016-02-02T09:06:58.572136-08:00_c7-3c1s14n1_DVS:_verify_filesystem:_error_-112_encountered_while_mounting_/global/scratch2_from_server_c4-0c1s1n2_to_/global/scratch2:_excluding_server._Ensure_directory_exists_and_DVS_is_running_on_the_server
2016-02-02T09:06:58.597485-08:00_c7-3c1s14n1_DVS:_verify_filesystem:_file_system_magic_value_0x6969_retrieved_from_server_c6-0c1s1n2_for_/global/scratch2_does_not_match_expected_value_0x47504653:_excluding_server._Ensure_file_system_is_mounted_on_the_server_and_then_restart_DVS
2016-02-02T09:06:58.637890-08:00_c7-3c1s14n1_DVS:_verify_filesystem:_file_system_magic_value_0x6969_retrieved_from_server_c0-1c1s1n2_for_/global/scratch2_does_not_match_expected_value_0x47504653:_excluding_server._Ensure_file_system_is_mounted_on_the_server_and_then_restart_DVS
2016-02-02T09:06:58.671245-08:00_c7-3c1s14n1_DVS:_read_clustered_super:_no_servers_functioning_properly._Unable_to_mount_/global/scratch2_from_servers_to_/global/scratch2._Failover_mode_requires_at_least_one_functioning_server
2016-02-02T09:06:58.696647-08:00_c7-3c1s14n1_mount:_mounting_/global/scratch2_on_/global/scratch2_failed:_No_such_device_or_address
2016-02-02T09:06:58.696698-08:00_c7-3c1s14n1_S01dvs:_mount_returned_error_255_for_/global/scratch2
2016-02-02T09:07:06.681243-08:00_c7-3c1s14n1_S01dvs:_failed_to_mount_DVS_partition_/global/dna_in_under_8_seconds._Verify_mount_and_configuration._Waiting_for_mount_to_finish...
2016-02-02T09:07:58.973438-08:00_c7-3c1s14n1_LNet:_27657:0:(gnilnd_conn.c:2223:kgnilnd_reaper_dgram_check())_GNILND_DGRAM_REQ_datagram_to_838@gni_timed_out_@_60s_dgram_0xffff88103a5b9068_state_GNILND_DGRAM_POSTED_conn_0xffff881036414800
2016-02-02T09:08:04.550586-08:00_c7-3c1s14n1_LNet:_could_not_send_to_838@gni_due_to_connection_setup_failure_after_65_seconds
2016-02-02T09:08:04.575959-08:00_c7-3c1s14n1_LNet:_27653:0:(gnilnd_cb.c:1212:kgnilnd_tx_done())_$$_error_-113_on_tx_0xffff8810363dc548-><?>_id_0/0_state_GNILND_TX_ALLOCD_age_65s_msg@0xffff8810363dc5d8_m/v/ty/ck/pck/pl_b00fbabe/8/2/0/0/0_x0:GNILND_MSG_IMMEDIATE
2016-02-02T09:08:04.626623-08:00_c7-3c1s14n1_DVS:_verify_filesystem:_error_-112_encountered_while_mounting_/global/dna_from_server_c4-0c1s1n2_to_/global/dna:_excluding_server._Ensure_directory_exists_and_DVS_is_running_on_the_server
2016-02-02T09:08:04.626661-08:00_c7-3c1s14n1_S01dvs:_mount_of_/global/dna_finished_successfully
2016-02-02T09:08:12.641648-08:00_c7-3c1s14n1_S01dvs:_failed_to_mount_DVS_partition_/global/projecta_in_under_8_seconds._Verify_mount_and_configuration._Waiting_for_mount_to_finish...
2016-02-02T09:09:10.591517-08:00_c7-3c1s14n1_LNet:_could_not_send_to_838@gni_due_to_connection_setup_failure_after_65_seconds
2016-02-02T09:09:10.642166-08:00_c7-3c1s14n1_LNet:_27653:0:(gnilnd_cb.c:1212:kgnilnd_tx_done())_$$_error_-113_on_tx_0xffff88103a2de548-><?>_id_0/0_state_GNILND_TX_ALLOCD_age_65s_msg@0xffff88103a2de5d8_m/v/ty/ck/pck/pl_b00fbabe/8/2/0/0/0_x0:GNILND_MSG_IMMEDIATE
2016-02-02T09:09:10.667460-08:00_c7-3c1s14n1_DVS:_verify_filesystem:_error_-112_encountered_while_mounting_/global/projecta_from_server_c4-0c1s1n2_to_/global/projecta:_excluding_server._Ensure_directory_exists_and_DVS_is_running_on_the_server
2016-02-02T09:09:10.667500-08:00_c7-3c1s14n1_S01dvs:_mount_of_/global/projecta_finished_successfully
2016-02-02T09:09:10.692728-08:00_c7-3c1s14n1_SGI_XPMEM_kernel_module_v2.2_loaded
2016-02-02T09:09:10.718171-08:00_c7-3c1s14n1_<node_health:5.1>_APID:0_(xtnhd)_INFO:_xtnhd_has_started
2016-02-02T09:09:10.743398-08:00_c7-3c1s14n1_mount:_mounting_/dsl/opt/slurm_on_/dsl/dsl/opt/slurm_failed:_No_such_file_or_directory
2016-02-02T09:09:12.103879-08:00_c7-3c1s14n1_<node_health>_Boot_Check:_Starting
2016-02-02T09:09:12.166610-08:00_c7-3c1s14n1_boot_freemem_data_calculated:_63566056
2016-02-02T09:09:13.065508-08:00_c7-3c1s14n1_krsip:_resource_1_expired;_deadline_past_by_26s
2016-02-02T09:09:15.382371-08:00_c7-3c1s14n1_krsip:_can't_acquire_resource_(error_312)
2016-02-02T09:51:09.492690-08:00_c7-3c1s14n1_nscd:_nss_ldap:_reconnected_to_LDAP_server_ldap://ldapcrt.org.gov:636_after_1_attempt
2016-02-02T09:51:17.797645-08:00_c7-3c1s14n1_Using_mlock_ulimits_for_SHM_HUGETLB_is_deprecated
2016-02-02T10:08:01.945883-08:00_c7-3c1s14n1_nscd:_nss_ldap:_reconnected_to_LDAP_server_ldap://ldapcrt.org.gov:636_after_1_attempt
2016-02-02T10:51:24.926848-08:00_c7-3c1s14n1_nscd:_nss_ldap:_reconnected_to_LDAP_server_ldap://ldapcrt.org.gov:636_after_1_attempt
2016-02-02T11:08:16.943408-08:00_c7-3c1s14n1_nscd:_nss_ldap:_reconnected_to_LDAP_server_ldap://ldapcrt.org.gov:636_after_1_attempt
2016-02-02T11:51:24.973525-08:00_c7-3c1s14n1_nscd:_nss_ldap:_reconnected_to_LDAP_server_ldap://ldapcrt.org.gov:636_after_1_attempt
2016-02-02T12:08:31.156150-08:00_c7-3c1s14n1_nscd:_nss_ldap:_reconnected_to_LDAP_server_ldap://ldapcrt.org.gov:636_after_1_attempt
2016-02-02T12:51:40.143823-08:00_c7-3c1s14n1_nscd:_nss_ldap:_reconnected_to_LDAP_server_ldap://ldapcrt.org.gov:636_after_1_attempt
2016-02-02T13:08:46.165544-08:00_c7-3c1s14n1_nscd:_nss_ldap:_reconnected_to_LDAP_server_ldap://ldapcrt.org.gov:636_after_1_attempt
2016-02-02T13:51:57.180215-08:00_c7-3c1s14n1_nscd:_nss_ldap:_reconnected_to_LDAP_server_ldap://ldapcrt.org.gov:636_after_1_attempt
2016-02-02T14:08:48.229967-08:00_c7-3c1s14n1_nscd:_nss_ldap:_reconnected_to_LDAP_server_ldap://ldapcrt.org.gov:636_after_1_attempt
2016-02-02T14:52:12.313556-08:00_c7-3c1s14n1_nscd:_nss_ldap:_reconnected_to_LDAP_server_ldap://ldapcrt.org.gov:636_after_1_attempt
2016-02-02T18:21:16.288715-08:00_c7-3c1s14n1_slurmstepd_(28231):_memory.force_empty_is_deprecated_and_will_be_removed._Let_us_know_if_it_is_needed_in_your_usecase_at_linux-mm@kvack.org
2016-02-02T18:26:33.619184-08:00_c7-3c1s14n1_nscd:_nss_ldap:_reconnected_to_LDAP_server_ldap://ldapcrt.org.gov:636_after_1_attempt
2016-02-02T19:26:48.639836-08:00_c7-3c1s14n1_nscd:_nss_ldap:_reconnected_to_LDAP_server_ldap://ldapcrt.org.gov:636_after_1_attempt
2016-02-02T20:27:03.670905-08:00_c7-3c1s14n1_nscd:_nss_ldap:_reconnected_to_LDAP_server_ldap://ldapcrt.org.gov:636_after_1_attempt
2016-02-02T21:27:18.730919-08:00_c7-3c1s14n1_nscd:_nss_ldap:_reconnected_to_LDAP_server_ldap://ldapcrt.org.gov:636_after_1_attempt
2016-02-02T22:27:33.740292-08:00_c7-3c1s14n1_nscd:_nss_ldap:_reconnected_to_LDAP_server_ldap://ldapcrt.org.gov:636_after_1_attempt
2016-02-02T23:27:48.796918-08:00_c7-3c1s14n1_nscd:_nss_ldap:_reconnected_to_LDAP_server_ldap://ldapcrt.org.gov:636_after_1_attempt
