2016-04-06T00:20:20.783525-07:00_c5-1c0s13n3_nscd:_nss_ldap:_reconnected_to_LDAP_server_ldap://ldapcrt.org.gov:636_after_1_attempt
2016-04-06T01:20:35.893562-07:00_c5-1c0s13n3_nscd:_nss_ldap:_reconnected_to_LDAP_server_ldap://ldapcrt.org.gov:636_after_1_attempt
2016-04-06T02:20:51.117948-07:00_c5-1c0s13n3_nscd:_nss_ldap:_reconnected_to_LDAP_server_ldap://ldapcrt.org.gov:636_after_1_attempt
2016-04-06T07:02:19.428477-07:00_c5-1c0s13n3_Lustre:_27658:0:(client.c:1910:ptlrpc_expire_one_request())_@@@_Request_sent_has_timed_out_for_slow_reply:_[sent_1459951323/real_1459951323]_req@ffff880fd3a52400_x1529006267287260/t0(0)_o400->snx11036-OST001d-osc-ffff8808338c5400@10.100.102.34@o2ib3011:28/4_lens_224/224_e_0_to_1_dl_1459951339_ref_1_fl_Rpc:XNU/0/ffffffff_rc_0/-1
2016-04-06T07:02:19.479513-07:00_c5-1c0s13n3_Lustre:_27688:0:(client.c:1910:ptlrpc_expire_one_request())_@@@_Request_sent_has_timed_out_for_slow_reply:_[sent_1459951323/real_1459951323]_req@ffff880fcdd8b000_x1529006267286624/t0(0)_o400->snx11025-OST0042-osc-ffff88103a22dc00@10.100.100.21@o2ib1006:28/4_lens_224/224_e_0_to_1_dl_1459951339_ref_1_fl_Rpc:XNU/0/ffffffff_rc_0/-1
2016-04-06T07:02:19.504960-07:00_c5-1c0s13n3_Lustre:_snx11025-OST0040-osc-ffff88103a22dc00:_Connection_to_snx11025-OST0040_(at_10.100.100.21@o2ib1006)_was_lost;_in_progress_operations_using_this_service_will_wait_for_recovery_to_complete
2016-04-06T07:02:19.530295-07:00_c5-1c0s13n3_Lustre:_27688:0:(client.c:1910:ptlrpc_expire_one_request())_Skipped_60_previous_similar_messages
2016-04-06T07:02:19.530340-07:00_c5-1c0s13n3_Lustre:_Skipped_2_previous_similar_messages
2016-04-06T07:02:19.530423-07:00_c5-1c0s13n3_Lustre:_snx11036-OST0019-osc-ffff8808338c5400:_Connection_restored_to_snx11036-OST0019_(at_10.100.102.30@o2ib3011)
2016-04-06T07:02:19.555798-07:00_c5-1c0s13n3_Lustre:_Skipped_1_previous_similar_message
2016-04-06T07:02:19.581285-07:00_c5-1c0s13n3_Lustre:_27658:0:(client.c:1910:ptlrpc_expire_one_request())_Skipped_7_previous_similar_messages
2016-04-06T07:02:39.585334-07:00_c5-1c0s13n3_Lustre:_27655:0:(client.c:1910:ptlrpc_expire_one_request())_@@@_Request_sent_has_timed_out_for_slow_reply:_[sent_1459951339/real_1459951339]_req@ffff880e071e9400_x1529006267287352/t0(0)_o8->snx11036-OST001d-osc-ffff8808338c5400@10.100.102.34@o2ib3011:28/4_lens_400/544_e_0_to_1_dl_1459951359_ref_1_fl_Rpc:XNU/0/ffffffff_rc_0/-1
2016-04-06T07:03:00.592755-07:00_c5-1c0s13n3_Lustre:_27696:0:(client.c:1910:ptlrpc_expire_one_request())_@@@_Request_sent_has_timed_out_for_slow_reply:_[sent_1459951364/real_1459951364]_req@ffff880c75a9f400_x1529006267288276/t0(0)_o400->snx11036-OST0020-osc-ffff8808338c5400@10.100.102.37@o2ib3012:28/4_lens_224/224_e_0_to_1_dl_1459951380_ref_1_fl_Rpc:XNU/0/ffffffff_rc_0/-1
2016-04-06T07:03:00.592977-07:00_c5-1c0s13n3_Lustre:_snx11036-OST001b-osc-ffff8808338c5400:_Connection_to_snx11036-OST001b_(at_10.100.102.32@o2ib3011)_was_lost;_in_progress_operations_using_this_service_will_wait_for_recovery_to_complete
2016-04-06T07:03:00.618297-07:00_c5-1c0s13n3_Lustre:_Skipped_13_previous_similar_messages
2016-04-06T07:03:00.643672-07:00_c5-1c0s13n3_Lustre:_snx11036-OST0019-osc-ffff8808338c5400:_Connection_restored_to_snx11036-OST0019_(at_10.100.102.30@o2ib3011)
2016-04-06T07:03:00.643706-07:00_c5-1c0s13n3_Lustre:_Skipped_1_previous_similar_message
2016-04-06T07:03:00.669064-07:00_c5-1c0s13n3_Lustre:_27696:0:(client.c:1910:ptlrpc_expire_one_request())_Skipped_15_previous_similar_messages
2016-04-06T07:03:25.695309-07:00_c5-1c0s13n3_Lustre:_snx11036-OST001d-osc-ffff8808338c5400:_Connection_restored_to_snx11036-OST001d_(at_10.100.102.34@o2ib3011)
2016-04-06T07:03:25.695325-07:00_c5-1c0s13n3_Lustre:_Skipped_1_previous_similar_message
2016-04-06T07:03:28.043109-07:00_c5-1c0s13n3_LNet:_27651:0:(lib-move.c:1497:lnet_parse_put())_Dropping_PUT_from_12345-10.100.102.32@o2ib3011_portal_4_match_1529006267288256_offset_192_length_192:_4
2016-04-06T07:03:28.043325-07:00_c5-1c0s13n3_LNet:_27651:0:(lib-move.c:1497:lnet_parse_put())_Skipped_3_previous_similar_messages
2016-04-06T07:03:50.702712-07:00_c5-1c0s13n3_Lustre:_snx11036-OST001b-osc-ffff8808338c5400:_Connection_restored_to_snx11036-OST001b_(at_10.100.102.32@o2ib3011)
2016-04-06T07:03:50.702724-07:00_c5-1c0s13n3_Lustre:_Skipped_5_previous_similar_messages
2016-04-06T07:03:51.725334-07:00_c5-1c0s13n3_Lustre:_27655:0:(client.c:1910:ptlrpc_expire_one_request())_@@@_Request_sent_has_timed_out_for_slow_reply:_[sent_1459951405/real_1459951405]_req@ffff880fd3150000_x1529006267288568/t0(0)_o8->snx11025-OST003f-osc-ffff88103a22dc00@10.100.100.19@o2ib1006:28/4_lens_400/544_e_0_to_1_dl_1459951430_ref_1_fl_Rpc:XNU/0/ffffffff_rc_0/-1
2016-04-06T07:03:51.776150-07:00_c5-1c0s13n3_Lustre:_27655:0:(client.c:1910:ptlrpc_expire_one_request())_Skipped_9_previous_similar_messages
2016-04-06T07:11:44.950529-07:00_c5-1c0s13n3_Lustre:_snx11025-OST0039-osc-ffff88103a22dc00:_Connection_restored_to_snx11025-OST0039_(at_10.100.100.20@o2ib1007)
2016-04-06T07:12:57.928172-07:00_c5-1c0s13n3_Lustre:_snx11025-OST003d-osc-ffff88103a22dc00:_Connection_restored_to_snx11025-OST003d_(at_10.100.100.20@o2ib1007)
2016-04-06T07:12:57.929033-07:00_c5-1c0s13n3_Lustre:_Skipped_3_previous_similar_messages
2016-04-06T07:49:56.406586-07:00_c5-1c0s13n3_nscd:_nss_ldap:_reconnected_to_LDAP_server_ldap://ldapcrt.org.gov:636_after_1_attempt
2016-04-06T08:50:22.109031-07:00_c5-1c0s13n3_Lustre:_27679:0:(client.c:1910:ptlrpc_expire_one_request())_@@@_Request_sent_has_timed_out_for_slow_reply:_[sent_1459957805/real_1459957805]_req@ffff880c6fdf4000_x1529006267600396/t0(0)_o400->MGC10.100.102.3@o2ib3000@10.100.102.4@o2ib3000:26/25_lens_224/224_e_0_to_1_dl_1459957821_ref_1_fl_Rpc:XNU/0/ffffffff_rc_0/-1
2016-04-06T08:50:22.109045-07:00_c5-1c0s13n3_Lustre:_27679:0:(client.c:1910:ptlrpc_expire_one_request())_Skipped_7_previous_similar_messages
2016-04-06T08:50:22.109054-07:00_c5-1c0s13n3_LustreError:_166-1:_MGC10.100.102.3@o2ib3000:_Connection_to_MGS_(at_10.100.102.4@o2ib3000)_was_lost;_in_progress_operations_using_this_service_will_fail
2016-04-06T08:50:41.827982-07:00_c5-1c0s13n3_Lustre:_27655:0:(client.c:1910:ptlrpc_expire_one_request())_@@@_Request_sent_has_timed_out_for_slow_reply:_[sent_1459957821/real_1459957821]_req@ffff880c732b1800_x1529006267600552/t0(0)_o250->MGC10.100.102.3@o2ib3000@10.100.102.4@o2ib3000:26/25_lens_400/544_e_0_to_1_dl_1459957841_ref_1_fl_Rpc:XNU/0/ffffffff_rc_0/-1
2016-04-06T08:51:02.818532-07:00_c5-1c0s13n3_Lustre:_27678:0:(client.c:1910:ptlrpc_expire_one_request())_@@@_Request_sent_has_timed_out_for_slow_reply:_[sent_1459957846/real_1459957846]_req@ffff880fccb08c00_x1529006267601344/t0(0)_o400->snx11036-MDT0000-mdc-ffff8808338c5400@10.100.102.4@o2ib3000:12/10_lens_224/224_e_0_to_1_dl_1459957862_ref_1_fl_Rpc:XNU/0/ffffffff_rc_0/-1
2016-04-06T08:51:02.852451-07:00_c5-1c0s13n3_Lustre:_snx11036-MDT0000-mdc-ffff8808338c5400:_Connection_to_snx11036-MDT0000_(at_10.100.102.4@o2ib3000)_was_lost;_in_progress_operations_using_this_service_will_wait_for_recovery_to_complete
2016-04-06T08:51:02.877943-07:00_c5-1c0s13n3_Lustre:_Skipped_2_previous_similar_messages
2016-04-06T08:51:02.903400-07:00_c5-1c0s13n3_Lustre:_snx11036-MDT0000-mdc-ffff8808338c5400:_Connection_restored_to_snx11036-MDT0000_(at_10.100.102.4@o2ib3000)
2016-04-06T08:51:02.903434-07:00_c5-1c0s13n3_Lustre:_Skipped_3_previous_similar_messages
2016-04-06T08:51:28.073679-07:00_c5-1c0s13n3_Lustre:_MGC10.100.102.3@o2ib3000:_Connection_restored_to_MGS_(at_10.100.102.4@o2ib3000)
2016-04-06T11:46:25.944278-07:00_c5-1c0s13n3_[Hardware_Error]:_CPU_16:_Machine_Check_Exception:_5_Bank_14:_f200003f000100b1
2016-04-06T11:46:25.969741-07:00_c5-1c0s13n3_[Hardware_Error]:_RIP_!INEXACT!_10:<ffffffff8124a431>_{intel_idle+0x111/0x150}
2016-04-06T11:46:25.969767-07:00_c5-1c0s13n3_[Hardware_Error]:_TSC_f5160649dc076_CTL2_0
2016-04-06T11:46:25.969789-07:00_c5-1c0s13n3_[Hardware_Error]:_PROCESSOR_0:306e4_TIME_1459968385_SOCKET_1_APIC_28_microcode_1046
2016-04-06T11:46:25.995161-07:00_c5-1c0s13n3_[Hardware_Error]:_Run_the_above_through_'mcelog_--ascii'
2016-04-06T11:46:25.995187-07:00_c5-1c0s13n3_[Hardware_Error]:_CPU_39:_Machine_Check_Exception:_5_Bank_14:_f200003f000100b1
2016-04-06T11:46:26.020636-07:00_c5-1c0s13n3_[Hardware_Error]:_RIP_!INEXACT!_33:<0000000001341d46>_
2016-04-06T11:46:26.020672-07:00_c5-1c0s13n3_[Hardware_Error]:_TSC_f5160649dd267_CTL2_0
2016-04-06T11:46:26.046081-07:00_c5-1c0s13n3_[Hardware_Error]:_PROCESSOR_0:306e4_TIME_1459968385_SOCKET_1_APIC_27_microcode_1046
2016-04-06T11:46:26.046106-07:00_c5-1c0s13n3_[Hardware_Error]:_Run_the_above_through_'mcelog_--ascii'
2016-04-06T11:46:26.046127-07:00_c5-1c0s13n3_[Hardware_Error]:_CPU_15:_Machine_Check_Exception:_5_Bank_14:_f200003f000100b1
2016-04-06T11:46:26.071570-07:00_c5-1c0s13n3_[Hardware_Error]:_RIP_!INEXACT!_10:<ffffffff8124a431>_{intel_idle+0x111/0x150}
2016-04-06T11:46:26.071596-07:00_c5-1c0s13n3_[Hardware_Error]:_TSC_f5160649e344a_CTL2_0
2016-04-06T11:46:26.071618-07:00_c5-1c0s13n3_[Hardware_Error]:_PROCESSOR_0:306e4_TIME_1459968385_SOCKET_1_APIC_26_microcode_1046
2016-04-06T11:46:26.097038-07:00_c5-1c0s13n3_[Hardware_Error]:_Run_the_above_through_'mcelog_--ascii'
2016-04-06T11:46:26.097069-07:00_c5-1c0s13n3_[Hardware_Error]:_CPU_40:_Machine_Check_Exception:_5_Bank_14:_f200003f000100b1
2016-04-06T11:46:26.097098-07:00_c5-1c0s13n3_[Hardware_Error]:_RIP_!INEXACT!_33:<0000000001341cf8>_
2016-04-06T11:46:26.097115-07:00_c5-1c0s13n3_[Hardware_Error]:_TSC_f5160649e9210_CTL2_0
2016-04-06T11:46:26.097141-07:00_c5-1c0s13n3_[Hardware_Error]:_PROCESSOR_0:306e4_TIME_1459968385_SOCKET_1_APIC_29_microcode_1046
2016-04-06T11:46:26.147909-07:00_c5-1c0s13n3_[Hardware_Error]:_Run_the_above_through_'mcelog_--ascii'
2016-04-06T11:46:26.147950-07:00_c5-1c0s13n3_[Hardware_Error]:_CPU_18:_Machine_Check_Exception:_5_Bank_14:_f200003f000100b1
2016-04-06T11:46:26.173335-07:00_c5-1c0s13n3_[Hardware_Error]:_RIP_!INEXACT!_33:<0000000001342575>_
2016-04-06T11:46:26.173374-07:00_c5-1c0s13n3_[Hardware_Error]:_TSC_f5160649fafa0_CTL2_0
2016-04-06T11:46:26.173399-07:00_c5-1c0s13n3_[Hardware_Error]:_PROCESSOR_0:306e4_TIME_1459968385_SOCKET_1_APIC_30_microcode_1046
2016-04-06T11:46:26.198800-07:00_c5-1c0s13n3_[Hardware_Error]:_Run_the_above_through_'mcelog_--ascii'
2016-04-06T11:46:26.198841-07:00_c5-1c0s13n3_[Hardware_Error]:_CPU_42:_Machine_Check_Exception:_5_Bank_14:_f200003f000100b1
2016-04-06T11:46:26.224216-07:00_c5-1c0s13n3_[Hardware_Error]:_RIP_!INEXACT!_10:<ffffffff8124a431>_{intel_idle+0x111/0x150}
2016-04-06T11:46:26.224234-07:00_c5-1c0s13n3_[Hardware_Error]:_TSC_f516064a00d72_CTL2_0
2016-04-06T11:46:26.224265-07:00_c5-1c0s13n3_[Hardware_Error]:_PROCESSOR_0:306e4_TIME_1459968385_SOCKET_1_APIC_31_microcode_1046
2016-04-06T11:46:26.249654-07:00_c5-1c0s13n3_[Hardware_Error]:_Run_the_above_through_'mcelog_--ascii'
2016-04-06T11:46:26.249696-07:00_c5-1c0s13n3_[Hardware_Error]:_CPU_14:_Machine_Check_Exception:_5_Bank_14:_f200003f000100b1
2016-04-06T11:46:26.275147-07:00_c5-1c0s13n3_[Hardware_Error]:_RIP_!INEXACT!_10:<ffffffff8124a431>_{intel_idle+0x111/0x150}
2016-04-06T11:46:26.275190-07:00_c5-1c0s13n3_[Hardware_Error]:_TSC_f516064a0717a_CTL2_0
2016-04-06T11:46:26.275208-07:00_c5-1c0s13n3_[Hardware_Error]:_PROCESSOR_0:306e4_TIME_1459968385_SOCKET_1_APIC_24_microcode_1046
2016-04-06T11:46:26.300551-07:00_c5-1c0s13n3_[Hardware_Error]:_Run_the_above_through_'mcelog_--ascii'
2016-04-06T11:46:26.326050-07:00_c5-1c0s13n3_[Hardware_Error]:_CPU_38:_Machine_Check_Exception:_5_Bank_14:_f200003f000100b1
2016-04-06T11:46:26.326091-07:00_c5-1c0s13n3_[Hardware_Error]:_RIP_!INEXACT!_33:<0000000001342aa5>_
2016-04-06T11:46:26.326108-07:00_c5-1c0s13n3_[Hardware_Error]:_TSC_f516064a0ce71_CTL2_0
2016-04-06T11:46:26.326121-07:00_c5-1c0s13n3_[Hardware_Error]:_PROCESSOR_0:306e4_TIME_1459968385_SOCKET_1_APIC_25_microcode_1046
2016-04-06T11:46:26.351467-07:00_c5-1c0s13n3_[Hardware_Error]:_Run_the_above_through_'mcelog_--ascii'
2016-04-06T11:46:26.351506-07:00_c5-1c0s13n3_[Hardware_Error]:_CPU_17:_Machine_Check_Exception:_5_Bank_14:_f200003f000100b1
2016-04-06T11:46:26.376894-07:00_c5-1c0s13n3_[Hardware_Error]:_RIP_!INEXACT!_10:<ffffffff8124a431>_{intel_idle+0x111/0x150}
2016-04-06T11:46:26.376933-07:00_c5-1c0s13n3_[Hardware_Error]:_TSC_f516064a12e6e_CTL2_0
2016-04-06T11:46:26.402392-07:00_c5-1c0s13n3_[Hardware_Error]:_PROCESSOR_0:306e4_TIME_1459968385_SOCKET_1_APIC_2a_microcode_1046
2016-04-06T11:46:26.402432-07:00_c5-1c0s13n3_[Hardware_Error]:_Run_the_above_through_'mcelog_--ascii'
2016-04-06T11:46:26.402449-07:00_c5-1c0s13n3_[Hardware_Error]:_CPU_41:_Machine_Check_Exception:_5_Bank_14:_f200003f000100b1
2016-04-06T11:46:26.427804-07:00_c5-1c0s13n3_[Hardware_Error]:_RIP_!INEXACT!_33:<0000000001342dc8>_
2016-04-06T11:46:26.427843-07:00_c5-1c0s13n3_[Hardware_Error]:_TSC_f516064a190c0_CTL2_0
2016-04-06T11:46:26.453303-07:00_c5-1c0s13n3_[Hardware_Error]:_PROCESSOR_0:306e4_TIME_1459968385_SOCKET_1_APIC_2b_microcode_1046
2016-04-06T11:46:26.453345-07:00_c5-1c0s13n3_[Hardware_Error]:_Run_the_above_through_'mcelog_--ascii'
2016-04-06T11:46:26.453362-07:00_c5-1c0s13n3_[Hardware_Error]:_CPU_47:_Machine_Check_Exception:_5_Bank_14:_f200003f000100b1
2016-04-06T11:46:26.453374-07:00_c5-1c0s13n3_[Hardware_Error]:_RIP_!INEXACT!_33:<0000000001341f3a>_
2016-04-06T11:46:26.453392-07:00_c5-1c0s13n3_[Hardware_Error]:_TSC_f516064a1efa9_CTL2_0
2016-04-06T11:46:26.504204-07:00_c5-1c0s13n3_[Hardware_Error]:_PROCESSOR_0:306e4_TIME_1459968385_SOCKET_1_APIC_3b_microcode_1046
2016-04-06T11:46:26.504243-07:00_c5-1c0s13n3_[Hardware_Error]:_CPU_45:_Machine_Check_Exception:_5_Bank_14:_f200003f000100b1
2016-04-06T11:46:26.504264-07:00_c5-1c0s13n3_[Hardware_Error]:_RIP_!INEXACT!_33:<0000000001342073>_
2016-04-06T11:46:26.529630-07:00_c5-1c0s13n3_[Hardware_Error]:_TSC_f516064a24e56_CTL2_0
2016-04-06T11:46:26.529671-07:00_c5-1c0s13n3_[Hardware_Error]:_PROCESSOR_0:306e4_TIME_1459968385_SOCKET_1_APIC_37_microcode_1046
2016-04-06T11:46:26.555145-07:00_c5-1c0s13n3_[Hardware_Error]:_CPU_21:_Machine_Check_Exception:_5_Bank_14:_f200003f000100b1
2016-04-06T11:46:26.555186-07:00_c5-1c0s13n3_[Hardware_Error]:_RIP_!INEXACT!_10:<ffffffff8124a431>_{intel_idle+0x111/0x150}
2016-04-06T11:46:26.555202-07:00_c5-1c0s13n3_[Hardware_Error]:_TSC_f516064a2b036_CTL2_0
2016-04-06T11:46:26.580544-07:00_c5-1c0s13n3_[Hardware_Error]:_PROCESSOR_0:306e4_TIME_1459968385_SOCKET_1_APIC_36_microcode_1046
2016-04-06T11:46:26.580582-07:00_c5-1c0s13n3_[Hardware_Error]:_CPU_19:_Machine_Check_Exception:_5_Bank_14:_f200003f000100b1
2016-04-06T11:46:26.606013-07:00_c5-1c0s13n3_[Hardware_Error]:_RIP_!INEXACT!_33:<0000000001342288>_
2016-04-06T11:46:26.606051-07:00_c5-1c0s13n3_[Hardware_Error]:_TSC_f516064a369c7_CTL2_0
2016-04-06T11:46:26.631453-07:00_c5-1c0s13n3_[Hardware_Error]:_PROCESSOR_0:306e4_TIME_1459968385_SOCKET_1_APIC_32_microcode_1046
2016-04-06T11:46:26.631493-07:00_c5-1c0s13n3_[Hardware_Error]:_CPU_43:_Machine_Check_Exception:_5_Bank_14:_f200003f000100b1
2016-04-06T11:46:26.631507-07:00_c5-1c0s13n3_[Hardware_Error]:_RIP_!INEXACT!_10:<ffffffff8124a431>_{intel_idle+0x111/0x150}
2016-04-06T11:46:26.656917-07:00_c5-1c0s13n3_[Hardware_Error]:_TSC_f516064a3cafc_CTL2_0
2016-04-06T11:46:26.656962-07:00_c5-1c0s13n3_[Hardware_Error]:_PROCESSOR_0:306e4_TIME_1459968385_SOCKET_1_APIC_33_microcode_1046
2016-04-06T11:46:26.682354-07:00_c5-1c0s13n3_[Hardware_Error]:_CPU_22:_Machine_Check_Exception:_5_Bank_14:_f200003f000100b1
2016-04-06T11:46:26.682393-07:00_c5-1c0s13n3_[Hardware_Error]:_RIP_!INEXACT!_10:<ffffffff8124a431>_{intel_idle+0x111/0x150}
2016-04-06T11:46:26.841679-07:00_c5-1c0s13n3_[Hardware_Error]:_TSC_f516064a42ea7_CTL2_0
2016-04-06T11:46:26.841698-07:00_c5-1c0s13n3_[Hardware_Error]:_PROCESSOR_0:306e4_TIME_1459968385_SOCKET_1_APIC_38_microcode_1046
2016-04-06T11:46:26.841705-07:00_c5-1c0s13n3_[Hardware_Error]:_CPU_46:_Machine_Check_Exception:_5_Bank_14:_f200003f000100b1
2016-04-06T11:46:26.841711-07:00_c5-1c0s13n3_[Hardware_Error]:_RIP_!INEXACT!_33:<0000000001341d46>_
2016-04-06T11:46:26.841718-07:00_c5-1c0s13n3_[Hardware_Error]:_TSC_f516064a48f3d_CTL2_0
2016-04-06T11:46:26.841727-07:00_c5-1c0s13n3_[Hardware_Error]:_PROCESSOR_0:306e4_TIME_1459968385_SOCKET_1_APIC_39_microcode_1046
2016-04-06T11:46:26.841743-07:00_c5-1c0s13n3_[Hardware_Error]:_CPU_44:_Machine_Check_Exception:_5_Bank_14:_f200003f000100b1
2016-04-06T11:46:26.841752-07:00_c5-1c0s13n3_[Hardware_Error]:_RIP_!INEXACT!_33:<0000000001342b99>_
2016-04-06T11:46:26.841764-07:00_c5-1c0s13n3_[Hardware_Error]:_TSC_f516064a6b794_CTL2_0
2016-04-06T11:46:26.841775-07:00_c5-1c0s13n3_[Hardware_Error]:_PROCESSOR_0:306e4_TIME_1459968385_SOCKET_1_APIC_35_microcode_1046
2016-04-06T11:46:26.841787-07:00_c5-1c0s13n3_[Hardware_Error]:_CPU_20:_Machine_Check_Exception:_5_Bank_14:_f200003f000100b1
2016-04-06T11:46:26.841797-07:00_c5-1c0s13n3_[Hardware_Error]:_RIP_!INEXACT!_10:<ffffffff8124a431>_{intel_idle+0x111/0x150}
2016-04-06T11:46:26.841810-07:00_c5-1c0s13n3_[Hardware_Error]:_TSC_f516064a719e0_CTL2_0
2016-04-06T11:46:26.841874-07:00_c5-1c0s13n3_[Hardware_Error]:_PROCESSOR_0:306e4_TIME_1459968385_SOCKET_1_APIC_34_microcode_1046
2016-04-06T11:46:26.841894-07:00_c5-1c0s13n3_[Hardware_Error]:_CPU_36:_Machine_Check_Exception:_5_Bank_14:_f200003f000100b1
2016-04-06T11:46:26.881669-07:00_c5-1c0s13n3_[Hardware_Error]:_RIP_!INEXACT!_33:<0000000001341fce>_
2016-04-06T11:46:26.881709-07:00_c5-1c0s13n3_[Hardware_Error]:_TSC_f516064a82ecd_CTL2_0
2016-04-06T11:46:26.881728-07:00_c5-1c0s13n3_[Hardware_Error]:_PROCESSOR_0:306e4_TIME_1459968385_SOCKET_1_APIC_21_microcode_1046
2016-04-06T11:46:26.907201-07:00_c5-1c0s13n3_[Hardware_Error]:_CPU_13:_Machine_Check_Exception:_5_Bank_14:_f200003f000100b1
2016-04-06T11:46:26.907242-07:00_c5-1c0s13n3_[Hardware_Error]:_RIP_!INEXACT!_10:<ffffffff8124a431>_{intel_idle+0x111/0x150}
2016-04-06T11:46:26.907257-07:00_c5-1c0s13n3_[Hardware_Error]:_TSC_f516064aab3be_CTL2_0
2016-04-06T11:46:26.932648-07:00_c5-1c0s13n3_[Hardware_Error]:_PROCESSOR_0:306e4_TIME_1459968385_SOCKET_1_APIC_22_microcode_1046
2016-04-06T11:46:26.932691-07:00_c5-1c0s13n3_[Hardware_Error]:_CPU_37:_Machine_Check_Exception:_5_Bank_14:_f200003f000100b1
2016-04-06T11:46:26.958113-07:00_c5-1c0s13n3_[Hardware_Error]:_RIP_!INEXACT!_33:<0000000001341f43>_
2016-04-06T11:46:26.958153-07:00_c5-1c0s13n3_[Hardware_Error]:_TSC_f516064ac205f_CTL2_0
2016-04-06T11:46:26.958171-07:00_c5-1c0s13n3_[Hardware_Error]:_PROCESSOR_0:306e4_TIME_1459968385_SOCKET_1_APIC_23_microcode_1046
2016-04-06T11:46:26.983589-07:00_c5-1c0s13n3_[Hardware_Error]:_CPU_23:_Machine_Check_Exception:_5_Bank_14:_f200003f000100b1
2016-04-06T11:46:27.009082-07:00_c5-1c0s13n3_[Hardware_Error]:_RIP_!INEXACT!_10:<ffffffff8124a431>_{intel_idle+0x111/0x150}
2016-04-06T11:46:27.009133-07:00_c5-1c0s13n3_[Hardware_Error]:_TSC_f516064ad34bf_CTL2_0
2016-04-06T11:46:27.009150-07:00_c5-1c0s13n3_[Hardware_Error]:_PROCESSOR_0:306e4_TIME_1459968385_SOCKET_1_APIC_3a_microcode_1046
2016-04-06T11:46:27.009167-07:00_c5-1c0s13n3_[Hardware_Error]:_CPU_12:_Machine_Check_Exception:_5_Bank_14:_f200003f000100b1
2016-04-06T11:46:27.034459-07:00_c5-1c0s13n3_[Hardware_Error]:_RIP_!INEXACT!_10:<ffffffff8124a431>_{intel_idle+0x111/0x150}
2016-04-06T11:46:27.034498-07:00_c5-1c0s13n3_[Hardware_Error]:_TSC_f516064a8e651_CTL2_0
2016-04-06T11:46:27.059932-07:00_c5-1c0s13n3_[Hardware_Error]:_PROCESSOR_0:306e4_TIME_1459968385_SOCKET_1_APIC_20_microcode_1046
2016-04-06T11:46:27.059974-07:00_c5-1c0s13n3_[Hardware_Error]:_Machine_check:_Processor_context_corrupt
2016-04-06T11:46:27.085429-07:00_c5-1c0s13n3_Kernel_panic_-_not_syncing:_Fatal_Machine_check
2016-04-06T11:46:27.085471-07:00_c5-1c0s13n3_Pid:_0,_comm:_swapper/16_Tainted:_P_M_3.0.101-0.35.1_1.0502.8640-cray_ari_c_#1
2016-04-06T11:46:27.085487-07:00_c5-1c0s13n3_Call_Trace:
2016-04-06T11:46:27.110847-07:00_c5-1c0s13n3_[<ffffffff81005e89>]_try_stack_unwind+0x169/0x1b0
2016-04-06T11:46:27.110888-07:00_c5-1c0s13n3_[<ffffffff81004919>]_dump_trace+0x89/0x440
2016-04-06T11:46:27.110905-07:00_c5-1c0s13n3_[<ffffffff810058ec>]_show_trace_log_lvl+0x5c/0x80
2016-04-06T11:46:27.136284-07:00_c5-1c0s13n3_[<ffffffff81005925>]_show_trace+0x15/0x20
2016-04-06T11:46:27.136326-07:00_c5-1c0s13n3_[<ffffffff81419acb>]_dump_stack+0x79/0x84
2016-04-06T11:46:27.136342-07:00_c5-1c0s13n3_[<ffffffff81419b6a>]_panic+0x94/0x1d2
2016-04-06T11:46:27.161782-07:00_c5-1c0s13n3_[<ffffffff8101d0ea>]_mce_panic+0x1fa/0x220
2016-04-06T11:46:27.161824-07:00_c5-1c0s13n3_[<ffffffff8101df34>]_do_machine_check+0xa54/0xa60
2016-04-06T11:46:27.161840-07:00_c5-1c0s13n3_[<ffffffff8141d2bb>]_machine_check+0x1b/0x20
2016-04-06T11:46:27.161851-07:00_c5-1c0s13n3_[<ffffffff8124a431>]_intel_idle+0x111/0x150
2016-04-06T11:46:27.187224-07:00_c5-1c0s13n3_[<ffffffff813555a8>]_cpuidle_idle_call+0x128/0x220
2016-04-06T11:46:27.187263-07:00_c5-1c0s13n3_[<ffffffff810020f6>]_cpu_idle+0x76/0xd0
2016-04-06T11:46:27.187280-07:00_c5-1c0s13n3_[<ffffffff8141304d>]_start_secondary+0x1dc/0x26f
2016-04-06T11:53:31.607113-07:00_c0-1c1s1n1_<node_health:5.1>_APID:303744_(xtcheckhealth)_WARNING:_Node_c5-1c0s13n3_(2551)_is_down_and_will_not_be_checked!
2016-04-06T11:53:31.920674-07:00_c0-1c1s1n1_<node_health:5.1>_RESID:303744_(xtcheckhealth)_WARNING:_Node_c5-1c0s13n3_(2551)_is_down_and_will_not_be_checked!
