2016-11-27T09:42:22.814775+01:00_c4-0c0s1n0_Stop_NMI_detected_on_CPU_0
2016-11-27T09:45:41.800286+01:00_c4-0c0s1n0_Wait4Boot:_WRITE:_523_bytes_to_memory_@_0x90CD0_..._complete
2016-11-27T09:45:41.800299+01:00_c4-0c0s1n0_Wait4Boot:_Blade_Controller_Boot_Protocol_version_-_1
2016-11-27T09:45:41.800327+01:00_c4-0c0s1n0_Wait4Boot:_JUMP:_KernelStart_0x100000,_boot_params_0x90000,_CmdLineAddr_0x90CD0
2016-11-27T09:45:41.800343+01:00_c4-0c0s1n0_OnExitBootServices..
2016-11-27T09:45:41.835308+01:00_c4-0c0s1n0_ConfigureXhciAtBoot()_Start
2016-11-27T09:45:41.860483+01:00_c4-0c0s1n0_ConfigureXhciAtBoot()_End
2016-11-27T09:45:41.860504+01:00_c4-0c0s1n0_(Wdt)_RunWdtBeforeOsBoot
2016-11-27T09:45:41.860524+01:00_c4-0c0s1n0_(Wdt)_DisableTimer
2016-11-27T09:45:43.471116+01:00_c4-0c0s1n0_Crypto_Lib_Callback.
2016-11-27T09:45:43.496290+01:00_c4-0c0s1n0_Heap_addr_before_Virtual_MemFixup_=_7bb0f018,_After_=_7bb0f018
2016-11-27T09:45:43.496305+01:00_c4-0c0s1n0_NvramSmi_Go_Virtual
2016-11-27T09:45:43.608876+01:00_c4-0c0s1n0_Stopping_all_external_HCs
2016-11-27T09:45:43.608892+01:00_c4-0c0s1n0_stopping_all_HC_type_40:
2016-11-27T09:45:54.999076+01:00_c4-0c0s1n0_Sending_ec_node_info_with_boot_code_0_(NODE_INFO_OS_BOOT)_for_nid_772
2016-11-27T09:45:55.024429+01:00_c4-0c0s1n0_net.core.rmem_max_=_16777216
2016-11-27T09:45:55.024455+01:00_c4-0c0s1n0_net.core.wmem_max_=_16777216
2016-11-27T09:45:55.024463+01:00_c4-0c0s1n0_net.core.rmem_default_=_16777216
2016-11-27T09:45:55.024495+01:00_c4-0c0s1n0_net.core.wmem_default_=_16777216
2016-11-27T09:45:55.024520+01:00_c4-0c0s1n0_net.core.optmem_max_=_16777216
2016-11-27T09:45:55.024527+01:00_c4-0c0s1n0_net.ipv4.tcp_mem_=_16777216_16777216_16777216
2016-11-27T09:45:55.024542+01:00_c4-0c0s1n0_net.ipv4.tcp_rmem_=_4096_87380_16777216
2016-11-27T09:45:55.024555+01:00_c4-0c0s1n0_net.ipv4.tcp_wmem_=_4096_65536_16777216
2016-11-27T09:45:55.250922+01:00_c4-0c0s1n0_Starting_RSIP_client,_server=10.128.2.7,_num_ports=55
2016-11-27T09:45:55.291673+01:00_c4-0c0s1n0_Loading_gsockets_module
2016-11-27T09:45:55.291705+01:00_c4-0c0s1n0_nid_772:_Linux_version_3.0.101-0.46.1_1.0502.8871-cray_ari_c_(abuild@relbld10)_(gcc_version_4.3.4_[gcc-4_3-branch_revision_152973]_(SUSE_Linux)_)_#1_SMP_Sat_Oct_22_15:27:12_UTCLNet:_HW_CPU_cores:_48,_npartitions:_8
2016-11-27T09:45:55.291733+01:00_c4-0c0s1n0_2016
2016-11-27T09:45:55.291744+01:00_c4-0c0s1n0_starting_pid_13371,_tty_'':_'/etc/init.d/rc'
2016-11-27T09:45:55.291753+01:00_c4-0c0s1n0_Running_sysctl_using_values_from_/etc/sysctl.conf
2016-11-27T09:45:55.291764+01:00_c4-0c0s1n0_vm.max_map_count_=_1048576
2016-11-27T09:45:55.291772+01:00_c4-0c0s1n0_nomtab:_1
2016-11-27T09:46:00.305998+01:00_c4-0c0s1n0_Lustre:_Lustre:_Build_Version:_2.5.2-trunk-1.0502.21519.25.1-abuild-RB-5.2UP04_2.5.2@21519-2016-08-12-15:06
2016-11-27T09:46:00.331192+01:00_c4-0c0s1n0_Lustre:_kgnilnd_build_version:_2.5-trunk-1.0502.21519.25.1-abuild-RB-5.2UP04_2.5.2@21519-2016-08-12-15:06
2016-11-27T09:46:00.426266+01:00_c4-0c0s1n0_LNet:_Added_LNI_772@gni_[16/1024/0/0]
2016-11-27T09:46:01.474757+01:00_c4-0c0s1n0_Lustre:_13534:0:(client.c:85:ptlrpc_uuid_to_connection())_cannot_find_peer_10.10.100.211@o2ib!
2016-11-27T09:46:01.514734+01:00_c4-0c0s1n0_Lustre:_Layout_lock_feature_supported.
2016-11-27T09:46:01.628280+01:00_c4-0c0s1n0_Lustre:_Mounted_work2-client
2016-11-27T09:46:01.653468+01:00_c4-0c0s1n0_nomtab:_1
2016-11-27T09:46:01.906556+01:00_c4-0c0s1n0_bpmcd_init:_Power_statistics_available_in_/sys/cray
2016-11-27T09:46:01.933350+01:00_c4-0c0s1n0_DVS:_Revision_2420_-_Built:_Sep_12_2016_@_17:52:13_for_lnet_version_2.5
2016-11-27T09:46:34.005201+01:00_c4-0c0s1n0_SGI_XPMEM_kernel_module_v2.6_loaded
2016-11-27T09:46:34.030474+01:00_c4-0c0s1n0_<node_health:5.1>_APID:0_(xtnhd)_INFO:_xtnhd_has_started
2016-11-27T09:46:35.397775+01:00_c4-0c0s1n0_<node_health>_Boot_Check:_Starting
2016-11-27T09:46:35.448139+01:00_c4-0c0s1n0_<node_health:5.1>_<node_health>:1_(Filesystem_Test)_WARNING:_mkdir_of_/gfs2/.nodehealth.fstest_failed:_File_exists
2016-11-27T09:46:35.473493+01:00_c4-0c0s1n0_<node_health:5.1>_<node_health>:1_(Filesystem_Test)_WARNING:_mkdir_of_/gfs1/.nodehealth.fstest_failed:_File_exists
2016-11-27T09:46:35.473527+01:00_c4-0c0s1n0_boot_freemem_data_calculated:_63661720
2016-11-27T09:49:12.099149+01:00_c4-0c0s1n0_LNetError:_13869:0:(linux-curproc.c:246:cfs_get_environ())_Too_long_env_variable.
2016-11-27T09:49:12.640948+01:00_c4-0c0s1n0_LNetError:_13869:0:(linux-curproc.c:246:cfs_get_environ())_Too_long_env_variable.
2016-11-27T09:49:12.640969+01:00_c4-0c0s1n0_LNetError:_13869:0:(linux-curproc.c:246:cfs_get_environ())_Skipped_309_previous_similar_messages
2016-11-27T09:49:13.622050+01:00_c4-0c0s1n0_LNetError:_13869:0:(linux-curproc.c:246:cfs_get_environ())_Too_long_env_variable.
2016-11-27T09:49:13.647203+01:00_c4-0c0s1n0_LNetError:_13869:0:(linux-curproc.c:246:cfs_get_environ())_Skipped_685_previous_similar_messages
2016-11-27T09:49:15.698702+01:00_c4-0c0s1n0_LNetError:_13869:0:(linux-curproc.c:246:cfs_get_environ())_Too_long_env_variable.
2016-11-27T09:49:15.698727+01:00_c4-0c0s1n0_LNetError:_13869:0:(linux-curproc.c:246:cfs_get_environ())_Skipped_5832_previous_similar_messages
2016-11-27T09:49:19.690277+01:00_c4-0c0s1n0_LNetError:_13869:0:(linux-curproc.c:246:cfs_get_environ())_Too_long_env_variable.
2016-11-27T09:49:19.690295+01:00_c4-0c0s1n0_LNetError:_13869:0:(linux-curproc.c:246:cfs_get_environ())_Skipped_2163_previous_similar_messages
2016-11-27T09:49:28.147584+01:00_c4-0c0s1n0_LNetError:_13869:0:(linux-curproc.c:246:cfs_get_environ())_Too_long_env_variable.
2016-11-27T09:49:28.172781+01:00_c4-0c0s1n0_LNetError:_13869:0:(linux-curproc.c:246:cfs_get_environ())_Skipped_1546_previous_similar_messages
2016-11-27T09:49:44.150170+01:00_c4-0c0s1n0_LNetError:_13869:0:(linux-curproc.c:246:cfs_get_environ())_Too_long_env_variable.
2016-11-27T09:49:44.175293+01:00_c4-0c0s1n0_LNetError:_13869:0:(linux-curproc.c:246:cfs_get_environ())_Skipped_2469_previous_similar_messages
2016-11-27T09:49:56.281366+01:00_c4-0c0s1n0_krsip:_RSIP_server_(10.128.2.7)_not_responding;_retrying_REGISTER_REQUEST_(retry_1)
2016-11-27T09:49:58.279057+01:00_c4-0c0s1n0_krsip:_RSIP_server_(10.128.2.7)_not_responding;_retrying_REGISTER_REQUEST_(retry_2)
2016-11-27T09:50:02.289412+01:00_c4-0c0s1n0_krsip:_RSIP_server_(10.128.2.7)_not_responding;_retrying_REGISTER_REQUEST_(retry_3)
2016-11-27T09:50:10.313071+01:00_c4-0c0s1n0_krsip:_RSIP_server_(10.128.2.7)_not_responding;_retrying_REGISTER_REQUEST_(retry_4)
2016-11-27T09:50:16.195421+01:00_c4-0c0s1n0_LNetError:_13869:0:(linux-curproc.c:246:cfs_get_environ())_Too_long_env_variable.
2016-11-27T09:50:16.220610+01:00_c4-0c0s1n0_LNetError:_13869:0:(linux-curproc.c:246:cfs_get_environ())_Skipped_5504_previous_similar_messages
2016-11-27T09:50:26.315197+01:00_c4-0c0s1n0_krsip:_RSIP_server_(10.128.2.7)_not_responding;_retrying_REGISTER_REQUEST_(retry_5)
2016-11-27T09:51:20.212657+01:00_c4-0c0s1n0_LNetError:_13869:0:(linux-curproc.c:246:cfs_get_environ())_Too_long_env_variable.
2016-11-27T09:51:20.237812+01:00_c4-0c0s1n0_LNetError:_13869:0:(linux-curproc.c:246:cfs_get_environ())_Skipped_12204_previous_similar_messages
2016-11-27T09:53:28.220772+01:00_c4-0c0s1n0_LNetError:_13869:0:(linux-curproc.c:246:cfs_get_environ())_Too_long_env_variable.
2016-11-27T09:53:28.245910+01:00_c4-0c0s1n0_LNetError:_13869:0:(linux-curproc.c:246:cfs_get_environ())_Skipped_25660_previous_similar_messages
2016-11-27T10:24:19.450696+01:00_c4-0c0s1n0_<node_health:5.1>_APID:3107702_(Filesystem_Test)_WARNING:_mkdir_of_/gfs2/.nodehealth.fstest_failed:_File_exists
2016-11-27T10:24:19.484887+01:00_c4-0c0s1n0_<node_health:5.1>_APID:3107702_(Filesystem_Test)_WARNING:_mkdir_of_/gfs1/.nodehealth.fstest_failed:_File_exists
