2016-11-28T04:37:11.000965+01:00_c6-0c0s0n2_<node_health:5.1>_APID:3109234_(xtcheckhealth)_WARNING:_Node_c5-0c2s5n3_(1111)_is_down_and_will_not_be_checked!
2016-11-28T04:37:23.170797+01:00_c5-0c2s5n3_EXTERNAL_MCE_TOOL
2016-11-28T04:37:23.170820+01:00_c5-0c2s5n3_Error_loading_ITP_driver!_VCC_not_found_or_interrupted
2016-11-28T04:37:23.170826+01:00_c5-0c2s5n3_**_Message:_bclib_set_nic_map:_NIC_re-mapping_is_in_place.
2016-11-28T06:56:22.046695+01:00_c6-0c0s0n2_<node_health:5.1>_RESID:768763_(xtcheckhealth)_WARNING:_Node_c5-0c2s5n3_(1111)_is_down_and_will_not_be_checked!
2016-11-28T10:09:25.521323+01:00_c5-0c2s5n3_ERROR:_Type:2;_Severity:80;_Class:3;_Subclass:D;_Operation:_2
2016-11-28T10:11:50.563331+01:00_c5-0c2s5n3_Wait4Boot:_WRITE:_523_bytes_to_memory_@_0x90CD0_..._complete
2016-11-28T10:11:50.563355+01:00_c5-0c2s5n3_Wait4Boot:_Blade_Controller_Boot_Protocol_version_-_1
2016-11-28T10:11:50.563367+01:00_c5-0c2s5n3_Wait4Boot:_JUMP:_KernelStart_0x100000,_boot_params_0x90000,_CmdLineAddr_0x90CD0
2016-11-28T10:11:50.588473+01:00_c5-0c2s5n3_OnExitBootServices..
2016-11-28T10:11:50.633932+01:00_c5-0c2s5n3_ConfigureXhciAtBoot()_Start
2016-11-28T10:11:50.659113+01:00_c5-0c2s5n3_ConfigureXhciAtBoot()_End
2016-11-28T10:11:50.659126+01:00_c5-0c2s5n3_(Wdt)_RunWdtBeforeOsBoot
2016-11-28T10:11:50.659140+01:00_c5-0c2s5n3_(Wdt)_DisableTimer
2016-11-28T10:11:52.264686+01:00_c5-0c2s5n3_Crypto_Lib_Callback.
2016-11-28T10:11:52.264714+01:00_c5-0c2s5n3_Heap_addr_before_Virtual_MemFixup_=_7bb0f018,_After_=_7bb0f018
2016-11-28T10:11:52.264731+01:00_c5-0c2s5n3_NvramSmi_Go_Virtual
2016-11-28T10:11:52.374089+01:00_c5-0c2s5n3_Stopping_all_external_HCs
2016-11-28T10:11:52.374111+01:00_c5-0c2s5n3_stopping_all_HC_type_40:
2016-11-28T10:12:03.840040+01:00_c5-0c2s5n3_Sending_ec_node_info_with_boot_code_0_(NODE_INFO_OS_BOOT)_for_nid_1111
2016-11-28T10:12:03.840081+01:00_c5-0c2s5n3_net.core.rmem_max_=_16777216
2016-11-28T10:12:03.840088+01:00_c5-0c2s5n3_net.core.wmem_max_=_16777216
2016-11-28T10:12:03.840101+01:00_c5-0c2s5n3_net.core.rmem_default_=_16777216
2016-11-28T10:12:03.840107+01:00_c5-0c2s5n3_net.core.wmem_default_=_16777216
2016-11-28T10:12:03.840119+01:00_c5-0c2s5n3_net.core.optmem_max_=_16777216
2016-11-28T10:12:03.840128+01:00_c5-0c2s5n3_net.ipv4.tcp_mem_=_16777216_16777216_16777216
2016-11-28T10:12:03.840137+01:00_c5-0c2s5n3_net.ipv4.tcp_rmem_=_4096_87380_16777216
2016-11-28T10:12:03.865138+01:00_c5-0c2s5n3_net.ipv4.tcp_wmem_=_4096_65536_16777216
2016-11-28T10:12:04.119226+01:00_c5-0c2s5n3_Starting_RSIP_client,_server=10.128.2.7,_num_ports=55
2016-11-28T10:12:04.119246+01:00_c5-0c2s5n3_Loading_gsockets_module
2016-11-28T10:12:04.144445+01:00_c5-0c2s5n3_nid_1111:_Linux_version_3.0.101-0.46.1_1.0502.8871-cray_ari_c_(abuild@relbld10)_(gcc_version_4.3.4_[gcc-4_3-branch_revision_152973]_(SUSE_Linux)_)_#1_SMP_Sat_Oct_22_15:27:12_UTC_2016
2016-11-28T10:12:04.144465+01:00_c5-0c2s5n3_startinLNet:_HW_CPU_cores:_48,_npartitions:_8
2016-11-28T10:12:04.144475+01:00_c5-0c2s5n3_g_pid_13368,_tty_'':_'/etc/init.d/rc'
2016-11-28T10:12:04.144488+01:00_c5-0c2s5n3_Running_sysctl_using_values_from_/etc/sysctl.conf
2016-11-28T10:12:04.144498+01:00_c5-0c2s5n3_vm.max_map_count_=_1048576
2016-11-28T10:12:04.144510+01:00_c5-0c2s5n3_nomtab:_1
2016-11-28T10:12:09.144468+01:00_c5-0c2s5n3_Lustre:_Lustre:_Build_Version:_2.5.2-trunk-1.0502.21519.25.1-abuild-RB-5.2UP04_2.5.2@21519-2016-08-12-15:06
2016-11-28T10:12:09.169632+01:00_c5-0c2s5n3_Lustre:_kgnilnd_build_version:_2.5-trunk-1.0502.21519.25.1-abuild-RB-5.2UP04_2.5.2@21519-2016-08-12-15:06
2016-11-28T10:12:09.261970+01:00_c5-0c2s5n3_LNet:_Added_LNI_1111@gni_[16/1024/0/0]
2016-11-28T10:12:10.313114+01:00_c5-0c2s5n3_Lustre:_13531:0:(client.c:85:ptlrpc_uuid_to_connection())_cannot_find_peer_10.10.100.211@o2ib!
2016-11-28T10:12:10.363506+01:00_c5-0c2s5n3_Lustre:_Layout_lock_feature_supported.
2016-11-28T10:12:10.469967+01:00_c5-0c2s5n3_Lustre:_Mounted_work2-client
2016-11-28T10:12:10.469981+01:00_c5-0c2s5n3_nomtab:_1
2016-11-28T10:12:10.756817+01:00_c5-0c2s5n3_bpmcd_init:_Power_statistics_available_in_/sys/cray
2016-11-28T10:12:10.811093+01:00_c5-0c2s5n3_DVS:_Revision_2420_-_Built:_Sep_12_2016_@_17:52:13_for_lnet_version_2.5
2016-11-28T10:12:42.857847+01:00_c5-0c2s5n3_SGI_XPMEM_kernel_module_v2.6_loaded
2016-11-28T10:12:42.883089+01:00_c5-0c2s5n3_<node_health:5.1>_APID:0_(xtnhd)_INFO:_xtnhd_has_started
2016-11-28T10:12:44.377355+01:00_c5-0c2s5n3_<node_health>_Boot_Check:_Starting
2016-11-28T10:12:44.427782+01:00_c5-0c2s5n3_<node_health:5.1>_<node_health>:1_(Filesystem_Test)_WARNING:_mkdir_of_/gfs1/.nodehealth.fstest_failed:_File_exists
2016-11-28T10:12:44.427808+01:00_c5-0c2s5n3_<node_health:5.1>_<node_health>:1_(Filesystem_Test)_WARNING:_mkdir_of_/gfs2/.nodehealth.fstest_failed:_File_exists
2016-11-28T10:12:44.453101+01:00_c5-0c2s5n3_boot_freemem_data_calculated:_63662164
