2016-10-26T00:00:17.298648+02:00_c1-0c2s14n0_mce_notify_irq:_59_callbacks_suppressed
2016-10-26T00:00:17.298681+02:00_c1-0c2s14n0_[Hardware_Error]:_Machine_check_events_logged
2016-10-26T00:00:17.914761+02:00_c1-0c2s14n0_[Hardware_Error]:_Machine_check_events_logged
2016-10-26T00:01:17.912961+02:00_c1-0c2s14n0_mce_notify_irq:_59_callbacks_suppressed
2016-10-26T00:01:17.938090+02:00_c1-0c2s14n0_[Hardware_Error]:_Machine_check_events_logged
2016-10-26T00:01:18.927254+02:00_c1-0c2s14n0_[Hardware_Error]:_Machine_check_events_logged
2016-10-26T00:02:18.933082+02:00_c1-0c2s14n0_mce_notify_irq:_59_callbacks_suppressed
2016-10-26T00:02:18.958294+02:00_c1-0c2s14n0_[Hardware_Error]:_Machine_check_events_logged
2016-10-26T00:02:19.982833+02:00_c1-0c2s14n0_[Hardware_Error]:_Machine_check_events_logged
2016-10-26T00:03:19.950380+02:00_c1-0c2s14n0_mce_notify_irq:_59_callbacks_suppressed
2016-10-26T00:03:19.975582+02:00_c1-0c2s14n0_[Hardware_Error]:_Machine_check_events_logged
2016-10-26T00:03:20.974887+02:00_c1-0c2s14n0_[Hardware_Error]:_Machine_check_events_logged
2016-10-26T00:04:20.966879+02:00_c1-0c2s14n0_mce_notify_irq:_59_callbacks_suppressed
2016-10-26T00:04:20.992065+02:00_c1-0c2s14n0_[Hardware_Error]:_Machine_check_events_logged
2016-10-26T00:04:21.979296+02:00_c1-0c2s14n0_[Hardware_Error]:_Machine_check_events_logged
2016-10-26T00:05:21.982705+02:00_c1-0c2s14n0_mce_notify_irq:_59_callbacks_suppressed
2016-10-26T00:05:22.007885+02:00_c1-0c2s14n0_[Hardware_Error]:_Machine_check_events_logged
2016-10-26T00:05:23.356506+02:00_c1-0c2s14n0_[Hardware_Error]:_Machine_check_events_logged
2016-10-26T00:06:23.423408+02:00_c1-0c2s14n0_mce_notify_irq:_61_callbacks_suppressed
2016-10-26T00:06:23.423443+02:00_c1-0c2s14n0_[Hardware_Error]:_Machine_check_events_logged
2016-10-26T00:06:24.022645+02:00_c1-0c2s14n0_[Hardware_Error]:_Machine_check_events_logged
2016-10-26T00:07:24.015467+02:00_c1-0c2s14n0_mce_notify_irq:_59_callbacks_suppressed
2016-10-26T00:07:24.040663+02:00_c1-0c2s14n0_[Hardware_Error]:_Machine_check_events_logged
2016-10-26T00:07:25.026536+02:00_c1-0c2s14n0_[Hardware_Error]:_Machine_check_events_logged
2016-10-26T00:08:25.038511+02:00_c1-0c2s14n0_mce_notify_irq:_59_callbacks_suppressed
2016-10-26T00:08:25.038556+02:00_c1-0c2s14n0_[Hardware_Error]:_Machine_check_events_logged
2016-10-26T00:08:26.043315+02:00_c1-0c2s14n0_[Hardware_Error]:_Machine_check_events_logged
2016-10-26T00:09:21.135291+02:00_c1-0c2s14n0_Corrected_memory_errors_on_page_103761d000_exceed_threshold_10_in_24h:_10_in_24h
2016-10-26T00:09:21.135327+02:00_c1-0c2s14n0_SOCKET:1_CHANNEL:1_DIMM:?_[]
2016-10-26T00:09:26.045496+02:00_c1-0c2s14n0_mce_notify_irq:_59_callbacks_suppressed
2016-10-26T00:09:26.070722+02:00_c1-0c2s14n0_[Hardware_Error]:_Machine_check_events_logged
2016-10-26T00:09:27.077196+02:00_c1-0c2s14n0_[Hardware_Error]:_Machine_check_events_logged
2016-10-26T00:10:27.057376+02:00_c1-0c2s14n0_mce_notify_irq:_59_callbacks_suppressed
2016-10-26T00:10:27.057429+02:00_c1-0c2s14n0_[Hardware_Error]:_Machine_check_events_logged
2016-10-26T00:10:28.079893+02:00_c1-0c2s14n0_[Hardware_Error]:_Machine_check_events_logged
2016-10-26T00:10:32.068204+02:00_c1-0c2s14n0_<node_health:5.1>_APID:3008406_(Filesystem_Test)_WARNING:_mkdir_of_/gfs1/.nodehealth.fstest_failed:_File_exists
2016-10-26T00:10:32.093471+02:00_c1-0c2s14n0_<node_health:5.1>_APID:3008406_(Filesystem_Test)_WARNING:_mkdir_of_/gfs2/.nodehealth.fstest_failed:_File_exists
2016-10-26T00:11:28.109728+02:00_c1-0c2s14n0_mce_notify_irq:_59_callbacks_suppressed
2016-10-26T00:11:28.109777+02:00_c1-0c2s14n0_[Hardware_Error]:_Machine_check_events_logged
2016-10-26T00:11:29.355232+02:00_c1-0c2s14n0_[Hardware_Error]:_Machine_check_events_logged
2016-10-26T00:12:29.370840+02:00_c1-0c2s14n0_mce_notify_irq:_59_callbacks_suppressed
2016-10-26T00:12:29.370879+02:00_c1-0c2s14n0_[Hardware_Error]:_Machine_check_events_logged
2016-10-26T00:12:30.124149+02:00_c1-0c2s14n0_[Hardware_Error]:_Machine_check_events_logged
2016-10-26T00:13:28.159377+02:00_c1-0c2s14n0_ning_trigger_`page-error-trigger'
2016-10-26T00:13:28.184492+02:00_c1-0c2s14n0_Corrected_memory_errors_on_page_107d949000_exceed_threshold_10_in_24h:_10_in_24h
2016-10-26T00:13:28.184509+02:00_c1-0c2s14n0_Location_SOCKET:1_CHANNEL:1_DIMM:?_[]
2016-10-26T00:13:28.209685+02:00_c1-0c2s14n0_Running_trigger_`page-error-trigger'
2016-10-26T00:13:28.209705+02:00_c1-0c2s14n0_Corrected_memory_errors_on_page_1039775000_exceed_threshold_10_in_24h:_10_in_24h
2016-10-26T00:13:28.209713+02:00_c1-0c2s14n0_Location_SOCKET:1_CHANNEL:1_DIMM:?_[]
2016-10-26T00:13:28.234864+02:00_c1-0c2s14n0_Running_trigger_`page-error-trigger'
2016-10-26T00:13:28.234885+02:00_c1-0c2s14n0_Corrected_memory_errors_on_page_10330a7000_exceed_threshold_10_in_24h:_10_in_24h
2016-10-26T00:13:28.234904+02:00_c1-0c2s14n0_Location_SOCKET:1_CHANNEL:1_DIMM:?_[]
2016-10-26T00:13:28.234919+02:00_c1-0c2s14n0_Running_trigger_`page-error-trigger'
2016-10-26T00:13:28.260048+02:00_c1-0c2s14n0_Corrected_memory_errors_on_page_1039749000_exceed_threshold_10_in_24h:_10_in_24h
2016-10-26T00:13:28.285243+02:00_c1-0c2s14n0_Location_SOCKET:1_CHANNEL:1_DIMM:?_[]
2016-10-26T00:13:28.285261+02:00_c1-0c2s14n0_Running_trigger_`page-error-trigger'
2016-10-26T00:13:28.285282+02:00_c1-0c2s14n0_Corrected_memory_errors_on_page_107fcec000_exceed_threshold_10_in_24h:_10_in_24h
2016-10-26T00:13:28.285299+02:00_c1-0c2s14n0_Location_SOCKET:1_CHANNEL:1_DIMM:?_[]
2016-10-26T00:13:28.285309+02:00_c1-0c2s14n0_Running_trigger_`page-error-trigger'
2016-10-26T00:13:28.310415+02:00_c1-0c2s14n0_Corrected_memory_errors_on_page_107df11000_exceed_threshold_10_in_24h:_10_in_24h
2016-10-26T00:13:28.335602+02:00_c1-0c2s14n0_Location_SOCKET:1_CHANNEL:1_DIMM:?_[]
2016-10-26T00:13:28.335626+02:00_c1-0c2s14n0_Running_trigger_`page-error-trigger'
2016-10-26T00:13:28.335634+02:00_c1-0c2s14n0_Corrected_memory_errors_on_page_1039735000_exceed_thr:?_[]
2016-10-26T00:13:28.360822+02:00_c1-0c2s14n0_Running_trigger_`page-error-trigger'
2016-10-26T00:13:28.360849+02:00_c1-0c2s14n0_Corrected_memory_errors_on_page_1033528000_exceed_threshold_10_in_24h:_10_in_24h
2016-10-26T00:13:28.360868+02:00_c1-0c2s14n0_Location_SOCKET:1_CHANNEL:1_DIMM:?_[]
2016-10-26T00:13:28.360895+02:00_c1-0c2s14n0_Running_trigger_`page-error-trigger'
2016-10-26T00:13:28.360907+02:00_c1-0c2s14n0_Corrected_memory_errors_on_page_107dc3d000_exceed_threshold_10_in_24h:_10_in_24h
2016-10-26T00:13:28.360916+02:00_c1-0c2s14n0_Location_SOCKET:1_CHANNEL:1_DIMM:?_[]
2016-10-26T00:13:28.385962+02:00_c1-0c2s14n0_Running_trigger_`page-error-trigger'
2016-10-26T00:13:28.411179+02:00_c1-0c2s14n0_Corrected_memory_errors_on_page_107fdcb000_exceed_threshold_10_in_24h:_10_in_24h
2016-10-26T00:13:28.411202+02:00_c1-0c2s14n0_Location_SOCKET:1_CHANNEL:1_DIMM:?_[]
2016-10-26T00:13:28.411218+02:00_c1-0c2s14n0_Running_trigger_`page-error-trigger'
2016-10-26T00:13:28.436359+02:00_c1-0c2s14n0_Corrected_memory_errors_on_page_1020016000_exceed_threshold_10_in_24h:_10_in_24h
2016-10-26T00:13:28.436381+02:00_c1-0c2s14n0_Location_SOCKET:1_CHANNEL:1_DIMM:?_[]
2016-10-26T00:13:28.461556+02:00_c1-0c2s14n0_Running_trigger_`page-error-trigger'
2016-10-26T00:13:28.461581+02:00_c1-0c2s14n0_Corrected_memory_errors_on_page_107faeb000_exceed_threshold_10_in_24h:_10_in_24h
2016-10-26T00:13:28.461601+02:00_c1-0c2s14n0_Location_SOCKET:1_CHANNEL:1_DIMM:?_[]
2016-10-26T00:13:28.461616+02:00_c1-0c2s14n0_Running_trigger_`page-error-trigger'
2016-10-26T00:13:28.486747+02:00_c1-0c2s14n0_Corrected_memory_errors_on_page_1037243000_exceed_threshold_10_in_24h:_10_in_24h
2016-10-26T00:13:28.625112+02:00_c1-0c2s14n0_Location_SOCKET:1_CHANNEL:1_DIMM:?_[]
2016-10-26T00:13:28.625136+02:00_c1-0c2s14n0_Running_trigger_`page-error-trigger'
2016-10-26T00:13:28.625145+02:00_c1-0c2s14n0_Corrected_memory_errors_on_page_107dc3f000_eEL:1_DIMM:?_[]
2016-10-26T00:13:28.625163+02:00_c1-0c2s14n0_Running_trigger_`page-error-trigger'
2016-10-26T00:13:28.650291+02:00_c1-0c2s14n0_Corrected_memory_errors_on_page_10330b3000_exceed_threshold_10_in_24h:_10_in_24h
2016-10-26T00:13:28.650304+02:00_c1-0c2s14n0_Location_SOCKET:1_CHANNEL:1_DIMM:?_[]
2016-10-26T00:13:28.650322+02:00_c1-0c2s14n0_Running_trigger_`page-error-trigger'
2016-10-26T00:13:28.675469+02:00_c1-0c2s14n0_Corrected_memory_errors_on_page_107f95d000_exceed_threshold_10_in_24h:_10_in_24h
2016-10-26T00:13:28.675495+02:00_c1-0c2s14n0_Location_SOCKET:1_CHANNEL:1_DIMM:?_[]
2016-10-26T00:13:28.675507+02:00_c1-0c2s14n0_Running_trigger_`page-error-trigger'
2016-10-26T00:13:28.700651+02:00_c1-0c2s14n0_Corrected_memory_errors_on_page_107fccc000_exceed_threshold_10_in_24h:_10_in_24h
2016-10-26T00:13:28.700679+02:00_c1-0c2s14n0_Location_SOCKET:1_CHANNEL:1_DIMM:?_[]
2016-10-26T00:13:28.700688+02:00_c1-0c2s14n0_Running_trigger_`page-error-trigger'
2016-10-26T00:13:28.725872+02:00_c1-0c2s14n0_Corrected_memory_errors_on_page_10374ed000_exceed_threshold_10_in_24h:_10_in_24h
2016-10-26T00:13:28.725896+02:00_c1-0c2s14n0_Location_SOCKET:1_CHANNEL:1_DIMM:?_[]
2016-10-26T00:13:28.725913+02:00_c1-0c2s14n0_Running_trigger_`page-error-trigger'
2016-10-26T00:13:28.762716+02:00_c1-0c2s14n0_Corrected_memory_errors_on_page_107bc10000_exceed_threshold_10_in_24h:_10_in_24h
2016-10-26T00:13:28.762747+02:00_c1-0c2s14n0_Location_SOCKET:1_CHANNEL:1_DIMM:?_[]
2016-10-26T00:13:28.762759+02:00_c1-0c2s14n0_Running_trigger_`page-error-trigger'
2016-10-26T00:13:28.897356+02:00_c1-0c2s14n0_Corrected_memory_errors_on_page_107d820000_exceed_threshold_10_in_24h:_10_in_24h
2016-10-26T00:13:28.922521+02:00_c1-0c2s14n0_Location_SOCKET:1_CHANNEL:1_DIMM:?_[]
2016-10-26T00:13:28.922547+02:00_c1-0c2s14n0_Running_trigger_`page-error-trigger'
2016-10-26T00:13:28.922568+02:00_c1-0c2s14n0_Corrected_memory_errors_on_page_107T:1_CHANNEL:1_DIMM:?_[]
2016-10-26T00:13:28.947736+02:00_c1-0c2s14n0_Running_trigger_`page-error-trigger'
2016-10-26T00:13:28.947767+02:00_c1-0c2s14n0_Corrected_memory_errors_on_page_107df2f000_exceed_threshold_10_in_24h:_10_in_24h
2016-10-26T00:13:28.947776+02:00_c1-0c2s14n0_Location_SOCKET:1_CHANNEL:1_DIMM:?_[]
2016-10-26T00:13:28.947794+02:00_c1-0c2s14n0_Running_trigger_`page-error-trigger'
2016-10-26T00:13:28.972939+02:00_c1-0c2s14n0_Corrected_memory_errors_on_page_107df2e000_exceed_threshold_10_in_24h:_10_in_24h
2016-10-26T00:13:28.972962+02:00_c1-0c2s14n0_Location_SOCKET:1_CHANNEL:1_DIMM:?_[]
2016-10-26T00:13:28.972974+02:00_c1-0c2s14n0_Running_trigger_`page-error-trigger'
2016-10-26T00:13:28.998124+02:00_c1-0c2s14n0_Corrected_memory_errors_on_page_1036f4b000_exceed_threshold_10_in_24h:_10_in_24h
2016-10-26T00:13:28.998149+02:00_c1-0c2s14n0_Location_SOCKET:1_CHANNEL:1_DIMM:?_[]
2016-10-26T00:13:29.391557+02:00_c1-0c2s14n0_Running_trigger_`page-error-trigger'
2016-10-26T00:13:29.391583+02:00_c1-0c2s14n0_Corrected_memory_errors_on_page_107fbeb000_exceed_threshold_10_in_24h:_10_in_24h
2016-10-26T00:13:29.391589+02:00_c1-0c2s14n0_Location_SOCKET:1_CHANNEL:1_DIMM:?_[]
2016-10-26T00:13:29.391599+02:00_c1-0c2s14n0_Running_trigger_`page-error-trigger'
2016-10-26T00:13:29.391607+02:00_c1-0c2s14n0_Corrected_memory_errors_on_page_103761d000_exceed_threshold_10_in_24h:_10_in_24h
2016-10-26T00:13:29.391614+02:00_c1-0c2s14n0_Location_SOCKET:1_CHANNEL:1_DIMM:?_[]
2016-10-26T00:13:29.391621+02:00_c1-0c2s14n0_Running_trigger_`page-error-trigger'
2016-10-26T00:13:29.391627+02:00_c1-0c2s14n0_CorrecCorrected_memory_errors_on_page_1033804000_exceed_threshold_10_in_24h:_10_in_24h
2016-10-26T00:13:29.391639+02:00_c1-0c2s14n0_SOCKET:1_CHANNEL:1_DIMM:?_[]
2016-10-26T00:13:30.135215+02:00_c1-0c2s14n0_mce_notify_irq:_59_callbacks_suppressed
2016-10-26T00:13:30.160286+02:00_c1-0c2s14n0_[Hardware_Error]:_Machine_check_events_logged
2016-10-26T00:13:31.160708+02:00_c1-0c2s14n0_[Hardware_Error]:_Machine_check_events_logged
2016-10-26T00:14:31.155366+02:00_c1-0c2s14n0_mce_notify_irq:_59_callbacks_suppressed
2016-10-26T00:14:31.155405+02:00_c1-0c2s14n0_[Hardware_Error]:_Machine_check_events_logged
2016-10-26T00:14:32.159710+02:00_c1-0c2s14n0_[Hardware_Error]:_Machine_check_events_logged
2016-10-26T00:15:32.169004+02:00_c1-0c2s14n0_mce_notify_irq:_59_callbacks_suppressed
2016-10-26T00:15:32.169051+02:00_c1-0c2s14n0_[Hardware_Error]:_Machine_check_events_logged
2016-10-26T00:15:33.145466+02:00_c1-0c2s14n0_[Hardware_Error]:_Machine_check_events_logged
2016-10-26T00:16:33.175079+02:00_c1-0c2s14n0_mce_notify_irq:_59_callbacks_suppressed
2016-10-26T00:16:33.200281+02:00_c1-0c2s14n0_[Hardware_Error]:_Machine_check_events_logged
2016-10-26T00:16:34.204460+02:00_c1-0c2s14n0_[Hardware_Error]:_Machine_check_events_logged
2016-10-26T00:17:34.219411+02:00_c1-0c2s14n0_mce_notify_irq:_59_callbacks_suppressed
2016-10-26T00:17:34.219455+02:00_c1-0c2s14n0_[Hardware_Error]:_Machine_check_events_logged
2016-10-26T00:17:35.563927+02:00_c1-0c2s14n0_[Hardware_Error]:_Machine_check_events_logged
2016-10-26T00:18:35.593826+02:00_c1-0c2s14n0_mce_notify_irq:_59_callbacks_suppressed
2016-10-26T00:18:35.593863+02:00_c1-0c2s14n0_[Hardware_Error]:_Machine_check_events_logged
2016-10-26T00:18:36.239713+02:00_c1-0c2s14n0_[Hardware_Error]:_Machine_check_events_logged
2016-10-26T00:19:36.246996+02:00_c1-0c2s14n0_mce_notify_irq:_59_callbacks_suppressed
2016-10-26T00:19:36.247044+02:00_c1-0c2s14n0_[Hardware_Error]:_Machine_check_events_logged
2016-10-26T00:19:37.239303+02:00_c1-0c2s14n0_[Hardware_Error]:_Machine_check_events_logged
2016-10-26T00:20:20.278516+02:00_c1-0c2s14n0_Corrected_memory_errors_on_page_1037600000_exceed_threshold_10_in_24h:_10_in_24h
2016-10-26T00:20:20.278563+02:00_c1-0c2s14n0_SOCKET:1_CHANNEL:1_DIMM:?_[]
2016-10-26T00:20:37.236666+02:00_c1-0c2s14n0_mce_notify_irq:_59_callbacks_suppressed
2016-10-26T00:20:37.261917+02:00_c1-0c2s14n0_[Hardware_Error]:_Machine_check_events_logged
2016-10-26T00:20:38.250172+02:00_c1-0c2s14n0_[Hardware_Error]:_Machine_check_events_logged
2016-10-26T00:21:38.253381+02:00_c1-0c2s14n0_mce_notify_irq:_59_callbacks_suppressed
2016-10-26T00:21:38.278602+02:00_c1-0c2s14n0_[Hardware_Error]:_Machine_check_events_logged
2016-10-26T00:21:39.266201+02:00_c1-0c2s14n0_[Hardware_Error]:_Machine_check_events_logged
2016-10-26T00:22:39.270760+02:00_c1-0c2s14n0_mce_notify_irq:_59_callbacks_suppressed
2016-10-26T00:22:39.296001+02:00_c1-0c2s14n0_[Hardware_Error]:_Machine_check_events_logged
2016-10-26T00:22:40.282196+02:00_c1-0c2s14n0_[Hardware_Error]:_Machine_check_events_logged
2016-10-26T00:23:40.306729+02:00_c1-0c2s14n0_mce_notify_irq:_59_callbacks_suppressed
2016-10-26T00:23:40.306772+02:00_c1-0c2s14n0_[Hardware_Error]:_Machine_check_events_logged
2016-10-26T00:23:41.502271+02:00_c1-0c2s14n0_[Hardware_Error]:_Machine_check_events_logged
2016-10-26T00:24:41.439344+02:00_c1-0c2s14n0_mce_notify_irq:_59_callbacks_suppressed
2016-10-26T00:24:41.439378+02:00_c1-0c2s14n0_[Hardware_Error]:_Machine_check_events_logged
2016-10-26T00:24:42.317013+02:00_c1-0c2s14n0_[Hardware_Error]:_Machine_check_events_logged
2016-10-26T00:25:42.320610+02:00_c1-0c2s14n0_mce_notify_irq:_59_callbacks_suppressed
2016-10-26T00:25:42.320657+02:00_c1-0c2s14n0_[Hardware_Error]:_Machine_check_events_logged
2016-10-26T00:25:43.362703+02:00_c1-0c2s14n0_[Hardware_Error]:_Machine_check_events_logged
2016-10-26T00:26:43.337179+02:00_c1-0c2s14n0_mce_notify_irq:_59_callbacks_suppressed
2016-10-26T00:26:43.337222+02:00_c1-0c2s14n0_[Hardware_Error]:_Machine_check_events_logged
2016-10-26T00:26:44.355790+02:00_c1-0c2s14n0_[Hardware_Error]:_Machine_check_events_logged
2016-10-26T00:27:44.352804+02:00_c1-0c2s14n0_mce_notify_irq:_59_callbacks_suppressed
2016-10-26T00:27:44.378055+02:00_c1-0c2s14n0_[Hardware_Error]:_Machine_check_events_logged
2016-10-26T00:27:45.366290+02:00_c1-0c2s14n0_[Hardware_Error]:_Machine_check_events_logged
2016-10-26T00:28:45.393700+02:00_c1-0c2s14n0_mce_notify_irq:_59_callbacks_suppressed
2016-10-26T00:28:45.393743+02:00_c1-0c2s14n0_[Hardware_Error]:_Machine_check_events_logged
2016-10-26T00:28:46.382129+02:00_c1-0c2s14n0_[Hardware_Error]:_Machine_check_events_logged
2016-10-26T00:29:27.429833+02:00_c1-0c2s14n0_Corrected_memory_errors_on_page_1037614000_exceed_threshold_10_in_24h:_10_in_24h
2016-10-26T00:29:27.454949+02:00_c1-0c2s14n0_SOCKET:1_CHANNEL:1_DIMM:?_[]
2016-10-26T00:29:46.399401+02:00_c1-0c2s14n0_mce_notify_irq:_59_callbacks_suppressed
2016-10-26T00:29:46.399443+02:00_c1-0c2s14n0_[Hardware_Error]:_Machine_check_events_logged
2016-10-26T00:29:47.487943+02:00_c1-0c2s14n0_[Hardware_Error]:_Machine_check_events_logged
2016-10-26T00:30:03.470031+02:00_c1-0c2s14n0_Corrected_memory_errors_on_page_1037616000_exceed_threshold_10_in_24h:_10_in_24h
2016-10-26T00:30:03.470067+02:00_c1-0c2s14n0_SOCKET:1_CHANNEL:1_DIMM:?_[]
2016-10-26T00:30:16.441790+02:00_c1-0c2s14n0_Corrected_memory_errors_on_page_1037617000_exceed_threshold_10_in_24h:_10_in_24h
2016-10-26T00:30:16.466955+02:00_c1-0c2s14n0_SOCKET:1_CHANNEL:1_DIMM:?_[]
2016-10-26T00:30:47.499553+02:00_c1-0c2s14n0_mce_notify_irq:_59_callbacks_suppressed
2016-10-26T00:30:47.499588+02:00_c1-0c2s14n0_[Hardware_Error]:_Machine_check_events_logged
2016-10-26T00:30:48.414252+02:00_c1-0c2s14n0_[Hardware_Error]:_Machine_check_events_logged
2016-10-26T00:31:48.416908+02:00_c1-0c2s14n0_mce_notify_irq:_59_callbacks_suppressed
2016-10-26T00:31:48.442113+02:00_c1-0c2s14n0_[Hardware_Error]:_Machine_check_events_logged
2016-10-26T00:31:49.442798+02:00_c1-0c2s14n0_[Hardware_Error]:_Machine_check_events_logged
2016-10-26T00:32:15.473530+02:00_c1-0c2s14n0_Corrected_memory_errors_on_page_103761c000_exceed_threshold_10_in_24h:_10_in_24h
2016-10-26T00:32:15.473565+02:00_c1-0c2s14n0_SOCKET:1_CHANNEL:1_DIMM:?_[]
2016-10-26T00:32:49.433170+02:00_c1-0c2s14n0_mce_notify_irq:_59_callbacks_suppressed
2016-10-26T00:32:49.433212+02:00_c1-0c2s14n0_[Hardware_Error]:_Machine_check_events_logged
2016-10-26T00:32:50.444871+02:00_c1-0c2s14n0_[Hardware_Error]:_Machine_check_events_logged
2016-10-26T00:33:01.490064+02:00_c1-0c2s14n0_Corrected_memory_errors_on_page_103761f000_exceed_threshold_10_in_24h:_10_in_24h
2016-10-26T00:33:01.515216+02:00_c1-0c2s14n0_SOCKET:1_CHANNEL:1_DIMM:?_[]
2016-10-26T00:33:50.464565+02:00_c1-0c2s14n0_mce_notify_irq:_59_callbacks_suppressed
2016-10-26T00:33:50.464607+02:00_c1-0c2s14n0_[Hardware_Error]:_Machine_check_events_logged
2016-10-26T00:33:51.464424+02:00_c1-0c2s14n0_[Hardware_Error]:_Machine_check_events_logged
2016-10-26T00:34:51.468978+02:00_c1-0c2s14n0_mce_notify_irq:_59_callbacks_suppressed
2016-10-26T00:34:51.494170+02:00_c1-0c2s14n0_[Hardware_Error]:_Machine_check_events_logged
2016-10-26T00:34:52.482477+02:00_c1-0c2s14n0_[Hardware_Error]:_Machine_check_events_logged
2016-10-26T00:35:52.485065+02:00_c1-0c2s14n0_mce_notify_irq:_59_callbacks_suppressed
2016-10-26T00:35:52.510288+02:00_c1-0c2s14n0_[Hardware_Error]:_Machine_check_events_logged
2016-10-26T00:35:53.640074+02:00_c1-0c2s14n0_[Hardware_Error]:_Machine_check_events_logged
2016-10-26T00:36:53.591362+02:00_c1-0c2s14n0_mce_notify_irq:_59_callbacks_suppressed
2016-10-26T00:36:53.591397+02:00_c1-0c2s14n0_[Hardware_Error]:_Machine_check_events_logged
2016-10-26T00:36:54.531563+02:00_c1-0c2s14n0_[Hardware_Error]:_Machine_check_events_logged
2016-10-26T00:37:54.543879+02:00_c1-0c2s14n0_mce_notify_irq:_59_callbacks_suppressed
2016-10-26T00:37:54.543921+02:00_c1-0c2s14n0_[Hardware_Error]:_Machine_check_events_logged
2016-10-26T00:37:55.531120+02:00_c1-0c2s14n0_[Hardware_Error]:_Machine_check_events_logged
2016-10-26T00:38:55.537406+02:00_c1-0c2s14n0_mce_notify_irq:_61_callbacks_suppressed
2016-10-26T00:38:55.562649+02:00_c1-0c2s14n0_[Hardware_Error]:_Machine_check_events_logged
2016-10-26T00:38:56.550322+02:00_c1-0c2s14n0_[Hardware_Error]:_Machine_check_events_logged
2016-10-26T00:39:56.560113+02:00_c1-0c2s14n0_mce_notify_irq:_59_callbacks_suppressed
2016-10-26T00:39:56.560142+02:00_c1-0c2s14n0_[Hardware_Error]:_Machine_check_events_logged
2016-10-26T00:39:57.565113+02:00_c1-0c2s14n0_[Hardware_Error]:_Machine_check_events_logged
2016-10-26T00:40:57.569858+02:00_c1-0c2s14n0_mce_notify_irq:_59_callbacks_suppressed
2016-10-26T00:40:57.595086+02:00_c1-0c2s14n0_[Hardware_Error]:_Machine_check_events_logged
2016-10-26T00:40:58.583359+02:00_c1-0c2s14n0_[Hardware_Error]:_Machine_check_events_logged
2016-10-26T00:41:58.600475+02:00_c1-0c2s14n0_mce_notify_irq:_59_callbacks_suppressed
2016-10-26T00:41:58.600518+02:00_c1-0c2s14n0_[Hardware_Error]:_Machine_check_events_logged
2016-10-26T00:41:59.833356+02:00_c1-0c2s14n0_[Hardware_Error]:_Machine_check_events_logged
2016-10-26T00:42:59.634313+02:00_c1-0c2s14n0_mce_notify_irq:_59_callbacks_suppressed
2016-10-26T00:42:59.634341+02:00_c1-0c2s14n0_[Hardware_Error]:_Machine_check_events_logged
2016-10-26T00:43:00.617649+02:00_c1-0c2s14n0_[Hardware_Error]:_Machine_check_events_logged
2016-10-26T00:44:00.618599+02:00_c1-0c2s14n0_mce_notify_irq:_59_callbacks_suppressed
2016-10-26T00:44:00.643851+02:00_c1-0c2s14n0_[Hardware_Error]:_Machine_check_events_logged
2016-10-26T00:44:01.631290+02:00_c1-0c2s14n0_[Hardware_Error]:_Machine_check_events_logged
2016-10-26T00:45:01.647430+02:00_c1-0c2s14n0_mce_notify_irq:_59_callbacks_suppressed
2016-10-26T00:45:01.647473+02:00_c1-0c2s14n0_[Hardware_Error]:_Machine_check_events_logged
2016-10-26T00:45:02.644160+02:00_c1-0c2s14n0_[Hardware_Error]:_Machine_check_events_logged
2016-10-26T00:46:02.646228+02:00_c1-0c2s14n0_mce_notify_irq:_59_callbacks_suppressed
2016-10-26T00:46:02.671451+02:00_c1-0c2s14n0_[Hardware_Error]:_Machine_check_events_logged
2016-10-26T00:46:03.659923+02:00_c1-0c2s14n0_[Hardware_Error]:_Machine_check_events_logged
2016-10-26T00:47:03.664170+02:00_c1-0c2s14n0_mce_notify_irq:_59_callbacks_suppressed
2016-10-26T00:47:03.689377+02:00_c1-0c2s14n0_[Hardware_Error]:_Machine_check_events_logged
2016-10-26T00:47:04.676422+02:00_c1-0c2s14n0_[Hardware_Error]:_Machine_check_events_logged
2016-10-26T00:48:04.714872+02:00_c1-0c2s14n0_mce_notify_irq:_59_callbacks_suppressed
2016-10-26T00:48:04.714917+02:00_c1-0c2s14n0_[Hardware_Error]:_Machine_check_events_logged
2016-10-26T00:48:05.813412+02:00_c1-0c2s14n0_[Hardware_Error]:_Machine_check_events_logged
2016-10-26T00:49:05.717047+02:00_c1-0c2s14n0_mce_notify_irq:_59_callbacks_suppressed
2016-10-26T00:49:05.717093+02:00_c1-0c2s14n0_[Hardware_Error]:_Machine_check_events_logged
2016-10-26T00:49:06.724032+02:00_c1-0c2s14n0_[Hardware_Error]:_Machine_check_events_logged
2016-10-26T00:50:06.713003+02:00_c1-0c2s14n0_mce_notify_irq:_59_callbacks_suppressed
2016-10-26T00:50:06.738274+02:00_c1-0c2s14n0_[Hardware_Error]:_Machine_check_events_logged
2016-10-26T00:50:07.724319+02:00_c1-0c2s14n0_[Hardware_Error]:_Machine_check_events_logged
2016-10-26T00:51:07.755417+02:00_c1-0c2s14n0_mce_notify_irq:_59_callbacks_suppressed
2016-10-26T00:51:07.755463+02:00_c1-0c2s14n0_[Hardware_Error]:_Machine_check_events_logged
2016-10-26T00:51:08.774816+02:00_c1-0c2s14n0_[Hardware_Error]:_Machine_check_events_logged
2016-10-26T00:52:08.746240+02:00_c1-0c2s14n0_mce_notify_irq:_59_callbacks_suppressed
2016-10-26T00:52:08.771385+02:00_c1-0c2s14n0_[Hardware_Error]:_Machine_check_events_logged
2016-10-26T00:52:09.786776+02:00_c1-0c2s14n0_[Hardware_Error]:_Machine_check_events_logged
2016-10-26T00:53:09.766545+02:00_c1-0c2s14n0_mce_notify_irq:_59_callbacks_suppressed
2016-10-26T00:53:09.766588+02:00_c1-0c2s14n0_[Hardware_Error]:_Machine_check_events_logged
2016-10-26T00:53:10.789384+02:00_c1-0c2s14n0_[Hardware_Error]:_Machine_check_events_logged
2016-10-26T00:54:10.771368+02:00_c1-0c2s14n0_mce_notify_irq:_59_callbacks_suppressed
2016-10-26T00:54:10.771413+02:00_c1-0c2s14n0_[Hardware_Error]:_Machine_check_events_logged
2016-10-26T00:54:11.796161+02:00_c1-0c2s14n0_[Hardware_Error]:_Machine_check_events_logged
2016-10-26T00:55:11.805682+02:00_c1-0c2s14n0_mce_notify_irq:_59_callbacks_suppressed
2016-10-26T00:55:11.805720+02:00_c1-0c2s14n0_[Hardware_Error]:_Machine_check_events_logged
2016-10-26T00:55:12.800727+02:00_c1-0c2s14n0_[Hardware_Error]:_Machine_check_events_logged
2016-10-26T00:56:12.797262+02:00_c1-0c2s14n0_mce_notify_irq:_59_callbacks_suppressed
2016-10-26T00:56:12.797306+02:00_c1-0c2s14n0_[Hardware_Error]:_Machine_check_events_logged
2016-10-26T00:56:13.811364+02:00_c1-0c2s14n0_[Hardware_Error]:_Machine_check_events_logged
2016-10-26T00:57:13.825539+02:00_c1-0c2s14n0_mce_notify_irq:_59_callbacks_suppressed
2016-10-26T00:57:13.850722+02:00_c1-0c2s14n0_[Hardware_Error]:_Machine_check_events_logged
2016-10-26T00:57:14.837578+02:00_c1-0c2s14n0_[Hardware_Error]:_Machine_check_events_logged
2016-10-26T00:58:14.840426+02:00_c1-0c2s14n0_mce_notify_irq:_59_callbacks_suppressed
2016-10-26T00:58:14.865627+02:00_c1-0c2s14n0_[Hardware_Error]:_Machine_check_events_logged
2016-10-26T00:58:15.859138+02:00_c1-0c2s14n0_[Hardware_Error]:_Machine_check_events_logged
2016-10-26T00:59:15.878552+02:00_c1-0c2s14n0_mce_notify_irq:_59_callbacks_suppressed
2016-10-26T00:59:15.878598+02:00_c1-0c2s14n0_[Hardware_Error]:_Machine_check_events_logged
2016-10-26T00:59:16.869259+02:00_c1-0c2s14n0_[Hardware_Error]:_Machine_check_events_logged
2016-10-26T01:00:16.882829+02:00_c1-0c2s14n0_mce_notify_irq:_59_callbacks_suppressed
2016-10-26T01:00:16.882877+02:00_c1-0c2s14n0_[Hardware_Error]:_Machine_check_events_logged
2016-10-26T01:00:17.884347+02:00_c1-0c2s14n0_[Hardware_Error]:_Machine_check_events_logged
2016-10-26T01:01:07.938545+02:00_c1-0c2s14n0_Corrected_memory_errors_on_page_103aa87000_exceed_threshold_10_in_24h:_10_in_24h
2016-10-26T01:01:07.963644+02:00_c1-0c2s14n0_SOCKET:1_CHANNEL:1_DIMM:?_[]
2016-10-26T01:01:17.889996+02:00_c1-0c2s14n0_mce_notify_irq:_59_callbacks_suppressed
2016-10-26T01:01:17.915160+02:00_c1-0c2s14n0_[Hardware_Error]:_Machine_check_events_logged
2016-10-26T01:01:18.901134+02:00_c1-0c2s14n0_[Hardware_Error]:_Machine_check_events_logged
2016-10-26T01:01:58.945702+02:00_c1-0c2s14n0_Corrected_memory_errors_on_page_103a887000_exceed_threshold_10_in_24h:_10_in_24h
2016-10-26T01:01:58.970887+02:00_c1-0c2s14n0_SOCKET:1_CHANNEL:1_DIMM:?_[]
2016-10-26T01:02:18.903777+02:00_c1-0c2s14n0_mce_notify_irq:_59_callbacks_suppressed
2016-10-26T01:02:18.903825+02:00_c1-0c2s14n0_[Hardware_Error]:_Machine_check_events_logged
2016-10-26T01:02:19.939342+02:00_c1-0c2s14n0_[Hardware_Error]:_Machine_check_events_logged
2016-10-26T01:03:19.918826+02:00_c1-0c2s14n0_mce_notify_irq:_59_callbacks_suppressed
2016-10-26T01:03:19.944352+02:00_c1-0c2s14n0_[Hardware_Error]:_Machine_check_events_logged
2016-10-26T01:03:20.931588+02:00_c1-0c2s14n0_[Hardware_Error]:_Machine_check_events_logged
2016-10-26T01:04:20.943627+02:00_c1-0c2s14n0_mce_notify_irq:_59_callbacks_suppressed
2016-10-26T01:04:20.943663+02:00_c1-0c2s14n0_[Hardware_Error]:_Machine_check_events_logged
2016-10-26T01:04:21.944005+02:00_c1-0c2s14n0_[Hardware_Error]:_Machine_check_events_logged
2016-10-26T01:05:21.947008+02:00_c1-0c2s14n0_mce_notify_irq:_59_callbacks_suppressed
2016-10-26T01:05:21.947050+02:00_c1-0c2s14n0_[Hardware_Error]:_Machine_check_events_logged
2016-10-26T01:05:22.966690+02:00_c1-0c2s14n0_[Hardware_Error]:_Machine_check_events_logged
2016-10-26T01:06:22.968478+02:00_c1-0c2s14n0_mce_notify_irq:_59_callbacks_suppressed
2016-10-26T01:06:22.968525+02:00_c1-0c2s14n0_[Hardware_Error]:_Machine_check_events_logged
2016-10-26T01:06:23.981327+02:00_c1-0c2s14n0_[Hardware_Error]:_Machine_check_events_logged
2016-10-26T01:07:23.983782+02:00_c1-0c2s14n0_mce_notify_irq:_59_callbacks_suppressed
2016-10-26T01:07:23.983816+02:00_c1-0c2s14n0_[Hardware_Error]:_Machine_check_events_logged
2016-10-26T01:07:24.997326+02:00_c1-0c2s14n0_[Hardware_Error]:_Machine_check_events_logged
2016-10-26T01:07:48.043320+02:00_c1-0c2s14n0_Corrected_memory_errors_on_page_103331a000_exceed_threshold_10_in_24h:_10_in_24h
2016-10-26T01:07:48.068485+02:00_c1-0c2s14n0_SOCKET:1_CHANNEL:1_DIMM:?_[]
2016-10-26T01:08:24.995057+02:00_c1-0c2s14n0_mce_notify_irq:_59_callbacks_suppressed
2016-10-26T01:08:24.995094+02:00_c1-0c2s14n0_[Hardware_Error]:_Machine_check_events_logged
2016-10-26T01:08:26.015786+02:00_c1-0c2s14n0_[Hardware_Error]:_Machine_check_events_logged
2016-10-26T01:09:26.015942+02:00_c1-0c2s14n0_mce_notify_irq:_59_callbacks_suppressed
2016-10-26T01:09:26.041151+02:00_c1-0c2s14n0_[Hardware_Error]:_Machine_check_events_logged
2016-10-26T01:09:27.038996+02:00_c1-0c2s14n0_[Hardware_Error]:_Machine_check_events_logged
2016-10-26T01:10:27.019411+02:00_c1-0c2s14n0_mce_notify_irq:_59_callbacks_suppressed
2016-10-26T01:10:27.044469+02:00_c1-0c2s14n0_[Hardware_Error]:_Machine_check_events_logged
2016-10-26T01:10:28.051948+02:00_c1-0c2s14n0_[Hardware_Error]:_Machine_check_events_logged
2016-10-26T01:11:28.048559+02:00_c1-0c2s14n0_mce_notify_irq:_59_callbacks_suppressed
2016-10-26T01:11:28.048595+02:00_c1-0c2s14n0_[Hardware_Error]:_Machine_check_events_logged
2016-10-26T01:11:29.057260+02:00_c1-0c2s14n0_[Hardware_Error]:_Machine_check_events_logged
2016-10-26T01:12:29.064165+02:00_c1-0c2s14n0_mce_notify_irq:_59_callbacks_suppressed
2016-10-26T01:12:29.089448+02:00_c1-0c2s14n0_[Hardware_Error]:_Machine_check_events_logged
2016-10-26T01:12:30.176204+02:00_c1-0c2s14n0_[Hardware_Error]:_Machine_check_events_logged
2016-10-26T01:13:30.183764+02:00_c1-0c2s14n0_mce_notify_irq:_59_callbacks_suppressed
2016-10-26T01:13:30.183806+02:00_c1-0c2s14n0_[Hardware_Error]:_Machine_check_events_logged
2016-10-26T01:13:31.089177+02:00_c1-0c2s14n0_[Hardware_Error]:_Machine_check_events_logged
2016-10-26T01:14:31.092124+02:00_c1-0c2s14n0_mce_notify_irq:_59_callbacks_suppressed
2016-10-26T01:14:31.117258+02:00_c1-0c2s14n0_[Hardware_Error]:_Machine_check_events_logged
2016-10-26T01:14:32.120950+02:00_c1-0c2s14n0_[Hardware_Error]:_Machine_check_events_logged
2016-10-26T01:15:32.131325+02:00_c1-0c2s14n0_mce_notify_irq:_59_callbacks_suppressed
2016-10-26T01:15:32.131360+02:00_c1-0c2s14n0_[Hardware_Error]:_Machine_check_events_logged
2016-10-26T01:15:33.121518+02:00_c1-0c2s14n0_[Hardware_Error]:_Machine_check_events_logged
2016-10-26T01:16:33.123882+02:00_c1-0c2s14n0_mce_notify_irq:_59_callbacks_suppressed
2016-10-26T01:16:33.149100+02:00_c1-0c2s14n0_[Hardware_Error]:_Machine_check_events_logged
2016-10-26T01:16:34.178869+02:00_c1-0c2s14n0_[Hardware_Error]:_Machine_check_events_logged
2016-10-26T01:17:34.154652+02:00_c1-0c2s14n0_mce_notify_irq:_59_callbacks_suppressed
2016-10-26T01:17:34.154690+02:00_c1-0c2s14n0_[Hardware_Error]:_Machine_check_events_logged
2016-10-26T01:17:35.162011+02:00_c1-0c2s14n0_[Hardware_Error]:_Machine_check_events_logged
2016-10-26T01:18:35.158395+02:00_c1-0c2s14n0_mce_notify_irq:_59_callbacks_suppressed
2016-10-26T01:18:35.183447+02:00_c1-0c2s14n0_[Hardware_Error]:_Machine_check_events_logged
2016-10-26T01:18:36.165064+02:00_c1-0c2s14n0_[Hardware_Error]:_Machine_check_events_logged
2016-10-26T01:19:36.168664+02:00_c1-0c2s14n0_mce_notify_irq:_59_callbacks_suppressed
2016-10-26T01:19:36.168701+02:00_c1-0c2s14n0_[Hardware_Error]:_Machine_check_events_logged
2016-10-26T01:19:37.186307+02:00_c1-0c2s14n0_[Hardware_Error]:_Machine_check_events_logged
2016-10-26T01:20:37.183234+02:00_c1-0c2s14n0_mce_notify_irq:_59_callbacks_suppressed
2016-10-26T01:20:37.208456+02:00_c1-0c2s14n0_[Hardware_Error]:_Machine_check_events_logged
2016-10-26T01:20:38.196919+02:00_c1-0c2s14n0_[Hardware_Error]:_Machine_check_events_logged
2016-10-26T01:21:38.201240+02:00_c1-0c2s14n0_mce_notify_irq:_61_callbacks_suppressed
2016-10-26T01:21:38.226430+02:00_c1-0c2s14n0_[Hardware_Error]:_Machine_check_events_logged
2016-10-26T01:21:39.228661+02:00_c1-0c2s14n0_[Hardware_Error]:_Machine_check_events_logged
2016-10-26T01:22:39.215861+02:00_c1-0c2s14n0_mce_notify_irq:_59_callbacks_suppressed
2016-10-26T01:22:39.241135+02:00_c1-0c2s14n0_[Hardware_Error]:_Machine_check_events_logged
2016-10-26T01:22:40.260326+02:00_c1-0c2s14n0_[Hardware_Error]:_Machine_check_events_logged
2016-10-26T01:23:40.257607+02:00_c1-0c2s14n0_mce_notify_irq:_59_callbacks_suppressed
2016-10-26T01:23:40.257635+02:00_c1-0c2s14n0_[Hardware_Error]:_Machine_check_events_logged
2016-10-26T01:23:41.267355+02:00_c1-0c2s14n0_[Hardware_Error]:_Machine_check_events_logged
2016-10-26T01:24:41.257218+02:00_c1-0c2s14n0_mce_notify_irq:_59_callbacks_suppressed
2016-10-26T01:24:41.257255+02:00_c1-0c2s14n0_[Hardware_Error]:_Machine_check_events_logged
2016-10-26T01:24:42.268569+02:00_c1-0c2s14n0_[Hardware_Error]:_Machine_check_events_logged
2016-10-26T01:25:42.268760+02:00_c1-0c2s14n0_mce_notify_irq:_59_callbacks_suppressed
2016-10-26T01:25:42.268804+02:00_c1-0c2s14n0_[Hardware_Error]:_Machine_check_events_logged
2016-10-26T01:25:43.272446+02:00_c1-0c2s14n0_[Hardware_Error]:_Machine_check_events_logged
2016-10-26T01:26:43.274842+02:00_c1-0c2s14n0_mce_notify_irq:_59_callbacks_suppressed
2016-10-26T01:26:43.274885+02:00_c1-0c2s14n0_[Hardware_Error]:_Machine_check_events_logged
2016-10-26T01:26:44.289233+02:00_c1-0c2s14n0_[Hardware_Error]:_Machine_check_events_logged
2016-10-26T01:27:44.305664+02:00_c1-0c2s14n0_mce_notify_irq:_59_callbacks_suppressed
2016-10-26T01:27:44.305706+02:00_c1-0c2s14n0_[Hardware_Error]:_Machine_check_events_logged
2016-10-26T01:27:45.304465+02:00_c1-0c2s14n0_[Hardware_Error]:_Machine_check_events_logged
2016-10-26T01:28:45.310649+02:00_c1-0c2s14n0_mce_notify_irq:_59_callbacks_suppressed
2016-10-26T01:28:45.335892+02:00_c1-0c2s14n0_[Hardware_Error]:_Machine_check_events_logged
2016-10-26T01:28:46.324325+02:00_c1-0c2s14n0_[Hardware_Error]:_Machine_check_events_logged
2016-10-26T01:29:46.328811+02:00_c1-0c2s14n0_mce_notify_irq:_59_callbacks_suppressed
2016-10-26T01:29:46.354064+02:00_c1-0c2s14n0_[Hardware_Error]:_Machine_check_events_logged
2016-10-26T01:29:47.340433+02:00_c1-0c2s14n0_[Hardware_Error]:_Machine_check_events_logged
2016-10-26T01:30:47.359440+02:00_c1-0c2s14n0_mce_notify_irq:_59_callbacks_suppressed
2016-10-26T01:30:47.359482+02:00_c1-0c2s14n0_[Hardware_Error]:_Machine_check_events_logged
2016-10-26T01:30:48.358689+02:00_c1-0c2s14n0_[Hardware_Error]:_Machine_check_events_logged
2016-10-26T01:31:48.363743+02:00_c1-0c2s14n0_mce_notify_irq:_59_callbacks_suppressed
2016-10-26T01:31:48.388985+02:00_c1-0c2s14n0_[Hardware_Error]:_Machine_check_events_logged
2016-10-26T01:31:49.380824+02:00_c1-0c2s14n0_[Hardware_Error]:_Machine_check_events_logged
2016-10-26T01:32:49.382591+02:00_c1-0c2s14n0_mce_notify_irq:_59_callbacks_suppressed
2016-10-26T01:32:49.382626+02:00_c1-0c2s14n0_[Hardware_Error]:_Machine_check_events_logged
2016-10-26T01:32:50.392026+02:00_c1-0c2s14n0_[Hardware_Error]:_Machine_check_events_logged
2016-10-26T01:33:50.408987+02:00_c1-0c2s14n0_mce_notify_irq:_59_callbacks_suppressed
2016-10-26T01:33:50.409033+02:00_c1-0c2s14n0_[Hardware_Error]:_Machine_check_events_logged
2016-10-26T01:33:51.407947+02:00_c1-0c2s14n0_[Hardware_Error]:_Machine_check_events_logged
2016-10-26T01:34:51.396196+02:00_c1-0c2s14n0_mce_notify_irq:_59_callbacks_suppressed
2016-10-26T01:34:51.396246+02:00_c1-0c2s14n0_[Hardware_Error]:_Machine_check_events_logged
2016-10-26T01:34:52.423883+02:00_c1-0c2s14n0_[Hardware_Error]:_Machine_check_events_logged
2016-10-26T01:35:52.437744+02:00_c1-0c2s14n0_mce_notify_irq:_59_callbacks_suppressed
2016-10-26T01:35:52.437791+02:00_c1-0c2s14n0_[Hardware_Error]:_Machine_check_events_logged
2016-10-26T01:35:53.444865+02:00_c1-0c2s14n0_[Hardware_Error]:_Machine_check_events_logged
2016-10-26T01:36:53.451031+02:00_c1-0c2s14n0_mce_notify_irq:_59_callbacks_suppressed
2016-10-26T01:36:53.451067+02:00_c1-0c2s14n0_[Hardware_Error]:_Machine_check_events_logged
2016-10-26T01:36:54.455558+02:00_c1-0c2s14n0_[Hardware_Error]:_Machine_check_events_logged
2016-10-26T01:37:54.476495+02:00_c1-0c2s14n0_mce_notify_irq:_59_callbacks_suppressed
2016-10-26T01:37:54.476541+02:00_c1-0c2s14n0_[Hardware_Error]:_Machine_check_events_logged
2016-10-26T01:37:55.484547+02:00_c1-0c2s14n0_[Hardware_Error]:_Machine_check_events_logged
2016-10-26T01:38:55.482913+02:00_c1-0c2s14n0_mce_notify_irq:_59_callbacks_suppressed
2016-10-26T01:38:55.482954+02:00_c1-0c2s14n0_[Hardware_Error]:_Machine_check_events_logged
2016-10-26T01:38:56.489715+02:00_c1-0c2s14n0_[Hardware_Error]:_Machine_check_events_logged
2016-10-26T01:39:56.512533+02:00_c1-0c2s14n0_mce_notify_irq:_59_callbacks_suppressed
2016-10-26T01:39:56.512581+02:00_c1-0c2s14n0_[Hardware_Error]:_Machine_check_events_logged
2016-10-26T01:39:57.503107+02:00_c1-0c2s14n0_[Hardware_Error]:_Machine_check_events_logged
2016-10-26T01:40:57.511408+02:00_c1-0c2s14n0_mce_notify_irq:_59_callbacks_suppressed
2016-10-26T01:40:57.550242+02:00_c1-0c2s14n0_[Hardware_Error]:_Machine_check_events_logged
2016-10-26T01:40:58.517756+02:00_c1-0c2s14n0_[Hardware_Error]:_Machine_check_events_logged
2016-10-26T01:41:58.523701+02:00_c1-0c2s14n0_mce_notify_irq:_59_callbacks_suppressed
2016-10-26T01:41:58.523747+02:00_c1-0c2s14n0_[Hardware_Error]:_Machine_check_events_logged
2016-10-26T01:41:59.535303+02:00_c1-0c2s14n0_[Hardware_Error]:_Machine_check_events_logged
2016-10-26T01:42:59.538540+02:00_c1-0c2s14n0_mce_notify_irq:_59_callbacks_suppressed
2016-10-26T01:42:59.563729+02:00_c1-0c2s14n0_[Hardware_Error]:_Machine_check_events_logged
2016-10-26T01:43:00.550068+02:00_c1-0c2s14n0_[Hardware_Error]:_Machine_check_events_logged
2016-10-26T01:44:00.566827+02:00_c1-0c2s14n0_mce_notify_irq:_59_callbacks_suppressed
2016-10-26T01:44:00.566872+02:00_c1-0c2s14n0_[Hardware_Error]:_Machine_check_events_logged
2016-10-26T01:44:01.565991+02:00_c1-0c2s14n0_[Hardware_Error]:_Machine_check_events_logged
2016-10-26T01:45:01.578733+02:00_c1-0c2s14n0_mce_notify_irq:_59_callbacks_suppressed
2016-10-26T01:45:01.578779+02:00_c1-0c2s14n0_[Hardware_Error]:_Machine_check_events_logged
2016-10-26T01:45:02.582776+02:00_c1-0c2s14n0_[Hardware_Error]:_Machine_check_events_logged
2016-10-26T01:45:37.654474+02:00_c1-0c2s14n0_Corrected_memory_errors_on_page_1036d30000_exceed_threshold_10_in_24h:_10_in_24h
2016-10-26T01:45:37.654512+02:00_c1-0c2s14n0_SOCKET:1_CHANNEL:1_DIMM:?_[]
2016-10-26T01:46:02.584987+02:00_c1-0c2s14n0_mce_notify_irq:_59_callbacks_suppressed
2016-10-26T01:46:02.610145+02:00_c1-0c2s14n0_[Hardware_Error]:_Machine_check_events_logged
2016-10-26T01:46:03.599240+02:00_c1-0c2s14n0_[Hardware_Error]:_Machine_check_events_logged
2016-10-26T01:47:03.600883+02:00_c1-0c2s14n0_mce_notify_irq:_59_callbacks_suppressed
2016-10-26T01:47:03.626160+02:00_c1-0c2s14n0_[Hardware_Error]:_Machine_check_events_logged
2016-10-26T01:47:04.626491+02:00_c1-0c2s14n0_[Hardware_Error]:_Machine_check_events_logged
2016-10-26T01:48:04.638897+02:00_c1-0c2s14n0_mce_notify_irq:_59_callbacks_suppressed
2016-10-26T01:48:04.638945+02:00_c1-0c2s14n0_[Hardware_Error]:_Machine_check_events_logged
2016-10-26T01:48:06.001515+02:00_c1-0c2s14n0_[Hardware_Error]:_Machine_check_events_logged
2016-10-26T01:49:06.036253+02:00_c1-0c2s14n0_mce_notify_irq:_59_callbacks_suppressed
2016-10-26T01:49:06.036292+02:00_c1-0c2s14n0_[Hardware_Error]:_Machine_check_events_logged
2016-10-26T01:49:06.646217+02:00_c1-0c2s14n0_[Hardware_Error]:_Machine_check_events_logged
2016-10-26T01:50:06.674026+02:00_c1-0c2s14n0_mce_notify_irq:_59_callbacks_suppressed
2016-10-26T01:50:06.674066+02:00_c1-0c2s14n0_[Hardware_Error]:_Machine_check_events_logged
2016-10-26T01:50:07.671171+02:00_c1-0c2s14n0_[Hardware_Error]:_Machine_check_events_logged
2016-10-26T01:51:07.667512+02:00_c1-0c2s14n0_mce_notify_irq:_59_callbacks_suppressed
2016-10-26T01:51:07.692723+02:00_c1-0c2s14n0_[Hardware_Error]:_Machine_check_events_logged
2016-10-26T01:51:08.659373+02:00_c1-0c2s14n0_[Hardware_Error]:_Machine_check_events_logged
2016-10-26T01:52:08.683959+02:00_c1-0c2s14n0_mce_notify_irq:_59_callbacks_suppressed
2016-10-26T01:52:08.709240+02:00_c1-0c2s14n0_[Hardware_Error]:_Machine_check_events_logged
2016-10-26T01:52:09.693887+02:00_c1-0c2s14n0_[Hardware_Error]:_Machine_check_events_logged
2016-10-26T01:53:09.717126+02:00_c1-0c2s14n0_mce_notify_irq:_59_callbacks_suppressed
2016-10-26T01:53:09.717176+02:00_c1-0c2s14n0_[Hardware_Error]:_Machine_check_events_logged
2016-10-26T01:53:10.717380+02:00_c1-0c2s14n0_[Hardware_Error]:_Machine_check_events_logged
2016-10-26T01:54:10.718499+02:00_c1-0c2s14n0_mce_notify_irq:_59_callbacks_suppressed
2016-10-26T01:54:10.718549+02:00_c1-0c2s14n0_[Hardware_Error]:_Machine_check_events_logged
2016-10-26T01:54:12.092542+02:00_c1-0c2s14n0_[Hardware_Error]:_Machine_check_events_logged
2016-10-26T01:55:12.109533+02:00_c1-0c2s14n0_mce_notify_irq:_59_callbacks_suppressed
2016-10-26T01:55:12.109577+02:00_c1-0c2s14n0_[Hardware_Error]:_Machine_check_events_logged
2016-10-26T01:55:12.750922+02:00_c1-0c2s14n0_[Hardware_Error]:_Machine_check_events_logged
2016-10-26T01:56:12.763420+02:00_c1-0c2s14n0_mce_notify_irq:_59_callbacks_suppressed
2016-10-26T01:56:12.763476+02:00_c1-0c2s14n0_[Hardware_Error]:_Machine_check_events_logged
2016-10-26T01:56:13.767761+02:00_c1-0c2s14n0_[Hardware_Error]:_Machine_check_events_logged
2016-10-26T01:57:13.787211+02:00_c1-0c2s14n0_mce_notify_irq:_59_callbacks_suppressed
2016-10-26T01:57:13.787261+02:00_c1-0c2s14n0_[Hardware_Error]:_Machine_check_events_logged
2016-10-26T01:57:14.796013+02:00_c1-0c2s14n0_[Hardware_Error]:_Machine_check_events_logged
2016-10-26T01:58:14.779189+02:00_c1-0c2s14n0_mce_notify_irq:_59_callbacks_suppressed
2016-10-26T01:58:14.804460+02:00_c1-0c2s14n0_[Hardware_Error]:_Machine_check_events_logged
2016-10-26T01:58:15.792904+02:00_c1-0c2s14n0_[Hardware_Error]:_Machine_check_events_logged
2016-10-26T01:59:15.794961+02:00_c1-0c2s14n0_mce_notify_irq:_59_callbacks_suppressed
2016-10-26T01:59:15.820203+02:00_c1-0c2s14n0_[Hardware_Error]:_Machine_check_events_logged
2016-10-26T01:59:16.804733+02:00_c1-0c2s14n0_[Hardware_Error]:_Machine_check_events_logged
2016-10-26T02:00:16.812918+02:00_c1-0c2s14n0_mce_notify_irq:_59_callbacks_suppressed
2016-10-26T02:00:16.837963+02:00_c1-0c2s14n0_[Hardware_Error]:_Machine_check_events_logged
2016-10-26T02:00:18.293809+02:00_c1-0c2s14n0_[Hardware_Error]:_Machine_check_events_logged
2016-10-26T02:01:18.189322+02:00_c1-0c2s14n0_mce_notify_irq:_59_callbacks_suppressed
2016-10-26T02:01:18.189364+02:00_c1-0c2s14n0_[Hardware_Error]:_Machine_check_events_logged
2016-10-26T02:01:18.836771+02:00_c1-0c2s14n0_[Hardware_Error]:_Machine_check_events_logged
2016-10-26T02:02:18.863445+02:00_c1-0c2s14n0_mce_notify_irq:_59_callbacks_suppressed
2016-10-26T02:02:18.863495+02:00_c1-0c2s14n0_[Hardware_Error]:_Machine_check_events_logged
2016-10-26T02:02:19.853876+02:00_c1-0c2s14n0_[Hardware_Error]:_Machine_check_events_logged
2016-10-26T02:03:19.857547+02:00_c1-0c2s14n0_mce_notify_irq:_59_callbacks_suppressed
2016-10-26T02:03:19.882765+02:00_c1-0c2s14n0_[Hardware_Error]:_Machine_check_events_logged
2016-10-26T02:03:20.868709+02:00_c1-0c2s14n0_[Hardware_Error]:_Machine_check_events_logged
2016-10-26T02:04:20.875149+02:00_c1-0c2s14n0_mce_notify_irq:_59_callbacks_suppressed
2016-10-26T02:04:20.900384+02:00_c1-0c2s14n0_[Hardware_Error]:_Machine_check_events_logged
2016-10-26T02:04:21.885342+02:00_c1-0c2s14n0_[Hardware_Error]:_Machine_check_events_logged
2016-10-26T02:05:21.886919+02:00_c1-0c2s14n0_mce_notify_irq:_59_callbacks_suppressed
2016-10-26T02:05:21.912232+02:00_c1-0c2s14n0_[Hardware_Error]:_Machine_check_events_logged
2016-10-26T02:05:22.901193+02:00_c1-0c2s14n0_[Hardware_Error]:_Machine_check_events_logged
2016-10-26T02:06:22.902792+02:00_c1-0c2s14n0_mce_notify_irq:_59_callbacks_suppressed
2016-10-26T02:06:22.928007+02:00_c1-0c2s14n0_[Hardware_Error]:_Machine_check_events_logged
2016-10-26T02:06:24.272043+02:00_c1-0c2s14n0_[Hardware_Error]:_Machine_check_events_logged
2016-10-26T02:07:24.304475+02:00_c1-0c2s14n0_mce_notify_irq:_59_callbacks_suppressed
2016-10-26T02:07:24.304505+02:00_c1-0c2s14n0_[Hardware_Error]:_Machine_check_events_logged
2016-10-26T02:07:24.932705+02:00_c1-0c2s14n0_[Hardware_Error]:_Machine_check_events_logged
2016-10-26T02:07:27.977775+02:00_c1-0c2s14n0_Corrected_memory_errors_on_page_1038ea4000_exceed_threshold_10_in_24h:_10_in_24h
2016-10-26T02:07:27.977822+02:00_c1-0c2s14n0_SOCKET:1_CHANNEL:1_DIMM:?_[]
2016-10-26T02:08:24.963395+02:00_c1-0c2s14n0_mce_notify_irq:_59_callbacks_suppressed
2016-10-26T02:08:24.963440+02:00_c1-0c2s14n0_[Hardware_Error]:_Machine_check_events_logged
2016-10-26T02:08:25.950751+02:00_c1-0c2s14n0_[Hardware_Error]:_Machine_check_events_logged
2016-10-26T02:09:25.951119+02:00_c1-0c2s14n0_mce_notify_irq:_59_callbacks_suppressed
2016-10-26T02:09:25.976385+02:00_c1-0c2s14n0_[Hardware_Error]:_Machine_check_events_logged
2016-10-26T02:09:26.965097+02:00_c1-0c2s14n0_[Hardware_Error]:_Machine_check_events_logged
2016-10-26T02:10:26.983430+02:00_c1-0c2s14n0_mce_notify_irq:_59_callbacks_suppressed
2016-10-26T02:10:26.983478+02:00_c1-0c2s14n0_[Hardware_Error]:_Machine_check_events_logged
2016-10-26T02:10:27.980372+02:00_c1-0c2s14n0_[Hardware_Error]:_Machine_check_events_logged
2016-10-26T02:11:28.008123+02:00_c1-0c2s14n0_mce_notify_irq:_59_callbacks_suppressed
2016-10-26T02:11:28.008172+02:00_c1-0c2s14n0_[Hardware_Error]:_Machine_check_events_logged
2016-10-26T02:11:28.996384+02:00_c1-0c2s14n0_[Hardware_Error]:_Machine_check_events_logged
2016-10-26T02:12:29.015392+02:00_c1-0c2s14n0_mce_notify_irq:_59_callbacks_suppressed
2016-10-26T02:12:29.015436+02:00_c1-0c2s14n0_[Hardware_Error]:_Machine_check_events_logged
2016-10-26T02:12:30.392549+02:00_c1-0c2s14n0_[Hardware_Error]:_Machine_check_events_logged
2016-10-26T02:13:30.427391+02:00_c1-0c2s14n0_mce_notify_irq:_59_callbacks_suppressed
2016-10-26T02:13:30.427431+02:00_c1-0c2s14n0_[Hardware_Error]:_Machine_check_events_logged
2016-10-26T02:13:31.028480+02:00_c1-0c2s14n0_[Hardware_Error]:_Machine_check_events_logged
2016-10-26T02:14:31.030808+02:00_c1-0c2s14n0_mce_notify_irq:_59_callbacks_suppressed
2016-10-26T02:14:31.056024+02:00_c1-0c2s14n0_[Hardware_Error]:_Machine_check_events_logged
2016-10-26T02:14:32.049303+02:00_c1-0c2s14n0_[Hardware_Error]:_Machine_check_events_logged
2016-10-26T02:15:32.066826+02:00_c1-0c2s14n0_mce_notify_irq:_59_callbacks_suppressed
2016-10-26T02:15:32.066867+02:00_c1-0c2s14n0_[Hardware_Error]:_Machine_check_events_logged
2016-10-26T02:15:33.056644+02:00_c1-0c2s14n0_[Hardware_Error]:_Machine_check_events_logged
2016-10-26T02:15:33.253886+02:00_c1-0c2s14n0_HWERR[1]:0x5725:HAL_Completion_with_Invalid_Tag_Error
2016-10-26T02:15:33.253905+02:00_c1-0c2s14n0_LNet:_Quiesce_start:_critical_hardware_error
2016-10-26T02:15:33.279122+02:00_c1-0c2s14n0_[gsockets]_debug_[0]:_critical_hardware_error:_Waiting_for_2_threads_to_pause_-_[STACK]_stack.c:kgsock_quiesce_wait:225
2016-10-26T02:15:33.279145+02:00_c1-0c2s14n0_[gsockets]_warning:_Waiting_for_thread_pause_to_be_over..._-_[COMM]_comm.c:gni_poll_thread_func:2334
2016-10-26T02:15:33.304308+02:00_c1-0c2s14n0_[gsockets]_warning:_Waiting_for_thread_pause_to_be_over..._-_[COMM]_comm.c:gni_send_thread_func:2414
2016-10-26T02:15:33.304325+02:00_c1-0c2s14n0_HWERR[2]:0x572b:HAL_Completion_Timeout
2016-10-26T02:15:34.230877+02:00_c1-0c2s14n0_LNet:_critical_hardware_error:_resetting_all_resources_(count_1)
2016-10-26T02:15:34.828183+02:00_c1-0c2s14n0_LNet:_Quiesce_complete:_critical_hardware_error
2016-10-26T02:15:35.245896+02:00_c1-0c2s14n0_[gsockets]_debug_[0]:_critical_hardware_error:_All_threads_paused!_-_[STACK]_stack.c:kgsock_quiesce_wait:233
2016-10-26T02:15:35.283261+02:00_c1-0c2s14n0_[gsockets]_debug_[0]:_critical_hardware_error:_resetting_all_resources_(count_1)_-_[STACK]_stack.c:kgsock_reset_stack:294
2016-10-26T02:15:35.344691+02:00_c1-0c2s14n0_[gsockets]_debug_[0]:_critical_hardware_error:_Waiting_for_2_threads_to_wake_up_-_[STACK]_stack.c:kgsock_quiesce_wait:247
2016-10-26T02:15:35.824239+02:00_c1-0c2s14n0_LNet:_successful_reset_of_all_hardware_resources
2016-10-26T02:15:36.436978+02:00_c1-0c2s14n0_[gsockets]_warning:_Waking_up_from_thread_pause_-_[COMM]_comm.c:gni_poll_thread_func:2334
2016-10-26T02:15:36.437003+02:00_c1-0c2s14n0_[gsockets]_warning:_Waking_up_from_thread_pause_-_[COMM]_comm.c:gni_send_thread_func:2414
2016-10-26T02:15:37.362471+02:00_c1-0c2s14n0_[gsockets]_debug_[0]:_critical_hardware_error:_All_threads_awake!_-_[STACK]_stack.c:kgsock_quiesce_wait:251
2016-10-26T02:15:37.387642+02:00_c1-0c2s14n0_[gsockets]_warning:_RESET_Concluded_Length:_0_seconds_-_[STACK]_stack.c:kgsock_reset_stack:336
2016-10-26T02:15:48.683887+02:00_c1-0c2s14n0_Stop_NMI_detected_on_CPU_0
