2015-02-03T16:58:58.100688-08:00_c3-0c1s1n2_[Firmware_Bug]:_powernow-k8:_No_compatible_ACPI__PSS_objects_found.
2015-02-03T16:58:58.100701-08:00_c3-0c1s1n2_[Firmware_Bug]:_powernow-k8:_Try_again_with_latest_BIOS.
2015-02-03T16:59:19.347781-08:00_c3-0c1s1n2_LNet:_Added_LNI_6076@gni_[16/1024/0/0]
2015-02-03T16:59:19.347790-08:00_c3-0c1s1n2_Lustre:_MGC10.10.10.1@o2ib:_Reactivating_import
2015-02-03T16:59:19.347799-08:00_c3-0c1s1n2_Lustre:_Client_scratch-client_has_started
2015-02-03T16:59:19.347807-08:00_c3-0c1s1n2_nomtab:_1
2015-02-03T16:59:19.347816-08:00_c3-0c1s1n2_Lustre:_MGC10.10.30.1@o2ib1:_Reactivating_import
2015-02-03T16:59:19.347831-08:00_c3-0c1s1n2_Lustre:_Server_MGS_version_(2.4.1.0)_is_much_newer_than_client_version_(1.8.6)
2015-02-03T16:59:19.347841-08:00_c3-0c1s1n2_Lustre:_29299:0:(obd_config.c:1127:class_config_llog_handler())_skipping_'lmv'_config:_cmd=cf001,clilmv:lmv
2015-02-03T16:59:19.347852-08:00_c3-0c1s1n2_Lustre:_29299:0:(obd_config.c:1127:class_config_llog_handler())_skipping_'lmv'_config:_cmd=cf014,clilmv:scratch2-MDT0000_UUID
2015-02-03T16:59:19.347862-08:00_c3-0c1s1n2_Lustre:_29299:0:(obd_config.c:1127:class_config_llog_handler())_Skipped_1_previous_similar_message
2015-02-03T16:59:19.347872-08:00_c3-0c1s1n2_Lustre:_Server_scratch2-MDT0000_UUID_version_(2.4.1.0)_is_much_newer_than_client_version_(1.8.6)
2015-02-03T16:59:19.347881-08:00_c3-0c1s1n2_Lustre:_client_supports_64-bits_dir_hash/offset!
2015-02-03T16:59:19.347890-08:00_c3-0c1s1n2_Lustre:_Client_scratch2-client_has_started
2015-02-03T16:59:19.347898-08:00_c3-0c1s1n2_blcr:_vmadump:_(from_bproc-"4.0.0pre8")_Erik_Hendriks_<erik@hendriks.cx>
2015-02-03T16:59:19.347907-08:00_c3-0c1s1n2_blcr:_vmadump:_Modified_for_cray-blcr_0.8.4_<http://ftg.lbl.gov/checkpoint>
2015-02-03T16:59:19.347916-08:00_c3-0c1s1n2_blcr:_Berkeley_Lab_Checkpoint/Restart_(BLCR)_module_version_0.8.4.
2015-02-03T16:59:19.347926-08:00_c3-0c1s1n2_blcr:_Parameter_cr_io_max_=_0x4000000
2015-02-03T16:59:19.347936-08:00_c3-0c1s1n2_blcr:_Supports_kernel_interface_version_0.10.2.
2015-02-03T16:59:19.347944-08:00_c3-0c1s1n2_blcr:_Supports_context_file_format_version_2051.
2015-02-03T16:59:19.347951-08:00_c3-0c1s1n2_blcr:_http://ftg.lbl.gov/checkpoint
2015-02-03T16:59:19.347961-08:00_c3-0c1s1n2_DVS:_Revision_1706_-_Built:_Mar_10_2014_@_23:12:34_for_lnet_version_1.8.6
2015-02-03T16:59:19.347690-08:00_c3-0c1s1n2_Sending_ec_node_info_with_boot_code_0_(NODE_INFO_OS_BOOT)_for_nid_6076
2015-02-03T16:59:19.347697-08:00_c3-0c1s1n2_Starting_RSIP_client,_server=10.128.25.89,_num_ports=32
2015-02-03T16:59:19.347707-08:00_c3-0c1s1n2_nid_6076:_Linux_version_2.6.32.59-0.7.1_1.0402.7496-cray_gem_c_(abuild@cfosbld03)_(gcc_version_4.3.4_[gcc-4_3-branch_revision_152973]_(SUSE_Linux)_)_#1_SMP_Wed_Aug_7_03:55:25_UTC_2013
2015-02-03T16:59:19.347717-08:00_c3-0c1s1n2_init_started:_BusyBox_v1.12.1_(2013-08-15_03:02:13_UTC)
2015-02-03T16:59:19.347726-08:00_c3-0c1s1n2_starting_pid_29182,_tty_'':_'/etc/init.d/rc'
2015-02-03T16:59:19.347744-08:00_c3-0c1s1n2_nomtab:_1
2015-02-03T16:59:19.347754-08:00_c3-0c1s1n2_Lustre:_Build_Version:_v1_8_6-trunk-1.0402.55776.11.1-Unknown-RB-4.2UP02-2014-08-22-00:16
2015-02-03T16:59:19.347762-08:00_c3-0c1s1n2_Lustre:_kgnilnd_build_version:_1.8.6-trunk-1.0402.55776.11.1-Unknown-RB-4.2UP02-2014-08-22-00:16
2015-02-03T16:59:19.347773-08:00_c3-0c1s1n2_LNet:_SMSG_+_BTE_checksumming_enabled
2015-02-03T17:00:19.388199-08:00_c3-0c1s1n2_DVS:_verify_filesystem:_file_system_magic_value_0x6969_retrieved_from_server_c3-0c0s4n1_for_/global/dna_does_not_match_expected_value_0x47504653:_excluding_server._Ensure_file_system_is_mounted_on_the_server_and_then_restart_DVS
2015-02-03T17:00:19.413768-08:00_c3-0c1s1n2_DVS:_verify_filesystem:_file_system_magic_value_0x6969_retrieved_from_server_c3-0c0s4n2_for_/global/dna_does_not_match_expected_value_0x47504653:_excluding_server._Ensure_file_system_is_mounted_on_the_server_and_then_restart_DVS
2015-02-03T17:00:19.413864-08:00_c3-0c1s1n2_DVS:_verify_filesystem:_file_system_magic_value_0x6969_retrieved_from_server_c3-0c0s4n3_for_/global/dna_does_not_match_expected_value_0x47504653:_excluding_server._Ensure_file_system_is_mounted_on_the_server_and_then_restart_DVS
2015-02-03T17:00:19.439220-08:00_c3-0c1s1n2_DVS:_verify_filesystem:_file_system_magic_value_0x6969_retrieved_from_server_c3-3c0s5n0_for_/global/dna_does_not_match_expected_value_0x47504653:_excluding_server._Ensure_file_system_is_mounted_on_the_server_and_then_restart_DVS
2015-02-03T17:00:19.464811-08:00_c3-0c1s1n2_DVS:_verify_filesystem:_file_system_magic_value_0x6969_retrieved_from_server_c3-3c0s5n1_for_/global/dna_does_not_match_expected_value_0x47504653:_excluding_server._Ensure_file_system_is_mounted_on_the_server_and_then_restart_DVS
2015-02-03T17:00:19.490430-08:00_c3-0c1s1n2_DVS:_verify_filesystem:_file_system_magic_value_0x6969_retrieved_from_server_c3-3c0s5n2_for_/global/dna_does_not_match_expected_value_0x47504653:_excluding_server._Ensure_file_system_is_mounted_on_the_server_and_then_restart_DVS
2015-02-03T17:00:19.490525-08:00_c3-0c1s1n2_DVS:_verify_filesystem:_file_system_magic_value_0x6969_retrieved_from_server_c3-3c0s5n3_for_/global/dna_does_not_match_expected_value_0x47504653:_excluding_server._Ensure_file_system_is_mounted_on_the_server_and_then_restart_DVS
2015-02-03T17:00:19.516029-08:00_c3-0c1s1n2_DVS:_verify_filesystem:_file_system_magic_value_0x6969_retrieved_from_server_c7-1c2s7n0_for_/global/dna_does_not_match_expected_value_0x47504653:_excluding_server._Ensure_file_system_is_mounted_on_the_server_and_then_restart_DVS
2015-02-03T17:00:19.541662-08:00_c3-0c1s1n2_DVS:_verify_filesystem:_file_system_magic_value_0x6969_retrieved_from_server_c7-1c2s7n1_for_/global/dna_does_not_match_expected_value_0x47504653:_excluding_server._Ensure_file_system_is_mounted_on_the_server_and_then_restart_DVS
2015-02-03T17:00:19.567254-08:00_c3-0c1s1n2_DVS:_verify_filesystem:_file_system_magic_value_0x6969_retrieved_from_server_c7-1c2s7n2_for_/global/dna_does_not_match_expected_value_0x47504653:_excluding_server._Ensure_file_system_is_mounted_on_the_server_and_then_restart_DVS
2015-02-03T17:00:19.592715-08:00_c3-0c1s1n2_DVS:_verify_filesystem:_file_system_magic_value_0x6969_retrieved_from_server_c7-1c2s7n3_for_/global/dna_does_not_match_expected_value_0x47504653:_excluding_server._Ensure_file_system_is_mounted_on_the_server_and_then_restart_DVS
2015-02-03T17:00:19.592817-08:00_c3-0c1s1n2_DVS:_verify_filesystem:_file_system_magic_value_0x6969_retrieved_from_server_c7-2c2s6n0_for_/global/dna_does_not_match_expected_value_0x47504653:_excluding_server._Ensure_file_system_is_mounted_on_the_server_and_then_restart_DVS
2015-02-03T17:00:19.618299-08:00_c3-0c1s1n2_DVS:_verify_filesystem:_file_system_magic_value_0x6969_retrieved_from_server_c7-2c2s6n1_for_/global/dna_does_not_match_expected_value_0x47504653:_excluding_server._Ensure_file_system_is_mounted_on_the_server_and_then_restart_DVS
2015-02-03T17:00:19.643926-08:00_c3-0c1s1n2_DVS:_verify_filesystem:_file_system_magic_value_0x6969_retrieved_from_server_c7-2c2s6n2_for_/global/dna_does_not_match_expected_value_0x47504653:_excluding_server._Ensure_file_system_is_mounted_on_the_server_and_then_restart_DVS
2015-02-03T17:00:19.669483-08:00_c3-0c1s1n2_DVS:_read_clustered_super:_no_servers_functioning_properly._Unable_to_mount_/global/dna_from_servers_to_/global/dna._Failover_mode_requires_at_least_one_functioning_server
2015-02-03T17:00:19.669492-08:00_c3-0c1s1n2_mount:_mounting_/global/dna_on_/global/dna_failed:_No_such_device_or_address
2015-02-03T17:00:27.415393-08:00_c3-0c1s1n2_S01dvs:_mount_returned_error_255DVS:_verify_filesystem:_file_system_magic_value_0x6969_retrieved_from_server_c3-0c0s4n1_for_/global/projecta_does_not_match_expected_value_0x47504653:_excluding_server._Ensure_file_system_is_mounted_on_the_server_and_then_restart_DVS
2015-02-03T17:00:27.440688-08:00_c3-0c1s1n2_for_/global/dnaDVS:_verify_filesystem:_file_system_magic_value_0x6969_retrieved_from_server_c3-0c0s4n2_for_/global/projecta_does_not_match_expected_value_0x47504653:_excluding_server._Ensure_file_system_is_mounted_on_the_server_and_then_restart_DVS
2015-02-03T17:00:27.466333-08:00_c3-0c1s1n2_DVS:_verify_filesystem:_file_system_magic_value_0x6969_retrieved_from_server_c3-0c0s4n3_for_/global/projecta_does_not_match_expected_value_0x47504653:_excluding_server._Ensure_file_system_is_mounted_on_the_server_and_then_restart_DVS
2015-02-03T17:00:27.466393-08:00_c3-0c1s1n2_DVS:_verify_filesystem:_file_system_magic_value_0x6969_retrieved_from_server_c3-3c0s5n0_for_/global/projecta_does_not_match_expected_value_0x47504653:_excluding_server._Ensure_file_system_is_mounted_on_the_server_and_then_restart_DVS
2015-02-03T17:00:27.491994-08:00_c3-0c1s1n2_DVS:_verify_filesystem:_file_system_magic_value_0x6969_retrieved_from_server_c3-3c0s5n1_for_/global/projecta_does_not_match_expected_value_0x47504653:_excluding_server._Ensure_file_system_is_mounted_on_the_server_and_then_restart_DVS
2015-02-03T17:00:27.517504-08:00_c3-0c1s1n2_DVS:_verify_filesystem:_file_system_magic_value_0x6969_retrieved_from_server_c3-3c0s5n2_for_/global/projecta_does_not_match_expected_value_0x47504653:_excluding_server._Ensure_file_system_is_mounted_on_the_server_and_then_restart_DVS
2015-02-03T17:00:27.543174-08:00_c3-0c1s1n2_DVS:_verify_filesystem:_file_system_magic_value_0x6969_retrieved_from_server_c3-3c0s5n3_for_/global/projecta_does_not_match_expected_value_0x47504653:_excluding_server._Ensure_file_system_is_mounted_on_the_server_and_then_restart_DVS
2015-02-03T17:00:27.543229-08:00_c3-0c1s1n2_DVS:_verify_filesystem:_file_system_magic_value_0x6969_retrieved_from_server_c7-1c2s7n0_for_/global/projecta_does_not_match_expected_value_0x47504653:_excluding_server._Ensure_file_system_is_mounted_on_the_server_and_then_restart_DVS
2015-02-03T17:00:27.568955-08:00_c3-0c1s1n2_DVS:_verify_filesystem:_file_system_magic_value_0x6969_retrieved_from_server_c7-1c2s7n1_for_/global/projecta_does_not_match_expected_value_0x47504653:_excluding_server._Ensure_file_system_is_mounted_on_the_server_and_then_restart_DVS
2015-02-03T17:00:27.594424-08:00_c3-0c1s1n2_DVS:_verify_filesystem:_file_system_magic_value_0x6969_retrieved_from_server_c7-1c2s7n2_for_/global/projecta_does_not_match_expected_value_0x47504653:_excluding_server._Ensure_file_system_is_mounted_on_the_server_and_then_restart_DVS
2015-02-03T17:00:27.594527-08:00_c3-0c1s1n2_DVS:_verify_filesystem:_file_system_magic_value_0x6969_retrieved_from_server_c7-1c2s7n3_for_/global/projecta_does_not_match_expected_value_0x47504653:_excluding_server._Ensure_file_system_is_mounted_on_the_server_and_then_restart_DVS
2015-02-03T17:00:27.645813-08:00_c3-0c1s1n2_DVS:_verify_filesystem:_file_system_magic_value_0x6969_retrieved_from_server_c7-2c2s6n0_for_/global/projecta_does_not_match_expected_value_0x47504653:_excluding_server._Ensure_file_system_is_mounted_on_the_server_and_then_restart_DVS
2015-02-03T17:00:27.645867-08:00_c3-0c1s1n2_DVS:_verify_filesystem:_file_system_magic_value_0x6969_retrieved_from_server_c7-2c2s6n1_for_/global/projecta_does_not_match_expected_value_0x47504653:_excluding_server._Ensure_file_system_is_mounted_on_the_server_and_then_restart_DVS
2015-02-03T17:00:27.671431-08:00_c3-0c1s1n2_DVS:_verify_filesystem:_file_system_magic_value_0x6969_retrieved_from_server_c7-2c2s6n2_for_/global/projecta_does_not_match_expected_value_0x47504653:_excluding_server._Ensure_file_system_is_mounted_on_the_server_and_then_restart_DVS
2015-02-03T17:00:27.671489-08:00_c3-0c1s1n2_DVS:_read_clustered_super:_no_servers_functioning_properly._Unable_to_mount_/global/projecta_from_servers_to_/global/projecta._Failover_mode_requires_at_least_one_functioning_server
2015-02-03T17:00:27.696877-08:00_c3-0c1s1n2_mount:_mounting_/global/projecta_on_/global/projecta_failed:_No_such_device_or_address
2015-02-03T17:00:37.438493-08:00_c3-0c1s1n2_S01dvs:_mount_returned_error_255_for_/global/projecta
2015-02-03T17:00:37.438505-08:00_c3-0c1s1n2_SGI_XPMEM_kernel_module_v2.2_loaded
2015-02-03T17:00:37.438552-08:00_c3-0c1s1n2_<node_health>_(xtnhd)_xtnhd_has_started
2015-02-03T17:00:37.438563-08:00_c3-0c1s1n2_<node_health>_Boot_Check:_NHC_on_boot_skipped.
2015-02-03T17:00:37.438570-08:00_c3-0c1s1n2_boot_freemem_data_calculated:_32390540
2015-02-03T20:21:30.650889-08:00_c3-0c1s1n2_L0SYSD_MCE:_socket_1_core_5_bank_0_status_0xf600000000000175_addr_0x000000075e0c6fc0_misc_0x0000000000000000
2015-02-03T20:21:49.144925-08:00_c9-1c0s7n3_<node_health:5.1>_APID:44490081_(xtcheckhealth)_WARNING:_Node_c3-0c1s1n2_(6076)_is_down_and_will_not_be_checked!
2015-02-03T20:21:49.144937-08:00_c9-1c0s7n3_<node_health:5.1>_RESID:69_(xtcheckhealth)_WARNING:_Node_c3-0c1s1n2_(6076)_is_down_and_will_not_be_checked!
