2016-04-15T00:32:53.877651-07:00_c3-0c1s11n2_nscd:_nss_ldap:_reconnected_to_LDAP_server_ldap://ldapcrt.org.gov:636_after_1_attempt
2016-04-15T00:32:55.882799-07:00_c3-0c1s11n0_nscd:_nss_ldap:_reconnected_to_LDAP_server_ldap://ldapcrt.org.gov:636_after_1_attempt
2016-04-15T01:38:35.271185-07:00_c3-0c1s11n0_INFO:_rcu_sched_state_detected_stall_on_CPU_46_(t=15000_jiffies)
2016-04-15T01:38:35.296519-07:00_c3-0c1s11n0_INFO:_rcu_sched_state_detected_stalls_on_CPUs/tasks:_{_41_42_46_47}_(detected_by_24,_t=15002_jiffies)
2016-04-15T01:38:35.321859-07:00_c3-0c1s11n0_Pid:_0,_comm:_swapper/24_Tainted:_P_3.0.101-0.35.1_1.0502.8640-cray_ari_c_#1
2016-04-15T01:38:35.321896-07:00_c3-0c1s11n0_Call_Trace:
2016-04-15T01:38:35.321909-07:00_c3-0c1s11n0_[<ffffffff81005e89>]_try_stack_unwind+0x169/0x1b0
2016-04-15T01:38:35.347191-07:00_c3-0c1s11n0_[<ffffffff81004919>]_dump_trace+0x89/0x440
2016-04-15T01:38:35.347235-07:00_c3-0c1s11n0_[<ffffffff810058ec>]_show_trace_log_lvl+0x5c/0x80
2016-04-15T01:38:35.347248-07:00_c3-0c1s11n0_[<ffffffff81005925>]_show_trace+0x15/0x20
2016-04-15T01:38:35.347268-07:00_c3-0c1s11n0_[<ffffffff81419acb>]_dump_stack+0x79/0x84
2016-04-15T01:38:35.385538-07:00_c3-0c1s11n0_[<ffffffff810cf650>]___rcu_pending+0x1e0/0x470
2016-04-15T01:38:35.385591-07:00_c3-0c1s11n0_[<ffffffff810cf94a>]_rcu_check_callbacks+0x6a/0x120
2016-04-15T01:38:35.385621-07:00_c3-0c1s11n0_[<ffffffff8105f526>]_update_process_times+0x46/0x90
2016-04-15T01:38:35.385650-07:00_c3-0c1s11n0_[<ffffffff81083c36>]_tick_sched_timer+0x66/0xc0
2016-04-15T01:38:35.385668-07:00_c3-0c1s11n0_[<ffffffff810769ef>]___run_hrtimer+0xcf/0x1d0
2016-04-15T01:38:35.385690-07:00_c3-0c1s11n0_[<ffffffff81076d37>]_hrtimer_interrupt+0xe7/0x220
2016-04-15T01:38:35.385712-07:00_c3-0c1s11n0_[<ffffffff81426419>]_smp_apic_timer_interrupt+0x69/0x99
2016-04-15T01:38:35.436229-07:00_c3-0c1s11n0_[<ffffffff81425353>]_apic_timer_interrupt+0x13/0x20
2016-04-15T01:38:35.436268-07:00_c3-0c1s11n0_[<ffffffff8124a3e4>]_intel_idle+0xc4/0x150
2016-04-15T01:38:35.436282-07:00_c3-0c1s11n0_[<ffffffff813555a8>]_cpuidle_idle_call+0x128/0x220
2016-04-15T01:38:35.436293-07:00_c3-0c1s11n0_[<ffffffff810020f6>]_cpu_idle+0x76/0xd0
2016-04-15T01:38:35.461502-07:00_c3-0c1s11n0_[<ffffffff8141304d>]_start_secondary+0x1dc/0x26f
2016-04-15T01:38:35.461544-07:00_c3-0c1s11n0_Pid:_10385,_comm:_kworker/46:0_Tainted:_P_3.0.101-0.35.1_1.0502.8640-cray_ari_c_#1
2016-04-15T01:38:35.461556-07:00_c3-0c1s11n0_Call_Trace:
2016-04-15T01:38:35.486808-07:00_c3-0c1s11n0_[<ffffffff81005e89>]_try_stack_unwind+0x169/0x1b0
2016-04-15T01:38:35.486847-07:00_c3-0c1s11n0_[<ffffffff81004919>]_dump_trace+0x89/0x440
2016-04-15T01:38:35.486860-07:00_c3-0c1s11n0_[<ffffffff810058ec>]_show_trace_log_lvl+0x5c/0x80
2016-04-15T01:38:35.512180-07:00_c3-0c1s11n0_[<ffffffff81005925>]_show_trace+0x15/0x20
2016-04-15T01:38:35.512232-07:00_c3-0c1s11n0_[<ffffffff81419acb>]_dump_stack+0x79/0x84
2016-04-15T01:38:35.512245-07:00_c3-0c1s11n0_[<ffffffff810cf745>]___rcu_pending+0x2d5/0x470
2016-04-15T01:38:35.537513-07:00_c3-0c1s11n0_[<ffffffff810cf94a>]_rcu_check_callbacks+0x6a/0x120
2016-04-15T01:38:35.537554-07:00_c3-0c1s11n0_[<ffffffff8105f526>]_update_process_times+0x46/0x90
2016-04-15T01:38:35.537566-07:00_c3-0c1s11n0_[<ffffffff81083c36>]_tick_sched_timer+0x66/0xc0
2016-04-15T01:38:35.562797-07:00_c3-0c1s11n0_[<ffffffff810769ef>]___run_hrtimer+0xcf/0x1d0
2016-04-15T01:38:35.562831-07:00_c3-0c1s11n0_[<ffffffff81076d37>]_hrtimer_interrupt+0xe7/0x220
2016-04-15T01:38:35.562844-07:00_c3-0c1s11n0_[<ffffffff81426419>]_smp_apic_timer_interrupt+0x69/0x99
2016-04-15T01:38:35.588170-07:00_c3-0c1s11n0_[<ffffffff81425353>]_apic_timer_interrupt+0x13/0x20
2016-04-15T01:38:35.588212-07:00_c3-0c1s11n0_[<ffffffff8141ca47>]__raw_spin_lock+0x17/0x20
2016-04-15T01:38:35.588235-07:00_c3-0c1s11n0_[<ffffffff8141b5ab>]___mutex_unlock_slowpath+0x2b/0x50
2016-04-15T01:38:35.588254-07:00_c3-0c1s11n0_[<ffffffff8141b53b>]_mutex_unlock+0x1b/0x20
2016-04-15T01:38:35.613438-07:00_c3-0c1s11n0_[<ffffffffa00129c9>]_ghal_iommu_mdd_invalidate+0xc9/0x120_[ghal_ari]
2016-04-15T01:38:35.638752-07:00_c3-0c1s11n0_[<ffffffffa000a523>]_ghal_mdd_release+0xa3/0xc0_[ghal_ari]
2016-04-15T01:38:35.638794-07:00_c3-0c1s11n0_[<ffffffffa015d62d>]___kgni_mem_free_shared_mdd+0x1cd/0x300_[kgni_ari]
2016-04-15T01:38:35.638807-07:00_c3-0c1s11n0_[<ffffffffa015d7de>]___kgni_mem_release_shared_mdd+0x7e/0xa0_[kgni_ari]
2016-04-15T01:38:35.664053-07:00_c3-0c1s11n0_[<ffffffffa015efb7>]_kgni_mem_smdd_workq+0x27/0x60_[kgni_ari]
2016-04-15T01:38:35.664097-07:00_c3-0c1s11n0_[<ffffffff8106a83f>]_process_one_work+0x20f/0x4f0
2016-04-15T01:38:35.689430-07:00_c3-0c1s11n0_[<ffffffff8106ddbb>]_worker_thread+0x1bb/0x4b0
2016-04-15T01:38:35.689470-07:00_c3-0c1s11n0_[<ffffffff8107231e>]_kthread+0x9e/0xb0
2016-04-15T01:38:35.689483-07:00_c3-0c1s11n0_[<ffffffff81425ab4>]_kernel_thread_helper+0x4/0x10
2016-04-15T01:39:29.054184-07:00_c3-0c1s11n0_EXTERNAL_MCE_TOOL
2016-04-15T01:39:29.054205-07:00_c3-0c1s11n0_**_Message:_bclib_set_nic_map:_NIC_re-mapping_is_in_place.
2016-04-15T01:39:31.093970-07:00_c3-0c1s11n0_Stop_NMI_detected_on_CPU_0
2016-04-15T01:45:36.321640-07:00_c0-1c1s1n1_<node_health:5.1>_RESID:337844_(xtcheckhealth)_WARNING:_Node_c3-0c1s11n0_(684)_is_down_and_will_not_be_checked!
2016-04-15T02:14:38.414190-07:00_c3-0c1s11n2_Lustre:_27654:0:(client.c:1910:ptlrpc_expire_one_request())_@@@_Request_sent_has_timed_out_for_slow_reply:_[sent_1460711662/real_1460711662]_req@ffff8807cf2b0000_x1531337195964656/t0(0)_o400->MGC10.100.102.3@o2ib3000@10.100.102.4@o2ib3000:26/25_lens_224/224_e_0_to_1_dl_1460711678_ref_1_fl_Rpc:XNU/0/ffffffff_rc_0/-1
2016-04-15T02:14:38.439668-07:00_c3-0c1s11n2_LustreError:_166-1:_MGC10.100.102.3@o2ib3000:_Connection_to_MGS_(at_10.100.102.4@o2ib3000)_was_lost;_in_progress_operations_using_this_service_will_fail
2016-04-15T02:14:40.526067-07:00_c3-0c1s11n1_Lustre:_27677:0:(client.c:1910:ptlrpc_expire_one_request())_@@@_Request_sent_has_timed_out_for_slow_reply:_[sent_1460711664/real_1460711664]_req@ffff880aa0c2bc00_x1529006435745492/t0(0)_o400->snx11036-MDT0000-mdc-ffff880836fc1800@10.100.102.4@o2ib3000:12/10_lens_224/224_e_0_to_1_dl_1460711680_ref_1_fl_Rpc:XNU/0/ffffffff_rc_0/-1
2016-04-15T02:14:40.593856-07:00_c3-0c1s11n1_Lustre:_snx11036-MDT0000-mdc-ffff880836fc1800:_Connection_to_snx11036-MDT0000_(at_10.100.102.4@o2ib3000)_was_lost;_in_progress_operations_using_this_service_will_wait_for_recovery_to_complete
2016-04-15T02:14:50.421039-07:00_c3-0c1s11n3_Lustre:_27685:0:(client.c:1910:ptlrpc_expire_one_request())_@@@_Request_sent_has_timed_out_for_slow_reply:_[sent_1460711674/real_1460711674]_req@ffff880ce8f61800_x1529095289519496/t0(0)_o400->snx11036-MDT0000-mdc-ffff88083e102400@10.100.102.4@o2ib3000:12/10_lens_224/224_e_0_to_1_dl_1460711690_ref_1_fl_Rpc:XNU/0/ffffffff_rc_0/-1
2016-04-15T02:14:50.471793-07:00_c3-0c1s11n3_Lustre:_snx11036-MDT0000-mdc-ffff88083e102400:_Connection_to_snx11036-MDT0000_(at_10.100.102.4@o2ib3000)_was_lost;_in_progress_operations_using_this_service_will_wait_for_recovery_to_complete
2016-04-15T02:14:58.467670-07:00_c3-0c1s11n2_Lustre:_27644:0:(client.c:1910:ptlrpc_expire_one_request())_@@@_Request_sent_has_timed_out_for_slow_reply:_[sent_1460711678/real_1460711678]_req@ffff880229fcb400_x1531337195964808/t0(0)_o250->MGC10.100.102.3@o2ib3000@10.100.102.4@o2ib3000:26/25_lens_400/544_e_0_to_1_dl_1460711698_ref_1_fl_Rpc:XNU/0/ffffffff_rc_0/-1
2016-04-15T02:15:00.608255-07:00_c3-0c1s11n1_Lustre:_27645:0:(client.c:1910:ptlrpc_expire_one_request())_@@@_Request_sent_has_timed_out_for_slow_reply:_[sent_1460711680/real_1460711680]_req@ffff880aa9e46800_x1529006435745640/t0(0)_o38->snx11036-MDT0000-mdc-ffff880836fc1800@10.100.102.4@o2ib3000:12/10_lens_400/544_e_0_to_1_dl_1460711700_ref_1_fl_Rpc:XNU/0/ffffffff_rc_0/-1
2016-04-15T02:15:10.503017-07:00_c3-0c1s11n3_Lustre:_27650:0:(client.c:1910:ptlrpc_expire_one_request())_@@@_Request_sent_has_timed_out_for_slow_reply:_[sent_1460711690/real_1460711690]_req@ffff881039b8e000_x1529095289519644/t0(0)_o38->snx11036-MDT0000-mdc-ffff88083e102400@10.100.102.4@o2ib3000:12/10_lens_400/544_e_0_to_1_dl_1460711710_ref_1_fl_Rpc:XNU/0/ffffffff_rc_0/-1
2016-04-15T02:15:23.489257-07:00_c3-0c1s11n2_Lustre:_27644:0:(client.c:1910:ptlrpc_expire_one_request())_@@@_Request_sent_has_timed_out_for_slow_reply:_[sent_1460711703/real_1460711703]_req@ffff8803c5e08400_x1531337195965596/t0(0)_o250->MGC10.100.102.3@o2ib3000@10.100.102.3@o2ib3000:26/25_lens_400/544_e_0_to_1_dl_1460711723_ref_1_fl_Rpc:XNU/0/ffffffff_rc_0/-1
2016-04-15T02:15:25.612325-07:00_c3-0c1s11n1_Lustre:_27645:0:(client.c:1910:ptlrpc_expire_one_request())_@@@_Request_sent_has_timed_out_for_slow_reply:_[sent_1460711705/real_1460711705]_req@ffff880aa9e44000_x1529006435746432/t0(0)_o38->snx11036-MDT0000-mdc-ffff880836fc1800@10.100.102.3@o2ib3000:12/10_lens_400/544_e_0_to_1_dl_1460711725_ref_1_fl_Rpc:XNU/0/ffffffff_rc_0/-1
2016-04-15T02:15:29.723364-07:00_c3-0c1s11n2_Lustre:_MGC10.100.102.3@o2ib3000:_Connection_restored_to_MGS_(at_10.100.102.4@o2ib3000)
2016-04-15T02:15:30.749282-07:00_c3-0c1s11n1_Lustre:_snx11036-MDT0000-mdc-ffff880836fc1800:_Connection_restored_to_snx11036-MDT0000_(at_10.100.102.4@o2ib3000)
2016-04-15T02:15:35.500086-07:00_c3-0c1s11n3_Lustre:_27650:0:(client.c:1910:ptlrpc_expire_one_request())_@@@_Request_sent_has_timed_out_for_slow_reply:_[sent_1460711715/real_1460711715]_req@ffff880ce0172400_x1529095289520436/t0(0)_o38->snx11036-MDT0000-mdc-ffff88083e102400@10.100.102.3@o2ib3000:12/10_lens_400/544_e_0_to_1_dl_1460711735_ref_1_fl_Rpc:XNU/0/ffffffff_rc_0/-1
2016-04-15T02:15:40.579883-07:00_c3-0c1s11n3_Lustre:_snx11036-MDT0000-mdc-ffff88083e102400:_Connection_restored_to_snx11036-MDT0000_(at_10.100.102.4@o2ib3000)
2016-04-15T02:34:22.878400-07:00_c3-0c1s11n1_nscd:_nss_ldap:_reconnected_to_LDAP_server_ldap://ldapcrt.org.gov:636_after_1_attempt
2016-04-15T03:34:57.455988-07:00_c3-0c1s11n3_nscd:_nss_ldap:_reconnected_to_LDAP_server_ldap://ldapcrt.org.gov:636_after_1_attempt
2016-04-15T03:34:58.712130-07:00_c3-0c1s11n2_nscd:_nss_ldap:_reconnected_to_LDAP_server_ldap://ldapcrt.org.gov:636_after_1_attempt
2016-04-15T03:34:58.737411-07:00_c3-0c1s11n1_nscd:_nss_ldap:_reconnected_to_LDAP_server_ldap://ldapcrt.org.gov:636_after_1_attempt
2016-04-15T03:53:54.495021-07:00_c3-0c1s11n3_nscd:_nss_ldap:_reconnected_to_LDAP_server_ldap://ldapcrt.org.gov:636_after_1_attempt
2016-04-15T03:53:54.748346-07:00_c3-0c1s11n2_nscd:_nss_ldap:_reconnected_to_LDAP_server_ldap://ldapcrt.org.gov:636_after_1_attempt
2016-04-15T03:53:55.767340-07:00_c3-0c1s11n1_nscd:_nss_ldap:_reconnected_to_LDAP_server_ldap://ldapcrt.org.gov:636_after_1_attempt
2016-04-15T04:16:08.631763-07:00_c3-0c1s11n3_nscd:_nss_ldap:_reconnected_to_LDAP_server_ldap://ldapcrt.org.gov:636_after_1_attempt
2016-04-15T04:16:08.917467-07:00_c3-0c1s11n2_nscd:_nss_ldap:_reconnected_to_LDAP_server_ldap://ldapcrt.org.gov:636_after_1_attempt
2016-04-15T04:16:08.917507-07:00_c3-0c1s11n1_nscd:_nss_ldap:_reconnected_to_LDAP_server_ldap://ldapcrt.org.gov:636_after_1_attempt
2016-04-15T04:35:12.651676-07:00_c3-0c1s11n3_nscd:_nss_ldap:_reconnected_to_LDAP_server_ldap://ldapcrt.org.gov:636_after_1_attempt
2016-04-15T04:35:13.939528-07:00_c3-0c1s11n2_nscd:_nss_ldap:_reconnected_to_LDAP_server_ldap://ldapcrt.org.gov:636_after_1_attempt
2016-04-15T04:35:13.939582-07:00_c3-0c1s11n1_nscd:_nss_ldap:_reconnected_to_LDAP_server_ldap://ldapcrt.org.gov:636_after_1_attempt
2016-04-15T04:54:09.919494-07:00_c3-0c1s11n3_nscd:_nss_ldap:_reconnected_to_LDAP_server_ldap://ldapcrt.org.gov:636_after_1_attempt
2016-04-15T04:54:09.958270-07:00_c3-0c1s11n2_nscd:_nss_ldap:_reconnected_to_LDAP_server_ldap://ldapcrt.org.gov:636_after_1_attempt
2016-04-15T04:54:10.970461-07:00_c3-0c1s11n1_nscd:_nss_ldap:_reconnected_to_LDAP_server_ldap://ldapcrt.org.gov:636_after_1_attempt
2016-04-15T05:16:09.068961-07:00_c3-0c1s11n2_nscd:_nss_ldap:_reconnected_to_LDAP_server_ldap://ldapcrt.org.gov:636_after_1_attempt
2016-04-15T05:16:09.094305-07:00_c3-0c1s11n1_nscd:_nss_ldap:_reconnected_to_LDAP_server_ldap://ldapcrt.org.gov:636_after_1_attempt
2016-04-15T05:16:23.931669-07:00_c3-0c1s11n3_nscd:_nss_ldap:_reconnected_to_LDAP_server_ldap://ldapcrt.org.gov:636_after_1_attempt
2016-04-15T05:35:27.997822-07:00_c3-0c1s11n3_nscd:_nss_ldap:_reconnected_to_LDAP_server_ldap://ldapcrt.org.gov:636_after_1_attempt
2016-04-15T05:35:28.099839-07:00_c3-0c1s11n2_nscd:_nss_ldap:_reconnected_to_LDAP_server_ldap://ldapcrt.org.gov:636_after_1_attempt
2016-04-15T05:35:28.125131-07:00_c3-0c1s11n1_nscd:_nss_ldap:_reconnected_to_LDAP_server_ldap://ldapcrt.org.gov:636_after_1_attempt
2016-04-15T05:54:24.371942-07:00_c3-0c1s11n2_nscd:_nss_ldap:_reconnected_to_LDAP_server_ldap://ldapcrt.org.gov:636_after_1_attempt
2016-04-15T05:54:25.050668-07:00_c3-0c1s11n3_nscd:_nss_ldap:_reconnected_to_LDAP_server_ldap://ldapcrt.org.gov:636_after_1_attempt
2016-04-15T05:54:25.177248-07:00_c3-0c1s11n1_nscd:_nss_ldap:_reconnected_to_LDAP_server_ldap://ldapcrt.org.gov:636_after_1_attempt
2016-04-15T06:16:24.281446-07:00_c3-0c1s11n1_nscd:_nss_ldap:_reconnected_to_LDAP_server_ldap://ldapcrt.org.gov:636_after_1_attempt
2016-04-15T06:16:24.281484-07:00_c3-0c1s11n2_nscd:_nss_ldap:_reconnected_to_LDAP_server_ldap://ldapcrt.org.gov:636_after_1_attempt
2016-04-15T06:16:38.262847-07:00_c3-0c1s11n3_nscd:_nss_ldap:_reconnected_to_LDAP_server_ldap://ldapcrt.org.gov:636_after_1_attempt
2016-04-15T06:54:39.305157-07:00_c3-0c1s11n2_nscd:_nss_ldap:_reconnected_to_LDAP_server_ldap://ldapcrt.org.gov:636_after_1_attempt
2016-04-15T06:54:40.300036-07:00_c3-0c1s11n1_nscd:_nss_ldap:_reconnected_to_LDAP_server_ldap://ldapcrt.org.gov:636_after_1_attempt
2016-04-15T06:54:40.300050-07:00_c3-0c1s11n3_nscd:_nss_ldap:_reconnected_to_LDAP_server_ldap://ldapcrt.org.gov:636_after_1_attempt
2016-04-15T07:55:59.338944-07:00_c3-0c1s11n3_nscd:_nss_ldap:_reconnected_to_LDAP_server_ldap://ldapcrt.org.gov:636_after_1_attempt
2016-04-15T07:56:18.051312-07:00_c3-0c1s11n2_nscd:_nss_ldap:_reconnected_to_LDAP_server_ldap://ldapcrt.org.gov:636_after_1_attempt
2016-04-15T07:56:18.101945-07:00_c3-0c1s11n1_nscd:_nss_ldap:_reconnected_to_LDAP_server_ldap://ldapcrt.org.gov:636_after_1_attempt
2016-04-15T08:54:24.835733-07:00_c3-0c1s11n0_Wait4Boot:_WRITE:_524_bytes_to_memory_@_0x90CD0_..._complete
2016-04-15T08:54:24.835775-07:00_c3-0c1s11n0_Wait4Boot:_Blade_Controller_Boot_Protocol_version_-_1
2016-04-15T08:54:24.835788-07:00_c3-0c1s11n0_Wait4Boot:_JUMP:_KernelStart_0x100000,_boot_params_0x90000,_CmdLineAddr_0x90CD0
2016-04-15T08:54:24.835799-07:00_c3-0c1s11n0_FastBootOption_OnExitBootServices_event_.............
2016-04-15T08:54:24.861060-07:00_c3-0c1s11n0_FastBootOption_gFastBootPolicy->FastBootEnable_=_0
2016-04-15T08:54:24.861095-07:00_c3-0c1s11n0_[[_SbPchCallbackExitBootServices()_Start._]]
2016-04-15T08:54:24.861108-07:00_c3-0c1s11n0_SaveState_UniqueIndex_2fd_,_OpIndex_3,_OldOpCode_3_
2016-04-15T08:54:24.886379-07:00_c3-0c1s11n0_[[_SbPchCallbackExitBootServices()_Done._]]
2016-04-15T08:54:38.281862-07:00_c3-0c1s11n0_Sending_ec_node_info_with_boot_code_0_(NODE_INFO_OS_BOOT)_for_nid_684
2016-04-15T08:54:38.281883-07:00_c3-0c1s11n0_net.core.rmem_max_=_16777216
2016-04-15T08:54:38.281923-07:00_c3-0c1s11n0_net.core.wmem_max_=_16777216
2016-04-15T08:54:38.281937-07:00_c3-0c1s11n0_net.core.rmem_default_=_16777216
2016-04-15T08:54:38.281943-07:00_c3-0c1s11n0_net.core.wmem_default_=_16777216
2016-04-15T08:54:38.281981-07:00_c3-0c1s11n0_net.core.optmem_max_=_16777216
2016-04-15T08:54:38.281992-07:00_c3-0c1s11n0_net.ipv4.tcp_mem_=_16777216_16777216_16777216
2016-04-15T08:54:38.282005-07:00_c3-0c1s11n0_net.ipv4.tcp_rmem_=_4096_87380_16777216
2016-04-15T08:54:38.282042-07:00_c3-0c1s11n0_net.ipv4.tcp_wmem_=_4096_65536_16777216
2016-04-15T08:54:38.511256-07:00_c3-0c1s11n0_Starting_RSIP_client,_server=10.128.4.138,_num_ports=1700
2016-04-15T08:54:38.536569-07:00_c3-0c1s11n0_Loading_gsockets_module
2016-04-15T08:54:38.561908-07:00_c3-0c1s11n0_nid_684:_Linux_version_3.0.101-0.35.1_1.0502.8640-cray_ari_c_(abuild@cfosbld02)_(gcc_version_4.3.4_[gcc-4_3-branch_revision_152973]_(SUSE_Linux)_)_#1_SMP_Wed_Feb_18_05:13:50_UTC_2015
2016-04-15T08:54:38.587242-07:00_c3-0c1s11n0_starting_pid_27566,_ttyLNet:_HW_CPU_cores:_48,_npartitions:_8
2016-04-15T08:54:38.587279-07:00_c3-0c1s11n0_'':_'/etc/init.d/rc'
2016-04-15T08:54:38.587315-07:00_c3-0c1s11n0_nomtab:_1
2016-04-15T08:54:43.601621-07:00_c3-0c1s11n0_Lustre:_Lustre:_Build_Version:_2.5.2-trunk-1.0502.18911.12.4-abuild-RB-5.2UP03_2.5.2-2015-02-18-05:54
2016-04-15T08:54:43.627697-07:00_c3-0c1s11n0_Lustre:_kgnilnd_build_version:_2.5-trunk-1.0502.18911.12.4-abuild-RB-5.2UP03_2.5.2-2015-02-18-05:54
2016-04-15T08:54:43.778572-07:00_c3-0c1s11n0_LNet:_Added_LNI_684@gni_[16/1024/0/0]
2016-04-15T08:54:44.937410-07:00_c3-0c1s11n0_LustreError:_27728:0:(obd_config.c:1341:class_process_proc_param())_lov:_snx11025-clilov-ffff88083e074c00_unknown_param_qos_threshold_rr=100
2016-04-15T08:54:44.977730-07:00_c3-0c1s11n0_LustreError:_27728:0:(obd_config.c:1346:class_process_proc_param())_osc.:_error_writing_proc_entry_'checksum_type':_rc_=_-22
2016-04-15T08:55:05.049727-07:00_c3-0c1s11n0_Lustre:_27645:0:(client.c:1910:ptlrpc_expire_one_request())_@@@_Request_sent_has_timed_out_for_slow_reply:_[sent_1460735619/real_1460735619]_req@ffff88083e050c00_x1531692310331568/t0(0)_o38->snx11025-MDT0000-mdc-ffff88083e074c00@10.100.100.4@o2ib1000:12/10_lens_400/544_e_0_to_1_dl_1460735639_ref_1_fl_Rpc:XNU/0/ffffffff_rc_0/-1
2016-04-15T08:55:10.087537-07:00_c3-0c1s11n0_Lustre:_Mounted_snx11025-client
2016-04-15T08:55:10.112816-07:00_c3-0c1s11n0_nomtab:_1
2016-04-15T08:55:16.129120-07:00_c3-0c1s11n0_LustreError:_27735:0:(client.c:1083:ptlrpc_import_delay_req())_@@@_send_limit_expired_req@ffff88083a314c00_x1531692310331980/t0(0)_o101->MGC10.100.101.3@o2ib2000@10.100.101.3@o2ib2000:26/25_lens_328/344_e_0_to_0_dl_0_ref_2_fl_Rpc:W/0/ffffffff_rc_0/-1
2016-04-15T08:55:30.473778-07:00_c3-0c1s11n0_Lustre:_27645:0:(client.c:1910:ptlrpc_expire_one_request())_@@@_Request_sent_has_timed_out_for_slow_reply:_[sent_1460735644/real_1460735644]_req@ffff88083e050000_x1531692310331976/t0(0)_o250->MGC10.100.101.3@o2ib2000@10.100.101.3@o2ib2000:26/25_lens_400/544_e_0_to_1_dl_1460735664_ref_1_fl_Rpc:XNU/0/ffffffff_rc_0/-1
2016-04-15T08:55:35.156301-07:00_c3-0c1s11n0_LustreError:_27737:0:(obd_config.c:1341:class_process_proc_param())_lov:_snx11035-clilov-ffff880839f27c00_unknown_param_qos_threshold_rr=100
2016-04-15T08:55:35.181593-07:00_c3-0c1s11n0_LustreError:_27737:0:(obd_config.c:1346:class_process_proc_param())_osc.:_error_writing_proc_entry_'checksum_type':_rc_=_-22
2016-04-15T08:55:35.399046-07:00_c3-0c1s11n0_Lustre:_Mounted_snx11035-client
2016-04-15T08:55:35.399087-07:00_c3-0c1s11n0_nomtab:_1
2016-04-15T08:55:41.431784-07:00_c3-0c1s11n0_LustreError:_27740:0:(client.c:1083:ptlrpc_import_delay_req())_@@@_send_limit_expired_req@ffff88083a314800_x1531692310332992/t0(0)_o101->MGC10.100.102.3@o2ib3000@10.100.102.3@o2ib3000:26/25_lens_328/344_e_0_to_0_dl_0_ref_2_fl_Rpc:W/0/ffffffff_rc_0/-1
2016-04-15T08:55:55.445468-07:00_c3-0c1s11n0_Lustre:_27645:0:(client.c:1910:ptlrpc_expire_one_request())_@@@_Request_sent_has_timed_out_for_slow_reply:_[sent_1460735669/real_1460735669]_req@ffff88083e050400_x1531692310332988/t0(0)_o250->MGC10.100.102.3@o2ib3000@10.100.102.3@o2ib3000:26/25_lens_400/544_e_0_to_1_dl_1460735689_ref_1_fl_Rpc:XNU/0/ffffffff_rc_0/-1
2016-04-15T08:55:55.470787-07:00_c3-0c1s11n0_Lustre:_27645:0:(client.c:1910:ptlrpc_expire_one_request())_Skipped_12_previous_similar_messages
2016-04-15T08:56:00.599484-07:00_c3-0c1s11n0_LustreError:_27743:0:(obd_config.c:1341:class_process_proc_param())_lov:_snx11036-clilov-ffff880833ece000_unknown_param_qos_threshold_rr=100
2016-04-15T08:56:00.787107-07:00_c3-0c1s11n0_Lustre:_Layout_lock_feature_supported.
2016-04-15T08:56:00.910489-07:00_c3-0c1s11n0_Lustre:_Mounted_snx11036-client
2016-04-15T08:56:01.045422-07:00_c3-0c1s11n0_bpmcd_init:_Power_statistics_available_in_/sys/cray
2016-04-15T08:56:01.111342-07:00_c3-0c1s11n0_DVS:_Revision_2043_-_Built:_Apr_29_2015_@_20:36:39_for_lnet_version_2.5
2016-04-15T08:56:17.507718-07:00_c3-0c1s11n0_DVS:_parse_options:_ignoring_'maxnodes'_for_loadbalance_file_system
2016-04-15T08:56:17.533035-07:00_c3-0c1s11n0_krsip:_can't_acquire_resource_(error_312)
2016-04-15T08:56:20.848932-07:00_c3-0c1s11n0_Lustre:_27645:0:(client.c:1910:ptlrpc_expire_one_request())_@@@_Request_sent_has_timed_out_for_slow_reply:_[sent_1460735695/real_1460735695]_req@ffff880fea67ac00_x1531692310333932/t0(0)_o8->snx11036-OST000a-osc-ffff880833ece000@10.100.102.15@o2ib3004:28/4_lens_400/544_e_0_to_1_dl_1460735715_ref_1_fl_Rpc:XNU/0/ffffffff_rc_0/-1
2016-04-15T08:56:20.885566-07:00_c3-0c1s11n0_Lustre:_27645:0:(client.c:1910:ptlrpc_expire_one_request())_Skipped_4_previous_similar_messages
2016-04-15T08:57:21.217333-07:00_c3-0c1s11n0_SGI_XPMEM_kernel_module_v2.2_loaded
2016-04-15T08:57:21.242863-07:00_c3-0c1s11n0_<node_health:5.1>_APID:0_(xtnhd)_INFO:_xtnhd_has_started
2016-04-15T08:57:21.293424-07:00_c3-0c1s11n0_mount:_mounting_/dsl/opt/slurm_on_/dsl/dsl/opt/slurm_failed:_No_such_file_or_directory
2016-04-15T08:57:22.014710-07:00_c3-0c1s11n0_loop:_module_loaded
2016-04-15T08:57:22.040091-07:00_c3-0c1s11n0_squashfs:_version_4.0_(2009/01/31)_Phillip_Lougher
2016-04-15T08:57:22.100339-07:00_c3-0c1s11n0_SGI_XFS_with_ACLs,_security_attributes,_realtime,_large_block/inode_numbers,_no_debug_enabled
2016-04-15T08:57:22.100386-07:00_c3-0c1s11n0_SGI_XFS_Quota_Management_subsystem
2016-04-15T08:57:23.138084-07:00_c3-0c1s11n0_<node_health>_Boot_Check:_Starting
2016-04-15T08:57:23.163999-07:00_c3-0c1s11n0_boot_freemem_data_calculated:_63537464
2016-04-15T09:33:58.248551-07:00_c3-0c1s11n0_nscd:_nss_ldap:_reconnected_to_LDAP_server_ldap://ldapcrt.org.gov:636_after_1_attempt
2016-04-15T09:44:13.627174-07:00_c3-0c1s11n0_nscd:_nss_ldap:_reconnected_to_LDAP_server_ldap://ldapcrt.org.gov:636_after_1_attempt
2016-04-15T09:54:08.416182-07:00_c3-0c1s11n0_slurmstepd_(28859):_memory.force_empty_is_deprecated_and_will_be_removed._Let_us_know_if_it_is_needed_in_your_usecase_at_linux-mm@kvack.org
2016-04-15T09:54:28.639445-07:00_c3-0c1s11n0_nscd:_nss_ldap:_reconnected_to_LDAP_server_ldap://ldapcrt.org.gov:636_after_1_attempt
2016-04-15T11:34:28.526694-07:00_c3-0c1s11n0_nscd:_nss_ldap:_reconnected_to_LDAP_server_ldap://ldapcrt.org.gov:636_after_1_attempt
2016-04-15T11:57:01.505711-07:00_c3-0c1s11n0_nscd:_nss_ldap:_reconnected_to_LDAP_server_ldap://ldapcrt.org.gov:636_after_1_attempt
2016-04-15T13:34:58.553416-07:00_c3-0c1s11n0_nscd:_nss_ldap:_reconnected_to_LDAP_server_ldap://ldapcrt.org.gov:636_after_1_attempt
2016-04-15T13:57:31.629536-07:00_c3-0c1s11n0_nscd:_nss_ldap:_reconnected_to_LDAP_server_ldap://ldapcrt.org.gov:636_after_1_attempt
2016-04-15T14:35:13.739711-07:00_c3-0c1s11n0_nscd:_nss_ldap:_reconnected_to_LDAP_server_ldap://ldapcrt.org.gov:636_after_1_attempt
2016-04-15T14:46:02.825937-07:00_c3-0c1s11n1_nscd:_nss_ldap:_reconnected_to_LDAP_server_ldap://ldapcrt.org.gov:636_after_1_attempt
2016-04-15T14:46:04.290165-07:00_c3-0c1s11n2_nscd:_nss_ldap:_reconnected_to_LDAP_server_ldap://ldapcrt.org.gov:636_after_1_attempt
2016-04-15T14:46:09.458732-07:00_c3-0c1s11n3_nscd:_nss_ldap:_reconnected_to_LDAP_server_ldap://ldapcrt.org.gov:636_after_1_attempt
2016-04-15T14:59:43.828181-07:00_c3-0c1s11n0_nscd:_nss_ldap:_reconnected_to_LDAP_server_ldap://ldapcrt.org.gov:636_after_1_attempt
2016-04-15T15:37:24.705861-07:00_c3-0c1s11n3_nscd:_nss_ldap:_reconnected_to_LDAP_server_ldap://ldapcrt.org.gov:636_after_1_attempt
2016-04-15T15:59:58.965121-07:00_c3-0c1s11n0_nscd:_nss_ldap:_reconnected_to_LDAP_server_ldap://ldapcrt.org.gov:636_after_1_attempt
2016-04-15T16:46:17.882087-07:00_c3-0c1s11n1_nscd:_nss_ldap:_reconnected_to_LDAP_server_ldap://ldapcrt.org.gov:636_after_1_attempt
2016-04-15T16:46:22.357699-07:00_c3-0c1s11n2_nscd:_nss_ldap:_reconnected_to_LDAP_server_ldap://ldapcrt.org.gov:636_after_1_attempt
2016-04-15T16:46:24.617835-07:00_c3-0c1s11n3_nscd:_nss_ldap:_reconnected_to_LDAP_server_ldap://ldapcrt.org.gov:636_after_1_attempt
2016-04-15T17:46:32.914784-07:00_c3-0c1s11n1_nscd:_nss_ldap:_reconnected_to_LDAP_server_ldap://ldapcrt.org.gov:636_after_1_attempt
2016-04-15T17:46:37.493994-07:00_c3-0c1s11n2_nscd:_nss_ldap:_reconnected_to_LDAP_server_ldap://ldapcrt.org.gov:636_after_1_attempt
2016-04-15T17:46:39.672320-07:00_c3-0c1s11n3_nscd:_nss_ldap:_reconnected_to_LDAP_server_ldap://ldapcrt.org.gov:636_after_1_attempt
2016-04-15T18:46:47.949204-07:00_c3-0c1s11n1_nscd:_nss_ldap:_reconnected_to_LDAP_server_ldap://ldapcrt.org.gov:636_after_1_attempt
2016-04-15T18:46:52.610406-07:00_c3-0c1s11n2_nscd:_nss_ldap:_reconnected_to_LDAP_server_ldap://ldapcrt.org.gov:636_after_1_attempt
2016-04-15T18:46:54.710912-07:00_c3-0c1s11n3_nscd:_nss_ldap:_reconnected_to_LDAP_server_ldap://ldapcrt.org.gov:636_after_1_attempt
2016-04-15T19:47:17.971698-07:00_c3-0c1s11n1_nscd:_nss_ldap:_reconnected_to_LDAP_server_ldap://ldapcrt.org.gov:636_after_1_attempt
2016-04-15T19:47:22.723687-07:00_c3-0c1s11n2_nscd:_nss_ldap:_reconnected_to_LDAP_server_ldap://ldapcrt.org.gov:636_after_1_attempt
2016-04-15T19:47:24.751814-07:00_c3-0c1s11n3_nscd:_nss_ldap:_reconnected_to_LDAP_server_ldap://ldapcrt.org.gov:636_after_1_attempt
2016-04-15T19:57:51.765578-07:00_c3-0c1s11n0_nscd:_nss_ldap:_reconnected_to_LDAP_server_ldap://ldapcrt.org.gov:636_after_1_attempt
2016-04-15T19:58:00.365548-07:00_c3-0c1s11n0_Using_mlock_ulimits_for_SHM_HUGETLB_is_deprecated
2016-04-15T20:38:51.301206-07:00_c3-0c1s11n0_nscd:_nss_ldap:_reconnected_to_LDAP_server_ldap://ldapcrt.org.gov:636_after_1_attempt
2016-04-15T22:43:09.194931-07:00_c3-0c1s11n0_nscd:_nss_ldap:_reconnected_to_LDAP_server_ldap://ldapcrt.org.gov:636_after_1_attempt
2016-04-15T22:58:07.445327-07:00_c3-0c1s11n0_nscd:_nss_ldap:_reconnected_to_LDAP_server_ldap://ldapcrt.org.gov:636_after_1_attempt
2016-04-15T23:43:24.489672-07:00_c3-0c1s11n0_nscd:_nss_ldap:_reconnected_to_LDAP_server_ldap://ldapcrt.org.gov:636_after_1_attempt
2016-04-15T23:58:22.621230-07:00_c3-0c1s11n0_nscd:_nss_ldap:_reconnected_to_LDAP_server_ldap://ldapcrt.org.gov:636_after_1_attempt
